2026-06-27 17:35:47,049 [INFO] ONNX使用可能演算器: ['TensorrtExecutionProvider', 'CUDAExecutionProvider', 'CPUExecutionProvider']
2026-06-27 17:35:47,049 [INFO] 直列実行用ロード     : ['CUDAExecutionProvider', 'CPUExecutionProvider']
2026-06-27 17:35:47,299 [INFO] ONNXセッション直列化ロード完了！ (分類器数: 17)
2026-06-27 17:35:47,299 [INFO] [WorkerONNX] Consumer 内 ONNX 直列セッション初期化完了！（分類器数: 17)
2026-06-27 17:35:47,310 [INFO] [Direct-Process] 解析開始: ANÚNA[2000]Cynara.flac
2026-06-27 17:35:47,787 [INFO] 波形分離モデル (GLOBAL_DEMUCS) をロードしますわ... (use_dml=False)
2026-06-27 17:35:47,788 [INFO] HTDemucsSeparator 初期化: model=htdemucs_6s, precision=fp16weights, providers=['CUDAExecutionProvider', 'CPUExecutionProvider']
2026-06-27 17:36:02,992 [INFO] HTDemucs ONNX 実機モデルロードに成功いたしましたわ！
2026-06-27 17:36:03,232 [INFO] [Direct-Process] デコード完了 (経過: 0.2399s, length: 4912740 samples)
2026-06-27 17:36:03,249 [INFO] [HTDemucs ONNX Memory] 推論処理を開始しますわ... (ONNX_LOCK 同期)
2026-06-27 17:36:11,359 [INFO] [HTDemucs ONNX Memory] 分離完了いたしましたわ！ 整合化を開始しますの。
2026-06-27 17:36:11,422 [INFO] [Direct-Process] Demucs 波形分離完了 (経過: 8.1898s)
2026-06-27 17:36:21,957 [INFO] [MainProcess] [Endomorphism] [DSP] [Pre-warming] 全ステム7本の遅延キャッシュ事前計算を完了いたしましたわ (経過: 10.5329s)
2026-06-27 17:36:21,957 [INFO] [MainProcess] [Morphism] [Librosa] [Extraction] Librosa による特徴量抽出(ThreadPool=8)を開始しますわ
2026-06-27 17:36:54,441 [INFO] [MainProcess] [Morphism] [Librosa] [Extraction] 全ステムの Librosa 特徴量抽出を完了いたしましたわ (経過: 32.4842s)
2026-06-27 17:36:54,442 [INFO] [MainProcess] [Endomorphism] [Post-processing] [SNR-Overwrite] ステム相対エネルギー比率(SNR)の上書きを完了いたしましたわ (経過: 0.0000s)
2026-06-27 17:36:54,442 [INFO] [MainProcess] [Morphism] [Essentia] [ONNX-Inference] Essentia (EffNet) 分類器17基による推論を開始しますわ
2026-06-27 17:36:54,776 [INFO] [MainProcess] [Morphism] [Essentia] [ONNX-Inference] Essentia 分類推論を完了いたしましたわ (経過: 0.3344s)
2026-06-27 17:36:54,777 [INFO] [Direct-Process] ステム特徴量抽出完了 (経過: 43.3530s)
2026-06-27 17:37:03,218 [INFO] [Direct-Process] DB 登録(UPSERT)完了 (経過: 8.4393s)
2026-06-27 17:37:03,691 [INFO] [Direct-Process] デコード完了 (経過: 0.3804s, length: 9044616 samples)
2026-06-27 17:37:03,724 [INFO] [HTDemucs ONNX Memory] 推論処理を開始しますわ... (ONNX_LOCK 同期)
2026-06-27 17:37:17,143 [INFO] [HTDemucs ONNX Memory] 分離完了いたしましたわ！ 整合化を開始しますの。
2026-06-27 17:37:17,256 [INFO] [Direct-Process] Demucs 波形分離完了 (経過: 13.5647s)
2026-06-27 17:37:30,335 [INFO] [MainProcess] [Endomorphism] [DSP] [Pre-warming] 全ステム7本の遅延キャッシュ事前計算を完了いたしましたわ (経過: 13.0762s)
2026-06-27 17:37:30,335 [INFO] [MainProcess] [Morphism] [Librosa] [Extraction] Librosa による特徴量抽出(ThreadPool=8)を開始しますわ
2026-06-27 17:38:35,191 [INFO] [MainProcess] [Morphism] [Librosa] [Extraction] 全ステムの Librosa 特徴量抽出を完了いたしましたわ (経過: 64.8555s)
2026-06-27 17:38:35,191 [INFO] [MainProcess] [Endomorphism] [Post-processing] [SNR-Overwrite] ステム相対エネルギー比率(SNR)の上書きを完了いたしましたわ (経過: 0.0000s)
2026-06-27 17:38:35,191 [INFO] [MainProcess] [Morphism] [Essentia] [ONNX-Inference] Essentia (EffNet) 分類器17基による推論を開始しますわ
2026-06-27 17:38:35,305 [INFO] [MainProcess] [Morphism] [Essentia] [ONNX-Inference] Essentia 分類推論を完了いたしましたわ (経過: 0.1145s)
2026-06-27 17:38:35,306 [INFO] [Direct-Process] ステム特徴量抽出完了 (経過: 78.0474s)
2026-06-27 17:38:35,347 [INFO] [Direct-Process] DB 登録(UPSERT)完了 (経過: 0.0394s)
2026-06-27 17:38:35,738 [INFO] [Direct-Process] デコード完了 (経過: 0.2735s, length: 5870004 samples)
2026-06-27 17:38:35,759 [INFO] [HTDemucs ONNX Memory] 推論処理を開始しますわ... (ONNX_LOCK 同期)
2026-06-27 17:38:44,093 [INFO] [HTDemucs ONNX Memory] 分離完了いたしましたわ！ 整合化を開始しますの。
2026-06-27 17:38:44,166 [INFO] [Direct-Process] Demucs 波形分離完了 (経過: 8.4273s)
2026-06-27 17:38:52,528 [INFO] [MainProcess] [Endomorphism] [DSP] [Pre-warming] 全ステム7本の遅延キャッシュ事前計算を完了いたしましたわ (経過: 8.3601s)
2026-06-27 17:38:52,528 [INFO] [MainProcess] [Morphism] [Librosa] [Extraction] Librosa による特徴量抽出(ThreadPool=8)を開始しますわ
2026-06-27 17:39:31,091 [INFO] [MainProcess] [Morphism] [Librosa] [Extraction] 全ステムの Librosa 特徴量抽出を完了いたしましたわ (経過: 38.5628s)
2026-06-27 17:39:31,091 [INFO] [MainProcess] [Endomorphism] [Post-processing] [SNR-Overwrite] ステム相対エネルギー比率(SNR)の上書きを完了いたしましたわ (経過: 0.0000s)
2026-06-27 17:39:31,091 [INFO] [MainProcess] [Morphism] [Essentia] [ONNX-Inference] Essentia (EffNet) 分類器17基による推論を開始しますわ
2026-06-27 17:39:31,185 [INFO] [MainProcess] [Morphism] [Essentia] [ONNX-Inference] Essentia 分類推論を完了いたしましたわ (経過: 0.0941s)
2026-06-27 17:39:31,186 [INFO] [Direct-Process] ステム特徴量抽出完了 (経過: 47.0183s)
2026-06-27 17:39:31,233 [INFO] [Direct-Process] DB 登録(UPSERT)完了 (経過: 0.0460s)
2026-06-27 17:39:31,513 [INFO] [Direct-Process] デコード完了 (経過: 0.1837s, length: 3633840 samples)
2026-06-27 17:39:31,527 [INFO] [HTDemucs ONNX Memory] 推論処理を開始しますわ... (ONNX_LOCK 同期)
2026-06-27 17:39:37,232 [INFO] [HTDemucs ONNX Memory] 分離完了いたしましたわ！ 整合化を開始しますの。
2026-06-27 17:39:37,278 [INFO] [Direct-Process] Demucs 波形分離完了 (経過: 5.7647s)
2026-06-27 17:39:42,499 [INFO] [MainProcess] [Endomorphism] [DSP] [Pre-warming] 全ステム7本の遅延キャッシュ事前計算を完了いたしましたわ (経過: 5.2197s)
2026-06-27 17:39:42,499 [INFO] [MainProcess] [Morphism] [Librosa] [Extraction] Librosa による特徴量抽出(ThreadPool=8)を開始しますわ
2026-06-27 17:40:07,295 [INFO] [MainProcess] [Morphism] [Librosa] [Extraction] 全ステムの Librosa 特徴量抽出を完了いたしましたわ (経過: 24.7958s)
2026-06-27 17:40:07,295 [INFO] [MainProcess] [Endomorphism] [Post-processing] [SNR-Overwrite] ステム相対エネルギー比率(SNR)の上書きを完了いたしましたわ (経過: 0.0000s)
2026-06-27 17:40:07,296 [INFO] [MainProcess] [Morphism] [Essentia] [ONNX-Inference] Essentia (EffNet) 分類器17基による推論を開始しますわ
2026-06-27 17:40:07,366 [INFO] [MainProcess] [Morphism] [Essentia] [ONNX-Inference] Essentia 分類推論を完了いたしましたわ (経過: 0.0707s)
2026-06-27 17:40:07,367 [INFO] [Direct-Process] ステム特徴量抽出完了 (経過: 30.0874s)
2026-06-27 17:40:07,404 [INFO] [Direct-Process] DB 登録(UPSERT)完了 (経過: 0.0359s)
2026-06-27 17:40:07,842 [INFO] [Direct-Process] デコード完了 (経過: 0.3582s, length: 8673000 samples)
2026-06-27 17:40:07,873 [INFO] [HTDemucs ONNX Memory] 推論処理を開始しますわ... (ONNX_LOCK 同期)
2026-06-27 17:40:20,346 [INFO] [HTDemucs ONNX Memory] 分離完了いたしましたわ！ 整合化を開始しますの。
2026-06-27 17:40:20,460 [INFO] [Direct-Process] Demucs 波形分離完了 (経過: 12.6170s)
2026-06-27 17:40:32,807 [INFO] [MainProcess] [Endomorphism] [DSP] [Pre-warming] 全ステム7本の遅延キャッシュ事前計算を完了いたしましたわ (経過: 12.3450s)
2026-06-27 17:40:32,807 [INFO] [MainProcess] [Morphism] [Librosa] [Extraction] Librosa による特徴量抽出(ThreadPool=8)を開始しますわ
2026-06-27 17:41:30,830 [INFO] [MainProcess] [Morphism] [Librosa] [Extraction] 全ステムの Librosa 特徴量抽出を完了いたしましたわ (経過: 58.0231s)
2026-06-27 17:41:30,830 [INFO] [MainProcess] [Endomorphism] [Post-processing] [SNR-Overwrite] ステム相対エネルギー比率(SNR)の上書きを完了いたしましたわ (経過: 0.0000s)
2026-06-27 17:41:30,830 [INFO] [MainProcess] [Morphism] [Essentia] [ONNX-Inference] Essentia (EffNet) 分類器17基による推論を開始しますわ
2026-06-27 17:41:30,951 [INFO] [MainProcess] [Morphism] [Essentia] [ONNX-Inference] Essentia 分類推論を完了いたしましたわ (経過: 0.1206s)
2026-06-27 17:41:30,951 [INFO] [Direct-Process] ステム特徴量抽出完了 (経過: 70.4899s)
2026-06-27 17:41:30,995 [INFO] [Direct-Process] DB 登録(UPSERT)完了 (経過: 0.0412s)
2026-06-27 17:41:31,519 [INFO] [Direct-Process] デコード完了 (経過: 0.3704s, length: 8635956 samples)
2026-06-27 17:41:31,548 [INFO] [HTDemucs ONNX Memory] 推論処理を開始しますわ... (ONNX_LOCK 同期)
2026-06-27 17:41:44,247 [INFO] [HTDemucs ONNX Memory] 分離完了いたしましたわ！ 整合化を開始しますの。
2026-06-27 17:41:44,359 [INFO] [Direct-Process] Demucs 波形分離完了 (経過: 12.8401s)
2026-06-27 17:41:56,625 [INFO] [MainProcess] [Endomorphism] [DSP] [Pre-warming] 全ステム7本の遅延キャッシュ事前計算を完了いたしましたわ (経過: 12.2639s)
2026-06-27 17:41:56,626 [INFO] [MainProcess] [Morphism] [Librosa] [Extraction] Librosa による特徴量抽出(ThreadPool=8)を開始しますわ
2026-06-27 17:42:53,148 [INFO] [MainProcess] [Morphism] [Librosa] [Extraction] 全ステムの Librosa 特徴量抽出を完了いたしましたわ (経過: 56.5227s)
2026-06-27 17:42:53,149 [INFO] [MainProcess] [Endomorphism] [Post-processing] [SNR-Overwrite] ステム相対エネルギー比率(SNR)の上書きを完了いたしましたわ (経過: 0.0000s)
2026-06-27 17:42:53,149 [INFO] [MainProcess] [Morphism] [Essentia] [ONNX-Inference] Essentia (EffNet) 分類器17基による推論を開始しますわ
2026-06-27 17:42:53,275 [INFO] [MainProcess] [Morphism] [Essentia] [ONNX-Inference] Essentia 分類推論を完了いたしましたわ (経過: 0.1262s)
2026-06-27 17:42:53,276 [INFO] [Direct-Process] ステム特徴量抽出完了 (経過: 68.9141s)
2026-06-27 17:42:53,316 [INFO] [Direct-Process] DB 登録(UPSERT)完了 (経過: 0.0388s)
2026-06-27 17:42:53,757 [INFO] [Direct-Process] デコード完了 (経過: 0.3270s, length: 7282380 samples)
2026-06-27 17:42:53,782 [INFO] [HTDemucs ONNX Memory] 推論処理を開始しますわ... (ONNX_LOCK 同期)
2026-06-27 17:43:05,100 [INFO] [HTDemucs ONNX Memory] 分離完了いたしましたわ！ 整合化を開始しますの。
2026-06-27 17:43:05,192 [INFO] [Direct-Process] Demucs 波形分離完了 (経過: 11.4346s)
2026-06-27 17:43:15,491 [INFO] [MainProcess] [Endomorphism] [DSP] [Pre-warming] 全ステム7本の遅延キャッシュ事前計算を完了いたしましたわ (経過: 10.2973s)
2026-06-27 17:43:15,491 [INFO] [MainProcess] [Morphism] [Librosa] [Extraction] Librosa による特徴量抽出(ThreadPool=8)を開始しますわ
2026-06-27 17:44:01,315 [INFO] [MainProcess] [Morphism] [Librosa] [Extraction] 全ステムの Librosa 特徴量抽出を完了いたしましたわ (経過: 45.8237s)
2026-06-27 17:44:01,315 [INFO] [MainProcess] [Endomorphism] [Post-processing] [SNR-Overwrite] ステム相対エネルギー比率(SNR)の上書きを完了いたしましたわ (経過: 0.0000s)
2026-06-27 17:44:01,315 [INFO] [MainProcess] [Morphism] [Essentia] [ONNX-Inference] Essentia (EffNet) 分類器17基による推論を開始しますわ
2026-06-27 17:44:01,420 [INFO] [MainProcess] [Morphism] [Essentia] [ONNX-Inference] Essentia 分類推論を完了いたしましたわ (経過: 0.1043s)
2026-06-27 17:44:01,420 [INFO] [Direct-Process] ステム特徴量抽出完了 (経過: 56.2266s)
2026-06-27 17:44:01,466 [INFO] [Direct-Process] DB 登録(UPSERT)完了 (経過: 0.0440s)
2026-06-27 17:44:01,931 [INFO] [Direct-Process] デコード完了 (経過: 0.3479s, length: 6641460 samples)
2026-06-27 17:44:01,953 [INFO] [HTDemucs ONNX Memory] 推論処理を開始しますわ... (ONNX_LOCK 同期)
2026-06-27 17:44:11,651 [INFO] [HTDemucs ONNX Memory] 分離完了いたしましたわ！ 整合化を開始しますの。
2026-06-27 17:44:11,735 [INFO] [Direct-Process] Demucs 波形分離完了 (経過: 9.8042s)
2026-06-27 17:44:21,260 [INFO] [MainProcess] [Endomorphism] [DSP] [Pre-warming] 全ステム7本の遅延キャッシュ事前計算を完了いたしましたわ (経過: 9.5228s)
2026-06-27 17:44:21,260 [INFO] [MainProcess] [Morphism] [Librosa] [Extraction] Librosa による特徴量抽出(ThreadPool=8)を開始しますわ
2026-06-27 17:45:11,480 [INFO] [MainProcess] [Morphism] [Librosa] [Extraction] 全ステムの Librosa 特徴量抽出を完了いたしましたわ (経過: 50.2202s)
2026-06-27 17:45:11,481 [INFO] [MainProcess] [Endomorphism] [Post-processing] [SNR-Overwrite] ステム相対エネルギー比率(SNR)の上書きを完了いたしましたわ (経過: 0.0000s)
2026-06-27 17:45:11,481 [INFO] [MainProcess] [Morphism] [Essentia] [ONNX-Inference] Essentia (EffNet) 分類器17基による推論を開始しますわ
2026-06-27 17:45:11,586 [INFO] [MainProcess] [Morphism] [Essentia] [ONNX-Inference] Essentia 分類推論を完了いたしましたわ (経過: 0.1049s)
2026-06-27 17:45:11,586 [INFO] [Direct-Process] ステム特徴量抽出完了 (経過: 59.8492s)
2026-06-27 17:45:11,625 [INFO] [Direct-Process] DB 登録(UPSERT)完了 (経過: 0.0364s)
2026-06-27 17:45:12,272 [INFO] [Direct-Process] デコード完了 (経過: 0.5468s, length: 12593784 samples)
2026-06-27 17:45:12,316 [INFO] [HTDemucs ONNX Memory] 推論処理を開始しますわ... (ONNX_LOCK 同期)
2026-06-27 17:45:30,664 [INFO] [HTDemucs ONNX Memory] 分離完了いたしましたわ！ 整合化を開始しますの。
2026-06-27 17:45:30,826 [INFO] [Direct-Process] Demucs 波形分離完了 (経過: 18.5536s)
2026-06-27 17:45:48,860 [INFO] [MainProcess] [Endomorphism] [DSP] [Pre-warming] 全ステム7本の遅延キャッシュ事前計算を完了いたしましたわ (経過: 18.0315s)
2026-06-27 17:45:48,861 [INFO] [MainProcess] [Morphism] [Librosa] [Extraction] Librosa による特徴量抽出(ThreadPool=8)を開始しますわ
2026-06-27 17:47:04,825 [INFO] [MainProcess] [Morphism] [Librosa] [Extraction] 全ステムの Librosa 特徴量抽出を完了いたしましたわ (経過: 75.9642s)
2026-06-27 17:47:04,825 [INFO] [MainProcess] [Endomorphism] [Post-processing] [SNR-Overwrite] ステム相対エネルギー比率(SNR)の上書きを完了いたしましたわ (経過: 0.0000s)
2026-06-27 17:47:04,825 [INFO] [MainProcess] [Morphism] [Essentia] [ONNX-Inference] Essentia (EffNet) 分類器17基による推論を開始しますわ
2026-06-27 17:47:04,985 [INFO] [MainProcess] [Morphism] [Essentia] [ONNX-Inference] Essentia 分類推論を完了いたしましたわ (経過: 0.1598s)
2026-06-27 17:47:04,986 [INFO] [Direct-Process] ステム特徴量抽出完了 (経過: 94.1568s)
2026-06-27 17:47:05,024 [INFO] [Direct-Process] DB 登録(UPSERT)完了 (経過: 0.0369s)
2026-06-27 17:47:05,616 [INFO] [Direct-Process] デコード完了 (経過: 0.3751s, length: 8987580 samples)
2026-06-27 17:47:05,648 [INFO] [HTDemucs ONNX Memory] 推論処理を開始しますわ... (ONNX_LOCK 同期)
2026-06-27 17:47:18,986 [INFO] [HTDemucs ONNX Memory] 分離完了いたしましたわ！ 整合化を開始しますの。
2026-06-27 17:47:19,105 [INFO] [Direct-Process] Demucs 波形分離完了 (経過: 13.4881s)
2026-06-27 17:47:31,904 [INFO] [MainProcess] [Endomorphism] [DSP] [Pre-warming] 全ステム7本の遅延キャッシュ事前計算を完了いたしましたわ (経過: 12.7963s)
2026-06-27 17:47:31,904 [INFO] [MainProcess] [Morphism] [Librosa] [Extraction] Librosa による特徴量抽出(ThreadPool=8)を開始しますわ
2026-06-27 17:48:27,933 [INFO] [MainProcess] [Morphism] [Librosa] [Extraction] 全ステムの Librosa 特徴量抽出を完了いたしましたわ (経過: 56.0292s)
2026-06-27 17:48:27,934 [INFO] [MainProcess] [Endomorphism] [Post-processing] [SNR-Overwrite] ステム相対エネルギー比率(SNR)の上書きを完了いたしましたわ (経過: 0.0000s)
2026-06-27 17:48:27,934 [INFO] [MainProcess] [Morphism] [Essentia] [ONNX-Inference] Essentia (EffNet) 分類器17基による推論を開始しますわ
2026-06-27 17:48:28,058 [INFO] [MainProcess] [Morphism] [Essentia] [ONNX-Inference] Essentia 分類推論を完了いたしましたわ (経過: 0.1243s)
2026-06-27 17:48:28,058 [INFO] [Direct-Process] ステム特徴量抽出完了 (経過: 68.9512s)
2026-06-27 17:48:28,097 [INFO] [Direct-Process] DB 登録(UPSERT)完了 (経過: 0.0362s)
2026-06-27 17:48:28,470 [INFO] [Direct-Process] デコード完了 (経過: 0.2558s, length: 5725356 samples)
2026-06-27 17:48:28,490 [INFO] [HTDemucs ONNX Memory] 推論処理を開始しますわ... (ONNX_LOCK 同期)
2026-06-27 17:48:36,938 [INFO] [HTDemucs ONNX Memory] 分離完了いたしましたわ！ 整合化を開始しますの。
2026-06-27 17:48:37,011 [INFO] [Direct-Process] Demucs 波形分離完了 (経過: 8.5407s)
2026-06-27 17:48:45,363 [INFO] [MainProcess] [Endomorphism] [DSP] [Pre-warming] 全ステム7本の遅延キャッシュ事前計算を完了いたしましたわ (経過: 8.3506s)
2026-06-27 17:48:45,363 [INFO] [MainProcess] [Morphism] [Librosa] [Extraction] Librosa による特徴量抽出(ThreadPool=8)を開始しますわ
2026-06-27 17:49:23,232 [INFO] [MainProcess] [Morphism] [Librosa] [Extraction] 全ステムの Librosa 特徴量抽出を完了いたしましたわ (経過: 37.8682s)
2026-06-27 17:49:23,232 [INFO] [MainProcess] [Endomorphism] [Post-processing] [SNR-Overwrite] ステム相対エネルギー比率(SNR)の上書きを完了いたしましたわ (経過: 0.0000s)
2026-06-27 17:49:23,232 [INFO] [MainProcess] [Morphism] [Essentia] [ONNX-Inference] Essentia (EffNet) 分類器17基による推論を開始しますわ
2026-06-27 17:49:23,333 [INFO] [MainProcess] [Morphism] [Essentia] [ONNX-Inference] Essentia 分類推論を完了いたしましたわ (経過: 0.1011s)
2026-06-27 17:49:23,334 [INFO] [Direct-Process] ステム特徴量抽出完了 (経過: 46.3212s)
2026-06-27 17:49:23,373 [INFO] [Direct-Process] DB 登録(UPSERT)完了 (経過: 0.0371s)
2026-06-27 17:49:23,857 [INFO] [Direct-Process] デコード完了 (経過: 0.3874s, length: 8971704 samples)
2026-06-27 17:49:23,888 [INFO] [HTDemucs ONNX Memory] 推論処理を開始しますわ... (ONNX_LOCK 同期)
2026-06-27 17:49:37,016 [INFO] [HTDemucs ONNX Memory] 分離完了いたしましたわ！ 整合化を開始しますの。
2026-06-27 17:49:37,135 [INFO] [Direct-Process] Demucs 波形分離完了 (経過: 13.2776s)
2026-06-27 17:49:50,144 [INFO] [MainProcess] [Endomorphism] [DSP] [Pre-warming] 全ステム7本の遅延キャッシュ事前計算を完了いたしましたわ (経過: 13.0066s)
2026-06-27 17:49:50,145 [INFO] [MainProcess] [Morphism] [Librosa] [Extraction] Librosa による特徴量抽出(ThreadPool=8)を開始しますわ
2026-06-27 17:50:50,407 [INFO] [MainProcess] [Morphism] [Librosa] [Extraction] 全ステムの Librosa 特徴量抽出を完了いたしましたわ (経過: 60.2623s)
2026-06-27 17:50:50,407 [INFO] [MainProcess] [Endomorphism] [Post-processing] [SNR-Overwrite] ステム相対エネルギー比率(SNR)の上書きを完了いたしましたわ (経過: 0.0000s)
2026-06-27 17:50:50,407 [INFO] [MainProcess] [Morphism] [Essentia] [ONNX-Inference] Essentia (EffNet) 分類器17基による推論を開始しますわ
2026-06-27 17:50:50,528 [INFO] [MainProcess] [Morphism] [Essentia] [ONNX-Inference] Essentia 分類推論を完了いたしましたわ (経過: 0.1208s)
2026-06-27 17:50:50,529 [INFO] [Direct-Process] ステム特徴量抽出完了 (経過: 73.3915s)
2026-06-27 17:50:50,574 [INFO] [Direct-Process] DB 登録(UPSERT)完了 (経過: 0.0436s)
2026-06-27 17:50:51,055 [INFO] [Direct-Process] デコード完了 (経過: 0.3631s, length: 8803536 samples)
2026-06-27 17:50:51,088 [INFO] [HTDemucs ONNX Memory] 推論処理を開始しますわ... (ONNX_LOCK 同期)
2026-06-27 17:51:04,189 [INFO] [HTDemucs ONNX Memory] 分離完了いたしましたわ！ 整合化を開始しますの。
2026-06-27 17:51:04,317 [INFO] [Direct-Process] Demucs 波形分離完了 (経過: 13.2619s)
2026-06-27 17:51:18,625 [INFO] [MainProcess] [Endomorphism] [DSP] [Pre-warming] 全ステム7本の遅延キャッシュ事前計算を完了いたしましたわ (経過: 14.3051s)
2026-06-27 17:51:18,625 [INFO] [MainProcess] [Morphism] [Librosa] [Extraction] Librosa による特徴量抽出(ThreadPool=8)を開始しますわ
2026-06-27 17:52:14,043 [INFO] [MainProcess] [Morphism] [Librosa] [Extraction] 全ステムの Librosa 特徴量抽出を完了いたしましたわ (経過: 55.4178s)
2026-06-27 17:52:14,043 [INFO] [MainProcess] [Endomorphism] [Post-processing] [SNR-Overwrite] ステム相対エネルギー比率(SNR)の上書きを完了いたしましたわ (経過: 0.0000s)
2026-06-27 17:52:14,043 [INFO] [MainProcess] [Morphism] [Essentia] [ONNX-Inference] Essentia (EffNet) 分類器17基による推論を開始しますわ
2026-06-27 17:52:14,165 [INFO] [MainProcess] [Morphism] [Essentia] [ONNX-Inference] Essentia 分類推論を完了いたしましたわ (経過: 0.1219s)
2026-06-27 17:52:14,166 [INFO] [Direct-Process] ステム特徴量抽出完了 (経過: 69.8462s)
2026-06-27 17:52:14,208 [INFO] [Direct-Process] DB 登録(UPSERT)完了 (経過: 0.0401s)
2026-06-27 17:52:14,621 [INFO] [Direct-Process] デコード完了 (経過: 0.2979s, length: 7008960 samples)
2026-06-27 17:52:14,646 [INFO] [HTDemucs ONNX Memory] 推論処理を開始しますわ... (ONNX_LOCK 同期)
2026-06-27 17:52:25,066 [INFO] [HTDemucs ONNX Memory] 分離完了いたしましたわ！ 整合化を開始しますの。
2026-06-27 17:52:25,159 [INFO] [Direct-Process] Demucs 波形分離完了 (経過: 10.5383s)
2026-06-27 17:52:35,213 [INFO] [MainProcess] [Endomorphism] [DSP] [Pre-warming] 全ステム7本の遅延キャッシュ事前計算を完了いたしましたわ (経過: 10.0521s)
2026-06-27 17:52:35,214 [INFO] [MainProcess] [Morphism] [Librosa] [Extraction] Librosa による特徴量抽出(ThreadPool=8)を開始しますわ
2026-06-27 17:53:25,232 [INFO] [MainProcess] [Morphism] [Librosa] [Extraction] 全ステムの Librosa 特徴量抽出を完了いたしましたわ (経過: 50.0179s)
2026-06-27 17:53:25,232 [INFO] [MainProcess] [Endomorphism] [Post-processing] [SNR-Overwrite] ステム相対エネルギー比率(SNR)の上書きを完了いたしましたわ (経過: 0.0000s)
2026-06-27 17:53:25,232 [INFO] [MainProcess] [Morphism] [Essentia] [ONNX-Inference] Essentia (EffNet) 分類器17基による推論を開始しますわ
2026-06-27 17:53:25,343 [INFO] [MainProcess] [Morphism] [Essentia] [ONNX-Inference] Essentia 分類推論を完了いたしましたわ (経過: 0.1106s)
2026-06-27 17:53:25,343 [INFO] [Direct-Process] ステム特徴量抽出完了 (経過: 60.1819s)
2026-06-27 17:53:25,382 [INFO] [Direct-Process] DB 登録(UPSERT)完了 (経過: 0.0375s)
2026-06-27 17:53:26,152 [INFO] [Direct-Process] デコード完了 (経過: 0.6679s, length: 16425780 samples)
2026-06-27 17:53:26,257 [INFO] [HTDemucs ONNX Memory] 推論処理を開始しますわ... (ONNX_LOCK 同期)
2026-06-27 17:53:50,158 [INFO] [HTDemucs ONNX Memory] 分離完了いたしましたわ！ 整合化を開始しますの。
2026-06-27 17:53:50,360 [INFO] [Direct-Process] Demucs 波形分離完了 (経過: 24.2071s)
2026-06-27 17:54:13,945 [INFO] [MainProcess] [Endomorphism] [DSP] [Pre-warming] 全ステム7本の遅延キャッシュ事前計算を完了いたしましたわ (経過: 23.5819s)
2026-06-27 17:54:13,946 [INFO] [MainProcess] [Morphism] [Librosa] [Extraction] Librosa による特徴量抽出(ThreadPool=8)を開始しますわ
2026-06-27 17:56:12,307 [INFO] [MainProcess] [Morphism] [Librosa] [Extraction] 全ステムの Librosa 特徴量抽出を完了いたしましたわ (経過: 118.3610s)
2026-06-27 17:56:12,307 [INFO] [MainProcess] [Endomorphism] [Post-processing] [SNR-Overwrite] ステム相対エネルギー比率(SNR)の上書きを完了いたしましたわ (経過: 0.0000s)
2026-06-27 17:56:12,307 [INFO] [MainProcess] [Morphism] [Essentia] [ONNX-Inference] Essentia (EffNet) 分類器17基による推論を開始しますわ
2026-06-27 17:56:12,500 [INFO] [MainProcess] [Morphism] [Essentia] [ONNX-Inference] Essentia 分類推論を完了いたしましたわ (経過: 0.1925s)
2026-06-27 17:56:12,500 [INFO] [Direct-Process] ステム特徴量抽出完了 (経過: 142.1368s)
2026-06-27 17:56:12,543 [INFO] [Direct-Process] DB 登録(UPSERT)完了 (経過: 0.0410s)
2026-06-27 17:56:18,997 [INFO] [Timestamp Inheritance] Windows ctypesを用いてタイムスタンプを完全継承しましたわ！ (target: ANÚNA[2000]Cynara.flac)
2026-06-27 17:56:18,998 [INFO] [Direct-Process] OK: M:\Music\album\EARLY\celtic\ANÚNA[2000]Cynara.flac
2026-06-27 17:56:19,057 [INFO] OK: ANÚNA[2000]Cynara.flac (15 トラック処理完了, 0 トラック既処理スキップ)
