2026-06-29 09:34:46,053 [INFO] ONNX使用可能演算器: ['TensorrtExecutionProvider', 'CUDAExecutionProvider', 'CPUExecutionProvider']
2026-06-29 09:34:46,054 [INFO] 直列実行用ロード     : ['CUDAExecutionProvider', 'CPUExecutionProvider']
2026-06-29 09:34:46,329 [INFO] ONNXセッション直列化ロード完了！ (分類器数: 17)
2026-06-29 09:34:46,330 [INFO] [WorkerONNX] Consumer 内 ONNX 直列セッション初期化完了！（分類器数: 17)
2026-06-29 09:34:46,341 [INFO] [Direct-Process] 解析開始: 削除[2016]14 Scores.flac
2026-06-29 09:34:46,761 [INFO] 波形分離モデル (GLOBAL_DEMUCS) をロードしますわ... (use_dml=False)
2026-06-29 09:34:46,761 [INFO] HTDemucsSeparator 初期化: model=htdemucs_6s, precision=fp16weights, providers=['CUDAExecutionProvider', 'CPUExecutionProvider']
2026-06-29 09:35:02,221 [INFO] HTDemucs ONNX 実機モデルロードに成功いたしましたわ！
2026-06-29 09:35:02,567 [INFO] [Direct-Process] デコード完了 (経過: 0.3460s, length: 7723380 samples)
2026-06-29 09:35:02,597 [INFO] [HTDemucs ONNX Memory] 推論処理を開始しますわ... (ONNX_LOCK 同期)
2026-06-29 09:35:13,942 [INFO] [HTDemucs ONNX Memory] 分離完了いたしましたわ！ 整合化を開始しますの。
2026-06-29 09:35:14,047 [INFO] [Direct-Process] Demucs 波形分離完了 (経過: 11.4797s)
2026-06-29 09:35:28,949 [INFO] [MainProcess] [Endomorphism] [DSP] [Pre-warming] 全ステム7本の遅延キャッシュ事前計算を完了いたしましたわ (経過: 14.8998s)
2026-06-29 09:35:28,950 [INFO] [MainProcess] [Morphism] [Librosa] [Extraction] Librosa による特徴量抽出(ThreadPool=8)を開始しますわ
2026-06-29 09:36:22,158 [INFO] [MainProcess] [Morphism] [Librosa] [Extraction] 全ステムの Librosa 特徴量抽出を完了いたしましたわ (経過: 53.2079s)
2026-06-29 09:36:22,158 [INFO] [MainProcess] [Endomorphism] [Post-processing] [SNR-Overwrite] ステム相対エネルギー比率(SNR)の上書きを完了いたしましたわ (経過: 0.0000s)
2026-06-29 09:36:22,158 [INFO] [MainProcess] [Morphism] [Essentia] [ONNX-Inference] Essentia (EffNet) 分類器17基による推論を開始しますわ
2026-06-29 09:36:22,529 [INFO] [MainProcess] [Morphism] [Essentia] [ONNX-Inference] Essentia 分類推論を完了いたしましたわ (経過: 0.3707s)
2026-06-29 09:36:22,529 [INFO] [Direct-Process] ステム特徴量抽出完了 (経過: 68.4799s)
2026-06-29 09:36:22,581 [INFO] [Direct-Process] DB 登録(UPSERT)完了 (経過: 0.0486s)
2026-06-29 09:36:23,013 [INFO] [Direct-Process] デコード完了 (経過: 0.3145s, length: 7282380 samples)
2026-06-29 09:36:23,039 [INFO] [HTDemucs ONNX Memory] 推論処理を開始しますわ... (ONNX_LOCK 同期)
2026-06-29 09:36:33,643 [INFO] [HTDemucs ONNX Memory] 分離完了いたしましたわ！ 整合化を開始しますの。
2026-06-29 09:36:33,736 [INFO] [Direct-Process] Demucs 波形分離完了 (経過: 10.7234s)
2026-06-29 09:36:44,341 [INFO] [MainProcess] [Endomorphism] [DSP] [Pre-warming] 全ステム7本の遅延キャッシュ事前計算を完了いたしましたわ (経過: 10.6025s)
2026-06-29 09:36:44,341 [INFO] [MainProcess] [Morphism] [Librosa] [Extraction] Librosa による特徴量抽出(ThreadPool=8)を開始しますわ
2026-06-29 09:37:33,006 [INFO] [MainProcess] [Morphism] [Librosa] [Extraction] 全ステムの Librosa 特徴量抽出を完了いたしましたわ (経過: 48.6649s)
2026-06-29 09:37:33,006 [INFO] [MainProcess] [Endomorphism] [Post-processing] [SNR-Overwrite] ステム相対エネルギー比率(SNR)の上書きを完了いたしましたわ (経過: 0.0000s)
2026-06-29 09:37:33,007 [INFO] [MainProcess] [Morphism] [Essentia] [ONNX-Inference] Essentia (EffNet) 分類器17基による推論を開始しますわ
2026-06-29 09:37:33,116 [INFO] [MainProcess] [Morphism] [Essentia] [ONNX-Inference] Essentia 分類推論を完了いたしましたわ (経過: 0.1091s)
2026-06-29 09:37:33,116 [INFO] [Direct-Process] ステム特徴量抽出完了 (経過: 59.3779s)
2026-06-29 09:37:33,167 [INFO] [Direct-Process] DB 登録(UPSERT)完了 (経過: 0.0484s)
2026-06-29 09:37:33,582 [INFO] [Direct-Process] デコード完了 (経過: 0.3102s, length: 7536984 samples)
2026-06-29 09:37:33,610 [INFO] [HTDemucs ONNX Memory] 推論処理を開始しますわ... (ONNX_LOCK 同期)
2026-06-29 09:37:44,273 [INFO] [HTDemucs ONNX Memory] 分離完了いたしましたわ！ 整合化を開始しますの。
2026-06-29 09:37:44,373 [INFO] [Direct-Process] Demucs 波形分離完了 (経過: 10.7903s)
2026-06-29 09:37:55,484 [INFO] [MainProcess] [Endomorphism] [DSP] [Pre-warming] 全ステム7本の遅延キャッシュ事前計算を完了いたしましたわ (経過: 11.1080s)
2026-06-29 09:37:55,484 [INFO] [MainProcess] [Morphism] [Librosa] [Extraction] Librosa による特徴量抽出(ThreadPool=8)を開始しますわ
2026-06-29 09:38:46,370 [INFO] [MainProcess] [Morphism] [Librosa] [Extraction] 全ステムの Librosa 特徴量抽出を完了いたしましたわ (経過: 50.8857s)
2026-06-29 09:38:46,370 [INFO] [MainProcess] [Endomorphism] [Post-processing] [SNR-Overwrite] ステム相対エネルギー比率(SNR)の上書きを完了いたしましたわ (経過: 0.0000s)
2026-06-29 09:38:46,370 [INFO] [MainProcess] [Morphism] [Essentia] [ONNX-Inference] Essentia (EffNet) 分類器17基による推論を開始しますわ
2026-06-29 09:38:46,476 [INFO] [MainProcess] [Morphism] [Essentia] [ONNX-Inference] Essentia 分類推論を完了いたしましたわ (経過: 0.1059s)
2026-06-29 09:38:46,477 [INFO] [Direct-Process] ステム特徴量抽出完了 (経過: 62.1012s)
2026-06-29 09:38:46,520 [INFO] [Direct-Process] DB 登録(UPSERT)完了 (経過: 0.0404s)
2026-06-29 09:38:46,995 [INFO] [Direct-Process] デコード完了 (経過: 0.3650s, length: 8771784 samples)
2026-06-29 09:38:47,028 [INFO] [HTDemucs ONNX Memory] 推論処理を開始しますわ... (ONNX_LOCK 同期)
2026-06-29 09:39:00,174 [INFO] [HTDemucs ONNX Memory] 分離完了いたしましたわ！ 整合化を開始しますの。
2026-06-29 09:39:00,285 [INFO] [Direct-Process] Demucs 波形分離完了 (経過: 13.2896s)
2026-06-29 09:39:13,380 [INFO] [MainProcess] [Endomorphism] [DSP] [Pre-warming] 全ステム7本の遅延キャッシュ事前計算を完了いたしましたわ (経過: 13.0930s)
2026-06-29 09:39:13,380 [INFO] [MainProcess] [Morphism] [Librosa] [Extraction] Librosa による特徴量抽出(ThreadPool=8)を開始しますわ
2026-06-29 09:40:13,268 [INFO] [MainProcess] [Morphism] [Librosa] [Extraction] 全ステムの Librosa 特徴量抽出を完了いたしましたわ (経過: 59.8880s)
2026-06-29 09:40:13,269 [INFO] [MainProcess] [Endomorphism] [Post-processing] [SNR-Overwrite] ステム相対エネルギー比率(SNR)の上書きを完了いたしましたわ (経過: 0.0000s)
2026-06-29 09:40:13,269 [INFO] [MainProcess] [Morphism] [Essentia] [ONNX-Inference] Essentia (EffNet) 分類器17基による推論を開始しますわ
2026-06-29 09:40:13,387 [INFO] [MainProcess] [Morphism] [Essentia] [ONNX-Inference] Essentia 分類推論を完了いたしましたわ (経過: 0.1185s)
2026-06-29 09:40:13,388 [INFO] [Direct-Process] ステム特徴量抽出完了 (経過: 73.1009s)
2026-06-29 09:40:13,440 [INFO] [Direct-Process] DB 登録(UPSERT)完了 (経過: 0.0499s)
2026-06-29 09:40:13,994 [INFO] [Direct-Process] デコード完了 (経過: 0.4378s, length: 10528140 samples)
2026-06-29 09:40:14,033 [INFO] [HTDemucs ONNX Memory] 推論処理を開始しますわ... (ONNX_LOCK 同期)
2026-06-29 09:40:29,140 [INFO] [HTDemucs ONNX Memory] 分離完了いたしましたわ！ 整合化を開始しますの。
2026-06-29 09:40:29,284 [INFO] [Direct-Process] Demucs 波形分離完了 (経過: 15.2890s)
2026-06-29 09:40:44,786 [INFO] [MainProcess] [Endomorphism] [DSP] [Pre-warming] 全ステム7本の遅延キャッシュ事前計算を完了いたしましたわ (経過: 15.4999s)
2026-06-29 09:40:44,786 [INFO] [MainProcess] [Morphism] [Librosa] [Extraction] Librosa による特徴量抽出(ThreadPool=8)を開始しますわ
2026-06-29 09:41:57,645 [INFO] [MainProcess] [Morphism] [Librosa] [Extraction] 全ステムの Librosa 特徴量抽出を完了いたしましたわ (経過: 72.8581s)
2026-06-29 09:41:57,645 [INFO] [MainProcess] [Endomorphism] [Post-processing] [SNR-Overwrite] ステム相対エネルギー比率(SNR)の上書きを完了いたしましたわ (経過: 0.0000s)
2026-06-29 09:41:57,645 [INFO] [MainProcess] [Morphism] [Essentia] [ONNX-Inference] Essentia (EffNet) 分類器17基による推論を開始しますわ
2026-06-29 09:41:57,780 [INFO] [MainProcess] [Morphism] [Essentia] [ONNX-Inference] Essentia 分類推論を完了いたしましたわ (経過: 0.1350s)
2026-06-29 09:41:57,780 [INFO] [Direct-Process] ステム特徴量抽出完了 (経過: 88.4944s)
2026-06-29 09:41:57,828 [INFO] [Direct-Process] DB 登録(UPSERT)完了 (経過: 0.0456s)
2026-06-29 09:41:58,345 [INFO] [Direct-Process] デコード完了 (経過: 0.3857s, length: 8266692 samples)
2026-06-29 09:41:58,378 [INFO] [HTDemucs ONNX Memory] 推論処理を開始しますわ... (ONNX_LOCK 同期)
2026-06-29 09:42:10,006 [INFO] [HTDemucs ONNX Memory] 分離完了いたしましたわ！ 整合化を開始しますの。
2026-06-29 09:42:10,111 [INFO] [Direct-Process] Demucs 波形分離完了 (経過: 11.7660s)
2026-06-29 09:42:22,371 [INFO] [MainProcess] [Endomorphism] [DSP] [Pre-warming] 全ステム7本の遅延キャッシュ事前計算を完了いたしましたわ (経過: 12.2571s)
2026-06-29 09:42:22,371 [INFO] [MainProcess] [Morphism] [Librosa] [Extraction] Librosa による特徴量抽出(ThreadPool=8)を開始しますわ
2026-06-29 09:43:17,046 [INFO] [MainProcess] [Morphism] [Librosa] [Extraction] 全ステムの Librosa 特徴量抽出を完了いたしましたわ (経過: 54.6746s)
2026-06-29 09:43:17,046 [INFO] [MainProcess] [Endomorphism] [Post-processing] [SNR-Overwrite] ステム相対エネルギー比率(SNR)の上書きを完了いたしましたわ (経過: 0.0000s)
2026-06-29 09:43:17,046 [INFO] [MainProcess] [Morphism] [Essentia] [ONNX-Inference] Essentia (EffNet) 分類器17基による推論を開始しますわ
2026-06-29 09:43:17,160 [INFO] [MainProcess] [Morphism] [Essentia] [ONNX-Inference] Essentia 分類推論を完了いたしましたわ (経過: 0.1145s)
2026-06-29 09:43:17,161 [INFO] [Direct-Process] ステム特徴量抽出完了 (経過: 67.0477s)
2026-06-29 09:43:17,203 [INFO] [Direct-Process] DB 登録(UPSERT)完了 (経過: 0.0397s)
2026-06-29 09:43:17,715 [INFO] [Direct-Process] デコード完了 (経過: 0.3953s, length: 9798432 samples)
2026-06-29 09:43:17,751 [INFO] [HTDemucs ONNX Memory] 推論処理を開始しますわ... (ONNX_LOCK 同期)
2026-06-29 09:43:31,531 [INFO] [HTDemucs ONNX Memory] 分離完了いたしましたわ！ 整合化を開始しますの。
2026-06-29 09:43:31,655 [INFO] [Direct-Process] Demucs 波形分離完了 (経過: 13.9396s)
2026-06-29 09:43:46,070 [INFO] [MainProcess] [Endomorphism] [DSP] [Pre-warming] 全ステム7本の遅延キャッシュ事前計算を完了いたしましたわ (経過: 14.4126s)
2026-06-29 09:43:46,070 [INFO] [MainProcess] [Morphism] [Librosa] [Extraction] Librosa による特徴量抽出(ThreadPool=8)を開始しますわ
2026-06-29 09:45:00,958 [INFO] [MainProcess] [Morphism] [Librosa] [Extraction] 全ステムの Librosa 特徴量抽出を完了いたしましたわ (経過: 74.8881s)
2026-06-29 09:45:00,958 [INFO] [MainProcess] [Endomorphism] [Post-processing] [SNR-Overwrite] ステム相対エネルギー比率(SNR)の上書きを完了いたしましたわ (経過: 0.0000s)
2026-06-29 09:45:00,958 [INFO] [MainProcess] [Morphism] [Essentia] [ONNX-Inference] Essentia (EffNet) 分類器17基による推論を開始しますわ
2026-06-29 09:45:01,090 [INFO] [MainProcess] [Morphism] [Essentia] [ONNX-Inference] Essentia 分類推論を完了いたしましたわ (経過: 0.1315s)
2026-06-29 09:45:01,090 [INFO] [Direct-Process] ステム特徴量抽出完了 (経過: 89.4334s)
2026-06-29 09:45:06,633 [INFO] [Direct-Process] DB 登録(UPSERT)完了 (経過: 5.5402s)
2026-06-29 09:45:07,639 [INFO] [Direct-Process] デコード完了 (経過: 0.8782s, length: 20851068 samples)
2026-06-29 09:45:07,714 [INFO] [HTDemucs ONNX Memory] 推論処理を開始しますわ... (ONNX_LOCK 同期)
2026-06-29 09:45:36,910 [INFO] [HTDemucs ONNX Memory] 分離完了いたしましたわ！ 整合化を開始しますの。
2026-06-29 09:45:37,189 [INFO] [Direct-Process] Demucs 波形分離完了 (経過: 29.5496s)
2026-06-29 09:46:07,962 [INFO] [MainProcess] [Endomorphism] [DSP] [Pre-warming] 全ステム7本の遅延キャッシュ事前計算を完了いたしましたわ (経過: 30.7647s)
2026-06-29 09:46:07,962 [INFO] [MainProcess] [Morphism] [Librosa] [Extraction] Librosa による特徴量抽出(ThreadPool=8)を開始しますわ
2026-06-29 09:48:24,251 [INFO] [MainProcess] [Morphism] [Librosa] [Extraction] 全ステムの Librosa 特徴量抽出を完了いたしましたわ (経過: 136.2891s)
2026-06-29 09:48:24,252 [INFO] [MainProcess] [Endomorphism] [Post-processing] [SNR-Overwrite] ステム相対エネルギー比率(SNR)の上書きを完了いたしましたわ (経過: 0.0000s)
2026-06-29 09:48:24,252 [INFO] [MainProcess] [Morphism] [Essentia] [ONNX-Inference] Essentia (EffNet) 分類器17基による推論を開始しますわ
2026-06-29 09:48:24,493 [INFO] [MainProcess] [Morphism] [Essentia] [ONNX-Inference] Essentia 分類推論を完了いたしましたわ (経過: 0.2413s)
2026-06-29 09:48:24,494 [INFO] [Direct-Process] ステム特徴量抽出完了 (経過: 167.2966s)
2026-06-29 09:48:24,534 [INFO] [Direct-Process] DB 登録(UPSERT)完了 (経過: 0.0382s)
2026-06-29 09:48:25,704 [INFO] [Direct-Process] デコード完了 (経過: 0.9713s, length: 22101156 samples)
2026-06-29 09:48:25,785 [INFO] [HTDemucs ONNX Memory] 推論処理を開始しますわ... (ONNX_LOCK 同期)
2026-06-29 09:48:57,456 [INFO] [HTDemucs ONNX Memory] 分離完了いたしましたわ！ 整合化を開始しますの。
2026-06-29 09:48:57,732 [INFO] [Direct-Process] Demucs 波形分離完了 (経過: 32.0277s)
2026-06-29 09:49:30,144 [INFO] [MainProcess] [Endomorphism] [DSP] [Pre-warming] 全ステム7本の遅延キャッシュ事前計算を完了いたしましたわ (経過: 32.4072s)
2026-06-29 09:49:30,145 [INFO] [MainProcess] [Morphism] [Librosa] [Extraction] Librosa による特徴量抽出(ThreadPool=8)を開始しますわ
2026-06-29 09:51:53,275 [INFO] [MainProcess] [Morphism] [Librosa] [Extraction] 全ステムの Librosa 特徴量抽出を完了いたしましたわ (経過: 143.1303s)
2026-06-29 09:51:53,275 [INFO] [MainProcess] [Endomorphism] [Post-processing] [SNR-Overwrite] ステム相対エネルギー比率(SNR)の上書きを完了いたしましたわ (経過: 0.0000s)
2026-06-29 09:51:53,275 [INFO] [MainProcess] [Morphism] [Essentia] [ONNX-Inference] Essentia (EffNet) 分類器17基による推論を開始しますわ
2026-06-29 09:51:53,524 [INFO] [MainProcess] [Morphism] [Essentia] [ONNX-Inference] Essentia 分類推論を完了いたしましたわ (経過: 0.2489s)
2026-06-29 09:51:53,525 [INFO] [Direct-Process] ステム特徴量抽出完了 (経過: 175.7877s)
2026-06-29 09:51:53,565 [INFO] [Direct-Process] DB 登録(UPSERT)完了 (経過: 0.0379s)
2026-06-29 09:51:54,906 [INFO] [Direct-Process] デコード完了 (経過: 1.1308s, length: 25658556 samples)
2026-06-29 09:51:55,005 [INFO] [HTDemucs ONNX Memory] 推論処理を開始しますわ... (ONNX_LOCK 同期)
2026-06-29 09:52:30,650 [INFO] [HTDemucs ONNX Memory] 分離完了いたしましたわ！ 整合化を開始しますの。
2026-06-29 09:52:30,967 [INFO] [Direct-Process] Demucs 波形分離完了 (経過: 36.0603s)
2026-06-29 09:53:08,587 [INFO] [MainProcess] [Endomorphism] [DSP] [Pre-warming] 全ステム7本の遅延キャッシュ事前計算を完了いたしましたわ (経過: 37.6153s)
2026-06-29 09:53:08,588 [INFO] [MainProcess] [Morphism] [Librosa] [Extraction] Librosa による特徴量抽出(ThreadPool=8)を開始しますわ
2026-06-29 09:56:02,122 [INFO] [MainProcess] [Morphism] [Librosa] [Extraction] 全ステムの Librosa 特徴量抽出を完了いたしましたわ (経過: 173.5348s)
2026-06-29 09:56:02,123 [INFO] [MainProcess] [Endomorphism] [Post-processing] [SNR-Overwrite] ステム相対エネルギー比率(SNR)の上書きを完了いたしましたわ (経過: 0.0000s)
2026-06-29 09:56:02,123 [INFO] [MainProcess] [Morphism] [Essentia] [ONNX-Inference] Essentia (EffNet) 分類器17基による推論を開始しますわ
2026-06-29 09:56:02,411 [INFO] [MainProcess] [Morphism] [Essentia] [ONNX-Inference] Essentia 分類推論を完了いたしましたわ (経過: 0.2883s)
2026-06-29 09:56:02,412 [INFO] [Direct-Process] ステム特徴量抽出完了 (経過: 211.4402s)
2026-06-29 09:56:02,465 [INFO] [Direct-Process] DB 登録(UPSERT)完了 (経過: 0.0513s)
2026-06-29 09:56:03,846 [INFO] [Direct-Process] デコード完了 (経過: 1.1531s, length: 25317516 samples)
2026-06-29 09:56:03,943 [INFO] [HTDemucs ONNX Memory] 推論処理を開始しますわ... (ONNX_LOCK 同期)
2026-06-29 09:56:39,586 [INFO] [HTDemucs ONNX Memory] 分離完了いたしましたわ！ 整合化を開始しますの。
2026-06-29 09:56:39,910 [INFO] [Direct-Process] Demucs 波形分離完了 (経過: 36.0633s)
2026-06-29 09:57:17,085 [INFO] [MainProcess] [Endomorphism] [DSP] [Pre-warming] 全ステム7本の遅延キャッシュ事前計算を完了いたしましたわ (経過: 37.1672s)
2026-06-29 09:57:17,085 [INFO] [MainProcess] [Morphism] [Librosa] [Extraction] Librosa による特徴量抽出(ThreadPool=8)を開始しますわ
2026-06-29 10:00:03,439 [INFO] [MainProcess] [Morphism] [Librosa] [Extraction] 全ステムの Librosa 特徴量抽出を完了いたしましたわ (経過: 166.3540s)
2026-06-29 10:00:03,440 [INFO] [MainProcess] [Endomorphism] [Post-processing] [SNR-Overwrite] ステム相対エネルギー比率(SNR)の上書きを完了いたしましたわ (経過: 0.0000s)
2026-06-29 10:00:03,440 [INFO] [MainProcess] [Morphism] [Essentia] [ONNX-Inference] Essentia (EffNet) 分類器17基による推論を開始しますわ
2026-06-29 10:00:03,751 [INFO] [MainProcess] [Morphism] [Essentia] [ONNX-Inference] Essentia 分類推論を完了いたしましたわ (経過: 0.3117s)
2026-06-29 10:00:03,752 [INFO] [Direct-Process] ステム特徴量抽出完了 (経過: 203.8342s)
2026-06-29 10:00:03,796 [INFO] [Direct-Process] DB 登録(UPSERT)完了 (経過: 0.0418s)
2026-06-29 10:00:04,431 [INFO] [Direct-Process] デコード完了 (経過: 0.3908s, length: 6736128 samples)
2026-06-29 10:00:04,475 [INFO] [HTDemucs ONNX Memory] 推論処理を開始しますわ... (ONNX_LOCK 同期)
2026-06-29 10:00:14,498 [INFO] [HTDemucs ONNX Memory] 分離完了いたしましたわ！ 整合化を開始しますの。
2026-06-29 10:00:14,585 [INFO] [Direct-Process] Demucs 波形分離完了 (経過: 10.1533s)
2026-06-29 10:00:24,562 [INFO] [MainProcess] [Endomorphism] [DSP] [Pre-warming] 全ステム7本の遅延キャッシュ事前計算を完了いたしましたわ (経過: 9.9756s)
2026-06-29 10:00:24,563 [INFO] [MainProcess] [Morphism] [Librosa] [Extraction] Librosa による特徴量抽出(ThreadPool=8)を開始しますわ
2026-06-29 10:01:08,954 [INFO] [MainProcess] [Morphism] [Librosa] [Extraction] 全ステムの Librosa 特徴量抽出を完了いたしましたわ (経過: 44.3916s)
2026-06-29 10:01:08,955 [INFO] [MainProcess] [Endomorphism] [Post-processing] [SNR-Overwrite] ステム相対エネルギー比率(SNR)の上書きを完了いたしましたわ (経過: 0.0000s)
2026-06-29 10:01:08,955 [INFO] [MainProcess] [Morphism] [Essentia] [ONNX-Inference] Essentia (EffNet) 分類器17基による推論を開始しますわ
2026-06-29 10:01:09,063 [INFO] [MainProcess] [Morphism] [Essentia] [ONNX-Inference] Essentia 分類推論を完了いたしましたわ (経過: 0.1082s)
2026-06-29 10:01:09,063 [INFO] [Direct-Process] ステム特徴量抽出完了 (経過: 54.4767s)
2026-06-29 10:01:09,240 [INFO] [Direct-Process] DB 登録(UPSERT)完了 (経過: 0.1743s)
2026-06-29 10:01:09,592 [INFO] [Direct-Process] デコード完了 (経過: 0.2515s, length: 6021120 samples)
2026-06-29 10:01:09,614 [INFO] [HTDemucs ONNX Memory] 推論処理を開始しますわ... (ONNX_LOCK 同期)
2026-06-29 10:01:18,290 [INFO] [HTDemucs ONNX Memory] 分離完了いたしましたわ！ 整合化を開始しますの。
2026-06-29 10:01:18,366 [INFO] [Direct-Process] Demucs 波形分離完了 (経過: 8.7739s)
2026-06-29 10:01:27,233 [INFO] [MainProcess] [Endomorphism] [DSP] [Pre-warming] 全ステム7本の遅延キャッシュ事前計算を完了いたしましたわ (経過: 8.8653s)
2026-06-29 10:01:27,234 [INFO] [MainProcess] [Morphism] [Librosa] [Extraction] Librosa による特徴量抽出(ThreadPool=8)を開始しますわ
2026-06-29 10:02:09,268 [INFO] [MainProcess] [Morphism] [Librosa] [Extraction] 全ステムの Librosa 特徴量抽出を完了いたしましたわ (経過: 42.0347s)
2026-06-29 10:02:09,268 [INFO] [MainProcess] [Endomorphism] [Post-processing] [SNR-Overwrite] ステム相対エネルギー比率(SNR)の上書きを完了いたしましたわ (経過: 0.0000s)
2026-06-29 10:02:09,269 [INFO] [MainProcess] [Morphism] [Essentia] [ONNX-Inference] Essentia (EffNet) 分類器17基による推論を開始しますわ
2026-06-29 10:02:09,359 [INFO] [MainProcess] [Morphism] [Essentia] [ONNX-Inference] Essentia 分類推論を完了いたしましたわ (経過: 0.0905s)
2026-06-29 10:02:09,359 [INFO] [Direct-Process] ステム特徴量抽出完了 (経過: 50.9918s)
2026-06-29 10:02:09,438 [INFO] [Direct-Process] DB 登録(UPSERT)完了 (経過: 0.0766s)
2026-06-29 10:02:09,828 [INFO] [Direct-Process] デコード完了 (経過: 0.2876s, length: 6926052 samples)
2026-06-29 10:02:09,855 [INFO] [HTDemucs ONNX Memory] 推論処理を開始しますわ... (ONNX_LOCK 同期)
2026-06-29 10:02:19,762 [INFO] [HTDemucs ONNX Memory] 分離完了いたしましたわ！ 整合化を開始しますの。
2026-06-29 10:02:19,850 [INFO] [Direct-Process] Demucs 波形分離完了 (経過: 10.0223s)
2026-06-29 10:02:29,863 [INFO] [MainProcess] [Endomorphism] [DSP] [Pre-warming] 全ステム7本の遅延キャッシュ事前計算を完了いたしましたわ (経過: 10.0107s)
2026-06-29 10:02:29,863 [INFO] [MainProcess] [Morphism] [Librosa] [Extraction] Librosa による特徴量抽出(ThreadPool=8)を開始しますわ
2026-06-29 10:03:18,232 [INFO] [MainProcess] [Morphism] [Librosa] [Extraction] 全ステムの Librosa 特徴量抽出を完了いたしましたわ (経過: 48.3688s)
2026-06-29 10:03:18,232 [INFO] [MainProcess] [Endomorphism] [Post-processing] [SNR-Overwrite] ステム相対エネルギー比率(SNR)の上書きを完了いたしましたわ (経過: 0.0000s)
2026-06-29 10:03:18,232 [INFO] [MainProcess] [Morphism] [Essentia] [ONNX-Inference] Essentia (EffNet) 分類器17基による推論を開始しますわ
2026-06-29 10:03:18,336 [INFO] [MainProcess] [Morphism] [Essentia] [ONNX-Inference] Essentia 分類推論を完了いたしましたわ (経過: 0.1034s)
2026-06-29 10:03:18,336 [INFO] [Direct-Process] ステム特徴量抽出完了 (経過: 58.4843s)
2026-06-29 10:03:18,380 [INFO] [Direct-Process] DB 登録(UPSERT)完了 (経過: 0.0418s)
2026-06-29 10:03:25,003 [INFO] [Timestamp Inheritance] Windows ctypesを用いてタイムスタンプを完全継承しましたわ！ (target: 削除[2016]14 Scores.flac)
2026-06-29 10:03:25,004 [INFO] [Direct-Process] OK: M:\Music\album\EDM\classical\削除[2016]14 Scores.flac
2026-06-29 10:03:25,067 [INFO] OK: 削除[2016]14 Scores.flac (14 トラック処理完了, 0 トラック既処理スキップ)
2026-06-29 10:03:26,737 [INFO] ONNX使用可能演算器: ['TensorrtExecutionProvider', 'CUDAExecutionProvider', 'CPUExecutionProvider']
2026-06-29 10:03:26,738 [INFO] 直列実行用ロード     : ['CUDAExecutionProvider', 'CPUExecutionProvider']
2026-06-29 10:03:27,221 [INFO] ONNXセッション直列化ロード完了！ (分類器数: 17)
2026-06-29 10:03:27,221 [INFO] [WorkerONNX] Consumer 内 ONNX 直列セッション初期化完了！（分類器数: 17)
2026-06-29 10:03:27,329 [INFO] [Direct-Process] 解析開始: 削除[2017]Language.flac
2026-06-29 10:03:27,527 [INFO] 波形分離モデル (GLOBAL_DEMUCS) をロードしますわ... (use_dml=False)
2026-06-29 10:03:27,527 [INFO] HTDemucsSeparator 初期化: model=htdemucs_6s, precision=fp16weights, providers=['CUDAExecutionProvider', 'CPUExecutionProvider']
2026-06-29 10:03:43,339 [INFO] HTDemucs ONNX 実機モデルロードに成功いたしましたわ！
2026-06-29 10:03:43,878 [INFO] [Direct-Process] デコード完了 (経過: 0.5387s, length: 11534208 samples)
2026-06-29 10:03:43,919 [INFO] [HTDemucs ONNX Memory] 推論処理を開始しますわ... (ONNX_LOCK 同期)
2026-06-29 10:04:00,591 [INFO] [HTDemucs ONNX Memory] 分離完了いたしましたわ！ 整合化を開始しますの。
2026-06-29 10:04:00,735 [INFO] [Direct-Process] Demucs 波形分離完了 (経過: 16.8566s)
2026-06-29 10:04:25,460 [INFO] [MainProcess] [Endomorphism] [DSP] [Pre-warming] 全ステム7本の遅延キャッシュ事前計算を完了いたしましたわ (経過: 24.7222s)
2026-06-29 10:04:25,460 [INFO] [MainProcess] [Morphism] [Librosa] [Extraction] Librosa による特徴量抽出(ThreadPool=8)を開始しますわ
2026-06-29 10:05:37,340 [INFO] [MainProcess] [Morphism] [Librosa] [Extraction] 全ステムの Librosa 特徴量抽出を完了いたしましたわ (経過: 71.8800s)
2026-06-29 10:05:37,340 [INFO] [MainProcess] [Endomorphism] [Post-processing] [SNR-Overwrite] ステム相対エネルギー比率(SNR)の上書きを完了いたしましたわ (経過: 0.0000s)
2026-06-29 10:05:37,340 [INFO] [MainProcess] [Morphism] [Essentia] [ONNX-Inference] Essentia (EffNet) 分類器17基による推論を開始しますわ
2026-06-29 10:05:37,757 [INFO] [MainProcess] [Morphism] [Essentia] [ONNX-Inference] Essentia 分類推論を完了いたしましたわ (経過: 0.4169s)
2026-06-29 10:05:37,758 [INFO] [Direct-Process] ステム特徴量抽出完了 (経過: 97.0205s)
2026-06-29 10:05:37,808 [INFO] [Direct-Process] DB 登録(UPSERT)完了 (経過: 0.0486s)
2026-06-29 10:05:38,698 [INFO] [Direct-Process] デコード完了 (経過: 0.7464s, length: 17660580 samples)
2026-06-29 10:05:38,762 [INFO] [HTDemucs ONNX Memory] 推論処理を開始しますわ... (ONNX_LOCK 同期)
2026-06-29 10:06:03,510 [INFO] [HTDemucs ONNX Memory] 分離完了いたしましたわ！ 整合化を開始しますの。
2026-06-29 10:06:03,730 [INFO] [Direct-Process] Demucs 波形分離完了 (経過: 25.0311s)
2026-06-29 10:06:29,784 [INFO] [MainProcess] [Endomorphism] [DSP] [Pre-warming] 全ステム7本の遅延キャッシュ事前計算を完了いたしましたわ (経過: 26.0512s)
2026-06-29 10:06:29,785 [INFO] [MainProcess] [Morphism] [Librosa] [Extraction] Librosa による特徴量抽出(ThreadPool=8)を開始しますわ
2026-06-29 10:08:26,746 [INFO] [MainProcess] [Morphism] [Librosa] [Extraction] 全ステムの Librosa 特徴量抽出を完了いたしましたわ (経過: 116.9614s)
2026-06-29 10:08:26,746 [INFO] [MainProcess] [Endomorphism] [Post-processing] [SNR-Overwrite] ステム相対エネルギー比率(SNR)の上書きを完了いたしましたわ (経過: 0.0000s)
2026-06-29 10:08:26,746 [INFO] [MainProcess] [Morphism] [Essentia] [ONNX-Inference] Essentia (EffNet) 分類器17基による推論を開始しますわ
2026-06-29 10:08:26,958 [INFO] [MainProcess] [Morphism] [Essentia] [ONNX-Inference] Essentia 分類推論を完了いたしましたわ (経過: 0.2116s)
2026-06-29 10:08:26,959 [INFO] [Direct-Process] ステム特徴量抽出完了 (経過: 143.2255s)
2026-06-29 10:08:27,000 [INFO] [Direct-Process] DB 登録(UPSERT)完了 (経過: 0.0395s)
2026-06-29 10:08:28,110 [INFO] [Direct-Process] デコード完了 (経過: 0.9360s, length: 22829688 samples)
2026-06-29 10:08:28,207 [INFO] [HTDemucs ONNX Memory] 推論処理を開始しますわ... (ONNX_LOCK 同期)
2026-06-29 10:09:00,288 [INFO] [HTDemucs ONNX Memory] 分離完了いたしましたわ！ 整合化を開始しますの。
2026-06-29 10:09:00,575 [INFO] [Direct-Process] Demucs 波形分離完了 (経過: 32.4645s)
2026-06-29 10:09:33,891 [INFO] [MainProcess] [Endomorphism] [DSP] [Pre-warming] 全ステム7本の遅延キャッシュ事前計算を完了いたしましたわ (経過: 33.3112s)
2026-06-29 10:09:33,891 [INFO] [MainProcess] [Morphism] [Librosa] [Extraction] Librosa による特徴量抽出(ThreadPool=8)を開始しますわ
2026-06-29 10:12:15,144 [INFO] [MainProcess] [Morphism] [Librosa] [Extraction] 全ステムの Librosa 特徴量抽出を完了いたしましたわ (経過: 161.2526s)
2026-06-29 10:12:15,144 [INFO] [MainProcess] [Endomorphism] [Post-processing] [SNR-Overwrite] ステム相対エネルギー比率(SNR)の上書きを完了いたしましたわ (経過: 0.0000s)
2026-06-29 10:12:15,145 [INFO] [MainProcess] [Morphism] [Essentia] [ONNX-Inference] Essentia (EffNet) 分類器17基による推論を開始しますわ
2026-06-29 10:12:15,400 [INFO] [MainProcess] [Morphism] [Essentia] [ONNX-Inference] Essentia 分類推論を完了いたしましたわ (経過: 0.2557s)
2026-06-29 10:12:15,401 [INFO] [Direct-Process] ステム特徴量抽出完了 (経過: 194.8208s)
2026-06-29 10:12:15,443 [INFO] [Direct-Process] DB 登録(UPSERT)完了 (経過: 0.0409s)
2026-06-29 10:12:16,083 [INFO] [Direct-Process] デコード完了 (経過: 0.4301s, length: 10822139 samples)
2026-06-29 10:12:16,124 [INFO] [HTDemucs ONNX Memory] 推論処理を開始しますわ... (ONNX_LOCK 同期)
2026-06-29 10:12:31,346 [INFO] [HTDemucs ONNX Memory] 分離完了いたしましたわ！ 整合化を開始しますの。
2026-06-29 10:12:31,481 [INFO] [Direct-Process] Demucs 波形分離完了 (経過: 15.3976s)
2026-06-29 10:12:47,373 [INFO] [MainProcess] [Endomorphism] [DSP] [Pre-warming] 全ステム7本の遅延キャッシュ事前計算を完了いたしましたわ (経過: 15.8891s)
2026-06-29 10:12:47,373 [INFO] [MainProcess] [Morphism] [Librosa] [Extraction] Librosa による特徴量抽出(ThreadPool=8)を開始しますわ
2026-06-29 10:13:57,407 [INFO] [MainProcess] [Morphism] [Librosa] [Extraction] 全ステムの Librosa 特徴量抽出を完了いたしましたわ (経過: 70.0340s)
2026-06-29 10:13:57,407 [INFO] [MainProcess] [Endomorphism] [Post-processing] [SNR-Overwrite] ステム相対エネルギー比率(SNR)の上書きを完了いたしましたわ (経過: 0.0000s)
2026-06-29 10:13:57,407 [INFO] [MainProcess] [Morphism] [Essentia] [ONNX-Inference] Essentia (EffNet) 分類器17基による推論を開始しますわ
2026-06-29 10:13:57,549 [INFO] [MainProcess] [Morphism] [Essentia] [ONNX-Inference] Essentia 分類推論を完了いたしましたわ (経過: 0.1413s)
2026-06-29 10:13:57,549 [INFO] [Direct-Process] ステム特徴量抽出完了 (経過: 86.0658s)
2026-06-29 10:13:57,596 [INFO] [Direct-Process] DB 登録(UPSERT)完了 (経過: 0.0450s)
2026-06-29 10:13:58,695 [INFO] [Direct-Process] デコード完了 (経過: 0.9634s, length: 21718957 samples)
2026-06-29 10:13:58,778 [INFO] [HTDemucs ONNX Memory] 推論処理を開始しますわ... (ONNX_LOCK 同期)
2026-06-29 10:14:28,689 [INFO] [HTDemucs ONNX Memory] 分離完了いたしましたわ！ 整合化を開始しますの。
2026-06-29 10:14:28,964 [INFO] [Direct-Process] Demucs 波形分離完了 (経過: 30.2685s)
2026-06-29 10:15:00,550 [INFO] [MainProcess] [Endomorphism] [DSP] [Pre-warming] 全ステム7本の遅延キャッシュ事前計算を完了いたしましたわ (経過: 31.5811s)
2026-06-29 10:15:00,550 [INFO] [MainProcess] [Morphism] [Librosa] [Extraction] Librosa による特徴量抽出(ThreadPool=8)を開始しますわ
2026-06-29 10:17:24,540 [INFO] [MainProcess] [Morphism] [Librosa] [Extraction] 全ステムの Librosa 特徴量抽出を完了いたしましたわ (経過: 143.9894s)
2026-06-29 10:17:24,540 [INFO] [MainProcess] [Endomorphism] [Post-processing] [SNR-Overwrite] ステム相対エネルギー比率(SNR)の上書きを完了いたしましたわ (経過: 0.0000s)
2026-06-29 10:17:24,540 [INFO] [MainProcess] [Morphism] [Essentia] [ONNX-Inference] Essentia (EffNet) 分類器17基による推論を開始しますわ
2026-06-29 10:17:24,785 [INFO] [MainProcess] [Morphism] [Essentia] [ONNX-Inference] Essentia 分類推論を完了いたしましたわ (経過: 0.2446s)
2026-06-29 10:17:24,785 [INFO] [Direct-Process] ステム特徴量抽出完了 (経過: 175.8164s)
2026-06-29 10:17:24,832 [INFO] [Direct-Process] DB 登録(UPSERT)完了 (経過: 0.0456s)
2026-06-29 10:17:25,908 [INFO] [Direct-Process] デコード完了 (経過: 0.8573s, length: 17551800 samples)
2026-06-29 10:17:25,973 [INFO] [HTDemucs ONNX Memory] 推論処理を開始しますわ... (ONNX_LOCK 同期)
2026-06-29 10:17:51,473 [INFO] [HTDemucs ONNX Memory] 分離完了いたしましたわ！ 整合化を開始しますの。
2026-06-29 10:17:51,699 [INFO] [Direct-Process] Demucs 波形分離完了 (経過: 25.7906s)
2026-06-29 10:18:17,602 [INFO] [MainProcess] [Endomorphism] [DSP] [Pre-warming] 全ステム7本の遅延キャッシュ事前計算を完了いたしましたわ (経過: 25.8999s)
2026-06-29 10:18:17,603 [INFO] [MainProcess] [Morphism] [Librosa] [Extraction] Librosa による特徴量抽出(ThreadPool=8)を開始しますわ
2026-06-29 10:20:27,886 [INFO] [MainProcess] [Morphism] [Librosa] [Extraction] 全ステムの Librosa 特徴量抽出を完了いたしましたわ (経過: 130.2829s)
2026-06-29 10:20:27,886 [INFO] [MainProcess] [Endomorphism] [Post-processing] [SNR-Overwrite] ステム相対エネルギー比率(SNR)の上書きを完了いたしましたわ (経過: 0.0000s)
2026-06-29 10:20:27,886 [INFO] [MainProcess] [Morphism] [Essentia] [ONNX-Inference] Essentia (EffNet) 分類器17基による推論を開始しますわ
2026-06-29 10:20:28,096 [INFO] [MainProcess] [Morphism] [Essentia] [ONNX-Inference] Essentia 分類推論を完了いたしましたわ (経過: 0.2098s)
2026-06-29 10:20:28,096 [INFO] [Direct-Process] ステム特徴量抽出完了 (経過: 156.3939s)
2026-06-29 10:20:28,141 [INFO] [Direct-Process] DB 登録(UPSERT)完了 (経過: 0.0433s)
2026-06-29 10:20:29,019 [INFO] [Direct-Process] デコード完了 (経過: 0.5818s, length: 13240584 samples)
2026-06-29 10:20:29,070 [INFO] [HTDemucs ONNX Memory] 推論処理を開始しますわ... (ONNX_LOCK 同期)
2026-06-29 10:20:47,992 [INFO] [HTDemucs ONNX Memory] 分離完了いたしましたわ！ 整合化を開始しますの。
2026-06-29 10:20:48,177 [INFO] [Direct-Process] Demucs 波形分離完了 (経過: 19.1577s)
2026-06-29 10:21:07,693 [INFO] [MainProcess] [Endomorphism] [DSP] [Pre-warming] 全ステム7本の遅延キャッシュ事前計算を完了いたしましたわ (経過: 19.5115s)
2026-06-29 10:21:07,693 [INFO] [MainProcess] [Morphism] [Librosa] [Extraction] Librosa による特徴量抽出(ThreadPool=8)を開始しますわ
2026-06-29 10:22:37,868 [INFO] [MainProcess] [Morphism] [Librosa] [Extraction] 全ステムの Librosa 特徴量抽出を完了いたしましたわ (経過: 90.1746s)
2026-06-29 10:22:37,868 [INFO] [MainProcess] [Endomorphism] [Post-processing] [SNR-Overwrite] ステム相対エネルギー比率(SNR)の上書きを完了いたしましたわ (経過: 0.0000s)
2026-06-29 10:22:37,868 [INFO] [MainProcess] [Morphism] [Essentia] [ONNX-Inference] Essentia (EffNet) 分類器17基による推論を開始しますわ
2026-06-29 10:22:38,037 [INFO] [MainProcess] [Morphism] [Essentia] [ONNX-Inference] Essentia 分類推論を完了いたしましたわ (経過: 0.1691s)
2026-06-29 10:22:38,038 [INFO] [Direct-Process] ステム特徴量抽出完了 (経過: 109.8568s)
2026-06-29 10:22:38,082 [INFO] [Direct-Process] DB 登録(UPSERT)完了 (経過: 0.0421s)
2026-06-29 10:22:39,032 [INFO] [Direct-Process] デコード完了 (経過: 0.7230s, length: 18166848 samples)
2026-06-29 10:22:39,100 [INFO] [HTDemucs ONNX Memory] 推論処理を開始しますわ... (ONNX_LOCK 同期)
2026-06-29 10:23:04,850 [INFO] [HTDemucs ONNX Memory] 分離完了いたしましたわ！ 整合化を開始しますの。
2026-06-29 10:23:05,089 [INFO] [Direct-Process] Demucs 波形分離完了 (経過: 26.0562s)
2026-06-29 10:23:31,662 [INFO] [MainProcess] [Endomorphism] [DSP] [Pre-warming] 全ステム7本の遅延キャッシュ事前計算を完了いたしましたわ (経過: 26.5699s)
2026-06-29 10:23:31,663 [INFO] [MainProcess] [Morphism] [Librosa] [Extraction] Librosa による特徴量抽出(ThreadPool=8)を開始しますわ
2026-06-29 10:25:42,903 [INFO] [MainProcess] [Morphism] [Librosa] [Extraction] 全ステムの Librosa 特徴量抽出を完了いたしましたわ (経過: 131.2403s)
2026-06-29 10:25:42,903 [INFO] [MainProcess] [Endomorphism] [Post-processing] [SNR-Overwrite] ステム相対エネルギー比率(SNR)の上書きを完了いたしましたわ (経過: 0.0000s)
2026-06-29 10:25:42,903 [INFO] [MainProcess] [Morphism] [Essentia] [ONNX-Inference] Essentia (EffNet) 分類器17基による推論を開始しますわ
2026-06-29 10:25:43,121 [INFO] [MainProcess] [Morphism] [Essentia] [ONNX-Inference] Essentia 分類推論を完了いたしましたわ (経過: 0.2172s)
2026-06-29 10:25:43,121 [INFO] [Direct-Process] ステム特徴量抽出完了 (経過: 158.0288s)
2026-06-29 10:25:43,170 [INFO] [Direct-Process] DB 登録(UPSERT)完了 (経過: 0.0469s)
2026-06-29 10:25:50,666 [INFO] [Timestamp Inheritance] Windows ctypesを用いてタイムスタンプを完全継承しましたわ！ (target: 削除[2017]Language.flac)
2026-06-29 10:25:50,666 [INFO] [Direct-Process] OK: M:\Music\album\EDM\classical\削除[2017]Language.flac
2026-06-29 10:25:50,724 [INFO] OK: 削除[2017]Language.flac (8 トラック処理完了, 0 トラック既処理スキップ)
2026-06-29 10:25:51,677 [INFO] ONNX使用可能演算器: ['TensorrtExecutionProvider', 'CUDAExecutionProvider', 'CPUExecutionProvider']
2026-06-29 10:25:51,678 [INFO] 直列実行用ロード     : ['CUDAExecutionProvider', 'CPUExecutionProvider']
2026-06-29 10:25:51,957 [INFO] ONNXセッション直列化ロード完了！ (分類器数: 17)
2026-06-29 10:25:51,958 [INFO] [WorkerONNX] Consumer 内 ONNX 直列セッション初期化完了！（分類器数: 17)
2026-06-29 10:25:51,970 [INFO] [Direct-Process] 解析開始: 削除[2018]Context.flac
2026-06-29 10:25:52,250 [INFO] 波形分離モデル (GLOBAL_DEMUCS) をロードしますわ... (use_dml=False)
2026-06-29 10:25:52,251 [INFO] HTDemucsSeparator 初期化: model=htdemucs_6s, precision=fp16weights, providers=['CUDAExecutionProvider', 'CPUExecutionProvider']
2026-06-29 10:26:07,601 [INFO] HTDemucs ONNX 実機モデルロードに成功いたしましたわ！
2026-06-29 10:26:08,116 [INFO] [Direct-Process] デコード完了 (経過: 0.5150s, length: 11807040 samples)
2026-06-29 10:26:08,162 [INFO] [HTDemucs ONNX Memory] 推論処理を開始しますわ... (ONNX_LOCK 同期)
2026-06-29 10:26:24,757 [INFO] [HTDemucs ONNX Memory] 分離完了いたしましたわ！ 整合化を開始しますの。
2026-06-29 10:26:24,906 [INFO] [Direct-Process] Demucs 波形分離完了 (経過: 16.7895s)
2026-06-29 10:26:45,596 [INFO] [MainProcess] [Endomorphism] [DSP] [Pre-warming] 全ステム7本の遅延キャッシュ事前計算を完了いたしましたわ (経過: 20.6874s)
2026-06-29 10:26:45,596 [INFO] [MainProcess] [Morphism] [Librosa] [Extraction] Librosa による特徴量抽出(ThreadPool=8)を開始しますわ
2026-06-29 10:28:08,079 [INFO] [MainProcess] [Morphism] [Librosa] [Extraction] 全ステムの Librosa 特徴量抽出を完了いたしましたわ (経過: 82.4834s)
2026-06-29 10:28:08,080 [INFO] [MainProcess] [Endomorphism] [Post-processing] [SNR-Overwrite] ステム相対エネルギー比率(SNR)の上書きを完了いたしましたわ (経過: 0.0000s)
2026-06-29 10:28:08,080 [INFO] [MainProcess] [Morphism] [Essentia] [ONNX-Inference] Essentia (EffNet) 分類器17基による推論を開始しますわ
2026-06-29 10:28:08,463 [INFO] [MainProcess] [Morphism] [Essentia] [ONNX-Inference] Essentia 分類推論を完了いたしましたわ (経過: 0.3835s)
2026-06-29 10:28:08,464 [INFO] [Direct-Process] ステム特徴量抽出完了 (経過: 103.5556s)
2026-06-29 10:28:08,512 [INFO] [Direct-Process] DB 登録(UPSERT)完了 (経過: 0.0465s)
2026-06-29 10:28:09,015 [INFO] [Direct-Process] デコード完了 (経過: 0.3619s, length: 9630264 samples)
2026-06-29 10:28:09,053 [INFO] [HTDemucs ONNX Memory] 推論処理を開始しますわ... (ONNX_LOCK 同期)
2026-06-29 10:28:22,686 [INFO] [HTDemucs ONNX Memory] 分離完了いたしましたわ！ 整合化を開始しますの。
2026-06-29 10:28:22,812 [INFO] [Direct-Process] Demucs 波形分離完了 (経過: 13.7961s)
2026-06-29 10:28:36,901 [INFO] [MainProcess] [Endomorphism] [DSP] [Pre-warming] 全ステム7本の遅延キャッシュ事前計算を完了いたしましたわ (経過: 14.0867s)
2026-06-29 10:28:36,901 [INFO] [MainProcess] [Morphism] [Librosa] [Extraction] Librosa による特徴量抽出(ThreadPool=8)を開始しますわ
2026-06-29 10:29:41,973 [INFO] [MainProcess] [Morphism] [Librosa] [Extraction] 全ステムの Librosa 特徴量抽出を完了いたしましたわ (経過: 65.0717s)
2026-06-29 10:29:41,973 [INFO] [MainProcess] [Endomorphism] [Post-processing] [SNR-Overwrite] ステム相対エネルギー比率(SNR)の上書きを完了いたしましたわ (経過: 0.0000s)
2026-06-29 10:29:41,973 [INFO] [MainProcess] [Morphism] [Essentia] [ONNX-Inference] Essentia (EffNet) 分類器17基による推論を開始しますわ
2026-06-29 10:29:42,101 [INFO] [MainProcess] [Morphism] [Essentia] [ONNX-Inference] Essentia 分類推論を完了いたしましたわ (経過: 0.1282s)
2026-06-29 10:29:42,102 [INFO] [Direct-Process] ステム特徴量抽出完了 (経過: 79.2880s)
2026-06-29 10:29:49,267 [INFO] [Direct-Process] DB 登録(UPSERT)完了 (経過: 7.1632s)
2026-06-29 10:29:49,748 [INFO] [Direct-Process] デコード完了 (経過: 0.3592s, length: 9152220 samples)
2026-06-29 10:29:49,783 [INFO] [HTDemucs ONNX Memory] 推論処理を開始しますわ... (ONNX_LOCK 同期)
2026-06-29 10:30:03,273 [INFO] [HTDemucs ONNX Memory] 分離完了いたしましたわ！ 整合化を開始しますの。
2026-06-29 10:30:03,394 [INFO] [Direct-Process] Demucs 波形分離完了 (経過: 13.6452s)
2026-06-29 10:30:16,888 [INFO] [MainProcess] [Endomorphism] [DSP] [Pre-warming] 全ステム7本の遅延キャッシュ事前計算を完了いたしましたわ (経過: 13.4925s)
2026-06-29 10:30:16,889 [INFO] [MainProcess] [Morphism] [Librosa] [Extraction] Librosa による特徴量抽出(ThreadPool=8)を開始しますわ
2026-06-29 10:31:15,556 [INFO] [MainProcess] [Morphism] [Librosa] [Extraction] 全ステムの Librosa 特徴量抽出を完了いたしましたわ (経過: 58.6677s)
2026-06-29 10:31:15,557 [INFO] [MainProcess] [Endomorphism] [Post-processing] [SNR-Overwrite] ステム相対エネルギー比率(SNR)の上書きを完了いたしましたわ (経過: 0.0000s)
2026-06-29 10:31:15,557 [INFO] [MainProcess] [Morphism] [Essentia] [ONNX-Inference] Essentia (EffNet) 分類器17基による推論を開始しますわ
2026-06-29 10:31:15,679 [INFO] [MainProcess] [Morphism] [Essentia] [ONNX-Inference] Essentia 分類推論を完了いたしましたわ (経過: 0.1222s)
2026-06-29 10:31:15,679 [INFO] [Direct-Process] ステム特徴量抽出完了 (経過: 72.2837s)
2026-06-29 10:31:15,726 [INFO] [Direct-Process] DB 登録(UPSERT)完了 (経過: 0.0441s)
2026-06-29 10:31:16,366 [INFO] [Direct-Process] デコード完了 (経過: 0.5154s, length: 12120444 samples)
2026-06-29 10:31:16,410 [INFO] [HTDemucs ONNX Memory] 推論処理を開始しますわ... (ONNX_LOCK 同期)
2026-06-29 10:31:33,466 [INFO] [HTDemucs ONNX Memory] 分離完了いたしましたわ！ 整合化を開始しますの。
2026-06-29 10:31:33,620 [INFO] [Direct-Process] Demucs 波形分離完了 (経過: 17.2530s)
2026-06-29 10:31:51,548 [INFO] [MainProcess] [Endomorphism] [DSP] [Pre-warming] 全ステム7本の遅延キャッシュ事前計算を完了いたしましたわ (経過: 17.9254s)
2026-06-29 10:31:51,548 [INFO] [MainProcess] [Morphism] [Librosa] [Extraction] Librosa による特徴量抽出(ThreadPool=8)を開始しますわ
2026-06-29 10:33:10,024 [INFO] [MainProcess] [Morphism] [Librosa] [Extraction] 全ステムの Librosa 特徴量抽出を完了いたしましたわ (経過: 78.4755s)
2026-06-29 10:33:10,024 [INFO] [MainProcess] [Endomorphism] [Post-processing] [SNR-Overwrite] ステム相対エネルギー比率(SNR)の上書きを完了いたしましたわ (経過: 0.0000s)
2026-06-29 10:33:10,024 [INFO] [MainProcess] [Morphism] [Essentia] [ONNX-Inference] Essentia (EffNet) 分類器17基による推論を開始しますわ
2026-06-29 10:33:10,181 [INFO] [MainProcess] [Morphism] [Essentia] [ONNX-Inference] Essentia 分類推論を完了いたしましたわ (経過: 0.1568s)
2026-06-29 10:33:10,181 [INFO] [Direct-Process] ステム特徴量抽出完了 (経過: 96.5591s)
2026-06-29 10:33:10,223 [INFO] [Direct-Process] DB 登録(UPSERT)完了 (経過: 0.0403s)
2026-06-29 10:33:10,819 [INFO] [Direct-Process] デコード完了 (経過: 0.4584s, length: 12302136 samples)
2026-06-29 10:33:10,863 [INFO] [HTDemucs ONNX Memory] 推論処理を開始しますわ... (ONNX_LOCK 同期)
2026-06-29 10:33:28,751 [INFO] [HTDemucs ONNX Memory] 分離完了いたしましたわ！ 整合化を開始しますの。
2026-06-29 10:33:28,907 [INFO] [Direct-Process] Demucs 波形分離完了 (経過: 18.0883s)
2026-06-29 10:33:46,887 [INFO] [MainProcess] [Endomorphism] [DSP] [Pre-warming] 全ステム7本の遅延キャッシュ事前計算を完了いたしましたわ (経過: 17.9766s)
2026-06-29 10:33:46,887 [INFO] [MainProcess] [Morphism] [Librosa] [Extraction] Librosa による特徴量抽出(ThreadPool=8)を開始しますわ
2026-06-29 10:35:07,986 [INFO] [MainProcess] [Morphism] [Librosa] [Extraction] 全ステムの Librosa 特徴量抽出を完了いたしましたわ (経過: 81.0993s)
2026-06-29 10:35:07,986 [INFO] [MainProcess] [Endomorphism] [Post-processing] [SNR-Overwrite] ステム相対エネルギー比率(SNR)の上書きを完了いたしましたわ (経過: 0.0000s)
2026-06-29 10:35:07,987 [INFO] [MainProcess] [Morphism] [Essentia] [ONNX-Inference] Essentia (EffNet) 分類器17基による推論を開始しますわ
2026-06-29 10:35:08,141 [INFO] [MainProcess] [Morphism] [Essentia] [ONNX-Inference] Essentia 分類推論を完了いたしましたわ (経過: 0.1544s)
2026-06-29 10:35:08,142 [INFO] [Direct-Process] ステム特徴量抽出完了 (経過: 99.2324s)
2026-06-29 10:35:08,190 [INFO] [Direct-Process] DB 登録(UPSERT)完了 (経過: 0.0462s)
2026-06-29 10:35:08,834 [INFO] [Direct-Process] デコード完了 (経過: 0.5029s, length: 13112988 samples)
2026-06-29 10:35:08,886 [INFO] [HTDemucs ONNX Memory] 推論処理を開始しますわ... (ONNX_LOCK 同期)
2026-06-29 10:35:27,674 [INFO] [HTDemucs ONNX Memory] 分離完了いたしましたわ！ 整合化を開始しますの。
2026-06-29 10:35:27,839 [INFO] [Direct-Process] Demucs 波形分離完了 (経過: 19.0044s)
2026-06-29 10:35:46,952 [INFO] [MainProcess] [Endomorphism] [DSP] [Pre-warming] 全ステム7本の遅延キャッシュ事前計算を完了いたしましたわ (経過: 19.1102s)
2026-06-29 10:35:46,953 [INFO] [MainProcess] [Morphism] [Librosa] [Extraction] Librosa による特徴量抽出(ThreadPool=8)を開始しますわ
2026-06-29 10:37:10,877 [INFO] [MainProcess] [Morphism] [Librosa] [Extraction] 全ステムの Librosa 特徴量抽出を完了いたしましたわ (経過: 83.9245s)
2026-06-29 10:37:10,877 [INFO] [MainProcess] [Endomorphism] [Post-processing] [SNR-Overwrite] ステム相対エネルギー比率(SNR)の上書きを完了いたしましたわ (経過: 0.0000s)
2026-06-29 10:37:10,878 [INFO] [MainProcess] [Morphism] [Essentia] [ONNX-Inference] Essentia (EffNet) 分類器17基による推論を開始しますわ
2026-06-29 10:37:11,037 [INFO] [MainProcess] [Morphism] [Essentia] [ONNX-Inference] Essentia 分類推論を完了いたしましたわ (経過: 0.1595s)
2026-06-29 10:37:11,037 [INFO] [Direct-Process] ステム特徴量抽出完了 (経過: 103.1954s)
2026-06-29 10:37:11,084 [INFO] [Direct-Process] DB 登録(UPSERT)完了 (経過: 0.0444s)
2026-06-29 10:37:12,340 [INFO] [Direct-Process] デコード完了 (経過: 1.0375s, length: 33520116 samples)
2026-06-29 10:37:12,455 [INFO] [HTDemucs ONNX Memory] 推論処理を開始しますわ... (ONNX_LOCK 同期)
2026-06-29 10:37:59,992 [INFO] [HTDemucs ONNX Memory] 分離完了いたしましたわ！ 整合化を開始しますの。
2026-06-29 10:38:00,432 [INFO] [Direct-Process] Demucs 波形分離完了 (経過: 48.0918s)
2026-06-29 10:38:50,276 [INFO] [MainProcess] [Endomorphism] [DSP] [Pre-warming] 全ステム7本の遅延キャッシュ事前計算を完了いたしましたわ (経過: 49.8378s)
2026-06-29 10:38:50,276 [INFO] [MainProcess] [Morphism] [Librosa] [Extraction] Librosa による特徴量抽出(ThreadPool=8)を開始しますわ
2026-06-29 10:42:24,164 [INFO] [MainProcess] [Morphism] [Librosa] [Extraction] 全ステムの Librosa 特徴量抽出を完了いたしましたわ (経過: 213.8882s)
2026-06-29 10:42:24,165 [INFO] [MainProcess] [Endomorphism] [Post-processing] [SNR-Overwrite] ステム相対エネルギー比率(SNR)の上書きを完了いたしましたわ (経過: 0.0000s)
2026-06-29 10:42:24,165 [INFO] [MainProcess] [Morphism] [Essentia] [ONNX-Inference] Essentia (EffNet) 分類器17基による推論を開始しますわ
2026-06-29 10:42:24,523 [INFO] [MainProcess] [Morphism] [Essentia] [ONNX-Inference] Essentia 分類推論を完了いたしましたわ (経過: 0.3587s)
2026-06-29 10:42:24,524 [INFO] [Direct-Process] ステム特徴量抽出完了 (経過: 264.0859s)
2026-06-29 10:42:24,565 [INFO] [Direct-Process] DB 登録(UPSERT)完了 (経過: 0.0395s)
2026-06-29 10:42:25,188 [INFO] [Direct-Process] デコード完了 (経過: 0.3330s, length: 7087752 samples)
2026-06-29 10:42:25,237 [INFO] [HTDemucs ONNX Memory] 推論処理を開始しますわ... (ONNX_LOCK 同期)
2026-06-29 10:42:35,582 [INFO] [HTDemucs ONNX Memory] 分離完了いたしましたわ！ 整合化を開始しますの。
2026-06-29 10:42:35,671 [INFO] [Direct-Process] Demucs 波形分離完了 (経過: 10.4823s)
2026-06-29 10:42:45,953 [INFO] [MainProcess] [Endomorphism] [DSP] [Pre-warming] 全ステム7本の遅延キャッシュ事前計算を完了いたしましたわ (経過: 10.2799s)
2026-06-29 10:42:45,953 [INFO] [MainProcess] [Morphism] [Librosa] [Extraction] Librosa による特徴量抽出(ThreadPool=8)を開始しますわ
2026-06-29 10:43:37,915 [INFO] [MainProcess] [Morphism] [Librosa] [Extraction] 全ステムの Librosa 特徴量抽出を完了いたしましたわ (経過: 51.9617s)
2026-06-29 10:43:37,915 [INFO] [MainProcess] [Endomorphism] [Post-processing] [SNR-Overwrite] ステム相対エネルギー比率(SNR)の上書きを完了いたしましたわ (経過: 0.0000s)
2026-06-29 10:43:37,915 [INFO] [MainProcess] [Morphism] [Essentia] [ONNX-Inference] Essentia (EffNet) 分類器17基による推論を開始しますわ
2026-06-29 10:43:38,014 [INFO] [MainProcess] [Morphism] [Essentia] [ONNX-Inference] Essentia 分類推論を完了いたしましたわ (経過: 0.0986s)
2026-06-29 10:43:38,014 [INFO] [Direct-Process] ステム特徴量抽出完了 (経過: 62.3416s)
2026-06-29 10:43:38,056 [INFO] [Direct-Process] DB 登録(UPSERT)完了 (経過: 0.0398s)
2026-06-29 10:43:38,510 [INFO] [Direct-Process] デコード完了 (経過: 0.3328s, length: 6964860 samples)
2026-06-29 10:43:38,537 [INFO] [HTDemucs ONNX Memory] 推論処理を開始しますわ... (ONNX_LOCK 同期)
2026-06-29 10:43:48,462 [INFO] [HTDemucs ONNX Memory] 分離完了いたしましたわ！ 整合化を開始しますの。
2026-06-29 10:43:48,551 [INFO] [Direct-Process] Demucs 波形分離完了 (経過: 10.0404s)
2026-06-29 10:43:58,867 [INFO] [MainProcess] [Endomorphism] [DSP] [Pre-warming] 全ステム7本の遅延キャッシュ事前計算を完了いたしましたわ (経過: 10.3138s)
2026-06-29 10:43:58,867 [INFO] [MainProcess] [Morphism] [Librosa] [Extraction] Librosa による特徴量抽出(ThreadPool=8)を開始しますわ
2026-06-29 10:44:49,579 [INFO] [MainProcess] [Morphism] [Librosa] [Extraction] 全ステムの Librosa 特徴量抽出を完了いたしましたわ (経過: 50.7118s)
2026-06-29 10:44:49,579 [INFO] [MainProcess] [Endomorphism] [Post-processing] [SNR-Overwrite] ステム相対エネルギー比率(SNR)の上書きを完了いたしましたわ (経過: 0.0000s)
2026-06-29 10:44:49,579 [INFO] [MainProcess] [Morphism] [Essentia] [ONNX-Inference] Essentia (EffNet) 分類器17基による推論を開始しますわ
2026-06-29 10:44:49,682 [INFO] [MainProcess] [Morphism] [Essentia] [ONNX-Inference] Essentia 分類推論を完了いたしましたわ (経過: 0.1022s)
2026-06-29 10:44:49,682 [INFO] [Direct-Process] ステム特徴量抽出完了 (経過: 61.1290s)
2026-06-29 10:44:49,730 [INFO] [Direct-Process] DB 登録(UPSERT)完了 (経過: 0.0458s)
2026-06-29 10:44:50,156 [INFO] [Direct-Process] デコード完了 (経過: 0.3169s, length: 7474068 samples)
2026-06-29 10:44:50,205 [INFO] [HTDemucs ONNX Memory] 推論処理を開始しますわ... (ONNX_LOCK 同期)
2026-06-29 10:45:00,192 [INFO] [HTDemucs ONNX Memory] 分離完了いたしましたわ！ 整合化を開始しますの。
2026-06-29 10:45:00,289 [INFO] [Direct-Process] Demucs 波形分離完了 (経過: 10.1332s)
2026-06-29 10:45:11,363 [INFO] [MainProcess] [Endomorphism] [DSP] [Pre-warming] 全ステム7本の遅延キャッシュ事前計算を完了いたしましたわ (経過: 11.0710s)
2026-06-29 10:45:11,363 [INFO] [MainProcess] [Morphism] [Librosa] [Extraction] Librosa による特徴量抽出(ThreadPool=8)を開始しますわ
2026-06-29 10:45:58,271 [INFO] [MainProcess] [Morphism] [Librosa] [Extraction] 全ステムの Librosa 特徴量抽出を完了いたしましたわ (経過: 46.9079s)
2026-06-29 10:45:58,271 [INFO] [MainProcess] [Endomorphism] [Post-processing] [SNR-Overwrite] ステム相対エネルギー比率(SNR)の上書きを完了いたしましたわ (経過: 0.0000s)
2026-06-29 10:45:58,271 [INFO] [MainProcess] [Morphism] [Essentia] [ONNX-Inference] Essentia (EffNet) 分類器17基による推論を開始しますわ
2026-06-29 10:45:58,377 [INFO] [MainProcess] [Morphism] [Essentia] [ONNX-Inference] Essentia 分類推論を完了いたしましたわ (経過: 0.1059s)
2026-06-29 10:45:58,378 [INFO] [Direct-Process] ステム特徴量抽出完了 (経過: 58.0862s)
2026-06-29 10:45:58,425 [INFO] [Direct-Process] DB 登録(UPSERT)完了 (経過: 0.0459s)
2026-06-29 10:46:02,750 [INFO] [Timestamp Inheritance] Windows ctypesを用いてタイムスタンプを完全継承しましたわ！ (target: 削除[2018]Context.flac)
2026-06-29 10:46:02,751 [INFO] [Direct-Process] OK: M:\Music\album\EDM\classical\削除[2018]Context.flac
2026-06-29 10:46:02,812 [INFO] OK: 削除[2018]Context.flac (10 トラック処理完了, 0 トラック既処理スキップ)
2026-06-29 10:46:03,759 [INFO] ONNX使用可能演算器: ['TensorrtExecutionProvider', 'CUDAExecutionProvider', 'CPUExecutionProvider']
2026-06-29 10:46:03,760 [INFO] 直列実行用ロード     : ['CUDAExecutionProvider', 'CPUExecutionProvider']
2026-06-29 10:46:04,013 [INFO] ONNXセッション直列化ロード完了！ (分類器数: 17)
2026-06-29 10:46:04,013 [INFO] [WorkerONNX] Consumer 内 ONNX 直列セッション初期化完了！（分類器数: 17)
2026-06-29 10:46:04,026 [INFO] [Direct-Process] 解析開始: 削除[2019]Archive- 01.flac
2026-06-29 10:46:04,119 [INFO] 波形分離モデル (GLOBAL_DEMUCS) をロードしますわ... (use_dml=False)
2026-06-29 10:46:04,119 [INFO] HTDemucsSeparator 初期化: model=htdemucs_6s, precision=fp16weights, providers=['CUDAExecutionProvider', 'CPUExecutionProvider']
2026-06-29 10:46:19,719 [INFO] HTDemucs ONNX 実機モデルロードに成功いたしましたわ！
2026-06-29 10:46:20,572 [INFO] [Direct-Process] デコード完了 (経過: 0.8527s, length: 19028856 samples)
2026-06-29 10:46:20,640 [INFO] [HTDemucs ONNX Memory] 推論処理を開始しますわ... (ONNX_LOCK 同期)
2026-06-29 10:46:47,620 [INFO] [HTDemucs ONNX Memory] 分離完了いたしましたわ！ 整合化を開始しますの。
2026-06-29 10:46:47,858 [INFO] [Direct-Process] Demucs 波形分離完了 (経過: 27.2853s)
2026-06-29 10:47:19,306 [INFO] [MainProcess] [Endomorphism] [DSP] [Pre-warming] 全ステム7本の遅延キャッシュ事前計算を完了いたしましたわ (経過: 31.4441s)
2026-06-29 10:47:19,307 [INFO] [MainProcess] [Morphism] [Librosa] [Extraction] Librosa による特徴量抽出(ThreadPool=8)を開始しますわ
2026-06-29 10:49:26,372 [INFO] [MainProcess] [Morphism] [Librosa] [Extraction] 全ステムの Librosa 特徴量抽出を完了いたしましたわ (経過: 127.0647s)
2026-06-29 10:49:26,372 [INFO] [MainProcess] [Endomorphism] [Post-processing] [SNR-Overwrite] ステム相対エネルギー比率(SNR)の上書きを完了いたしましたわ (経過: 0.0000s)
2026-06-29 10:49:26,372 [INFO] [MainProcess] [Morphism] [Essentia] [ONNX-Inference] Essentia (EffNet) 分類器17基による推論を開始しますわ
2026-06-29 10:49:26,834 [INFO] [MainProcess] [Morphism] [Essentia] [ONNX-Inference] Essentia 分類推論を完了いたしましたわ (経過: 0.4618s)
2026-06-29 10:49:26,834 [INFO] [Direct-Process] ステム特徴量抽出完了 (経過: 158.9722s)
2026-06-29 10:49:26,877 [INFO] [Direct-Process] DB 登録(UPSERT)完了 (経過: 0.0412s)
2026-06-29 10:49:28,156 [INFO] [Direct-Process] デコード完了 (経過: 1.0763s, length: 22685040 samples)
2026-06-29 10:49:28,256 [INFO] [HTDemucs ONNX Memory] 推論処理を開始しますわ... (ONNX_LOCK 同期)
2026-06-29 10:50:00,118 [INFO] [HTDemucs ONNX Memory] 分離完了いたしましたわ！ 整合化を開始しますの。
2026-06-29 10:50:00,401 [INFO] [Direct-Process] Demucs 波形分離完了 (経過: 32.2443s)
2026-06-29 10:50:33,904 [INFO] [MainProcess] [Endomorphism] [DSP] [Pre-warming] 全ステム7本の遅延キャッシュ事前計算を完了いたしましたわ (経過: 33.4987s)
2026-06-29 10:50:33,905 [INFO] [MainProcess] [Morphism] [Librosa] [Extraction] Librosa による特徴量抽出(ThreadPool=8)を開始しますわ
2026-06-29 10:53:05,089 [INFO] [MainProcess] [Morphism] [Librosa] [Extraction] 全ステムの Librosa 特徴量抽出を完了いたしましたわ (経過: 151.1838s)
2026-06-29 10:53:05,089 [INFO] [MainProcess] [Endomorphism] [Post-processing] [SNR-Overwrite] ステム相対エネルギー比率(SNR)の上書きを完了いたしましたわ (経過: 0.0000s)
2026-06-29 10:53:05,089 [INFO] [MainProcess] [Morphism] [Essentia] [ONNX-Inference] Essentia (EffNet) 分類器17基による推論を開始しますわ
2026-06-29 10:53:05,341 [INFO] [MainProcess] [Morphism] [Essentia] [ONNX-Inference] Essentia 分類推論を完了いたしましたわ (経過: 0.2520s)
2026-06-29 10:53:05,342 [INFO] [Direct-Process] ステム特徴量抽出完了 (経過: 184.9360s)
2026-06-29 10:53:05,387 [INFO] [Direct-Process] DB 登録(UPSERT)完了 (経過: 0.0440s)
2026-06-29 10:53:06,959 [INFO] [Direct-Process] デコード完了 (経過: 1.3613s, length: 38014200 samples)
2026-06-29 10:53:07,100 [INFO] [HTDemucs ONNX Memory] 推論処理を開始しますわ... (ONNX_LOCK 同期)
2026-06-29 10:54:00,905 [INFO] [HTDemucs ONNX Memory] 分離完了いたしましたわ！ 整合化を開始しますの。
2026-06-29 10:54:01,410 [INFO] [Direct-Process] Demucs 波形分離完了 (経過: 54.4510s)
2026-06-29 10:54:58,336 [INFO] [MainProcess] [Endomorphism] [DSP] [Pre-warming] 全ステム7本の遅延キャッシュ事前計算を完了いたしましたわ (経過: 56.9183s)
2026-06-29 10:54:58,336 [INFO] [MainProcess] [Morphism] [Librosa] [Extraction] Librosa による特徴量抽出(ThreadPool=8)を開始しますわ
2026-06-29 10:59:27,432 [INFO] [MainProcess] [Morphism] [Librosa] [Extraction] 全ステムの Librosa 特徴量抽出を完了いたしましたわ (経過: 269.0954s)
2026-06-29 10:59:27,432 [INFO] [MainProcess] [Endomorphism] [Post-processing] [SNR-Overwrite] ステム相対エネルギー比率(SNR)の上書きを完了いたしましたわ (経過: 0.0000s)
2026-06-29 10:59:27,432 [INFO] [MainProcess] [Morphism] [Essentia] [ONNX-Inference] Essentia (EffNet) 分類器17基による推論を開始しますわ
2026-06-29 10:59:27,837 [INFO] [MainProcess] [Morphism] [Essentia] [ONNX-Inference] Essentia 分類推論を完了いたしましたわ (経過: 0.4053s)
2026-06-29 10:59:27,838 [INFO] [Direct-Process] ステム特徴量抽出完了 (経過: 326.4204s)
2026-06-29 10:59:27,878 [INFO] [Direct-Process] DB 登録(UPSERT)完了 (経過: 0.0394s)
2026-06-29 10:59:31,411 [INFO] [Timestamp Inheritance] Windows ctypesを用いてタイムスタンプを完全継承しましたわ！ (target: 削除[2019]Archive- 01.flac)
2026-06-29 10:59:31,411 [INFO] [Direct-Process] OK: M:\Music\album\EDM\classical\削除[2019]Archive- 01.flac
2026-06-29 10:59:31,471 [INFO] OK: 削除[2019]Archive- 01.flac (3 トラック処理完了, 0 トラック既処理スキップ)
2026-06-29 10:59:32,403 [INFO] ONNX使用可能演算器: ['TensorrtExecutionProvider', 'CUDAExecutionProvider', 'CPUExecutionProvider']
2026-06-29 10:59:32,404 [INFO] 直列実行用ロード     : ['CUDAExecutionProvider', 'CPUExecutionProvider']
2026-06-29 10:59:32,655 [INFO] ONNXセッション直列化ロード完了！ (分類器数: 17)
2026-06-29 10:59:32,656 [INFO] [WorkerONNX] Consumer 内 ONNX 直列セッション初期化完了！（分類器数: 17)
2026-06-29 10:59:32,667 [INFO] [Direct-Process] 解析開始: 削除[2019]Archive- 02.flac
2026-06-29 10:59:32,765 [INFO] 波形分離モデル (GLOBAL_DEMUCS) をロードしますわ... (use_dml=False)
2026-06-29 10:59:32,765 [INFO] HTDemucsSeparator 初期化: model=htdemucs_6s, precision=fp16weights, providers=['CUDAExecutionProvider', 'CPUExecutionProvider']
2026-06-29 10:59:48,090 [INFO] HTDemucs ONNX 実機モデルロードに成功いたしましたわ！
2026-06-29 10:59:49,175 [INFO] [Direct-Process] デコード完了 (経過: 1.0844s, length: 27904128 samples)
2026-06-29 10:59:49,272 [INFO] [HTDemucs ONNX Memory] 推論処理を開始しますわ... (ONNX_LOCK 同期)
2026-06-29 11:00:29,468 [INFO] [HTDemucs ONNX Memory] 分離完了いたしましたわ！ 整合化を開始しますの。
2026-06-29 11:00:29,818 [INFO] [Direct-Process] Demucs 波形分離完了 (経過: 40.6428s)
2026-06-29 11:01:14,677 [INFO] [MainProcess] [Endomorphism] [DSP] [Pre-warming] 全ステム7本の遅延キャッシュ事前計算を完了いたしましたわ (経過: 44.8534s)
2026-06-29 11:01:14,677 [INFO] [MainProcess] [Morphism] [Librosa] [Extraction] Librosa による特徴量抽出(ThreadPool=8)を開始しますわ
2026-06-29 11:04:23,935 [INFO] [MainProcess] [Morphism] [Librosa] [Extraction] 全ステムの Librosa 特徴量抽出を完了いたしましたわ (経過: 189.2575s)
2026-06-29 11:04:23,935 [INFO] [MainProcess] [Endomorphism] [Post-processing] [SNR-Overwrite] ステム相対エネルギー比率(SNR)の上書きを完了いたしましたわ (経過: 0.0000s)
2026-06-29 11:04:23,935 [INFO] [MainProcess] [Morphism] [Essentia] [ONNX-Inference] Essentia (EffNet) 分類器17基による推論を開始しますわ
2026-06-29 11:04:24,497 [INFO] [MainProcess] [Morphism] [Essentia] [ONNX-Inference] Essentia 分類推論を完了いたしましたわ (経過: 0.5620s)
2026-06-29 11:04:24,498 [INFO] [Direct-Process] ステム特徴量抽出完了 (経過: 234.6744s)
2026-06-29 11:04:24,548 [INFO] [Direct-Process] DB 登録(UPSERT)完了 (経過: 0.0492s)
2026-06-29 11:04:26,080 [INFO] [Direct-Process] デコード完了 (経過: 1.2699s, length: 33490128 samples)
2026-06-29 11:04:26,215 [INFO] [HTDemucs ONNX Memory] 推論処理を開始しますわ... (ONNX_LOCK 同期)
2026-06-29 11:05:13,611 [INFO] [HTDemucs ONNX Memory] 分離完了いたしましたわ！ 整合化を開始しますの。
2026-06-29 11:05:14,027 [INFO] [Direct-Process] Demucs 波形分離完了 (経過: 47.9468s)
2026-06-29 11:06:03,048 [INFO] [MainProcess] [Endomorphism] [DSP] [Pre-warming] 全ステム7本の遅延キャッシュ事前計算を完了いたしましたわ (経過: 49.0129s)
2026-06-29 11:06:03,048 [INFO] [MainProcess] [Morphism] [Librosa] [Extraction] Librosa による特徴量抽出(ThreadPool=8)を開始しますわ
2026-06-29 11:10:00,424 [INFO] [MainProcess] [Morphism] [Librosa] [Extraction] 全ステムの Librosa 特徴量抽出を完了いたしましたわ (経過: 237.3759s)
2026-06-29 11:10:00,425 [INFO] [MainProcess] [Endomorphism] [Post-processing] [SNR-Overwrite] ステム相対エネルギー比率(SNR)の上書きを完了いたしましたわ (経過: 0.0000s)
2026-06-29 11:10:00,425 [INFO] [MainProcess] [Morphism] [Essentia] [ONNX-Inference] Essentia (EffNet) 分類器17基による推論を開始しますわ
2026-06-29 11:10:00,785 [INFO] [MainProcess] [Morphism] [Essentia] [ONNX-Inference] Essentia 分類推論を完了いたしましたわ (経過: 0.3597s)
2026-06-29 11:10:00,785 [INFO] [Direct-Process] ステム特徴量抽出完了 (経過: 286.7500s)
2026-06-29 11:10:00,828 [INFO] [Direct-Process] DB 登録(UPSERT)完了 (経過: 0.0415s)
2026-06-29 11:10:02,108 [INFO] [Direct-Process] デコード完了 (経過: 0.9857s, length: 18698400 samples)
2026-06-29 11:10:02,189 [INFO] [HTDemucs ONNX Memory] 推論処理を開始しますわ... (ONNX_LOCK 同期)
2026-06-29 11:10:28,795 [INFO] [HTDemucs ONNX Memory] 分離完了いたしましたわ！ 整合化を開始しますの。
2026-06-29 11:10:29,029 [INFO] [Direct-Process] Demucs 波形分離完了 (経過: 26.9205s)
2026-06-29 11:10:56,537 [INFO] [MainProcess] [Endomorphism] [DSP] [Pre-warming] 全ステム7本の遅延キャッシュ事前計算を完了いたしましたわ (経過: 27.5035s)
2026-06-29 11:10:56,537 [INFO] [MainProcess] [Morphism] [Librosa] [Extraction] Librosa による特徴量抽出(ThreadPool=8)を開始しますわ
2026-06-29 11:13:17,166 [INFO] [MainProcess] [Morphism] [Librosa] [Extraction] 全ステムの Librosa 特徴量抽出を完了いたしましたわ (経過: 140.6290s)
2026-06-29 11:13:17,167 [INFO] [MainProcess] [Endomorphism] [Post-processing] [SNR-Overwrite] ステム相対エネルギー比率(SNR)の上書きを完了いたしましたわ (経過: 0.0000s)
2026-06-29 11:13:17,167 [INFO] [MainProcess] [Morphism] [Essentia] [ONNX-Inference] Essentia (EffNet) 分類器17基による推論を開始しますわ
2026-06-29 11:13:17,382 [INFO] [MainProcess] [Morphism] [Essentia] [ONNX-Inference] Essentia 分類推論を完了いたしましたわ (経過: 0.2155s)
2026-06-29 11:13:17,383 [INFO] [Direct-Process] ステム特徴量抽出完了 (経過: 168.3493s)
2026-06-29 11:13:17,427 [INFO] [Direct-Process] DB 登録(UPSERT)完了 (経過: 0.0428s)
2026-06-29 11:13:21,348 [INFO] [Timestamp Inheritance] Windows ctypesを用いてタイムスタンプを完全継承しましたわ！ (target: 削除[2019]Archive- 02.flac)
2026-06-29 11:13:21,348 [INFO] [Direct-Process] OK: M:\Music\album\EDM\classical\削除[2019]Archive- 02.flac
2026-06-29 11:13:21,411 [INFO] OK: 削除[2019]Archive- 02.flac (3 トラック処理完了, 0 トラック既処理スキップ)
2026-06-29 11:13:22,420 [INFO] ONNX使用可能演算器: ['TensorrtExecutionProvider', 'CUDAExecutionProvider', 'CPUExecutionProvider']
2026-06-29 11:13:22,421 [INFO] 直列実行用ロード     : ['CUDAExecutionProvider', 'CPUExecutionProvider']
2026-06-29 11:13:22,690 [INFO] ONNXセッション直列化ロード完了！ (分類器数: 17)
2026-06-29 11:13:22,690 [INFO] [WorkerONNX] Consumer 内 ONNX 直列セッション初期化完了！（分類器数: 17)
2026-06-29 11:13:22,701 [INFO] [Direct-Process] 解析開始: 削除[2021]PARAGRAPH.flac
2026-06-29 11:13:22,918 [INFO] 波形分離モデル (GLOBAL_DEMUCS) をロードしますわ... (use_dml=False)
2026-06-29 11:13:22,919 [INFO] HTDemucsSeparator 初期化: model=htdemucs_6s, precision=fp16weights, providers=['CUDAExecutionProvider', 'CPUExecutionProvider']
2026-06-29 11:13:38,496 [INFO] HTDemucs ONNX 実機モデルロードに成功いたしましたわ！
2026-06-29 11:13:39,036 [INFO] [Direct-Process] デコード完了 (経過: 0.5397s, length: 11635932 samples)
2026-06-29 11:13:39,080 [INFO] [HTDemucs ONNX Memory] 推論処理を開始しますわ... (ONNX_LOCK 同期)
2026-06-29 11:13:56,163 [INFO] [HTDemucs ONNX Memory] 分離完了いたしましたわ！ 整合化を開始しますの。
2026-06-29 11:13:56,313 [INFO] [Direct-Process] Demucs 波形分離完了 (経過: 17.2769s)
2026-06-29 11:14:16,911 [INFO] [MainProcess] [Endomorphism] [DSP] [Pre-warming] 全ステム7本の遅延キャッシュ事前計算を完了いたしましたわ (経過: 20.5949s)
2026-06-29 11:14:16,911 [INFO] [MainProcess] [Morphism] [Librosa] [Extraction] Librosa による特徴量抽出(ThreadPool=8)を開始しますわ
2026-06-29 11:15:25,637 [INFO] [MainProcess] [Morphism] [Librosa] [Extraction] 全ステムの Librosa 特徴量抽出を完了いたしましたわ (経過: 68.7257s)
2026-06-29 11:15:25,637 [INFO] [MainProcess] [Endomorphism] [Post-processing] [SNR-Overwrite] ステム相対エネルギー比率(SNR)の上書きを完了いたしましたわ (経過: 0.0000s)
2026-06-29 11:15:25,637 [INFO] [MainProcess] [Morphism] [Essentia] [ONNX-Inference] Essentia (EffNet) 分類器17基による推論を開始しますわ
2026-06-29 11:15:26,029 [INFO] [MainProcess] [Morphism] [Essentia] [ONNX-Inference] Essentia 分類推論を完了いたしましたわ (経過: 0.3919s)
2026-06-29 11:15:26,030 [INFO] [Direct-Process] ステム特徴量抽出完了 (経過: 89.7146s)
2026-06-29 11:15:26,086 [INFO] [Direct-Process] DB 登録(UPSERT)完了 (経過: 0.0538s)
2026-06-29 11:15:26,753 [INFO] [Direct-Process] デコード完了 (経過: 0.5003s, length: 11193755 samples)
2026-06-29 11:15:26,794 [INFO] [HTDemucs ONNX Memory] 推論処理を開始しますわ... (ONNX_LOCK 同期)
2026-06-29 11:15:42,181 [INFO] [HTDemucs ONNX Memory] 分離完了いたしましたわ！ 整合化を開始しますの。
2026-06-29 11:15:42,325 [INFO] [Direct-Process] Demucs 波形分離完了 (経過: 15.5713s)
2026-06-29 11:15:58,704 [INFO] [MainProcess] [Endomorphism] [DSP] [Pre-warming] 全ステム7本の遅延キャッシュ事前計算を完了いたしましたわ (経過: 16.3763s)
2026-06-29 11:15:58,704 [INFO] [MainProcess] [Morphism] [Librosa] [Extraction] Librosa による特徴量抽出(ThreadPool=8)を開始しますわ
2026-06-29 11:17:19,975 [INFO] [MainProcess] [Morphism] [Librosa] [Extraction] 全ステムの Librosa 特徴量抽出を完了いたしましたわ (経過: 81.2708s)
2026-06-29 11:17:19,975 [INFO] [MainProcess] [Endomorphism] [Post-processing] [SNR-Overwrite] ステム相対エネルギー比率(SNR)の上書きを完了いたしましたわ (経過: 0.0000s)
2026-06-29 11:17:19,975 [INFO] [MainProcess] [Morphism] [Essentia] [ONNX-Inference] Essentia (EffNet) 分類器17基による推論を開始しますわ
2026-06-29 11:17:20,126 [INFO] [MainProcess] [Morphism] [Essentia] [ONNX-Inference] Essentia 分類推論を完了いたしましたわ (経過: 0.1502s)
2026-06-29 11:17:20,126 [INFO] [Direct-Process] ステム特徴量抽出完了 (経過: 97.7987s)
2026-06-29 11:17:20,192 [INFO] [Direct-Process] DB 登録(UPSERT)完了 (経過: 0.0640s)
2026-06-29 11:17:20,690 [INFO] [Direct-Process] デコード完了 (経過: 0.3674s, length: 8784721 samples)
2026-06-29 11:17:20,724 [INFO] [HTDemucs ONNX Memory] 推論処理を開始しますわ... (ONNX_LOCK 同期)
2026-06-29 11:17:33,272 [INFO] [HTDemucs ONNX Memory] 分離完了いたしましたわ！ 整合化を開始しますの。
2026-06-29 11:17:33,385 [INFO] [Direct-Process] Demucs 波形分離完了 (経過: 12.6947s)
2026-06-29 11:17:46,297 [INFO] [MainProcess] [Endomorphism] [DSP] [Pre-warming] 全ステム7本の遅延キャッシュ事前計算を完了いたしましたわ (経過: 12.9098s)
2026-06-29 11:17:46,298 [INFO] [MainProcess] [Morphism] [Librosa] [Extraction] Librosa による特徴量抽出(ThreadPool=8)を開始しますわ
2026-06-29 11:18:41,329 [INFO] [MainProcess] [Morphism] [Librosa] [Extraction] 全ステムの Librosa 特徴量抽出を完了いたしましたわ (経過: 55.0318s)
2026-06-29 11:18:41,330 [INFO] [MainProcess] [Endomorphism] [Post-processing] [SNR-Overwrite] ステム相対エネルギー比率(SNR)の上書きを完了いたしましたわ (経過: 0.0000s)
2026-06-29 11:18:41,330 [INFO] [MainProcess] [Morphism] [Essentia] [ONNX-Inference] Essentia (EffNet) 分類器17基による推論を開始しますわ
2026-06-29 11:18:41,447 [INFO] [MainProcess] [Morphism] [Essentia] [ONNX-Inference] Essentia 分類推論を完了いたしましたわ (経過: 0.1177s)
2026-06-29 11:18:41,448 [INFO] [Direct-Process] ステム特徴量抽出完了 (経過: 68.0606s)
2026-06-29 11:18:48,090 [INFO] [Direct-Process] DB 登録(UPSERT)完了 (経過: 6.6405s)
2026-06-29 11:18:48,695 [INFO] [Direct-Process] デコード完了 (経過: 0.4260s, length: 10094196 samples)
2026-06-29 11:18:48,731 [INFO] [HTDemucs ONNX Memory] 推論処理を開始しますわ... (ONNX_LOCK 同期)
2026-06-29 11:19:03,174 [INFO] [HTDemucs ONNX Memory] 分離完了いたしましたわ！ 整合化を開始しますの。
2026-06-29 11:19:03,303 [INFO] [Direct-Process] Demucs 波形分離完了 (経過: 14.6077s)
2026-06-29 11:19:17,948 [INFO] [MainProcess] [Endomorphism] [DSP] [Pre-warming] 全ステム7本の遅延キャッシュ事前計算を完了いたしましたわ (経過: 14.6421s)
2026-06-29 11:19:17,948 [INFO] [MainProcess] [Morphism] [Librosa] [Extraction] Librosa による特徴量抽出(ThreadPool=8)を開始しますわ
2026-06-29 11:20:24,026 [INFO] [MainProcess] [Morphism] [Librosa] [Extraction] 全ステムの Librosa 特徴量抽出を完了いたしましたわ (経過: 66.0773s)
2026-06-29 11:20:24,026 [INFO] [MainProcess] [Endomorphism] [Post-processing] [SNR-Overwrite] ステム相対エネルギー比率(SNR)の上書きを完了いたしましたわ (経過: 0.0000s)
2026-06-29 11:20:24,026 [INFO] [MainProcess] [Morphism] [Essentia] [ONNX-Inference] Essentia (EffNet) 分類器17基による推論を開始しますわ
2026-06-29 11:20:24,156 [INFO] [MainProcess] [Morphism] [Essentia] [ONNX-Inference] Essentia 分類推論を完了いたしましたわ (経過: 0.1300s)
2026-06-29 11:20:24,157 [INFO] [Direct-Process] ステム特徴量抽出完了 (経過: 80.8509s)
2026-06-29 11:20:24,194 [INFO] [Direct-Process] DB 登録(UPSERT)完了 (経過: 0.0357s)
2026-06-29 11:20:24,905 [INFO] [Direct-Process] デコード完了 (経過: 0.5905s, length: 15660204 samples)
2026-06-29 11:20:24,962 [INFO] [HTDemucs ONNX Memory] 推論処理を開始しますわ... (ONNX_LOCK 同期)
2026-06-29 11:20:47,115 [INFO] [HTDemucs ONNX Memory] 分離完了いたしましたわ！ 整合化を開始しますの。
2026-06-29 11:20:47,316 [INFO] [Direct-Process] Demucs 波形分離完了 (経過: 22.4111s)
2026-06-29 11:21:10,128 [INFO] [MainProcess] [Endomorphism] [DSP] [Pre-warming] 全ステム7本の遅延キャッシュ事前計算を完了いたしましたわ (経過: 22.8084s)
2026-06-29 11:21:10,128 [INFO] [MainProcess] [Morphism] [Librosa] [Extraction] Librosa による特徴量抽出(ThreadPool=8)を開始しますわ
2026-06-29 11:23:02,617 [INFO] [MainProcess] [Morphism] [Librosa] [Extraction] 全ステムの Librosa 特徴量抽出を完了いたしましたわ (経過: 112.4891s)
2026-06-29 11:23:02,618 [INFO] [MainProcess] [Endomorphism] [Post-processing] [SNR-Overwrite] ステム相対エネルギー比率(SNR)の上書きを完了いたしましたわ (経過: 0.0000s)
2026-06-29 11:23:02,618 [INFO] [MainProcess] [Morphism] [Essentia] [ONNX-Inference] Essentia (EffNet) 分類器17基による推論を開始しますわ
2026-06-29 11:23:02,800 [INFO] [MainProcess] [Morphism] [Essentia] [ONNX-Inference] Essentia 分類推論を完了いたしましたわ (経過: 0.1824s)
2026-06-29 11:23:02,801 [INFO] [Direct-Process] ステム特徴量抽出完了 (経過: 135.4813s)
2026-06-29 11:23:02,841 [INFO] [Direct-Process] DB 登録(UPSERT)完了 (経過: 0.0389s)
2026-06-29 11:23:03,444 [INFO] [Direct-Process] デコード完了 (経過: 0.4415s, length: 8664179 samples)
2026-06-29 11:23:03,479 [INFO] [HTDemucs ONNX Memory] 推論処理を開始しますわ... (ONNX_LOCK 同期)
2026-06-29 11:23:16,319 [INFO] [HTDemucs ONNX Memory] 分離完了いたしましたわ！ 整合化を開始しますの。
2026-06-29 11:23:16,429 [INFO] [Direct-Process] Demucs 波形分離完了 (経過: 12.9847s)
2026-06-29 11:23:29,078 [INFO] [MainProcess] [Endomorphism] [DSP] [Pre-warming] 全ステム7本の遅延キャッシュ事前計算を完了いたしましたわ (経過: 12.6465s)
2026-06-29 11:23:29,078 [INFO] [MainProcess] [Morphism] [Librosa] [Extraction] Librosa による特徴量抽出(ThreadPool=8)を開始しますわ
2026-06-29 11:24:28,015 [INFO] [MainProcess] [Morphism] [Librosa] [Extraction] 全ステムの Librosa 特徴量抽出を完了いたしましたわ (経過: 58.9363s)
2026-06-29 11:24:28,015 [INFO] [MainProcess] [Endomorphism] [Post-processing] [SNR-Overwrite] ステム相対エネルギー比率(SNR)の上書きを完了いたしましたわ (経過: 0.0000s)
2026-06-29 11:24:28,015 [INFO] [MainProcess] [Morphism] [Essentia] [ONNX-Inference] Essentia (EffNet) 分類器17基による推論を開始しますわ
2026-06-29 11:24:28,134 [INFO] [MainProcess] [Morphism] [Essentia] [ONNX-Inference] Essentia 分類推論を完了いたしましたわ (経過: 0.1187s)
2026-06-29 11:24:28,134 [INFO] [Direct-Process] ステム特徴量抽出完了 (経過: 71.7031s)
2026-06-29 11:24:28,192 [INFO] [Direct-Process] DB 登録(UPSERT)完了 (経過: 0.0559s)
2026-06-29 11:24:28,840 [INFO] [Direct-Process] デコード完了 (経過: 0.5306s, length: 13641013 samples)
2026-06-29 11:24:28,893 [INFO] [HTDemucs ONNX Memory] 推論処理を開始しますわ... (ONNX_LOCK 同期)
2026-06-29 11:24:48,074 [INFO] [HTDemucs ONNX Memory] 分離完了いたしましたわ！ 整合化を開始しますの。
2026-06-29 11:24:48,254 [INFO] [Direct-Process] Demucs 波形分離完了 (経過: 19.4133s)
2026-06-29 11:25:08,109 [INFO] [MainProcess] [Endomorphism] [DSP] [Pre-warming] 全ステム7本の遅延キャッシュ事前計算を完了いたしましたわ (経過: 19.8514s)
2026-06-29 11:25:08,109 [INFO] [MainProcess] [Morphism] [Librosa] [Extraction] Librosa による特徴量抽出(ThreadPool=8)を開始しますわ
2026-06-29 11:26:35,855 [INFO] [MainProcess] [Morphism] [Librosa] [Extraction] 全ステムの Librosa 特徴量抽出を完了いたしましたわ (経過: 87.7458s)
2026-06-29 11:26:35,855 [INFO] [MainProcess] [Endomorphism] [Post-processing] [SNR-Overwrite] ステム相対エネルギー比率(SNR)の上書きを完了いたしましたわ (経過: 0.0000s)
2026-06-29 11:26:35,855 [INFO] [MainProcess] [Morphism] [Essentia] [ONNX-Inference] Essentia (EffNet) 分類器17基による推論を開始しますわ
2026-06-29 11:26:36,025 [INFO] [MainProcess] [Morphism] [Essentia] [ONNX-Inference] Essentia 分類推論を完了いたしましたわ (経過: 0.1701s)
2026-06-29 11:26:36,026 [INFO] [Direct-Process] ステム特徴量抽出完了 (経過: 107.7686s)
2026-06-29 11:26:36,065 [INFO] [Direct-Process] DB 登録(UPSERT)完了 (経過: 0.0378s)
2026-06-29 11:26:36,826 [INFO] [Direct-Process] デコード完了 (経過: 0.5681s, length: 13253520 samples)
2026-06-29 11:26:36,879 [INFO] [HTDemucs ONNX Memory] 推論処理を開始しますわ... (ONNX_LOCK 同期)
2026-06-29 11:26:55,581 [INFO] [HTDemucs ONNX Memory] 分離完了いたしましたわ！ 整合化を開始しますの。
2026-06-29 11:26:55,746 [INFO] [Direct-Process] Demucs 波形分離完了 (経過: 18.9198s)
2026-06-29 11:27:15,002 [INFO] [MainProcess] [Endomorphism] [DSP] [Pre-warming] 全ステム7本の遅延キャッシュ事前計算を完了いたしましたわ (経過: 19.2528s)
2026-06-29 11:27:15,002 [INFO] [MainProcess] [Morphism] [Librosa] [Extraction] Librosa による特徴量抽出(ThreadPool=8)を開始しますわ
2026-06-29 11:28:33,278 [INFO] [MainProcess] [Morphism] [Librosa] [Extraction] 全ステムの Librosa 特徴量抽出を完了いたしましたわ (経過: 78.2755s)
2026-06-29 11:28:33,278 [INFO] [MainProcess] [Endomorphism] [Post-processing] [SNR-Overwrite] ステム相対エネルギー比率(SNR)の上書きを完了いたしましたわ (経過: 0.0000s)
2026-06-29 11:28:33,278 [INFO] [MainProcess] [Morphism] [Essentia] [ONNX-Inference] Essentia (EffNet) 分類器17基による推論を開始しますわ
2026-06-29 11:28:33,438 [INFO] [MainProcess] [Morphism] [Essentia] [ONNX-Inference] Essentia 分類推論を完了いたしましたわ (経過: 0.1596s)
2026-06-29 11:28:33,438 [INFO] [Direct-Process] ステム特徴量抽出完了 (経過: 97.6893s)
2026-06-29 11:28:33,556 [INFO] [Direct-Process] DB 登録(UPSERT)完了 (経過: 0.1159s)
2026-06-29 11:28:37,308 [INFO] [Timestamp Inheritance] Windows ctypesを用いてタイムスタンプを完全継承しましたわ！ (target: 削除[2021]PARAGRAPH.flac)
2026-06-29 11:28:37,308 [INFO] [Direct-Process] OK: M:\Music\album\EDM\classical\削除[2021]PARAGRAPH.flac
2026-06-29 11:28:37,365 [INFO] OK: 削除[2021]PARAGRAPH.flac (8 トラック処理完了, 0 トラック既処理スキップ)
