2026-06-27 05:14:49,196 [INFO] ONNX使用可能演算器: ['TensorrtExecutionProvider', 'CUDAExecutionProvider', 'CPUExecutionProvider']
2026-06-27 05:14:49,197 [INFO] 直列実行用ロード     : ['CUDAExecutionProvider', 'CPUExecutionProvider']
2026-06-27 05:14:49,471 [INFO] ONNXセッション直列化ロード完了！ (分類器数: 17)
2026-06-27 05:14:49,472 [INFO] [WorkerONNX] Consumer 内 ONNX 直列セッション初期化完了！（分類器数: 17)
2026-06-27 05:14:49,483 [INFO] [Direct-Process] 解析開始: Kapustin Plays Kapustin- 8 Concert Etudes[chamber..].flac
2026-06-27 05:14:49,928 [INFO] 波形分離モデル (GLOBAL_DEMUCS) をロードしますわ... (use_dml=False)
2026-06-27 05:14:49,928 [INFO] HTDemucsSeparator 初期化: model=htdemucs_6s, precision=fp16weights, providers=['CUDAExecutionProvider', 'CPUExecutionProvider']
2026-06-27 05:15:05,258 [INFO] HTDemucs ONNX 実機モデルロードに成功いたしましたわ！
2026-06-27 05:15:05,521 [INFO] [Direct-Process] デコード完了 (経過: 0.2623s, length: 5663616 samples)
2026-06-27 05:15:05,542 [INFO] [HTDemucs ONNX Memory] 推論処理を開始しますわ... (ONNX_LOCK 同期)
2026-06-27 05:15:14,421 [INFO] [HTDemucs ONNX Memory] 分離完了いたしましたわ！ 整合化を開始しますの。
2026-06-27 05:15:14,496 [INFO] [Direct-Process] Demucs 波形分離完了 (経過: 8.9746s)
2026-06-27 05:15:26,150 [INFO] [MainProcess] [Endomorphism] [DSP] [Pre-warming] 全ステム7本の遅延キャッシュ事前計算を完了いたしましたわ (経過: 11.6527s)
2026-06-27 05:15:26,151 [INFO] [MainProcess] [Morphism] [Librosa] [Extraction] Librosa による特徴量抽出(ThreadPool=8)を開始しますわ
2026-06-27 05:16:04,704 [INFO] [MainProcess] [Morphism] [Librosa] [Extraction] 全ステムの Librosa 特徴量抽出を完了いたしましたわ (経過: 38.5534s)
2026-06-27 05:16:04,704 [INFO] [MainProcess] [Endomorphism] [Post-processing] [SNR-Overwrite] ステム相対エネルギー比率(SNR)の上書きを完了いたしましたわ (経過: 0.0000s)
2026-06-27 05:16:04,705 [INFO] [MainProcess] [Morphism] [Essentia] [ONNX-Inference] Essentia (EffNet) 分類器17基による推論を開始しますわ
2026-06-27 05:16:05,211 [INFO] [MainProcess] [Morphism] [Essentia] [ONNX-Inference] Essentia 分類推論を完了いたしましたわ (経過: 0.5069s)
2026-06-27 05:16:05,212 [INFO] [Direct-Process] ステム特徴量抽出完了 (経過: 50.7144s)
2026-06-27 05:16:05,270 [INFO] [Direct-Process] DB 登録(UPSERT)完了 (経過: 0.0557s)
2026-06-27 05:16:05,682 [INFO] [Direct-Process] デコード完了 (経過: 0.3116s, length: 7896840 samples)
2026-06-27 05:16:05,711 [INFO] [HTDemucs ONNX Memory] 推論処理を開始しますわ... (ONNX_LOCK 同期)
2026-06-27 05:16:17,147 [INFO] [HTDemucs ONNX Memory] 分離完了いたしましたわ！ 整合化を開始しますの。
2026-06-27 05:16:17,245 [INFO] [Direct-Process] Demucs 波形分離完了 (経過: 11.5623s)
2026-06-27 05:16:28,594 [INFO] [MainProcess] [Endomorphism] [DSP] [Pre-warming] 全ステム7本の遅延キャッシュ事前計算を完了いたしましたわ (経過: 11.3470s)
2026-06-27 05:16:28,594 [INFO] [MainProcess] [Morphism] [Librosa] [Extraction] Librosa による特徴量抽出(ThreadPool=8)を開始しますわ
2026-06-27 05:17:21,406 [INFO] [MainProcess] [Morphism] [Librosa] [Extraction] 全ステムの Librosa 特徴量抽出を完了いたしましたわ (経過: 52.8123s)
2026-06-27 05:17:21,407 [INFO] [MainProcess] [Endomorphism] [Post-processing] [SNR-Overwrite] ステム相対エネルギー比率(SNR)の上書きを完了いたしましたわ (経過: 0.0000s)
2026-06-27 05:17:21,407 [INFO] [MainProcess] [Morphism] [Essentia] [ONNX-Inference] Essentia (EffNet) 分類器17基による推論を開始しますわ
2026-06-27 05:17:21,767 [INFO] [MainProcess] [Morphism] [Essentia] [ONNX-Inference] Essentia 分類推論を完了いたしましたわ (経過: 0.3607s)
2026-06-27 05:17:21,768 [INFO] [Direct-Process] ステム特徴量抽出完了 (経過: 64.5214s)
2026-06-27 05:17:21,808 [INFO] [Direct-Process] DB 登録(UPSERT)完了 (経過: 0.0382s)
2026-06-27 05:17:22,212 [INFO] [Direct-Process] デコード完了 (経過: 0.2872s, length: 5982900 samples)
2026-06-27 05:17:22,238 [INFO] [HTDemucs ONNX Memory] 推論処理を開始しますわ... (ONNX_LOCK 同期)
2026-06-27 05:17:31,321 [INFO] [HTDemucs ONNX Memory] 分離完了いたしましたわ！ 整合化を開始しますの。
2026-06-27 05:17:31,395 [INFO] [Direct-Process] Demucs 波形分離完了 (経過: 9.1827s)
2026-06-27 05:17:40,147 [INFO] [MainProcess] [Endomorphism] [DSP] [Pre-warming] 全ステム7本の遅延キャッシュ事前計算を完了いたしましたわ (経過: 8.7505s)
2026-06-27 05:17:40,147 [INFO] [MainProcess] [Morphism] [Librosa] [Extraction] Librosa による特徴量抽出(ThreadPool=8)を開始しますわ
2026-06-27 05:18:19,823 [INFO] [MainProcess] [Morphism] [Librosa] [Extraction] 全ステムの Librosa 特徴量抽出を完了いたしましたわ (経過: 39.6751s)
2026-06-27 05:18:19,823 [INFO] [MainProcess] [Endomorphism] [Post-processing] [SNR-Overwrite] ステム相対エネルギー比率(SNR)の上書きを完了いたしましたわ (経過: 0.0000s)
2026-06-27 05:18:19,823 [INFO] [MainProcess] [Morphism] [Essentia] [ONNX-Inference] Essentia (EffNet) 分類器17基による推論を開始しますわ
2026-06-27 05:18:20,151 [INFO] [MainProcess] [Morphism] [Essentia] [ONNX-Inference] Essentia 分類推論を完了いたしましたわ (経過: 0.3276s)
2026-06-27 05:18:20,151 [INFO] [Direct-Process] ステム特徴量抽出完了 (経過: 48.7545s)
2026-06-27 05:18:20,198 [INFO] [Direct-Process] DB 登録(UPSERT)完了 (経過: 0.0452s)
2026-06-27 05:18:20,693 [INFO] [Direct-Process] デコード完了 (経過: 0.3991s, length: 10459344 samples)
2026-06-27 05:18:20,731 [INFO] [HTDemucs ONNX Memory] 推論処理を開始しますわ... (ONNX_LOCK 同期)
2026-06-27 05:18:35,820 [INFO] [HTDemucs ONNX Memory] 分離完了いたしましたわ！ 整合化を開始しますの。
2026-06-27 05:18:35,948 [INFO] [Direct-Process] Demucs 波形分離完了 (経過: 15.2553s)
2026-06-27 05:18:51,189 [INFO] [MainProcess] [Endomorphism] [DSP] [Pre-warming] 全ステム7本の遅延キャッシュ事前計算を完了いたしましたわ (経過: 15.2386s)
2026-06-27 05:18:51,190 [INFO] [MainProcess] [Morphism] [Librosa] [Extraction] Librosa による特徴量抽出(ThreadPool=8)を開始しますわ
2026-06-27 05:19:43,814 [INFO] [MainProcess] [Morphism] [Librosa] [Extraction] 全ステムの Librosa 特徴量抽出を完了いたしましたわ (経過: 52.6246s)
2026-06-27 05:19:43,815 [INFO] [MainProcess] [Endomorphism] [Post-processing] [SNR-Overwrite] ステム相対エネルギー比率(SNR)の上書きを完了いたしましたわ (経過: 0.0000s)
2026-06-27 05:19:43,815 [INFO] [MainProcess] [Morphism] [Essentia] [ONNX-Inference] Essentia (EffNet) 分類器17基による推論を開始しますわ
2026-06-27 05:19:44,132 [INFO] [MainProcess] [Morphism] [Essentia] [ONNX-Inference] Essentia 分類推論を完了いたしましたわ (経過: 0.3174s)
2026-06-27 05:19:44,133 [INFO] [Direct-Process] ステム特徴量抽出完了 (経過: 68.1821s)
2026-06-27 05:19:44,181 [INFO] [Direct-Process] DB 登録(UPSERT)完了 (経過: 0.0457s)
2026-06-27 05:19:44,559 [INFO] [Direct-Process] デコード完了 (経過: 0.2544s, length: 6142836 samples)
2026-06-27 05:19:44,581 [INFO] [HTDemucs ONNX Memory] 推論処理を開始しますわ... (ONNX_LOCK 同期)
2026-06-27 05:19:53,626 [INFO] [HTDemucs ONNX Memory] 分離完了いたしましたわ！ 整合化を開始しますの。
2026-06-27 05:19:53,707 [INFO] [Direct-Process] Demucs 波形分離完了 (経過: 9.1476s)
2026-06-27 05:20:02,481 [INFO] [MainProcess] [Endomorphism] [DSP] [Pre-warming] 全ステム7本の遅延キャッシュ事前計算を完了いたしましたわ (経過: 8.7732s)
2026-06-27 05:20:02,482 [INFO] [MainProcess] [Morphism] [Librosa] [Extraction] Librosa による特徴量抽出(ThreadPool=8)を開始しますわ
2026-06-27 05:20:44,262 [INFO] [MainProcess] [Morphism] [Librosa] [Extraction] 全ステムの Librosa 特徴量抽出を完了いたしましたわ (経過: 41.7807s)
2026-06-27 05:20:44,263 [INFO] [MainProcess] [Endomorphism] [Post-processing] [SNR-Overwrite] ステム相対エネルギー比率(SNR)の上書きを完了いたしましたわ (経過: 0.0000s)
2026-06-27 05:20:44,263 [INFO] [MainProcess] [Morphism] [Essentia] [ONNX-Inference] Essentia (EffNet) 分類器17基による推論を開始しますわ
2026-06-27 05:20:44,703 [INFO] [MainProcess] [Morphism] [Essentia] [ONNX-Inference] Essentia 分類推論を完了いたしましたわ (経過: 0.4401s)
2026-06-27 05:20:44,703 [INFO] [Direct-Process] ステム特徴量抽出完了 (経過: 50.9953s)
2026-06-27 05:20:44,751 [INFO] [Direct-Process] DB 登録(UPSERT)完了 (経過: 0.0456s)
2026-06-27 05:20:45,127 [INFO] [Direct-Process] デコード完了 (経過: 0.2805s, length: 6667920 samples)
2026-06-27 05:20:45,172 [INFO] [HTDemucs ONNX Memory] 推論処理を開始しますわ... (ONNX_LOCK 同期)
2026-06-27 05:20:54,584 [INFO] [HTDemucs ONNX Memory] 分離完了いたしましたわ！ 整合化を開始しますの。
2026-06-27 05:20:54,667 [INFO] [Direct-Process] Demucs 波形分離完了 (経過: 9.5386s)
2026-06-27 05:21:04,288 [INFO] [MainProcess] [Endomorphism] [DSP] [Pre-warming] 全ステム7本の遅延キャッシュ事前計算を完了いたしましたわ (経過: 9.6200s)
2026-06-27 05:21:04,289 [INFO] [MainProcess] [Morphism] [Librosa] [Extraction] Librosa による特徴量抽出(ThreadPool=8)を開始しますわ
2026-06-27 05:21:48,668 [INFO] [MainProcess] [Morphism] [Librosa] [Extraction] 全ステムの Librosa 特徴量抽出を完了いたしましたわ (経過: 44.3793s)
2026-06-27 05:21:48,668 [INFO] [MainProcess] [Endomorphism] [Post-processing] [SNR-Overwrite] ステム相対エネルギー比率(SNR)の上書きを完了いたしましたわ (経過: 0.0000s)
2026-06-27 05:21:48,668 [INFO] [MainProcess] [Morphism] [Essentia] [ONNX-Inference] Essentia (EffNet) 分類器17基による推論を開始しますわ
2026-06-27 05:21:49,081 [INFO] [MainProcess] [Morphism] [Essentia] [ONNX-Inference] Essentia 分類推論を完了いたしましたわ (経過: 0.4121s)
2026-06-27 05:21:49,081 [INFO] [Direct-Process] ステム特徴量抽出完了 (経過: 54.4127s)
2026-06-27 05:21:49,120 [INFO] [Direct-Process] DB 登録(UPSERT)完了 (経過: 0.0372s)
2026-06-27 05:21:49,609 [INFO] [Direct-Process] デコード完了 (経過: 0.3899s, length: 9515603 samples)
2026-06-27 05:21:49,642 [INFO] [HTDemucs ONNX Memory] 推論処理を開始しますわ... (ONNX_LOCK 同期)
2026-06-27 05:22:03,020 [INFO] [HTDemucs ONNX Memory] 分離完了いたしましたわ！ 整合化を開始しますの。
2026-06-27 05:22:03,142 [INFO] [Direct-Process] Demucs 波形分離完了 (経過: 13.5332s)
2026-06-27 05:22:16,965 [INFO] [MainProcess] [Endomorphism] [DSP] [Pre-warming] 全ステム7本の遅延キャッシュ事前計算を完了いたしましたわ (経過: 13.8204s)
2026-06-27 05:22:16,965 [INFO] [MainProcess] [Morphism] [Librosa] [Extraction] Librosa による特徴量抽出(ThreadPool=8)を開始しますわ
2026-06-27 05:23:15,503 [INFO] [MainProcess] [Morphism] [Librosa] [Extraction] 全ステムの Librosa 特徴量抽出を完了いたしましたわ (経過: 58.5378s)
2026-06-27 05:23:15,503 [INFO] [MainProcess] [Endomorphism] [Post-processing] [SNR-Overwrite] ステム相対エネルギー比率(SNR)の上書きを完了いたしましたわ (経過: 0.0000s)
2026-06-27 05:23:15,503 [INFO] [MainProcess] [Morphism] [Essentia] [ONNX-Inference] Essentia (EffNet) 分類器17基による推論を開始しますわ
2026-06-27 05:23:15,868 [INFO] [MainProcess] [Morphism] [Essentia] [ONNX-Inference] Essentia 分類推論を完了いたしましたわ (経過: 0.3647s)
2026-06-27 05:23:15,868 [INFO] [Direct-Process] ステム特徴量抽出完了 (経過: 72.7241s)
2026-06-27 05:23:15,915 [INFO] [Direct-Process] DB 登録(UPSERT)完了 (経過: 0.0450s)
2026-06-27 05:23:16,392 [INFO] [Direct-Process] デコード完了 (経過: 0.3581s, length: 6971917 samples)
2026-06-27 05:23:16,417 [INFO] [HTDemucs ONNX Memory] 推論処理を開始しますわ... (ONNX_LOCK 同期)
2026-06-27 05:23:26,507 [INFO] [HTDemucs ONNX Memory] 分離完了いたしましたわ！ 整合化を開始しますの。
2026-06-27 05:23:26,594 [INFO] [Direct-Process] Demucs 波形分離完了 (経過: 10.2024s)
2026-06-27 05:23:36,635 [INFO] [MainProcess] [Endomorphism] [DSP] [Pre-warming] 全ステム7本の遅延キャッシュ事前計算を完了いたしましたわ (経過: 10.0389s)
2026-06-27 05:23:36,635 [INFO] [MainProcess] [Morphism] [Librosa] [Extraction] Librosa による特徴量抽出(ThreadPool=8)を開始しますわ
2026-06-27 05:24:20,395 [INFO] [MainProcess] [Morphism] [Librosa] [Extraction] 全ステムの Librosa 特徴量抽出を完了いたしましたわ (経過: 43.7598s)
2026-06-27 05:24:20,396 [INFO] [MainProcess] [Endomorphism] [Post-processing] [SNR-Overwrite] ステム相対エネルギー比率(SNR)の上書きを完了いたしましたわ (経過: 0.0000s)
2026-06-27 05:24:20,396 [INFO] [MainProcess] [Morphism] [Essentia] [ONNX-Inference] Essentia (EffNet) 分類器17基による推論を開始しますわ
2026-06-27 05:24:20,836 [INFO] [MainProcess] [Morphism] [Essentia] [ONNX-Inference] Essentia 分類推論を完了いたしましたわ (経過: 0.4399s)
2026-06-27 05:24:20,836 [INFO] [Direct-Process] ステム特徴量抽出完了 (経過: 54.2400s)
2026-06-27 05:24:20,878 [INFO] [Direct-Process] DB 登録(UPSERT)完了 (経過: 0.0398s)
2026-06-27 05:24:21,366 [INFO] [Direct-Process] デコード完了 (経過: 0.3873s, length: 9271584 samples)
2026-06-27 05:24:21,401 [INFO] [HTDemucs ONNX Memory] 推論処理を開始しますわ... (ONNX_LOCK 同期)
2026-06-27 05:24:34,726 [INFO] [HTDemucs ONNX Memory] 分離完了いたしましたわ！ 整合化を開始しますの。
2026-06-27 05:24:34,843 [INFO] [Direct-Process] Demucs 波形分離完了 (経過: 13.4765s)
2026-06-27 05:24:48,382 [INFO] [MainProcess] [Endomorphism] [DSP] [Pre-warming] 全ステム7本の遅延キャッシュ事前計算を完了いたしましたわ (経過: 13.5362s)
2026-06-27 05:24:48,382 [INFO] [MainProcess] [Morphism] [Librosa] [Extraction] Librosa による特徴量抽出(ThreadPool=8)を開始しますわ
2026-06-27 05:25:46,951 [INFO] [MainProcess] [Morphism] [Librosa] [Extraction] 全ステムの Librosa 特徴量抽出を完了いたしましたわ (経過: 58.5695s)
2026-06-27 05:25:46,952 [INFO] [MainProcess] [Endomorphism] [Post-processing] [SNR-Overwrite] ステム相対エネルギー比率(SNR)の上書きを完了いたしましたわ (経過: 0.0000s)
2026-06-27 05:25:46,952 [INFO] [MainProcess] [Morphism] [Essentia] [ONNX-Inference] Essentia (EffNet) 分類器17基による推論を開始しますわ
2026-06-27 05:25:47,409 [INFO] [MainProcess] [Morphism] [Essentia] [ONNX-Inference] Essentia 分類推論を完了いたしましたわ (経過: 0.4573s)
2026-06-27 05:25:47,410 [INFO] [Direct-Process] ステム特徴量抽出完了 (経過: 72.5644s)
2026-06-27 05:25:47,455 [INFO] [Direct-Process] DB 登録(UPSERT)完了 (経過: 0.0429s)
2026-06-27 05:25:48,118 [INFO] [Direct-Process] デコード完了 (経過: 0.5277s, length: 12507936 samples)
2026-06-27 05:25:48,200 [INFO] [HTDemucs ONNX Memory] 推論処理を開始しますわ... (ONNX_LOCK 同期)
2026-06-27 05:26:06,268 [INFO] [HTDemucs ONNX Memory] 分離完了いたしましたわ！ 整合化を開始しますの。
2026-06-27 05:26:06,422 [INFO] [Direct-Process] Demucs 波形分離完了 (経過: 18.3034s)
2026-06-27 05:26:24,734 [INFO] [MainProcess] [Endomorphism] [DSP] [Pre-warming] 全ステム7本の遅延キャッシュ事前計算を完了いたしましたわ (経過: 18.3094s)
2026-06-27 05:26:24,735 [INFO] [MainProcess] [Morphism] [Librosa] [Extraction] Librosa による特徴量抽出(ThreadPool=8)を開始しますわ
2026-06-27 05:27:42,310 [INFO] [MainProcess] [Morphism] [Librosa] [Extraction] 全ステムの Librosa 特徴量抽出を完了いたしましたわ (経過: 77.5749s)
2026-06-27 05:27:42,310 [INFO] [MainProcess] [Endomorphism] [Post-processing] [SNR-Overwrite] ステム相対エネルギー比率(SNR)の上書きを完了いたしましたわ (経過: 0.0000s)
2026-06-27 05:27:42,310 [INFO] [MainProcess] [Morphism] [Essentia] [ONNX-Inference] Essentia (EffNet) 分類器17基による推論を開始しますわ
2026-06-27 05:27:42,772 [INFO] [MainProcess] [Morphism] [Essentia] [ONNX-Inference] Essentia 分類推論を完了いたしましたわ (経過: 0.4616s)
2026-06-27 05:27:42,772 [INFO] [Direct-Process] ステム特徴量抽出完了 (経過: 96.3471s)
2026-06-27 05:27:43,268 [INFO] [Direct-Process] DB 登録(UPSERT)完了 (経過: 0.4937s)
2026-06-27 05:27:43,740 [INFO] [Direct-Process] デコード完了 (経過: 0.3287s, length: 8045604 samples)
2026-06-27 05:27:43,770 [INFO] [HTDemucs ONNX Memory] 推論処理を開始しますわ... (ONNX_LOCK 同期)
2026-06-27 05:27:56,094 [INFO] [HTDemucs ONNX Memory] 分離完了いたしましたわ！ 整合化を開始しますの。
2026-06-27 05:27:56,196 [INFO] [Direct-Process] Demucs 波形分離完了 (経過: 12.4548s)
2026-06-27 05:28:07,953 [INFO] [MainProcess] [Endomorphism] [DSP] [Pre-warming] 全ステム7本の遅延キャッシュ事前計算を完了いたしましたわ (経過: 11.7545s)
2026-06-27 05:28:07,953 [INFO] [MainProcess] [Morphism] [Librosa] [Extraction] Librosa による特徴量抽出(ThreadPool=8)を開始しますわ
2026-06-27 05:29:07,281 [INFO] [MainProcess] [Morphism] [Librosa] [Extraction] 全ステムの Librosa 特徴量抽出を完了いたしましたわ (経過: 59.3278s)
2026-06-27 05:29:07,281 [INFO] [MainProcess] [Endomorphism] [Post-processing] [SNR-Overwrite] ステム相対エネルギー比率(SNR)の上書きを完了いたしましたわ (経過: 0.0000s)
2026-06-27 05:29:07,281 [INFO] [MainProcess] [Morphism] [Essentia] [ONNX-Inference] Essentia (EffNet) 分類器17基による推論を開始しますわ
2026-06-27 05:29:07,742 [INFO] [MainProcess] [Morphism] [Essentia] [ONNX-Inference] Essentia 分類推論を完了いたしましたわ (経過: 0.4608s)
2026-06-27 05:29:07,743 [INFO] [Direct-Process] ステム特徴量抽出完了 (経過: 71.5444s)
2026-06-27 05:29:07,791 [INFO] [Direct-Process] DB 登録(UPSERT)完了 (経過: 0.0460s)
2026-06-27 05:29:08,680 [INFO] [Direct-Process] デコード完了 (経過: 0.7789s, length: 18375000 samples)
2026-06-27 05:29:08,744 [INFO] [HTDemucs ONNX Memory] 推論処理を開始しますわ... (ONNX_LOCK 同期)
2026-06-27 05:29:35,472 [INFO] [HTDemucs ONNX Memory] 分離完了いたしましたわ！ 整合化を開始しますの。
2026-06-27 05:29:35,699 [INFO] [Direct-Process] Demucs 波形分離完了 (経過: 27.0179s)
2026-06-27 05:30:02,533 [INFO] [MainProcess] [Endomorphism] [DSP] [Pre-warming] 全ステム7本の遅延キャッシュ事前計算を完了いたしましたわ (経過: 26.8309s)
2026-06-27 05:30:02,533 [INFO] [MainProcess] [Morphism] [Librosa] [Extraction] Librosa による特徴量抽出(ThreadPool=8)を開始しますわ
2026-06-27 05:32:00,896 [INFO] [MainProcess] [Morphism] [Librosa] [Extraction] 全ステムの Librosa 特徴量抽出を完了いたしましたわ (経過: 118.3630s)
2026-06-27 05:32:00,897 [INFO] [MainProcess] [Endomorphism] [Post-processing] [SNR-Overwrite] ステム相対エネルギー比率(SNR)の上書きを完了いたしましたわ (経過: 0.0000s)
2026-06-27 05:32:00,897 [INFO] [MainProcess] [Morphism] [Essentia] [ONNX-Inference] Essentia (EffNet) 分類器17基による推論を開始しますわ
2026-06-27 05:32:01,295 [INFO] [MainProcess] [Morphism] [Essentia] [ONNX-Inference] Essentia 分類推論を完了いたしましたわ (経過: 0.3977s)
2026-06-27 05:32:01,295 [INFO] [Direct-Process] ステム特徴量抽出完了 (経過: 145.5928s)
2026-06-27 05:32:01,337 [INFO] [Direct-Process] DB 登録(UPSERT)完了 (経過: 0.0402s)
2026-06-27 05:32:02,727 [INFO] [Direct-Process] デコード完了 (経過: 1.2133s, length: 35265300 samples)
2026-06-27 05:32:02,849 [INFO] [HTDemucs ONNX Memory] 推論処理を開始しますわ... (ONNX_LOCK 同期)
2026-06-27 05:32:53,857 [INFO] [HTDemucs ONNX Memory] 分離完了いたしましたわ！ 整合化を開始しますの。
2026-06-27 05:32:54,298 [INFO] [Direct-Process] Demucs 波形分離完了 (経過: 51.5711s)
2026-06-27 05:33:45,970 [INFO] [MainProcess] [Endomorphism] [DSP] [Pre-warming] 全ステム7本の遅延キャッシュ事前計算を完了いたしましたわ (経過: 51.6654s)
2026-06-27 05:33:45,971 [INFO] [MainProcess] [Morphism] [Librosa] [Extraction] Librosa による特徴量抽出(ThreadPool=8)を開始しますわ
2026-06-27 05:37:58,145 [INFO] [MainProcess] [Morphism] [Librosa] [Extraction] 全ステムの Librosa 特徴量抽出を完了いたしましたわ (経過: 252.1743s)
2026-06-27 05:37:58,145 [INFO] [MainProcess] [Endomorphism] [Post-processing] [SNR-Overwrite] ステム相対エネルギー比率(SNR)の上書きを完了いたしましたわ (経過: 0.0000s)
2026-06-27 05:37:58,145 [INFO] [MainProcess] [Morphism] [Essentia] [ONNX-Inference] Essentia (EffNet) 分類器17基による推論を開始しますわ
2026-06-27 05:37:58,780 [INFO] [MainProcess] [Morphism] [Essentia] [ONNX-Inference] Essentia 分類推論を完了いたしましたわ (経過: 0.6342s)
2026-06-27 05:37:58,780 [INFO] [Direct-Process] ステム特徴量抽出完了 (経過: 304.4752s)
2026-06-27 05:37:58,823 [INFO] [Direct-Process] DB 登録(UPSERT)完了 (経過: 0.0405s)
2026-06-27 05:38:00,031 [INFO] [Direct-Process] デコード完了 (経過: 0.8882s, length: 18199776 samples)
2026-06-27 05:38:00,100 [INFO] [HTDemucs ONNX Memory] 推論処理を開始しますわ... (ONNX_LOCK 同期)
2026-06-27 05:38:27,656 [INFO] [HTDemucs ONNX Memory] 分離完了いたしましたわ！ 整合化を開始しますの。
2026-06-27 05:38:27,880 [INFO] [Direct-Process] Demucs 波形分離完了 (経過: 27.8486s)
2026-06-27 05:38:54,375 [INFO] [MainProcess] [Endomorphism] [DSP] [Pre-warming] 全ステム7本の遅延キャッシュ事前計算を完了いたしましたわ (経過: 26.4903s)
2026-06-27 05:38:54,375 [INFO] [MainProcess] [Morphism] [Librosa] [Extraction] Librosa による特徴量抽出(ThreadPool=8)を開始しますわ
2026-06-27 05:40:54,066 [INFO] [MainProcess] [Morphism] [Librosa] [Extraction] 全ステムの Librosa 特徴量抽出を完了いたしましたわ (経過: 119.6913s)
2026-06-27 05:40:54,066 [INFO] [MainProcess] [Endomorphism] [Post-processing] [SNR-Overwrite] ステム相対エネルギー比率(SNR)の上書きを完了いたしましたわ (経過: 0.0000s)
2026-06-27 05:40:54,067 [INFO] [MainProcess] [Morphism] [Essentia] [ONNX-Inference] Essentia (EffNet) 分類器17基による推論を開始しますわ
2026-06-27 05:40:54,534 [INFO] [MainProcess] [Morphism] [Essentia] [ONNX-Inference] Essentia 分類推論を完了いたしましたわ (経過: 0.4676s)
2026-06-27 05:40:54,535 [INFO] [Direct-Process] ステム特徴量抽出完了 (経過: 146.6504s)
2026-06-27 05:40:54,579 [INFO] [Direct-Process] DB 登録(UPSERT)完了 (経過: 0.0420s)
2026-06-27 05:41:07,187 [INFO] [Timestamp Inheritance] Windows ctypesを用いてタイムスタンプを完全継承しましたわ！ (target: Kapustin Plays Kapustin- 8 Concert Etudes[chamber..].flac)
2026-06-27 05:41:07,188 [INFO] [Direct-Process] OK: M:\Music\album\CLASSIC\TRITON\Kapustin Plays Kapustin- 8 Concert Etudes[chamber..].flac
2026-06-27 05:41:07,243 [INFO] OK: Kapustin Plays Kapustin- 8 Concert Etudes[chamber..].flac (14 トラック処理完了, 0 トラック既処理スキップ)
