2026-06-29 11:28:38,365 [INFO] ONNX使用可能演算器: ['TensorrtExecutionProvider', 'CUDAExecutionProvider', 'CPUExecutionProvider']
2026-06-29 11:28:38,367 [INFO] 直列実行用ロード     : ['CUDAExecutionProvider', 'CPUExecutionProvider']
2026-06-29 11:28:38,629 [INFO] ONNXセッション直列化ロード完了！ (分類器数: 17)
2026-06-29 11:28:38,629 [INFO] [WorkerONNX] Consumer 内 ONNX 直列セッション初期化完了！（分類器数: 17)
2026-06-29 11:28:38,640 [INFO] [Direct-Process] 解析開始: K@akeru Records[2019]Comple-X 2.0.flac
2026-06-29 11:28:38,832 [INFO] 波形分離モデル (GLOBAL_DEMUCS) をロードしますわ... (use_dml=False)
2026-06-29 11:28:38,833 [INFO] HTDemucsSeparator 初期化: model=htdemucs_6s, precision=fp16weights, providers=['CUDAExecutionProvider', 'CPUExecutionProvider']
2026-06-29 11:28:54,397 [INFO] HTDemucs ONNX 実機モデルロードに成功いたしましたわ！
2026-06-29 11:28:54,900 [INFO] [Direct-Process] デコード完了 (経過: 0.5021s, length: 10341744 samples)
2026-06-29 11:28:54,939 [INFO] [HTDemucs ONNX Memory] 推論処理を開始しますわ... (ONNX_LOCK 同期)
2026-06-29 11:29:10,284 [INFO] [HTDemucs ONNX Memory] 分離完了いたしましたわ！ 整合化を開始しますの。
2026-06-29 11:29:10,416 [INFO] [Direct-Process] Demucs 波形分離完了 (経過: 15.5160s)
2026-06-29 11:29:28,798 [INFO] [MainProcess] [Endomorphism] [DSP] [Pre-warming] 全ステム7本の遅延キャッシュ事前計算を完了いたしましたわ (経過: 18.3792s)
2026-06-29 11:29:28,798 [INFO] [MainProcess] [Morphism] [Librosa] [Extraction] Librosa による特徴量抽出(ThreadPool=8)を開始しますわ
2026-06-29 11:30:39,663 [INFO] [MainProcess] [Morphism] [Librosa] [Extraction] 全ステムの Librosa 特徴量抽出を完了いたしましたわ (経過: 70.8653s)
2026-06-29 11:30:39,663 [INFO] [MainProcess] [Endomorphism] [Post-processing] [SNR-Overwrite] ステム相対エネルギー比率(SNR)の上書きを完了いたしましたわ (経過: 0.0000s)
2026-06-29 11:30:39,664 [INFO] [MainProcess] [Morphism] [Essentia] [ONNX-Inference] Essentia (EffNet) 分類器17基による推論を開始しますわ
2026-06-29 11:30:40,049 [INFO] [MainProcess] [Morphism] [Essentia] [ONNX-Inference] Essentia 分類推論を完了いたしましたわ (経過: 0.3857s)
2026-06-29 11:30:40,050 [INFO] [Direct-Process] ステム特徴量抽出完了 (経過: 89.6315s)
2026-06-29 11:30:40,103 [INFO] [Direct-Process] DB 登録(UPSERT)完了 (経過: 0.0518s)
2026-06-29 11:30:40,894 [INFO] [Direct-Process] デコード完了 (経過: 0.5725s, length: 12408564 samples)
2026-06-29 11:30:40,942 [INFO] [HTDemucs ONNX Memory] 推論処理を開始しますわ... (ONNX_LOCK 同期)
2026-06-29 11:30:58,905 [INFO] [HTDemucs ONNX Memory] 分離完了いたしましたわ！ 整合化を開始しますの。
2026-06-29 11:30:59,063 [INFO] [Direct-Process] Demucs 波形分離完了 (経過: 18.1688s)
2026-06-29 11:31:17,072 [INFO] [MainProcess] [Endomorphism] [DSP] [Pre-warming] 全ステム7本の遅延キャッシュ事前計算を完了いたしましたわ (経過: 18.0057s)
2026-06-29 11:31:17,072 [INFO] [MainProcess] [Morphism] [Librosa] [Extraction] Librosa による特徴量抽出(ThreadPool=8)を開始しますわ
2026-06-29 11:32:35,489 [INFO] [MainProcess] [Morphism] [Librosa] [Extraction] 全ステムの Librosa 特徴量抽出を完了いたしましたわ (経過: 78.4162s)
2026-06-29 11:32:35,489 [INFO] [MainProcess] [Endomorphism] [Post-processing] [SNR-Overwrite] ステム相対エネルギー比率(SNR)の上書きを完了いたしましたわ (経過: 0.0000s)
2026-06-29 11:32:35,489 [INFO] [MainProcess] [Morphism] [Essentia] [ONNX-Inference] Essentia (EffNet) 分類器17基による推論を開始しますわ
2026-06-29 11:32:35,644 [INFO] [MainProcess] [Morphism] [Essentia] [ONNX-Inference] Essentia 分類推論を完了いたしましたわ (経過: 0.1551s)
2026-06-29 11:32:35,645 [INFO] [Direct-Process] ステム特徴量抽出完了 (経過: 96.5782s)
2026-06-29 11:32:35,693 [INFO] [Direct-Process] DB 登録(UPSERT)完了 (経過: 0.0472s)
2026-06-29 11:32:36,609 [INFO] [Direct-Process] デコード完了 (経過: 0.7756s, length: 15236844 samples)
2026-06-29 11:32:36,663 [INFO] [HTDemucs ONNX Memory] 推論処理を開始しますわ... (ONNX_LOCK 同期)
2026-06-29 11:32:58,182 [INFO] [HTDemucs ONNX Memory] 分離完了いたしましたわ！ 整合化を開始しますの。
2026-06-29 11:32:58,371 [INFO] [Direct-Process] Demucs 波形分離完了 (経過: 21.7626s)
2026-06-29 11:33:20,596 [INFO] [MainProcess] [Endomorphism] [DSP] [Pre-warming] 全ステム7本の遅延キャッシュ事前計算を完了いたしましたわ (経過: 22.2216s)
2026-06-29 11:33:20,597 [INFO] [MainProcess] [Morphism] [Librosa] [Extraction] Librosa による特徴量抽出(ThreadPool=8)を開始しますわ
2026-06-29 11:35:08,181 [INFO] [MainProcess] [Morphism] [Librosa] [Extraction] 全ステムの Librosa 特徴量抽出を完了いたしましたわ (経過: 107.5840s)
2026-06-29 11:35:08,181 [INFO] [MainProcess] [Endomorphism] [Post-processing] [SNR-Overwrite] ステム相対エネルギー比率(SNR)の上書きを完了いたしましたわ (経過: 0.0000s)
2026-06-29 11:35:08,181 [INFO] [MainProcess] [Morphism] [Essentia] [ONNX-Inference] Essentia (EffNet) 分類器17基による推論を開始しますわ
2026-06-29 11:35:08,367 [INFO] [MainProcess] [Morphism] [Essentia] [ONNX-Inference] Essentia 分類推論を完了いたしましたわ (経過: 0.1863s)
2026-06-29 11:35:08,368 [INFO] [Direct-Process] ステム特徴量抽出完了 (経過: 129.9932s)
2026-06-29 11:35:08,411 [INFO] [Direct-Process] DB 登録(UPSERT)完了 (経過: 0.0411s)
2026-06-29 11:35:09,153 [INFO] [Direct-Process] デコード完了 (経過: 0.5733s, length: 13152972 samples)
2026-06-29 11:35:09,239 [INFO] [HTDemucs ONNX Memory] 推論処理を開始しますわ... (ONNX_LOCK 同期)
2026-06-29 11:35:27,950 [INFO] [HTDemucs ONNX Memory] 分離完了いたしましたわ！ 整合化を開始しますの。
2026-06-29 11:35:28,127 [INFO] [Direct-Process] Demucs 波形分離完了 (経過: 18.9736s)
2026-06-29 11:35:47,454 [INFO] [MainProcess] [Endomorphism] [DSP] [Pre-warming] 全ステム7本の遅延キャッシュ事前計算を完了いたしましたわ (経過: 19.3243s)
2026-06-29 11:35:47,455 [INFO] [MainProcess] [Morphism] [Librosa] [Extraction] Librosa による特徴量抽出(ThreadPool=8)を開始しますわ
2026-06-29 11:37:16,920 [INFO] [MainProcess] [Morphism] [Librosa] [Extraction] 全ステムの Librosa 特徴量抽出を完了いたしましたわ (経過: 89.4650s)
2026-06-29 11:37:16,920 [INFO] [MainProcess] [Endomorphism] [Post-processing] [SNR-Overwrite] ステム相対エネルギー比率(SNR)の上書きを完了いたしましたわ (経過: 0.0000s)
2026-06-29 11:37:16,920 [INFO] [MainProcess] [Morphism] [Essentia] [ONNX-Inference] Essentia (EffNet) 分類器17基による推論を開始しますわ
2026-06-29 11:37:17,089 [INFO] [MainProcess] [Morphism] [Essentia] [ONNX-Inference] Essentia 分類推論を完了いたしましたわ (経過: 0.1691s)
2026-06-29 11:37:17,090 [INFO] [Direct-Process] ステム特徴量抽出完了 (経過: 108.9596s)
2026-06-29 11:37:17,129 [INFO] [Direct-Process] DB 登録(UPSERT)完了 (経過: 0.0379s)
2026-06-29 11:37:17,920 [INFO] [Direct-Process] デコード完了 (経過: 0.5930s, length: 13235292 samples)
2026-06-29 11:37:17,966 [INFO] [HTDemucs ONNX Memory] 推論処理を開始しますわ... (ONNX_LOCK 同期)
2026-06-29 11:37:36,678 [INFO] [HTDemucs ONNX Memory] 分離完了いたしましたわ！ 整合化を開始しますの。
2026-06-29 11:37:36,845 [INFO] [Direct-Process] Demucs 波形分離完了 (経過: 18.9245s)
2026-06-29 11:37:56,331 [INFO] [MainProcess] [Endomorphism] [DSP] [Pre-warming] 全ステム7本の遅延キャッシュ事前計算を完了いたしましたわ (経過: 19.4840s)
2026-06-29 11:37:56,332 [INFO] [MainProcess] [Morphism] [Librosa] [Extraction] Librosa による特徴量抽出(ThreadPool=8)を開始しますわ
2026-06-29 11:39:33,926 [INFO] [MainProcess] [Morphism] [Librosa] [Extraction] 全ステムの Librosa 特徴量抽出を完了いたしましたわ (経過: 97.5946s)
2026-06-29 11:39:33,927 [INFO] [MainProcess] [Endomorphism] [Post-processing] [SNR-Overwrite] ステム相対エネルギー比率(SNR)の上書きを完了いたしましたわ (経過: 0.0000s)
2026-06-29 11:39:33,927 [INFO] [MainProcess] [Morphism] [Essentia] [ONNX-Inference] Essentia (EffNet) 分類器17基による推論を開始しますわ
2026-06-29 11:39:34,090 [INFO] [MainProcess] [Morphism] [Essentia] [ONNX-Inference] Essentia 分類推論を完了いたしましたわ (経過: 0.1629s)
2026-06-29 11:39:34,090 [INFO] [Direct-Process] ステム特徴量抽出完了 (経過: 117.2428s)
2026-06-29 11:39:34,129 [INFO] [Direct-Process] DB 登録(UPSERT)完了 (経過: 0.0370s)
2026-06-29 11:39:34,815 [INFO] [Direct-Process] デコード完了 (経過: 0.4417s, length: 9598512 samples)
2026-06-29 11:39:34,849 [INFO] [HTDemucs ONNX Memory] 推論処理を開始しますわ... (ONNX_LOCK 同期)
2026-06-29 11:39:49,031 [INFO] [HTDemucs ONNX Memory] 分離完了いたしましたわ！ 整合化を開始しますの。
2026-06-29 11:39:49,162 [INFO] [Direct-Process] Demucs 波形分離完了 (経過: 14.3471s)
2026-06-29 11:40:03,070 [INFO] [MainProcess] [Endomorphism] [DSP] [Pre-warming] 全ステム7本の遅延キャッシュ事前計算を完了いたしましたわ (経過: 13.9033s)
2026-06-29 11:40:03,070 [INFO] [MainProcess] [Morphism] [Librosa] [Extraction] Librosa による特徴量抽出(ThreadPool=8)を開始しますわ
2026-06-29 11:41:13,214 [INFO] [MainProcess] [Morphism] [Librosa] [Extraction] 全ステムの Librosa 特徴量抽出を完了いたしましたわ (経過: 70.1443s)
2026-06-29 11:41:13,215 [INFO] [MainProcess] [Endomorphism] [Post-processing] [SNR-Overwrite] ステム相対エネルギー比率(SNR)の上書きを完了いたしましたわ (経過: 0.0000s)
2026-06-29 11:41:13,215 [INFO] [MainProcess] [Morphism] [Essentia] [ONNX-Inference] Essentia (EffNet) 分類器17基による推論を開始しますわ
2026-06-29 11:41:13,339 [INFO] [MainProcess] [Morphism] [Essentia] [ONNX-Inference] Essentia 分類推論を完了いたしましたわ (経過: 0.1243s)
2026-06-29 11:41:13,339 [INFO] [Direct-Process] ステム特徴量抽出完了 (経過: 84.1734s)
2026-06-29 11:41:13,387 [INFO] [Direct-Process] DB 登録(UPSERT)完了 (経過: 0.0460s)
2026-06-29 11:41:13,876 [INFO] [Direct-Process] デコード完了 (経過: 0.3637s, length: 8269044 samples)
2026-06-29 11:41:13,906 [INFO] [HTDemucs ONNX Memory] 推論処理を開始しますわ... (ONNX_LOCK 同期)
2026-06-29 11:41:26,286 [INFO] [HTDemucs ONNX Memory] 分離完了いたしましたわ！ 整合化を開始しますの。
2026-06-29 11:41:26,391 [INFO] [Direct-Process] Demucs 波形分離完了 (経過: 12.5149s)
2026-06-29 11:41:38,402 [INFO] [MainProcess] [Endomorphism] [DSP] [Pre-warming] 全ステム7本の遅延キャッシュ事前計算を完了いたしましたわ (経過: 12.0089s)
2026-06-29 11:41:38,402 [INFO] [MainProcess] [Morphism] [Librosa] [Extraction] Librosa による特徴量抽出(ThreadPool=8)を開始しますわ
2026-06-29 11:42:38,281 [INFO] [MainProcess] [Morphism] [Librosa] [Extraction] 全ステムの Librosa 特徴量抽出を完了いたしましたわ (経過: 59.8787s)
2026-06-29 11:42:38,281 [INFO] [MainProcess] [Endomorphism] [Post-processing] [SNR-Overwrite] ステム相対エネルギー比率(SNR)の上書きを完了いたしましたわ (経過: 0.0000s)
2026-06-29 11:42:38,281 [INFO] [MainProcess] [Morphism] [Essentia] [ONNX-Inference] Essentia (EffNet) 分類器17基による推論を開始しますわ
2026-06-29 11:42:38,395 [INFO] [MainProcess] [Morphism] [Essentia] [ONNX-Inference] Essentia 分類推論を完了いたしましたわ (経過: 0.1141s)
2026-06-29 11:42:38,396 [INFO] [Direct-Process] ステム特徴量抽出完了 (経過: 72.0030s)
2026-06-29 11:42:38,436 [INFO] [Direct-Process] DB 登録(UPSERT)完了 (経過: 0.0387s)
2026-06-29 11:42:39,225 [INFO] [Direct-Process] デコード完了 (経過: 0.6741s, length: 14098476 samples)
2026-06-29 11:42:39,320 [INFO] [HTDemucs ONNX Memory] 推論処理を開始しますわ... (ONNX_LOCK 同期)
2026-06-29 11:42:59,124 [INFO] [HTDemucs ONNX Memory] 分離完了いたしましたわ！ 整合化を開始しますの。
2026-06-29 11:42:59,311 [INFO] [Direct-Process] Demucs 波形分離完了 (経過: 20.0848s)
2026-06-29 11:43:20,377 [INFO] [MainProcess] [Endomorphism] [DSP] [Pre-warming] 全ステム7本の遅延キャッシュ事前計算を完了いたしましたわ (経過: 21.0628s)
2026-06-29 11:43:20,377 [INFO] [MainProcess] [Morphism] [Librosa] [Extraction] Librosa による特徴量抽出(ThreadPool=8)を開始しますわ
2026-06-29 11:45:04,274 [INFO] [MainProcess] [Morphism] [Librosa] [Extraction] 全ステムの Librosa 特徴量抽出を完了いたしましたわ (経過: 103.8969s)
2026-06-29 11:45:04,274 [INFO] [MainProcess] [Endomorphism] [Post-processing] [SNR-Overwrite] ステム相対エネルギー比率(SNR)の上書きを完了いたしましたわ (経過: 0.0000s)
2026-06-29 11:45:04,274 [INFO] [MainProcess] [Morphism] [Essentia] [ONNX-Inference] Essentia (EffNet) 分類器17基による推論を開始しますわ
2026-06-29 11:45:04,445 [INFO] [MainProcess] [Morphism] [Essentia] [ONNX-Inference] Essentia 分類推論を完了いたしましたわ (経過: 0.1709s)
2026-06-29 11:45:04,446 [INFO] [Direct-Process] ステム特徴量抽出完了 (経過: 125.1319s)
2026-06-29 11:45:04,493 [INFO] [Direct-Process] DB 登録(UPSERT)完了 (経過: 0.0460s)
2026-06-29 11:45:10,159 [INFO] [Timestamp Inheritance] Windows ctypesを用いてタイムスタンプを完全継承しましたわ！ (target: K@akeru Records[2019]Comple-X 2.0.flac)
2026-06-29 11:45:10,161 [INFO] [Direct-Process] OK: M:\Music\album\EDM\complextro\K@akeru Records[2019]Comple-X 2.0.flac
2026-06-29 11:45:10,239 [INFO] OK: K@akeru Records[2019]Comple-X 2.0.flac (8 トラック処理完了, 0 トラック既処理スキップ)
