2026-06-27 04:40:38,452 [INFO] ONNX使用可能演算器: ['TensorrtExecutionProvider', 'CUDAExecutionProvider', 'CPUExecutionProvider']
2026-06-27 04:40:38,453 [INFO] 直列実行用ロード     : ['CUDAExecutionProvider', 'CPUExecutionProvider']
2026-06-27 04:40:38,732 [INFO] ONNXセッション直列化ロード完了！ (分類器数: 17)
2026-06-27 04:40:38,732 [INFO] [WorkerONNX] Consumer 内 ONNX 直列セッション初期化完了！（分類器数: 17)
2026-06-27 04:40:38,744 [INFO] [Direct-Process] 解析開始: Image 4[鳥山雄司][XW, new-a..].flac
2026-06-27 04:40:39,441 [INFO] 波形分離モデル (GLOBAL_DEMUCS) をロードしますわ... (use_dml=False)
2026-06-27 04:40:39,441 [INFO] HTDemucsSeparator 初期化: model=htdemucs_6s, precision=fp16weights, providers=['CUDAExecutionProvider', 'CPUExecutionProvider']
2026-06-27 04:40:54,771 [INFO] HTDemucs ONNX 実機モデルロードに成功いたしましたわ！
2026-06-27 04:40:55,351 [INFO] [Direct-Process] デコード完了 (経過: 0.5796s, length: 12279204 samples)
2026-06-27 04:40:55,398 [INFO] [HTDemucs ONNX Memory] 推論処理を開始しますわ... (ONNX_LOCK 同期)
2026-06-27 04:41:14,275 [INFO] [HTDemucs ONNX Memory] 分離完了いたしましたわ！ 整合化を開始しますの。
2026-06-27 04:41:14,425 [INFO] [Direct-Process] Demucs 波形分離完了 (経過: 19.0736s)
2026-06-27 04:41:35,488 [INFO] [MainProcess] [Endomorphism] [DSP] [Pre-warming] 全ステム7本の遅延キャッシュ事前計算を完了いたしましたわ (経過: 21.0610s)
2026-06-27 04:41:35,489 [INFO] [MainProcess] [Morphism] [Librosa] [Extraction] Librosa による特徴量抽出(ThreadPool=8)を開始しますわ
2026-06-27 04:42:53,615 [INFO] [MainProcess] [Morphism] [Librosa] [Extraction] 全ステムの Librosa 特徴量抽出を完了いたしましたわ (経過: 78.1266s)
2026-06-27 04:42:53,616 [INFO] [MainProcess] [Endomorphism] [Post-processing] [SNR-Overwrite] ステム相対エネルギー比率(SNR)の上書きを完了いたしましたわ (経過: 0.0000s)
2026-06-27 04:42:53,616 [INFO] [MainProcess] [Morphism] [Essentia] [ONNX-Inference] Essentia (EffNet) 分類器17基による推論を開始しますわ
2026-06-27 04:42:54,238 [INFO] [MainProcess] [Morphism] [Essentia] [ONNX-Inference] Essentia 分類推論を完了いたしましたわ (経過: 0.6220s)
2026-06-27 04:42:54,238 [INFO] [Direct-Process] ステム特徴量抽出完了 (経過: 99.8109s)
2026-06-27 04:42:54,290 [INFO] [Direct-Process] DB 登録(UPSERT)完了 (経過: 0.0498s)
2026-06-27 04:42:54,797 [INFO] [Direct-Process] デコード完了 (経過: 0.3693s, length: 8862336 samples)
2026-06-27 04:42:54,828 [INFO] [HTDemucs ONNX Memory] 推論処理を開始しますわ... (ONNX_LOCK 同期)
2026-06-27 04:43:08,185 [INFO] [HTDemucs ONNX Memory] 分離完了いたしましたわ！ 整合化を開始しますの。
2026-06-27 04:43:08,297 [INFO] [Direct-Process] Demucs 波形分離完了 (経過: 13.4990s)
2026-06-27 04:43:21,391 [INFO] [MainProcess] [Endomorphism] [DSP] [Pre-warming] 全ステム7本の遅延キャッシュ事前計算を完了いたしましたわ (経過: 13.0923s)
2026-06-27 04:43:21,392 [INFO] [MainProcess] [Morphism] [Librosa] [Extraction] Librosa による特徴量抽出(ThreadPool=8)を開始しますわ
2026-06-27 04:44:20,549 [INFO] [MainProcess] [Morphism] [Librosa] [Extraction] 全ステムの Librosa 特徴量抽出を完了いたしましたわ (経過: 59.1579s)
2026-06-27 04:44:20,550 [INFO] [MainProcess] [Endomorphism] [Post-processing] [SNR-Overwrite] ステム相対エネルギー比率(SNR)の上書きを完了いたしましたわ (経過: 0.0000s)
2026-06-27 04:44:20,550 [INFO] [MainProcess] [Morphism] [Essentia] [ONNX-Inference] Essentia (EffNet) 分類器17基による推論を開始しますわ
2026-06-27 04:44:20,997 [INFO] [MainProcess] [Morphism] [Essentia] [ONNX-Inference] Essentia 分類推論を完了いたしましたわ (経過: 0.4467s)
2026-06-27 04:44:20,997 [INFO] [Direct-Process] ステム特徴量抽出完了 (経過: 72.6982s)
2026-06-27 04:44:21,036 [INFO] [Direct-Process] DB 登録(UPSERT)完了 (経過: 0.0368s)
2026-06-27 04:44:21,738 [INFO] [Direct-Process] デコード完了 (経過: 0.5234s, length: 12161016 samples)
2026-06-27 04:44:21,781 [INFO] [HTDemucs ONNX Memory] 推論処理を開始しますわ... (ONNX_LOCK 同期)
2026-06-27 04:44:40,292 [INFO] [HTDemucs ONNX Memory] 分離完了いたしましたわ！ 整合化を開始しますの。
2026-06-27 04:44:40,442 [INFO] [Direct-Process] Demucs 波形分離完了 (経過: 18.7033s)
2026-06-27 04:44:57,783 [INFO] [MainProcess] [Endomorphism] [DSP] [Pre-warming] 全ステム7本の遅延キャッシュ事前計算を完了いたしましたわ (経過: 17.3385s)
2026-06-27 04:44:57,784 [INFO] [MainProcess] [Morphism] [Librosa] [Extraction] Librosa による特徴量抽出(ThreadPool=8)を開始しますわ
2026-06-27 04:46:19,464 [INFO] [MainProcess] [Morphism] [Librosa] [Extraction] 全ステムの Librosa 特徴量抽出を完了いたしましたわ (経過: 81.6802s)
2026-06-27 04:46:19,464 [INFO] [MainProcess] [Endomorphism] [Post-processing] [SNR-Overwrite] ステム相対エネルギー比率(SNR)の上書きを完了いたしましたわ (経過: 0.0000s)
2026-06-27 04:46:19,464 [INFO] [MainProcess] [Morphism] [Essentia] [ONNX-Inference] Essentia (EffNet) 分類器17基による推論を開始しますわ
2026-06-27 04:46:19,954 [INFO] [MainProcess] [Morphism] [Essentia] [ONNX-Inference] Essentia 分類推論を完了いたしましたわ (経過: 0.4897s)
2026-06-27 04:46:19,955 [INFO] [Direct-Process] ステム特徴量抽出完了 (経過: 99.5097s)
2026-06-27 04:46:20,001 [INFO] [Direct-Process] DB 登録(UPSERT)完了 (経過: 0.0439s)
2026-06-27 04:46:20,666 [INFO] [Direct-Process] デコード完了 (経過: 0.4608s, length: 10858596 samples)
2026-06-27 04:46:20,704 [INFO] [HTDemucs ONNX Memory] 推論処理を開始しますわ... (ONNX_LOCK 同期)
2026-06-27 04:46:36,609 [INFO] [HTDemucs ONNX Memory] 分離完了いたしましたわ！ 整合化を開始しますの。
2026-06-27 04:46:36,746 [INFO] [Direct-Process] Demucs 波形分離完了 (経過: 16.0793s)
2026-06-27 04:46:52,465 [INFO] [MainProcess] [Endomorphism] [DSP] [Pre-warming] 全ステム7本の遅延キャッシュ事前計算を完了いたしましたわ (経過: 15.7167s)
2026-06-27 04:46:52,465 [INFO] [MainProcess] [Morphism] [Librosa] [Extraction] Librosa による特徴量抽出(ThreadPool=8)を開始しますわ
2026-06-27 04:48:08,154 [INFO] [MainProcess] [Morphism] [Librosa] [Extraction] 全ステムの Librosa 特徴量抽出を完了いたしましたわ (経過: 75.6890s)
2026-06-27 04:48:08,155 [INFO] [MainProcess] [Endomorphism] [Post-processing] [SNR-Overwrite] ステム相対エネルギー比率(SNR)の上書きを完了いたしましたわ (経過: 0.0000s)
2026-06-27 04:48:08,155 [INFO] [MainProcess] [Morphism] [Essentia] [ONNX-Inference] Essentia (EffNet) 分類器17基による推論を開始しますわ
2026-06-27 04:48:08,521 [INFO] [MainProcess] [Morphism] [Essentia] [ONNX-Inference] Essentia 分類推論を完了いたしましたわ (経過: 0.3661s)
2026-06-27 04:48:08,521 [INFO] [Direct-Process] ステム特徴量抽出完了 (経過: 91.7731s)
2026-06-27 04:48:08,564 [INFO] [Direct-Process] DB 登録(UPSERT)完了 (経過: 0.0405s)
2026-06-27 04:48:09,312 [INFO] [Direct-Process] デコード完了 (経過: 0.6250s, length: 14458920 samples)
2026-06-27 04:48:09,363 [INFO] [HTDemucs ONNX Memory] 推論処理を開始しますわ... (ONNX_LOCK 同期)
2026-06-27 04:48:30,672 [INFO] [HTDemucs ONNX Memory] 分離完了いたしましたわ！ 整合化を開始しますの。
2026-06-27 04:48:30,848 [INFO] [Direct-Process] Demucs 波形分離完了 (経過: 21.5353s)
2026-06-27 04:48:51,678 [INFO] [MainProcess] [Endomorphism] [DSP] [Pre-warming] 全ステム7本の遅延キャッシュ事前計算を完了いたしましたわ (経過: 20.8263s)
2026-06-27 04:48:51,678 [INFO] [MainProcess] [Morphism] [Librosa] [Extraction] Librosa による特徴量抽出(ThreadPool=8)を開始しますわ
2026-06-27 04:50:36,790 [INFO] [MainProcess] [Morphism] [Librosa] [Extraction] 全ステムの Librosa 特徴量抽出を完了いたしましたわ (経過: 105.1125s)
2026-06-27 04:50:36,791 [INFO] [MainProcess] [Endomorphism] [Post-processing] [SNR-Overwrite] ステム相対エネルギー比率(SNR)の上書きを完了いたしましたわ (経過: 0.0000s)
2026-06-27 04:50:36,791 [INFO] [MainProcess] [Morphism] [Essentia] [ONNX-Inference] Essentia (EffNet) 分類器17基による推論を開始しますわ
2026-06-27 04:50:37,275 [INFO] [MainProcess] [Morphism] [Essentia] [ONNX-Inference] Essentia 分類推論を完了いたしましたわ (経過: 0.4838s)
2026-06-27 04:50:37,275 [INFO] [Direct-Process] ステム特徴量抽出完了 (経過: 126.4240s)
2026-06-27 04:50:37,314 [INFO] [Direct-Process] DB 登録(UPSERT)完了 (経過: 0.0369s)
2026-06-27 04:50:37,865 [INFO] [Direct-Process] デコード完了 (経過: 0.3994s, length: 9483264 samples)
2026-06-27 04:50:37,900 [INFO] [HTDemucs ONNX Memory] 推論処理を開始しますわ... (ONNX_LOCK 同期)
2026-06-27 04:50:51,739 [INFO] [HTDemucs ONNX Memory] 分離完了いたしましたわ！ 整合化を開始しますの。
2026-06-27 04:50:51,855 [INFO] [Direct-Process] Demucs 波形分離完了 (経過: 13.9895s)
2026-06-27 04:51:05,620 [INFO] [MainProcess] [Endomorphism] [DSP] [Pre-warming] 全ステム7本の遅延キャッシュ事前計算を完了いたしましたわ (経過: 13.7633s)
2026-06-27 04:51:05,620 [INFO] [MainProcess] [Morphism] [Librosa] [Extraction] Librosa による特徴量抽出(ThreadPool=8)を開始しますわ
2026-06-27 04:52:08,844 [INFO] [MainProcess] [Morphism] [Librosa] [Extraction] 全ステムの Librosa 特徴量抽出を完了いたしましたわ (経過: 63.2236s)
2026-06-27 04:52:08,844 [INFO] [MainProcess] [Endomorphism] [Post-processing] [SNR-Overwrite] ステム相対エネルギー比率(SNR)の上書きを完了いたしましたわ (経過: 0.0000s)
2026-06-27 04:52:08,844 [INFO] [MainProcess] [Morphism] [Essentia] [ONNX-Inference] Essentia (EffNet) 分類器17基による推論を開始しますわ
2026-06-27 04:52:09,245 [INFO] [MainProcess] [Morphism] [Essentia] [ONNX-Inference] Essentia 分類推論を完了いたしましたわ (経過: 0.4001s)
2026-06-27 04:52:09,245 [INFO] [Direct-Process] ステム特徴量抽出完了 (経過: 77.3884s)
2026-06-27 04:52:09,285 [INFO] [Direct-Process] DB 登録(UPSERT)完了 (経過: 0.0372s)
2026-06-27 04:52:09,882 [INFO] [Direct-Process] デコード完了 (経過: 0.4822s, length: 11563608 samples)
2026-06-27 04:52:09,925 [INFO] [HTDemucs ONNX Memory] 推論処理を開始しますわ... (ONNX_LOCK 同期)
2026-06-27 04:52:26,842 [INFO] [HTDemucs ONNX Memory] 分離完了いたしましたわ！ 整合化を開始しますの。
2026-06-27 04:52:26,986 [INFO] [Direct-Process] Demucs 波形分離完了 (経過: 17.1028s)
2026-06-27 04:52:43,693 [INFO] [MainProcess] [Endomorphism] [DSP] [Pre-warming] 全ステム7本の遅延キャッシュ事前計算を完了いたしましたわ (経過: 16.7046s)
2026-06-27 04:52:43,693 [INFO] [MainProcess] [Morphism] [Librosa] [Extraction] Librosa による特徴量抽出(ThreadPool=8)を開始しますわ
2026-06-27 04:53:58,275 [INFO] [MainProcess] [Morphism] [Librosa] [Extraction] 全ステムの Librosa 特徴量抽出を完了いたしましたわ (経過: 74.5822s)
2026-06-27 04:53:58,276 [INFO] [MainProcess] [Endomorphism] [Post-processing] [SNR-Overwrite] ステム相対エネルギー比率(SNR)の上書きを完了いたしましたわ (経過: 0.0000s)
2026-06-27 04:53:58,276 [INFO] [MainProcess] [Morphism] [Essentia] [ONNX-Inference] Essentia (EffNet) 分類器17基による推論を開始しますわ
2026-06-27 04:53:58,619 [INFO] [MainProcess] [Morphism] [Essentia] [ONNX-Inference] Essentia 分類推論を完了いたしましたわ (経過: 0.3435s)
2026-06-27 04:53:58,620 [INFO] [Direct-Process] ステム特徴量抽出完了 (経過: 91.6315s)
2026-06-27 04:53:58,657 [INFO] [Direct-Process] DB 登録(UPSERT)完了 (経過: 0.0357s)
2026-06-27 04:53:59,389 [INFO] [Direct-Process] デコード完了 (経過: 0.6039s, length: 12602016 samples)
2026-06-27 04:53:59,435 [INFO] [HTDemucs ONNX Memory] 推論処理を開始しますわ... (ONNX_LOCK 同期)
2026-06-27 04:54:17,946 [INFO] [HTDemucs ONNX Memory] 分離完了いたしましたわ！ 整合化を開始しますの。
2026-06-27 04:54:18,112 [INFO] [Direct-Process] Demucs 波形分離完了 (経過: 18.7229s)
2026-06-27 04:54:36,504 [INFO] [MainProcess] [Endomorphism] [DSP] [Pre-warming] 全ステム7本の遅延キャッシュ事前計算を完了いたしましたわ (経過: 18.3868s)
2026-06-27 04:54:36,504 [INFO] [MainProcess] [Morphism] [Librosa] [Extraction] Librosa による特徴量抽出(ThreadPool=8)を開始しますわ
2026-06-27 04:56:01,408 [INFO] [MainProcess] [Morphism] [Librosa] [Extraction] 全ステムの Librosa 特徴量抽出を完了いたしましたわ (経過: 84.9040s)
2026-06-27 04:56:01,409 [INFO] [MainProcess] [Endomorphism] [Post-processing] [SNR-Overwrite] ステム相対エネルギー比率(SNR)の上書きを完了いたしましたわ (経過: 0.0000s)
2026-06-27 04:56:01,409 [INFO] [MainProcess] [Morphism] [Essentia] [ONNX-Inference] Essentia (EffNet) 分類器17基による推論を開始しますわ
2026-06-27 04:56:01,782 [INFO] [MainProcess] [Morphism] [Essentia] [ONNX-Inference] Essentia 分類推論を完了いたしましたわ (経過: 0.3727s)
2026-06-27 04:56:01,782 [INFO] [Direct-Process] ステム特徴量抽出完了 (経過: 103.6653s)
2026-06-27 04:56:01,821 [INFO] [Direct-Process] DB 登録(UPSERT)完了 (経過: 0.0372s)
2026-06-27 04:56:02,534 [INFO] [Direct-Process] デコード完了 (経過: 0.5756s, length: 12322715 samples)
2026-06-27 04:56:02,577 [INFO] [HTDemucs ONNX Memory] 推論処理を開始しますわ... (ONNX_LOCK 同期)
2026-06-27 04:56:20,023 [INFO] [HTDemucs ONNX Memory] 分離完了いたしましたわ！ 整合化を開始しますの。
2026-06-27 04:56:20,192 [INFO] [Direct-Process] Demucs 波形分離完了 (経過: 17.6576s)
2026-06-27 04:56:37,719 [INFO] [MainProcess] [Endomorphism] [DSP] [Pre-warming] 全ステム7本の遅延キャッシュ事前計算を完了いたしましたわ (経過: 17.5239s)
2026-06-27 04:56:37,719 [INFO] [MainProcess] [Morphism] [Librosa] [Extraction] Librosa による特徴量抽出(ThreadPool=8)を開始しますわ
2026-06-27 04:57:59,631 [INFO] [MainProcess] [Morphism] [Librosa] [Extraction] 全ステムの Librosa 特徴量抽出を完了いたしましたわ (経過: 81.9125s)
2026-06-27 04:57:59,632 [INFO] [MainProcess] [Endomorphism] [Post-processing] [SNR-Overwrite] ステム相対エネルギー比率(SNR)の上書きを完了いたしましたわ (経過: 0.0000s)
2026-06-27 04:57:59,632 [INFO] [MainProcess] [Morphism] [Essentia] [ONNX-Inference] Essentia (EffNet) 分類器17基による推論を開始しますわ
2026-06-27 04:58:00,125 [INFO] [MainProcess] [Morphism] [Essentia] [ONNX-Inference] Essentia 分類推論を完了いたしましたわ (経過: 0.4932s)
2026-06-27 04:58:00,125 [INFO] [Direct-Process] ステム特徴量抽出完了 (経過: 99.9307s)
2026-06-27 04:58:00,167 [INFO] [Direct-Process] DB 登録(UPSERT)完了 (経過: 0.0401s)
2026-06-27 04:58:00,664 [INFO] [Direct-Process] デコード完了 (経過: 0.3578s, length: 7996801 samples)
2026-06-27 04:58:00,692 [INFO] [HTDemucs ONNX Memory] 推論処理を開始しますわ... (ONNX_LOCK 同期)
2026-06-27 04:58:12,353 [INFO] [HTDemucs ONNX Memory] 分離完了いたしましたわ！ 整合化を開始しますの。
2026-06-27 04:58:12,451 [INFO] [Direct-Process] Demucs 波形分離完了 (経過: 11.7864s)
2026-06-27 04:58:23,969 [INFO] [MainProcess] [Endomorphism] [DSP] [Pre-warming] 全ステム7本の遅延キャッシュ事前計算を完了いたしましたわ (経過: 11.5162s)
2026-06-27 04:58:23,969 [INFO] [MainProcess] [Morphism] [Librosa] [Extraction] Librosa による特徴量抽出(ThreadPool=8)を開始しますわ
2026-06-27 04:59:17,456 [INFO] [MainProcess] [Morphism] [Librosa] [Extraction] 全ステムの Librosa 特徴量抽出を完了いたしましたわ (経過: 53.4867s)
2026-06-27 04:59:17,456 [INFO] [MainProcess] [Endomorphism] [Post-processing] [SNR-Overwrite] ステム相対エネルギー比率(SNR)の上書きを完了いたしましたわ (経過: 0.0000s)
2026-06-27 04:59:17,457 [INFO] [MainProcess] [Morphism] [Essentia] [ONNX-Inference] Essentia (EffNet) 分類器17基による推論を開始しますわ
2026-06-27 04:59:17,904 [INFO] [MainProcess] [Morphism] [Essentia] [ONNX-Inference] Essentia 分類推論を完了いたしましたわ (経過: 0.4470s)
2026-06-27 04:59:17,904 [INFO] [Direct-Process] ステム特徴量抽出完了 (経過: 65.4512s)
2026-06-27 04:59:17,945 [INFO] [Direct-Process] DB 登録(UPSERT)完了 (経過: 0.0389s)
2026-06-27 04:59:18,417 [INFO] [Direct-Process] デコード完了 (経過: 0.3600s, length: 7180656 samples)
2026-06-27 04:59:18,442 [INFO] [HTDemucs ONNX Memory] 推論処理を開始しますわ... (ONNX_LOCK 同期)
2026-06-27 04:59:28,848 [INFO] [HTDemucs ONNX Memory] 分離完了いたしましたわ！ 整合化を開始しますの。
2026-06-27 04:59:28,938 [INFO] [Direct-Process] Demucs 波形分離完了 (経過: 10.5208s)
2026-06-27 04:59:39,348 [INFO] [MainProcess] [Endomorphism] [DSP] [Pre-warming] 全ステム7本の遅延キャッシュ事前計算を完了いたしましたわ (経過: 10.4087s)
2026-06-27 04:59:39,349 [INFO] [MainProcess] [Morphism] [Librosa] [Extraction] Librosa による特徴量抽出(ThreadPool=8)を開始しますわ
2026-06-27 05:00:31,449 [INFO] [MainProcess] [Morphism] [Librosa] [Extraction] 全ステムの Librosa 特徴量抽出を完了いたしましたわ (経過: 52.1002s)
2026-06-27 05:00:31,449 [INFO] [MainProcess] [Endomorphism] [Post-processing] [SNR-Overwrite] ステム相対エネルギー比率(SNR)の上書きを完了いたしましたわ (経過: 0.0000s)
2026-06-27 05:00:31,449 [INFO] [MainProcess] [Morphism] [Essentia] [ONNX-Inference] Essentia (EffNet) 分類器17基による推論を開始しますわ
2026-06-27 05:00:31,883 [INFO] [MainProcess] [Morphism] [Essentia] [ONNX-Inference] Essentia 分類推論を完了いたしましたわ (経過: 0.4334s)
2026-06-27 05:00:31,883 [INFO] [Direct-Process] ステム特徴量抽出完了 (経過: 62.9438s)
2026-06-27 05:00:31,921 [INFO] [Direct-Process] DB 登録(UPSERT)完了 (経過: 0.0356s)
2026-06-27 05:00:32,539 [INFO] [Direct-Process] デコード完了 (経過: 0.5104s, length: 11599476 samples)
2026-06-27 05:00:32,580 [INFO] [HTDemucs ONNX Memory] 推論処理を開始しますわ... (ONNX_LOCK 同期)
2026-06-27 05:00:50,029 [INFO] [HTDemucs ONNX Memory] 分離完了いたしましたわ！ 整合化を開始しますの。
2026-06-27 05:00:50,178 [INFO] [Direct-Process] Demucs 波形分離完了 (経過: 17.6378s)
2026-06-27 05:01:06,766 [INFO] [MainProcess] [Endomorphism] [DSP] [Pre-warming] 全ステム7本の遅延キャッシュ事前計算を完了いたしましたわ (経過: 16.5858s)
2026-06-27 05:01:06,766 [INFO] [MainProcess] [Morphism] [Librosa] [Extraction] Librosa による特徴量抽出(ThreadPool=8)を開始しますわ
2026-06-27 05:02:21,849 [INFO] [MainProcess] [Morphism] [Librosa] [Extraction] 全ステムの Librosa 特徴量抽出を完了いたしましたわ (経過: 75.0829s)
2026-06-27 05:02:21,849 [INFO] [MainProcess] [Endomorphism] [Post-processing] [SNR-Overwrite] ステム相対エネルギー比率(SNR)の上書きを完了いたしましたわ (経過: 0.0000s)
2026-06-27 05:02:21,850 [INFO] [MainProcess] [Morphism] [Essentia] [ONNX-Inference] Essentia (EffNet) 分類器17基による推論を開始しますわ
2026-06-27 05:02:22,253 [INFO] [MainProcess] [Morphism] [Essentia] [ONNX-Inference] Essentia 分類推論を完了いたしましたわ (経過: 0.4032s)
2026-06-27 05:02:22,253 [INFO] [Direct-Process] ステム特徴量抽出完了 (経過: 92.0732s)
2026-06-27 05:02:22,299 [INFO] [Direct-Process] DB 登録(UPSERT)完了 (経過: 0.0438s)
2026-06-27 05:02:22,949 [INFO] [Direct-Process] デコード完了 (経過: 0.5197s, length: 12694920 samples)
2026-06-27 05:02:22,994 [INFO] [HTDemucs ONNX Memory] 推論処理を開始しますわ... (ONNX_LOCK 同期)
2026-06-27 05:02:42,079 [INFO] [HTDemucs ONNX Memory] 分離完了いたしましたわ！ 整合化を開始しますの。
2026-06-27 05:02:42,241 [INFO] [Direct-Process] Demucs 波形分離完了 (経過: 19.2916s)
2026-06-27 05:03:00,777 [INFO] [MainProcess] [Endomorphism] [DSP] [Pre-warming] 全ステム7本の遅延キャッシュ事前計算を完了いたしましたわ (経過: 18.5331s)
2026-06-27 05:03:00,778 [INFO] [MainProcess] [Morphism] [Librosa] [Extraction] Librosa による特徴量抽出(ThreadPool=8)を開始しますわ
2026-06-27 05:04:24,443 [INFO] [MainProcess] [Morphism] [Librosa] [Extraction] 全ステムの Librosa 特徴量抽出を完了いたしましたわ (経過: 83.6656s)
2026-06-27 05:04:24,444 [INFO] [MainProcess] [Endomorphism] [Post-processing] [SNR-Overwrite] ステム相対エネルギー比率(SNR)の上書きを完了いたしましたわ (経過: 0.0000s)
2026-06-27 05:04:24,444 [INFO] [MainProcess] [Morphism] [Essentia] [ONNX-Inference] Essentia (EffNet) 分類器17基による推論を開始しますわ
2026-06-27 05:04:24,825 [INFO] [MainProcess] [Morphism] [Essentia] [ONNX-Inference] Essentia 分類推論を完了いたしましたわ (経過: 0.3811s)
2026-06-27 05:04:24,825 [INFO] [Direct-Process] ステム特徴量抽出完了 (経過: 102.5810s)
2026-06-27 05:04:24,867 [INFO] [Direct-Process] DB 登録(UPSERT)完了 (経過: 0.0391s)
2026-06-27 05:04:25,481 [INFO] [Direct-Process] デコード完了 (経過: 0.4700s, length: 9290988 samples)
2026-06-27 05:04:25,514 [INFO] [HTDemucs ONNX Memory] 推論処理を開始しますわ... (ONNX_LOCK 同期)
2026-06-27 05:04:39,461 [INFO] [HTDemucs ONNX Memory] 分離完了いたしましたわ！ 整合化を開始しますの。
2026-06-27 05:04:39,577 [INFO] [Direct-Process] Demucs 波形分離完了 (経過: 14.0956s)
2026-06-27 05:04:52,938 [INFO] [MainProcess] [Endomorphism] [DSP] [Pre-warming] 全ステム7本の遅延キャッシュ事前計算を完了いたしましたわ (経過: 13.3595s)
2026-06-27 05:04:52,939 [INFO] [MainProcess] [Morphism] [Librosa] [Extraction] Librosa による特徴量抽出(ThreadPool=8)を開始しますわ
2026-06-27 05:05:52,994 [INFO] [MainProcess] [Morphism] [Librosa] [Extraction] 全ステムの Librosa 特徴量抽出を完了いたしましたわ (経過: 60.0556s)
2026-06-27 05:05:52,994 [INFO] [MainProcess] [Endomorphism] [Post-processing] [SNR-Overwrite] ステム相対エネルギー比率(SNR)の上書きを完了いたしましたわ (経過: 0.0000s)
2026-06-27 05:05:52,995 [INFO] [MainProcess] [Morphism] [Essentia] [ONNX-Inference] Essentia (EffNet) 分類器17基による推論を開始しますわ
2026-06-27 05:05:53,386 [INFO] [MainProcess] [Morphism] [Essentia] [ONNX-Inference] Essentia 分類推論を完了いたしましたわ (経過: 0.3912s)
2026-06-27 05:05:53,386 [INFO] [Direct-Process] ステム特徴量抽出完了 (経過: 73.8075s)
2026-06-27 05:05:53,578 [INFO] [Direct-Process] DB 登録(UPSERT)完了 (経過: 0.1900s)
2026-06-27 05:05:54,263 [INFO] [Direct-Process] デコード完了 (経過: 0.5645s, length: 11260200 samples)
2026-06-27 05:05:54,303 [INFO] [HTDemucs ONNX Memory] 推論処理を開始しますわ... (ONNX_LOCK 同期)
2026-06-27 05:06:11,074 [INFO] [HTDemucs ONNX Memory] 分離完了いたしましたわ！ 整合化を開始しますの。
2026-06-27 05:06:11,218 [INFO] [Direct-Process] Demucs 波形分離完了 (経過: 16.9548s)
2026-06-27 05:06:27,583 [INFO] [MainProcess] [Endomorphism] [DSP] [Pre-warming] 全ステム7本の遅延キャッシュ事前計算を完了いたしましたわ (経過: 16.3628s)
2026-06-27 05:06:27,584 [INFO] [MainProcess] [Morphism] [Librosa] [Extraction] Librosa による特徴量抽出(ThreadPool=8)を開始しますわ
2026-06-27 05:07:48,586 [INFO] [MainProcess] [Morphism] [Librosa] [Extraction] 全ステムの Librosa 特徴量抽出を完了いたしましたわ (経過: 81.0025s)
2026-06-27 05:07:48,586 [INFO] [MainProcess] [Endomorphism] [Post-processing] [SNR-Overwrite] ステム相対エネルギー比率(SNR)の上書きを完了いたしましたわ (経過: 0.0000s)
2026-06-27 05:07:48,586 [INFO] [MainProcess] [Morphism] [Essentia] [ONNX-Inference] Essentia (EffNet) 分類器17基による推論を開始しますわ
2026-06-27 05:07:48,968 [INFO] [MainProcess] [Morphism] [Essentia] [ONNX-Inference] Essentia 分類推論を完了いたしましたわ (経過: 0.3813s)
2026-06-27 05:07:48,968 [INFO] [Direct-Process] ステム特徴量抽出完了 (経過: 97.7479s)
2026-06-27 05:07:49,009 [INFO] [Direct-Process] DB 登録(UPSERT)完了 (経過: 0.0389s)
2026-06-27 05:07:49,741 [INFO] [Direct-Process] デコード完了 (経過: 0.5333s, length: 12165720 samples)
2026-06-27 05:07:49,784 [INFO] [HTDemucs ONNX Memory] 推論処理を開始しますわ... (ONNX_LOCK 同期)
2026-06-27 05:08:08,191 [INFO] [HTDemucs ONNX Memory] 分離完了いたしましたわ！ 整合化を開始しますの。
2026-06-27 05:08:08,344 [INFO] [Direct-Process] Demucs 波形分離完了 (経過: 18.6029s)
2026-06-27 05:08:26,041 [INFO] [MainProcess] [Endomorphism] [DSP] [Pre-warming] 全ステム7本の遅延キャッシュ事前計算を完了いたしましたわ (経過: 17.6946s)
2026-06-27 05:08:26,041 [INFO] [MainProcess] [Morphism] [Librosa] [Extraction] Librosa による特徴量抽出(ThreadPool=8)を開始しますわ
2026-06-27 05:09:49,970 [INFO] [MainProcess] [Morphism] [Librosa] [Extraction] 全ステムの Librosa 特徴量抽出を完了いたしましたわ (経過: 83.9285s)
2026-06-27 05:09:49,970 [INFO] [MainProcess] [Endomorphism] [Post-processing] [SNR-Overwrite] ステム相対エネルギー比率(SNR)の上書きを完了いたしましたわ (経過: 0.0000s)
2026-06-27 05:09:49,970 [INFO] [MainProcess] [Morphism] [Essentia] [ONNX-Inference] Essentia (EffNet) 分類器17基による推論を開始しますわ
2026-06-27 05:09:50,315 [INFO] [MainProcess] [Morphism] [Essentia] [ONNX-Inference] Essentia 分類推論を完了いたしましたわ (経過: 0.3446s)
2026-06-27 05:09:50,315 [INFO] [Direct-Process] ステム特徴量抽出完了 (経過: 101.9689s)
2026-06-27 05:09:50,416 [INFO] [Direct-Process] DB 登録(UPSERT)完了 (経過: 0.0989s)
2026-06-27 05:09:50,937 [INFO] [Direct-Process] デコード完了 (経過: 0.3848s, length: 9151632 samples)
2026-06-27 05:09:50,968 [INFO] [HTDemucs ONNX Memory] 推論処理を開始しますわ... (ONNX_LOCK 同期)
2026-06-27 05:10:04,215 [INFO] [HTDemucs ONNX Memory] 分離完了いたしましたわ！ 整合化を開始しますの。
2026-06-27 05:10:04,326 [INFO] [Direct-Process] Demucs 波形分離完了 (経過: 13.3891s)
2026-06-27 05:10:17,639 [INFO] [MainProcess] [Endomorphism] [DSP] [Pre-warming] 全ステム7本の遅延キャッシュ事前計算を完了いたしましたわ (経過: 13.3106s)
2026-06-27 05:10:17,639 [INFO] [MainProcess] [Morphism] [Librosa] [Extraction] Librosa による特徴量抽出(ThreadPool=8)を開始しますわ
2026-06-27 05:11:10,868 [INFO] [MainProcess] [Morphism] [Librosa] [Extraction] 全ステムの Librosa 特徴量抽出を完了いたしましたわ (経過: 53.2284s)
2026-06-27 05:11:10,868 [INFO] [MainProcess] [Endomorphism] [Post-processing] [SNR-Overwrite] ステム相対エネルギー比率(SNR)の上書きを完了いたしましたわ (経過: 0.0000s)
2026-06-27 05:11:10,868 [INFO] [MainProcess] [Morphism] [Essentia] [ONNX-Inference] Essentia (EffNet) 分類器17基による推論を開始しますわ
2026-06-27 05:11:11,282 [INFO] [MainProcess] [Morphism] [Essentia] [ONNX-Inference] Essentia 分類推論を完了いたしましたわ (経過: 0.4140s)
2026-06-27 05:11:11,283 [INFO] [Direct-Process] ステム特徴量抽出完了 (経過: 66.9542s)
2026-06-27 05:11:17,160 [INFO] [Direct-Process] DB 登録(UPSERT)完了 (経過: 5.8755s)
2026-06-27 05:11:17,650 [INFO] [Direct-Process] デコード完了 (経過: 0.3718s, length: 9315095 samples)
2026-06-27 05:11:17,682 [INFO] [HTDemucs ONNX Memory] 推論処理を開始しますわ... (ONNX_LOCK 同期)
2026-06-27 05:11:31,455 [INFO] [HTDemucs ONNX Memory] 分離完了いたしましたわ！ 整合化を開始しますの。
2026-06-27 05:11:31,571 [INFO] [Direct-Process] Demucs 波形分離完了 (経過: 13.9213s)
2026-06-27 05:11:45,041 [INFO] [MainProcess] [Endomorphism] [DSP] [Pre-warming] 全ステム7本の遅延キャッシュ事前計算を完了いたしましたわ (経過: 13.4672s)
2026-06-27 05:11:45,041 [INFO] [MainProcess] [Morphism] [Librosa] [Extraction] Librosa による特徴量抽出(ThreadPool=8)を開始しますわ
2026-06-27 05:12:50,148 [INFO] [MainProcess] [Morphism] [Librosa] [Extraction] 全ステムの Librosa 特徴量抽出を完了いたしましたわ (経過: 65.1066s)
2026-06-27 05:12:50,148 [INFO] [MainProcess] [Endomorphism] [Post-processing] [SNR-Overwrite] ステム相対エネルギー比率(SNR)の上書きを完了いたしましたわ (経過: 0.0000s)
2026-06-27 05:12:50,148 [INFO] [MainProcess] [Morphism] [Essentia] [ONNX-Inference] Essentia (EffNet) 分類器17基による推論を開始しますわ
2026-06-27 05:12:50,463 [INFO] [MainProcess] [Morphism] [Essentia] [ONNX-Inference] Essentia 分類推論を完了いたしましたわ (経過: 0.3147s)
2026-06-27 05:12:50,463 [INFO] [Direct-Process] ステム特徴量抽出完了 (経過: 78.8898s)
2026-06-27 05:12:50,503 [INFO] [Direct-Process] DB 登録(UPSERT)完了 (経過: 0.0373s)
2026-06-27 05:12:51,053 [INFO] [Direct-Process] デコード完了 (経過: 0.4343s, length: 11378977 samples)
2026-06-27 05:12:51,097 [INFO] [HTDemucs ONNX Memory] 推論処理を開始しますわ... (ONNX_LOCK 同期)
2026-06-27 05:13:07,802 [INFO] [HTDemucs ONNX Memory] 分離完了いたしましたわ！ 整合化を開始しますの。
2026-06-27 05:13:07,945 [INFO] [Direct-Process] Demucs 波形分離完了 (経過: 16.8915s)
2026-06-27 05:13:24,369 [INFO] [MainProcess] [Endomorphism] [DSP] [Pre-warming] 全ステム7本の遅延キャッシュ事前計算を完了いたしましたわ (経過: 16.4209s)
2026-06-27 05:13:24,369 [INFO] [MainProcess] [Morphism] [Librosa] [Extraction] Librosa による特徴量抽出(ThreadPool=8)を開始しますわ
2026-06-27 05:14:36,488 [INFO] [MainProcess] [Morphism] [Librosa] [Extraction] 全ステムの Librosa 特徴量抽出を完了いたしましたわ (経過: 72.1190s)
2026-06-27 05:14:36,488 [INFO] [MainProcess] [Endomorphism] [Post-processing] [SNR-Overwrite] ステム相対エネルギー比率(SNR)の上書きを完了いたしましたわ (経過: 0.0000s)
2026-06-27 05:14:36,488 [INFO] [MainProcess] [Morphism] [Essentia] [ONNX-Inference] Essentia (EffNet) 分類器17基による推論を開始しますわ
2026-06-27 05:14:36,830 [INFO] [MainProcess] [Morphism] [Essentia] [ONNX-Inference] Essentia 分類推論を完了いたしましたわ (経過: 0.3417s)
2026-06-27 05:14:36,831 [INFO] [Direct-Process] ステム特徴量抽出完了 (経過: 88.8829s)
2026-06-27 05:14:36,880 [INFO] [Direct-Process] DB 登録(UPSERT)完了 (経過: 0.0468s)
2026-06-27 05:14:48,148 [INFO] [Timestamp Inheritance] Windows ctypesを用いてタイムスタンプを完全継承しましたわ！ (target: Image 4[鳥山雄司][XW, new-a..].flac)
2026-06-27 05:14:48,149 [INFO] [Direct-Process] OK: M:\Music\album\CLASSIC\Sony Records International\Image 4[鳥山雄司][XW, new-a..].flac
2026-06-27 05:14:48,211 [INFO] OK: Image 4[鳥山雄司][XW, new-a..].flac (19 トラック処理完了, 0 トラック既処理スキップ)
