2026-06-25 08:26:55,068 [INFO] ONNX使用可能演算器: ['TensorrtExecutionProvider', 'CUDAExecutionProvider', 'CPUExecutionProvider']
2026-06-25 08:26:55,068 [INFO] 直列実行用ロード     : ['CUDAExecutionProvider', 'CPUExecutionProvider']
2026-06-25 08:26:55,328 [INFO] ONNXセッション直列化ロード完了！ (分類器数: 17)
2026-06-25 08:26:55,328 [INFO] [WorkerONNX] Consumer 内 ONNX 直列セッション初期化完了！（分類器数: 17)
2026-06-25 08:26:55,339 [INFO] [Direct-Process] 解析開始: ストラヴィンスキー-火の鳥,春の祭典,ペトルーシュカ,プルチネルラ[Disc 1][Stravinsky][ballet, s..].flac
2026-06-25 08:27:00,250 [INFO] 波形分離モデル (GLOBAL_DEMUCS) をロードしますわ... (use_dml=False)
2026-06-25 08:27:00,250 [INFO] HTDemucsSeparator 初期化: model=htdemucs_6s, precision=fp16weights, providers=['CUDAExecutionProvider', 'CPUExecutionProvider']
2026-06-25 08:27:15,133 [INFO] HTDemucs ONNX 実機モデルロードに成功いたしましたわ！
2026-06-25 08:27:15,470 [INFO] [Direct-Process] デコード完了 (経過: 0.3356s, length: 9243360 samples)
2026-06-25 08:27:15,506 [INFO] [HTDemucs ONNX Memory] 推論処理を開始しますわ... (ONNX_LOCK 同期)
2026-06-25 08:27:29,382 [INFO] [HTDemucs ONNX Memory] 分離完了いたしましたわ！ 整合化を開始しますの。
2026-06-25 08:27:29,505 [INFO] [Direct-Process] Demucs 波形分離完了 (経過: 14.0348s)
2026-06-25 08:27:46,035 [INFO] [MainProcess] [Endomorphism] [DSP] [Pre-warming] 全ステム7本の遅延キャッシュ事前計算を完了いたしましたわ (経過: 16.5275s)
2026-06-25 08:27:46,035 [INFO] [MainProcess] [Morphism] [Librosa] [Extraction] Librosa による特徴量抽出(ThreadPool=8)を開始しますわ
2026-06-25 08:28:52,358 [INFO] [MainProcess] [Morphism] [Librosa] [Extraction] 全ステムの Librosa 特徴量抽出を完了いたしましたわ (経過: 66.3230s)
2026-06-25 08:28:52,358 [INFO] [MainProcess] [Endomorphism] [Post-processing] [SNR-Overwrite] ステム相対エネルギー比率(SNR)の上書きを完了いたしましたわ (経過: 0.0000s)
2026-06-25 08:28:52,358 [INFO] [MainProcess] [Morphism] [Essentia] [ONNX-Inference] Essentia (EffNet) 分類器17基による推論を開始しますわ
2026-06-25 08:28:52,726 [INFO] [MainProcess] [Morphism] [Essentia] [ONNX-Inference] Essentia 分類推論を完了いたしましたわ (経過: 0.3679s)
2026-06-25 08:28:52,727 [INFO] [Direct-Process] ステム特徴量抽出完了 (経過: 83.2196s)
2026-06-25 08:28:52,773 [INFO] [Direct-Process] DB 登録(UPSERT)完了 (経過: 0.0426s)
2026-06-25 08:28:53,226 [INFO] [Direct-Process] デコード完了 (経過: 0.3310s, length: 8590680 samples)
2026-06-25 08:28:53,256 [INFO] [HTDemucs ONNX Memory] 推論処理を開始しますわ... (ONNX_LOCK 同期)
2026-06-25 08:29:06,448 [INFO] [HTDemucs ONNX Memory] 分離完了いたしましたわ！ 整合化を開始しますの。
2026-06-25 08:29:06,555 [INFO] [Direct-Process] Demucs 波形分離完了 (経過: 13.3289s)
2026-06-25 08:29:18,970 [INFO] [MainProcess] [Endomorphism] [DSP] [Pre-warming] 全ステム7本の遅延キャッシュ事前計算を完了いたしましたわ (経過: 12.4127s)
2026-06-25 08:29:18,970 [INFO] [MainProcess] [Morphism] [Librosa] [Extraction] Librosa による特徴量抽出(ThreadPool=8)を開始しますわ
2026-06-25 08:30:12,126 [INFO] [MainProcess] [Morphism] [Librosa] [Extraction] 全ステムの Librosa 特徴量抽出を完了いたしましたわ (経過: 53.1558s)
2026-06-25 08:30:12,126 [INFO] [MainProcess] [Endomorphism] [Post-processing] [SNR-Overwrite] ステム相対エネルギー比率(SNR)の上書きを完了いたしましたわ (経過: 0.0000s)
2026-06-25 08:30:12,126 [INFO] [MainProcess] [Morphism] [Essentia] [ONNX-Inference] Essentia (EffNet) 分類器17基による推論を開始しますわ
2026-06-25 08:30:12,243 [INFO] [MainProcess] [Morphism] [Essentia] [ONNX-Inference] Essentia 分類推論を完了いたしましたわ (経過: 0.1164s)
2026-06-25 08:30:12,243 [INFO] [Direct-Process] ステム特徴量抽出完了 (経過: 65.6862s)
2026-06-25 08:30:12,290 [INFO] [Direct-Process] DB 登録(UPSERT)完了 (経過: 0.0430s)
2026-06-25 08:30:12,537 [INFO] [Direct-Process] デコード完了 (経過: 0.1388s, length: 3383940 samples)
2026-06-25 08:30:12,548 [INFO] [HTDemucs ONNX Memory] 推論処理を開始しますわ... (ONNX_LOCK 同期)
2026-06-25 08:30:17,859 [INFO] [HTDemucs ONNX Memory] 分離完了いたしましたわ！ 整合化を開始しますの。
2026-06-25 08:30:17,902 [INFO] [Direct-Process] Demucs 波形分離完了 (経過: 5.3648s)
2026-06-25 08:30:22,742 [INFO] [MainProcess] [Endomorphism] [DSP] [Pre-warming] 全ステム7本の遅延キャッシュ事前計算を完了いたしましたわ (経過: 4.8384s)
2026-06-25 08:30:22,742 [INFO] [MainProcess] [Morphism] [Librosa] [Extraction] Librosa による特徴量抽出(ThreadPool=8)を開始しますわ
2026-06-25 08:30:47,748 [INFO] [MainProcess] [Morphism] [Librosa] [Extraction] 全ステムの Librosa 特徴量抽出を完了いたしましたわ (経過: 25.0059s)
2026-06-25 08:30:47,748 [INFO] [MainProcess] [Endomorphism] [Post-processing] [SNR-Overwrite] ステム相対エネルギー比率(SNR)の上書きを完了いたしましたわ (経過: 0.0000s)
2026-06-25 08:30:47,748 [INFO] [MainProcess] [Morphism] [Essentia] [ONNX-Inference] Essentia (EffNet) 分類器17基による推論を開始しますわ
2026-06-25 08:30:47,811 [INFO] [MainProcess] [Morphism] [Essentia] [ONNX-Inference] Essentia 分類推論を完了いたしましたわ (経過: 0.0628s)
2026-06-25 08:30:47,812 [INFO] [Direct-Process] ステム特徴量抽出完了 (経過: 29.9085s)
2026-06-25 08:30:47,855 [INFO] [Direct-Process] DB 登録(UPSERT)完了 (経過: 0.0393s)
2026-06-25 08:30:48,268 [INFO] [Direct-Process] デコード完了 (経過: 0.3383s, length: 9253356 samples)
2026-06-25 08:30:48,299 [INFO] [HTDemucs ONNX Memory] 推論処理を開始しますわ... (ONNX_LOCK 同期)
2026-06-25 08:31:01,297 [INFO] [HTDemucs ONNX Memory] 分離完了いたしましたわ！ 整合化を開始しますの。
2026-06-25 08:31:01,410 [INFO] [Direct-Process] Demucs 波形分離完了 (経過: 13.1419s)
2026-06-25 08:31:14,694 [INFO] [MainProcess] [Endomorphism] [DSP] [Pre-warming] 全ステム7本の遅延キャッシュ事前計算を完了いたしましたわ (経過: 13.2812s)
2026-06-25 08:31:14,694 [INFO] [MainProcess] [Morphism] [Librosa] [Extraction] Librosa による特徴量抽出(ThreadPool=8)を開始しますわ
2026-06-25 08:32:16,746 [INFO] [MainProcess] [Morphism] [Librosa] [Extraction] 全ステムの Librosa 特徴量抽出を完了いたしましたわ (経過: 62.0520s)
2026-06-25 08:32:16,746 [INFO] [MainProcess] [Endomorphism] [Post-processing] [SNR-Overwrite] ステム相対エネルギー比率(SNR)の上書きを完了いたしましたわ (経過: 0.0000s)
2026-06-25 08:32:16,746 [INFO] [MainProcess] [Morphism] [Essentia] [ONNX-Inference] Essentia (EffNet) 分類器17基による推論を開始しますわ
2026-06-25 08:32:16,868 [INFO] [MainProcess] [Morphism] [Essentia] [ONNX-Inference] Essentia 分類推論を完了いたしましたわ (経過: 0.1215s)
2026-06-25 08:32:16,868 [INFO] [Direct-Process] ステム特徴量抽出完了 (経過: 75.4560s)
2026-06-25 08:32:16,913 [INFO] [Direct-Process] DB 登録(UPSERT)完了 (経過: 0.0407s)
2026-06-25 08:32:17,264 [INFO] [Direct-Process] デコード完了 (経過: 0.2343s, length: 4973304 samples)
2026-06-25 08:32:17,282 [INFO] [HTDemucs ONNX Memory] 推論処理を開始しますわ... (ONNX_LOCK 同期)
2026-06-25 08:32:24,421 [INFO] [HTDemucs ONNX Memory] 分離完了いたしましたわ！ 整合化を開始しますの。
2026-06-25 08:32:24,485 [INFO] [Direct-Process] Demucs 波形分離完了 (経過: 7.2202s)
2026-06-25 08:32:31,661 [INFO] [MainProcess] [Endomorphism] [DSP] [Pre-warming] 全ステム7本の遅延キャッシュ事前計算を完了いたしましたわ (経過: 7.1750s)
2026-06-25 08:32:31,661 [INFO] [MainProcess] [Morphism] [Librosa] [Extraction] Librosa による特徴量抽出(ThreadPool=8)を開始しますわ
2026-06-25 08:33:05,049 [INFO] [MainProcess] [Morphism] [Librosa] [Extraction] 全ステムの Librosa 特徴量抽出を完了いたしましたわ (経過: 33.3882s)
2026-06-25 08:33:05,050 [INFO] [MainProcess] [Endomorphism] [Post-processing] [SNR-Overwrite] ステム相対エネルギー比率(SNR)の上書きを完了いたしましたわ (経過: 0.0000s)
2026-06-25 08:33:05,050 [INFO] [MainProcess] [Morphism] [Essentia] [ONNX-Inference] Essentia (EffNet) 分類器17基による推論を開始しますわ
2026-06-25 08:33:05,133 [INFO] [MainProcess] [Morphism] [Essentia] [ONNX-Inference] Essentia 分類推論を完了いたしましたわ (経過: 0.0831s)
2026-06-25 08:33:05,133 [INFO] [Direct-Process] ステム特徴量抽出完了 (経過: 40.6475s)
2026-06-25 08:33:05,176 [INFO] [Direct-Process] DB 登録(UPSERT)完了 (経過: 0.0382s)
2026-06-25 08:33:05,363 [INFO] [Direct-Process] デコード完了 (経過: 0.1001s, length: 1863960 samples)
2026-06-25 08:33:05,370 [INFO] [HTDemucs ONNX Memory] 推論処理を開始しますわ... (ONNX_LOCK 同期)
2026-06-25 08:33:08,382 [INFO] [HTDemucs ONNX Memory] 分離完了いたしましたわ！ 整合化を開始しますの。
2026-06-25 08:33:08,404 [INFO] [Direct-Process] Demucs 波形分離完了 (経過: 3.0405s)
2026-06-25 08:33:11,017 [INFO] [MainProcess] [Endomorphism] [DSP] [Pre-warming] 全ステム7本の遅延キャッシュ事前計算を完了いたしましたわ (経過: 2.6126s)
2026-06-25 08:33:11,018 [INFO] [MainProcess] [Morphism] [Librosa] [Extraction] Librosa による特徴量抽出(ThreadPool=8)を開始しますわ
2026-06-25 08:33:24,759 [INFO] [MainProcess] [Morphism] [Librosa] [Extraction] 全ステムの Librosa 特徴量抽出を完了いたしましたわ (経過: 13.7409s)
2026-06-25 08:33:24,759 [INFO] [MainProcess] [Endomorphism] [Post-processing] [SNR-Overwrite] ステム相対エネルギー比率(SNR)の上書きを完了いたしましたわ (経過: 0.0000s)
2026-06-25 08:33:24,759 [INFO] [MainProcess] [Morphism] [Essentia] [ONNX-Inference] Essentia (EffNet) 分類器17基による推論を開始しますわ
2026-06-25 08:33:24,807 [INFO] [MainProcess] [Morphism] [Essentia] [ONNX-Inference] Essentia 分類推論を完了いたしましたわ (経過: 0.0480s)
2026-06-25 08:33:24,807 [INFO] [Direct-Process] ステム特徴量抽出完了 (経過: 16.4027s)
2026-06-25 08:33:24,850 [INFO] [Direct-Process] DB 登録(UPSERT)完了 (経過: 0.0377s)
2026-06-25 08:33:25,117 [INFO] [Direct-Process] デコード完了 (経過: 0.1998s, length: 4454100 samples)
2026-06-25 08:33:25,133 [INFO] [HTDemucs ONNX Memory] 推論処理を開始しますわ... (ONNX_LOCK 同期)
2026-06-25 08:33:32,104 [INFO] [HTDemucs ONNX Memory] 分離完了いたしましたわ！ 整合化を開始しますの。
2026-06-25 08:33:32,161 [INFO] [Direct-Process] Demucs 波形分離完了 (経過: 7.0441s)
2026-06-25 08:33:38,425 [INFO] [MainProcess] [Endomorphism] [DSP] [Pre-warming] 全ステム7本の遅延キャッシュ事前計算を完了いたしましたわ (経過: 6.2627s)
2026-06-25 08:33:38,426 [INFO] [MainProcess] [Morphism] [Librosa] [Extraction] Librosa による特徴量抽出(ThreadPool=8)を開始しますわ
2026-06-25 08:34:07,796 [INFO] [MainProcess] [Morphism] [Librosa] [Extraction] 全ステムの Librosa 特徴量抽出を完了いたしましたわ (経過: 29.3707s)
2026-06-25 08:34:07,797 [INFO] [MainProcess] [Endomorphism] [Post-processing] [SNR-Overwrite] ステム相対エネルギー比率(SNR)の上書きを完了いたしましたわ (経過: 0.0000s)
2026-06-25 08:34:07,797 [INFO] [MainProcess] [Morphism] [Essentia] [ONNX-Inference] Essentia (EffNet) 分類器17基による推論を開始しますわ
2026-06-25 08:34:07,878 [INFO] [MainProcess] [Morphism] [Essentia] [ONNX-Inference] Essentia 分類推論を完了いたしましたわ (経過: 0.0811s)
2026-06-25 08:34:07,878 [INFO] [Direct-Process] ステム特徴量抽出完了 (経過: 35.7158s)
2026-06-25 08:34:07,920 [INFO] [Direct-Process] DB 登録(UPSERT)完了 (経過: 0.0372s)
2026-06-25 08:34:08,362 [INFO] [Direct-Process] デコード完了 (経過: 0.3536s, length: 10155936 samples)
2026-06-25 08:34:08,400 [INFO] [HTDemucs ONNX Memory] 推論処理を開始しますわ... (ONNX_LOCK 同期)
2026-06-25 08:34:22,905 [INFO] [HTDemucs ONNX Memory] 分離完了いたしましたわ！ 整合化を開始しますの。
2026-06-25 08:34:23,033 [INFO] [Direct-Process] Demucs 波形分離完了 (経過: 14.6715s)
2026-06-25 08:34:37,365 [INFO] [MainProcess] [Endomorphism] [DSP] [Pre-warming] 全ステム7本の遅延キャッシュ事前計算を完了いたしましたわ (経過: 14.3290s)
2026-06-25 08:34:37,365 [INFO] [MainProcess] [Morphism] [Librosa] [Extraction] Librosa による特徴量抽出(ThreadPool=8)を開始しますわ
2026-06-25 08:35:47,936 [INFO] [MainProcess] [Morphism] [Librosa] [Extraction] 全ステムの Librosa 特徴量抽出を完了いたしましたわ (経過: 70.5712s)
2026-06-25 08:35:47,937 [INFO] [MainProcess] [Endomorphism] [Post-processing] [SNR-Overwrite] ステム相対エネルギー比率(SNR)の上書きを完了いたしましたわ (経過: 0.0000s)
2026-06-25 08:35:47,937 [INFO] [MainProcess] [Morphism] [Essentia] [ONNX-Inference] Essentia (EffNet) 分類器17基による推論を開始しますわ
2026-06-25 08:35:48,071 [INFO] [MainProcess] [Morphism] [Essentia] [ONNX-Inference] Essentia 分類推論を完了いたしましたわ (経過: 0.1341s)
2026-06-25 08:35:48,071 [INFO] [Direct-Process] ステム特徴量抽出完了 (経過: 85.0356s)
2026-06-25 08:35:48,118 [INFO] [Direct-Process] DB 登録(UPSERT)完了 (経過: 0.0428s)
2026-06-25 08:35:48,516 [INFO] [Direct-Process] デコード完了 (経過: 0.2762s, length: 8513064 samples)
2026-06-25 08:35:48,547 [INFO] [HTDemucs ONNX Memory] 推論処理を開始しますわ... (ONNX_LOCK 同期)
2026-06-25 08:36:00,431 [INFO] [HTDemucs ONNX Memory] 分離完了いたしましたわ！ 整合化を開始しますの。
2026-06-25 08:36:00,537 [INFO] [Direct-Process] Demucs 波形分離完了 (経過: 12.0205s)
2026-06-25 08:36:12,606 [INFO] [MainProcess] [Endomorphism] [DSP] [Pre-warming] 全ステム7本の遅延キャッシュ事前計算を完了いたしましたわ (経過: 12.0670s)
2026-06-25 08:36:12,606 [INFO] [MainProcess] [Morphism] [Librosa] [Extraction] Librosa による特徴量抽出(ThreadPool=8)を開始しますわ
2026-06-25 08:37:08,367 [INFO] [MainProcess] [Morphism] [Librosa] [Extraction] 全ステムの Librosa 特徴量抽出を完了いたしましたわ (経過: 55.7609s)
2026-06-25 08:37:08,368 [INFO] [MainProcess] [Endomorphism] [Post-processing] [SNR-Overwrite] ステム相対エネルギー比率(SNR)の上書きを完了いたしましたわ (経過: 0.0000s)
2026-06-25 08:37:08,368 [INFO] [MainProcess] [Morphism] [Essentia] [ONNX-Inference] Essentia (EffNet) 分類器17基による推論を開始しますわ
2026-06-25 08:37:08,491 [INFO] [MainProcess] [Morphism] [Essentia] [ONNX-Inference] Essentia 分類推論を完了いたしましたわ (経過: 0.1236s)
2026-06-25 08:37:08,492 [INFO] [Direct-Process] ステム特徴量抽出完了 (経過: 67.9527s)
2026-06-25 08:37:08,541 [INFO] [Direct-Process] DB 登録(UPSERT)完了 (経過: 0.0447s)
2026-06-25 08:37:08,826 [INFO] [Direct-Process] デコード完了 (経過: 0.1673s, length: 4083660 samples)
2026-06-25 08:37:08,841 [INFO] [HTDemucs ONNX Memory] 推論処理を開始しますわ... (ONNX_LOCK 同期)
2026-06-25 08:37:14,899 [INFO] [HTDemucs ONNX Memory] 分離完了いたしましたわ！ 整合化を開始しますの。
2026-06-25 08:37:14,952 [INFO] [Direct-Process] Demucs 波形分離完了 (経過: 6.1253s)
2026-06-25 08:37:20,731 [INFO] [MainProcess] [Endomorphism] [DSP] [Pre-warming] 全ステム7本の遅延キャッシュ事前計算を完了いたしましたわ (経過: 5.7777s)
2026-06-25 08:37:20,731 [INFO] [MainProcess] [Morphism] [Librosa] [Extraction] Librosa による特徴量抽出(ThreadPool=8)を開始しますわ
2026-06-25 08:37:48,879 [INFO] [MainProcess] [Morphism] [Librosa] [Extraction] 全ステムの Librosa 特徴量抽出を完了いたしましたわ (経過: 28.1476s)
2026-06-25 08:37:48,879 [INFO] [MainProcess] [Endomorphism] [Post-processing] [SNR-Overwrite] ステム相対エネルギー比率(SNR)の上書きを完了いたしましたわ (経過: 0.0000s)
2026-06-25 08:37:48,879 [INFO] [MainProcess] [Morphism] [Essentia] [ONNX-Inference] Essentia (EffNet) 分類器17基による推論を開始しますわ
2026-06-25 08:37:48,950 [INFO] [MainProcess] [Morphism] [Essentia] [ONNX-Inference] Essentia 分類推論を完了いたしましたわ (経過: 0.0710s)
2026-06-25 08:37:48,950 [INFO] [Direct-Process] ステム特徴量抽出完了 (経過: 33.9975s)
2026-06-25 08:37:48,994 [INFO] [Direct-Process] DB 登録(UPSERT)完了 (経過: 0.0394s)
2026-06-25 08:37:49,211 [INFO] [Direct-Process] デコード完了 (経過: 0.0963s, length: 1920996 samples)
2026-06-25 08:37:49,218 [INFO] [HTDemucs ONNX Memory] 推論処理を開始しますわ... (ONNX_LOCK 同期)
2026-06-25 08:37:52,228 [INFO] [HTDemucs ONNX Memory] 分離完了いたしましたわ！ 整合化を開始しますの。
2026-06-25 08:37:52,255 [INFO] [Direct-Process] Demucs 波形分離完了 (経過: 3.0436s)
2026-06-25 08:37:54,928 [INFO] [MainProcess] [Endomorphism] [DSP] [Pre-warming] 全ステム7本の遅延キャッシュ事前計算を完了いたしましたわ (経過: 2.6727s)
2026-06-25 08:37:54,928 [INFO] [MainProcess] [Morphism] [Librosa] [Extraction] Librosa による特徴量抽出(ThreadPool=8)を開始しますわ
2026-06-25 08:38:07,931 [INFO] [MainProcess] [Morphism] [Librosa] [Extraction] 全ステムの Librosa 特徴量抽出を完了いたしましたわ (経過: 13.0022s)
2026-06-25 08:38:07,931 [INFO] [MainProcess] [Endomorphism] [Post-processing] [SNR-Overwrite] ステム相対エネルギー比率(SNR)の上書きを完了いたしましたわ (経過: 0.0000s)
2026-06-25 08:38:07,931 [INFO] [MainProcess] [Morphism] [Essentia] [ONNX-Inference] Essentia (EffNet) 分類器17基による推論を開始しますわ
2026-06-25 08:38:07,987 [INFO] [MainProcess] [Morphism] [Essentia] [ONNX-Inference] Essentia 分類推論を完了いたしましたわ (経過: 0.0556s)
2026-06-25 08:38:07,987 [INFO] [Direct-Process] ステム特徴量抽出完了 (経過: 15.7317s)
2026-06-25 08:38:08,032 [INFO] [Direct-Process] DB 登録(UPSERT)完了 (経過: 0.0405s)
2026-06-25 08:38:08,413 [INFO] [Direct-Process] デコード完了 (経過: 0.2992s, length: 9025800 samples)
2026-06-25 08:38:08,447 [INFO] [HTDemucs ONNX Memory] 推論処理を開始しますわ... (ONNX_LOCK 同期)
2026-06-25 08:38:21,966 [INFO] [HTDemucs ONNX Memory] 分離完了いたしましたわ！ 整合化を開始しますの。
2026-06-25 08:38:22,083 [INFO] [Direct-Process] Demucs 波形分離完了 (経過: 13.6702s)
2026-06-25 08:38:34,901 [INFO] [MainProcess] [Endomorphism] [DSP] [Pre-warming] 全ステム7本の遅延キャッシュ事前計算を完了いたしましたわ (経過: 12.8157s)
2026-06-25 08:38:34,901 [INFO] [MainProcess] [Morphism] [Librosa] [Extraction] Librosa による特徴量抽出(ThreadPool=8)を開始しますわ
2026-06-25 08:39:30,591 [INFO] [MainProcess] [Morphism] [Librosa] [Extraction] 全ステムの Librosa 特徴量抽出を完了いたしましたわ (経過: 55.6895s)
2026-06-25 08:39:30,591 [INFO] [MainProcess] [Endomorphism] [Post-processing] [SNR-Overwrite] ステム相対エネルギー比率(SNR)の上書きを完了いたしましたわ (経過: 0.0000s)
2026-06-25 08:39:30,591 [INFO] [MainProcess] [Morphism] [Essentia] [ONNX-Inference] Essentia (EffNet) 分類器17基による推論を開始しますわ
2026-06-25 08:39:30,716 [INFO] [MainProcess] [Morphism] [Essentia] [ONNX-Inference] Essentia 分類推論を完了いたしましたわ (経過: 0.1244s)
2026-06-25 08:39:30,716 [INFO] [Direct-Process] ステム特徴量抽出完了 (経過: 68.6308s)
2026-06-25 08:39:36,716 [INFO] [Direct-Process] DB 登録(UPSERT)完了 (経過: 5.9952s)
2026-06-25 08:39:37,313 [INFO] [Direct-Process] デコード完了 (経過: 0.4714s, length: 12076344 samples)
2026-06-25 08:39:37,355 [INFO] [HTDemucs ONNX Memory] 推論処理を開始しますわ... (ONNX_LOCK 同期)
2026-06-25 08:39:55,211 [INFO] [HTDemucs ONNX Memory] 分離完了いたしましたわ！ 整合化を開始しますの。
2026-06-25 08:39:55,359 [INFO] [Direct-Process] Demucs 波形分離完了 (経過: 18.0466s)
2026-06-25 08:40:12,585 [INFO] [MainProcess] [Endomorphism] [DSP] [Pre-warming] 全ステム7本の遅延キャッシュ事前計算を完了いたしましたわ (経過: 17.2228s)
2026-06-25 08:40:12,585 [INFO] [MainProcess] [Morphism] [Librosa] [Extraction] Librosa による特徴量抽出(ThreadPool=8)を開始しますわ
2026-06-25 08:41:32,039 [INFO] [MainProcess] [Morphism] [Librosa] [Extraction] 全ステムの Librosa 特徴量抽出を完了いたしましたわ (経過: 79.4539s)
2026-06-25 08:41:32,040 [INFO] [MainProcess] [Endomorphism] [Post-processing] [SNR-Overwrite] ステム相対エネルギー比率(SNR)の上書きを完了いたしましたわ (経過: 0.0000s)
2026-06-25 08:41:32,040 [INFO] [MainProcess] [Morphism] [Essentia] [ONNX-Inference] Essentia (EffNet) 分類器17基による推論を開始しますわ
2026-06-25 08:41:32,193 [INFO] [MainProcess] [Morphism] [Essentia] [ONNX-Inference] Essentia 分類推論を完了いたしましたわ (経過: 0.1531s)
2026-06-25 08:41:32,193 [INFO] [Direct-Process] ステム特徴量抽出完了 (経過: 96.8310s)
2026-06-25 08:41:32,234 [INFO] [Direct-Process] DB 登録(UPSERT)完了 (経過: 0.0369s)
2026-06-25 08:41:32,610 [INFO] [Direct-Process] デコード完了 (経過: 0.2396s, length: 7333536 samples)
2026-06-25 08:41:32,638 [INFO] [HTDemucs ONNX Memory] 推論処理を開始しますわ... (ONNX_LOCK 同期)
2026-06-25 08:41:43,646 [INFO] [HTDemucs ONNX Memory] 分離完了いたしましたわ！ 整合化を開始しますの。
2026-06-25 08:41:43,736 [INFO] [Direct-Process] Demucs 波形分離完了 (経過: 11.1265s)
2026-06-25 08:41:54,204 [INFO] [MainProcess] [Endomorphism] [DSP] [Pre-warming] 全ステム7本の遅延キャッシュ事前計算を完了いたしましたわ (経過: 10.4657s)
2026-06-25 08:41:54,204 [INFO] [MainProcess] [Morphism] [Librosa] [Extraction] Librosa による特徴量抽出(ThreadPool=8)を開始しますわ
2026-06-25 08:42:41,679 [INFO] [MainProcess] [Morphism] [Librosa] [Extraction] 全ステムの Librosa 特徴量抽出を完了いたしましたわ (経過: 47.4742s)
2026-06-25 08:42:41,679 [INFO] [MainProcess] [Endomorphism] [Post-processing] [SNR-Overwrite] ステム相対エネルギー比率(SNR)の上書きを完了いたしましたわ (経過: 0.0000s)
2026-06-25 08:42:41,679 [INFO] [MainProcess] [Morphism] [Essentia] [ONNX-Inference] Essentia (EffNet) 分類器17基による推論を開始しますわ
2026-06-25 08:42:41,797 [INFO] [MainProcess] [Morphism] [Essentia] [ONNX-Inference] Essentia 分類推論を完了いたしましたわ (経過: 0.1177s)
2026-06-25 08:42:41,797 [INFO] [Direct-Process] ステム特徴量抽出完了 (経過: 58.0588s)
2026-06-25 08:42:41,838 [INFO] [Direct-Process] DB 登録(UPSERT)完了 (経過: 0.0365s)
2026-06-25 08:42:42,146 [INFO] [Direct-Process] デコード完了 (経過: 0.2084s, length: 4538183 samples)
2026-06-25 08:42:42,176 [INFO] [HTDemucs ONNX Memory] 推論処理を開始しますわ... (ONNX_LOCK 同期)
2026-06-25 08:42:49,490 [INFO] [HTDemucs ONNX Memory] 分離完了いたしましたわ！ 整合化を開始しますの。
2026-06-25 08:42:49,548 [INFO] [Direct-Process] Demucs 波形分離完了 (経過: 7.4014s)
2026-06-25 08:42:55,840 [INFO] [MainProcess] [Endomorphism] [DSP] [Pre-warming] 全ステム7本の遅延キャッシュ事前計算を完了いたしましたわ (経過: 6.2907s)
2026-06-25 08:42:55,840 [INFO] [MainProcess] [Morphism] [Librosa] [Extraction] Librosa による特徴量抽出(ThreadPool=8)を開始しますわ
2026-06-25 08:43:26,776 [INFO] [MainProcess] [Morphism] [Librosa] [Extraction] 全ステムの Librosa 特徴量抽出を完了いたしましたわ (経過: 30.9361s)
2026-06-25 08:43:26,777 [INFO] [MainProcess] [Endomorphism] [Post-processing] [SNR-Overwrite] ステム相対エネルギー比率(SNR)の上書きを完了いたしましたわ (経過: 0.0000s)
2026-06-25 08:43:26,777 [INFO] [MainProcess] [Morphism] [Essentia] [ONNX-Inference] Essentia (EffNet) 分類器17基による推論を開始しますわ
2026-06-25 08:43:26,858 [INFO] [MainProcess] [Morphism] [Essentia] [ONNX-Inference] Essentia 分類推論を完了いたしましたわ (経過: 0.0816s)
2026-06-25 08:43:26,859 [INFO] [Direct-Process] ステム特徴量抽出完了 (経過: 37.3098s)
2026-06-25 08:43:26,899 [INFO] [Direct-Process] DB 登録(UPSERT)完了 (経過: 0.0363s)
2026-06-25 08:43:27,244 [INFO] [Direct-Process] デコード完了 (経過: 0.2580s, length: 6247501 samples)
2026-06-25 08:43:27,267 [INFO] [HTDemucs ONNX Memory] 推論処理を開始しますわ... (ONNX_LOCK 同期)
2026-06-25 08:43:36,525 [INFO] [HTDemucs ONNX Memory] 分離完了いたしましたわ！ 整合化を開始しますの。
2026-06-25 08:43:36,603 [INFO] [Direct-Process] Demucs 波形分離完了 (経過: 9.3587s)
2026-06-25 08:43:45,579 [INFO] [MainProcess] [Endomorphism] [DSP] [Pre-warming] 全ステム7本の遅延キャッシュ事前計算を完了いたしましたわ (経過: 8.9743s)
2026-06-25 08:43:45,579 [INFO] [MainProcess] [Morphism] [Librosa] [Extraction] Librosa による特徴量抽出(ThreadPool=8)を開始しますわ
2026-06-25 08:44:26,617 [INFO] [MainProcess] [Morphism] [Librosa] [Extraction] 全ステムの Librosa 特徴量抽出を完了いたしましたわ (経過: 41.0381s)
2026-06-25 08:44:26,618 [INFO] [MainProcess] [Endomorphism] [Post-processing] [SNR-Overwrite] ステム相対エネルギー比率(SNR)の上書きを完了いたしましたわ (経過: 0.0000s)
2026-06-25 08:44:26,618 [INFO] [MainProcess] [Morphism] [Essentia] [ONNX-Inference] Essentia (EffNet) 分類器17基による推論を開始しますわ
2026-06-25 08:44:26,712 [INFO] [MainProcess] [Morphism] [Essentia] [ONNX-Inference] Essentia 分類推論を完了いたしましたわ (経過: 0.0948s)
2026-06-25 08:44:26,713 [INFO] [Direct-Process] ステム特徴量抽出完了 (経過: 50.1084s)
2026-06-25 08:44:26,755 [INFO] [Direct-Process] DB 登録(UPSERT)完了 (経過: 0.0376s)
2026-06-25 08:44:26,998 [INFO] [Direct-Process] デコード完了 (経過: 0.1489s, length: 3692640 samples)
2026-06-25 08:44:27,012 [INFO] [HTDemucs ONNX Memory] 推論処理を開始しますわ... (ONNX_LOCK 同期)
2026-06-25 08:44:32,419 [INFO] [HTDemucs ONNX Memory] 分離完了いたしましたわ！ 整合化を開始しますの。
2026-06-25 08:44:32,467 [INFO] [Direct-Process] Demucs 波形分離完了 (経過: 5.4689s)
2026-06-25 08:44:37,775 [INFO] [MainProcess] [Endomorphism] [DSP] [Pre-warming] 全ステム7本の遅延キャッシュ事前計算を完了いたしましたわ (経過: 5.3065s)
2026-06-25 08:44:37,775 [INFO] [MainProcess] [Morphism] [Librosa] [Extraction] Librosa による特徴量抽出(ThreadPool=8)を開始しますわ
2026-06-25 08:45:01,466 [INFO] [MainProcess] [Morphism] [Librosa] [Extraction] 全ステムの Librosa 特徴量抽出を完了いたしましたわ (経過: 23.6906s)
2026-06-25 08:45:01,466 [INFO] [MainProcess] [Endomorphism] [Post-processing] [SNR-Overwrite] ステム相対エネルギー比率(SNR)の上書きを完了いたしましたわ (経過: 0.0000s)
2026-06-25 08:45:01,466 [INFO] [MainProcess] [Morphism] [Essentia] [ONNX-Inference] Essentia (EffNet) 分類器17基による推論を開始しますわ
2026-06-25 08:45:01,532 [INFO] [MainProcess] [Morphism] [Essentia] [ONNX-Inference] Essentia 分類推論を完了いたしましたわ (経過: 0.0663s)
2026-06-25 08:45:01,533 [INFO] [Direct-Process] ステム特徴量抽出完了 (経過: 29.0651s)
2026-06-25 08:45:01,576 [INFO] [Direct-Process] DB 登録(UPSERT)完了 (経過: 0.0379s)
2026-06-25 08:45:01,779 [INFO] [Direct-Process] デコード完了 (経過: 0.1263s, length: 3099936 samples)
2026-06-25 08:45:01,792 [INFO] [HTDemucs ONNX Memory] 推論処理を開始しますわ... (ONNX_LOCK 同期)
2026-06-25 08:45:06,757 [INFO] [HTDemucs ONNX Memory] 分離完了いたしましたわ！ 整合化を開始しますの。
2026-06-25 08:45:06,796 [INFO] [Direct-Process] Demucs 波形分離完了 (経過: 5.0172s)
2026-06-25 08:45:11,233 [INFO] [MainProcess] [Endomorphism] [DSP] [Pre-warming] 全ステム7本の遅延キャッシュ事前計算を完了いたしましたわ (経過: 4.4353s)
2026-06-25 08:45:11,233 [INFO] [MainProcess] [Morphism] [Librosa] [Extraction] Librosa による特徴量抽出(ThreadPool=8)を開始しますわ
2026-06-25 08:45:31,498 [INFO] [MainProcess] [Morphism] [Librosa] [Extraction] 全ステムの Librosa 特徴量抽出を完了いたしましたわ (経過: 20.2649s)
2026-06-25 08:45:31,498 [INFO] [MainProcess] [Endomorphism] [Post-processing] [SNR-Overwrite] ステム相対エネルギー比率(SNR)の上書きを完了いたしましたわ (経過: 0.0000s)
2026-06-25 08:45:31,498 [INFO] [MainProcess] [Morphism] [Essentia] [ONNX-Inference] Essentia (EffNet) 分類器17基による推論を開始しますわ
2026-06-25 08:45:31,558 [INFO] [MainProcess] [Morphism] [Essentia] [ONNX-Inference] Essentia 分類推論を完了いたしましたわ (経過: 0.0598s)
2026-06-25 08:45:31,559 [INFO] [Direct-Process] ステム特徴量抽出完了 (経過: 24.7613s)
2026-06-25 08:45:31,600 [INFO] [Direct-Process] DB 登録(UPSERT)完了 (経過: 0.0370s)
2026-06-25 08:45:32,249 [INFO] [Direct-Process] デコード完了 (経過: 0.5740s, length: 16014180 samples)
2026-06-25 08:45:32,249 [INFO] [Direct-Process] Skip --resume (Hash match): ストラヴィンスキー-火の鳥,春の祭典,ペトルーシュカ,プルチネルラ[Disc 1][Stravinsky][ballet, s..].flac (Track: 19)
2026-06-25 08:45:32,470 [INFO] [Direct-Process] デコード完了 (経過: 0.2183s, length: 7032480 samples)
2026-06-25 08:45:32,494 [INFO] [HTDemucs ONNX Memory] 推論処理を開始しますわ... (ONNX_LOCK 同期)
2026-06-25 08:45:42,980 [INFO] [HTDemucs ONNX Memory] 分離完了いたしましたわ！ 整合化を開始しますの。
2026-06-25 08:45:43,072 [INFO] [Direct-Process] Demucs 波形分離完了 (経過: 10.6011s)
2026-06-25 08:45:53,022 [INFO] [MainProcess] [Endomorphism] [DSP] [Pre-warming] 全ステム7本の遅延キャッシュ事前計算を完了いたしましたわ (経過: 9.9486s)
2026-06-25 08:45:53,022 [INFO] [MainProcess] [Morphism] [Librosa] [Extraction] Librosa による特徴量抽出(ThreadPool=8)を開始しますわ
2026-06-25 08:46:39,579 [INFO] [MainProcess] [Morphism] [Librosa] [Extraction] 全ステムの Librosa 特徴量抽出を完了いたしましたわ (経過: 46.5569s)
2026-06-25 08:46:39,579 [INFO] [MainProcess] [Endomorphism] [Post-processing] [SNR-Overwrite] ステム相対エネルギー比率(SNR)の上書きを完了いたしましたわ (経過: 0.0000s)
2026-06-25 08:46:39,579 [INFO] [MainProcess] [Morphism] [Essentia] [ONNX-Inference] Essentia (EffNet) 分類器17基による推論を開始しますわ
2026-06-25 08:46:39,680 [INFO] [MainProcess] [Morphism] [Essentia] [ONNX-Inference] Essentia 分類推論を完了いたしましたわ (経過: 0.1000s)
2026-06-25 08:46:39,680 [INFO] [Direct-Process] ステム特徴量抽出完了 (経過: 56.6068s)
2026-06-25 08:46:39,722 [INFO] [Direct-Process] DB 登録(UPSERT)完了 (経過: 0.0380s)
2026-06-25 08:46:40,088 [INFO] [Direct-Process] デコード完了 (経過: 0.2568s, length: 6626760 samples)
2026-06-25 08:46:40,130 [INFO] [HTDemucs ONNX Memory] 推論処理を開始しますわ... (ONNX_LOCK 同期)
2026-06-25 08:46:49,475 [INFO] [HTDemucs ONNX Memory] 分離完了いたしましたわ！ 整合化を開始しますの。
2026-06-25 08:46:49,558 [INFO] [Direct-Process] Demucs 波形分離完了 (経過: 9.4700s)
2026-06-25 08:46:59,119 [INFO] [MainProcess] [Endomorphism] [DSP] [Pre-warming] 全ステム7本の遅延キャッシュ事前計算を完了いたしましたわ (経過: 9.5593s)
2026-06-25 08:46:59,120 [INFO] [MainProcess] [Morphism] [Librosa] [Extraction] Librosa による特徴量抽出(ThreadPool=8)を開始しますわ
2026-06-25 08:47:43,576 [INFO] [MainProcess] [Morphism] [Librosa] [Extraction] 全ステムの Librosa 特徴量抽出を完了いたしましたわ (経過: 44.4559s)
2026-06-25 08:47:43,576 [INFO] [MainProcess] [Endomorphism] [Post-processing] [SNR-Overwrite] ステム相対エネルギー比率(SNR)の上書きを完了いたしましたわ (経過: 0.0000s)
2026-06-25 08:47:43,576 [INFO] [MainProcess] [Morphism] [Essentia] [ONNX-Inference] Essentia (EffNet) 分類器17基による推論を開始しますわ
2026-06-25 08:47:43,670 [INFO] [MainProcess] [Morphism] [Essentia] [ONNX-Inference] Essentia 分類推論を完了いたしましたわ (経過: 0.0941s)
2026-06-25 08:47:43,671 [INFO] [Direct-Process] ステム特徴量抽出完了 (経過: 54.1108s)
2026-06-25 08:47:43,719 [INFO] [Direct-Process] DB 登録(UPSERT)完了 (経過: 0.0441s)
2026-06-25 08:47:43,946 [INFO] [Direct-Process] デコード完了 (経過: 0.1291s, length: 3366300 samples)
2026-06-25 08:47:43,958 [INFO] [HTDemucs ONNX Memory] 推論処理を開始しますわ... (ONNX_LOCK 同期)
2026-06-25 08:47:49,377 [INFO] [HTDemucs ONNX Memory] 分離完了いたしましたわ！ 整合化を開始しますの。
2026-06-25 08:47:49,420 [INFO] [Direct-Process] Demucs 波形分離完了 (経過: 5.4738s)
2026-06-25 08:47:54,176 [INFO] [MainProcess] [Endomorphism] [DSP] [Pre-warming] 全ステム7本の遅延キャッシュ事前計算を完了いたしましたわ (経過: 4.7547s)
2026-06-25 08:47:54,176 [INFO] [MainProcess] [Morphism] [Librosa] [Extraction] Librosa による特徴量抽出(ThreadPool=8)を開始しますわ
2026-06-25 08:48:15,815 [INFO] [MainProcess] [Morphism] [Librosa] [Extraction] 全ステムの Librosa 特徴量抽出を完了いたしましたわ (経過: 21.6386s)
2026-06-25 08:48:15,815 [INFO] [MainProcess] [Endomorphism] [Post-processing] [SNR-Overwrite] ステム相対エネルギー比率(SNR)の上書きを完了いたしましたわ (経過: 0.0000s)
2026-06-25 08:48:15,815 [INFO] [MainProcess] [Morphism] [Essentia] [ONNX-Inference] Essentia (EffNet) 分類器17基による推論を開始しますわ
2026-06-25 08:48:15,884 [INFO] [MainProcess] [Morphism] [Essentia] [ONNX-Inference] Essentia 分類推論を完了いたしましたわ (経過: 0.0690s)
2026-06-25 08:48:15,885 [INFO] [Direct-Process] ステム特徴量抽出完了 (経過: 26.4635s)
2026-06-25 08:48:15,931 [INFO] [Direct-Process] DB 登録(UPSERT)完了 (経過: 0.0416s)
2026-06-25 08:48:16,433 [INFO] [Direct-Process] デコード完了 (経過: 0.4227s, length: 12652584 samples)
2026-06-25 08:48:16,479 [INFO] [HTDemucs ONNX Memory] 推論処理を開始しますわ... (ONNX_LOCK 同期)
2026-06-25 08:48:35,695 [INFO] [HTDemucs ONNX Memory] 分離完了いたしましたわ！ 整合化を開始しますの。
2026-06-25 08:48:35,853 [INFO] [Direct-Process] Demucs 波形分離完了 (経過: 19.4194s)
2026-06-25 08:48:53,930 [INFO] [MainProcess] [Endomorphism] [DSP] [Pre-warming] 全ステム7本の遅延キャッシュ事前計算を完了いたしましたわ (経過: 18.0749s)
2026-06-25 08:48:53,931 [INFO] [MainProcess] [Morphism] [Librosa] [Extraction] Librosa による特徴量抽出(ThreadPool=8)を開始しますわ
2026-06-25 08:50:17,371 [INFO] [MainProcess] [Morphism] [Librosa] [Extraction] 全ステムの Librosa 特徴量抽出を完了いたしましたわ (経過: 83.4399s)
2026-06-25 08:50:17,371 [INFO] [MainProcess] [Endomorphism] [Post-processing] [SNR-Overwrite] ステム相対エネルギー比率(SNR)の上書きを完了いたしましたわ (経過: 0.0000s)
2026-06-25 08:50:17,371 [INFO] [MainProcess] [Morphism] [Essentia] [ONNX-Inference] Essentia (EffNet) 分類器17基による推論を開始しますわ
2026-06-25 08:50:17,534 [INFO] [MainProcess] [Morphism] [Essentia] [ONNX-Inference] Essentia 分類推論を完了いたしましたわ (経過: 0.1632s)
2026-06-25 08:50:17,535 [INFO] [Direct-Process] ステム特徴量抽出完了 (経過: 101.6793s)
2026-06-25 08:50:17,582 [INFO] [Direct-Process] DB 登録(UPSERT)完了 (経過: 0.0434s)
2026-06-25 08:50:17,864 [INFO] [Direct-Process] デコード完了 (経過: 0.1449s, length: 3722040 samples)
2026-06-25 08:50:17,879 [INFO] [HTDemucs ONNX Memory] 推論処理を開始しますわ... (ONNX_LOCK 同期)
2026-06-25 08:50:23,660 [INFO] [HTDemucs ONNX Memory] 分離完了いたしましたわ！ 整合化を開始しますの。
2026-06-25 08:50:23,707 [INFO] [Direct-Process] Demucs 波形分離完了 (経過: 5.8423s)
2026-06-25 08:50:28,979 [INFO] [MainProcess] [Endomorphism] [DSP] [Pre-warming] 全ステム7本の遅延キャッシュ事前計算を完了いたしましたわ (経過: 5.2713s)
2026-06-25 08:50:28,979 [INFO] [MainProcess] [Morphism] [Librosa] [Extraction] Librosa による特徴量抽出(ThreadPool=8)を開始しますわ
2026-06-25 08:50:54,416 [INFO] [MainProcess] [Morphism] [Librosa] [Extraction] 全ステムの Librosa 特徴量抽出を完了いたしましたわ (経過: 25.4365s)
2026-06-25 08:50:54,416 [INFO] [MainProcess] [Endomorphism] [Post-processing] [SNR-Overwrite] ステム相対エネルギー比率(SNR)の上書きを完了いたしましたわ (経過: 0.0000s)
2026-06-25 08:50:54,416 [INFO] [MainProcess] [Morphism] [Essentia] [ONNX-Inference] Essentia (EffNet) 分類器17基による推論を開始しますわ
2026-06-25 08:50:54,488 [INFO] [MainProcess] [Morphism] [Essentia] [ONNX-Inference] Essentia 分類推論を完了いたしましたわ (経過: 0.0716s)
2026-06-25 08:50:54,488 [INFO] [Direct-Process] ステム特徴量抽出完了 (経過: 30.7808s)
2026-06-25 08:50:54,530 [INFO] [Direct-Process] DB 登録(UPSERT)完了 (経過: 0.0377s)
2026-06-25 08:50:54,772 [INFO] [Direct-Process] デコード完了 (経過: 0.1612s, length: 3846696 samples)
2026-06-25 08:50:54,787 [INFO] [HTDemucs ONNX Memory] 推論処理を開始しますわ... (ONNX_LOCK 同期)
2026-06-25 08:51:00,078 [INFO] [HTDemucs ONNX Memory] 分離完了いたしましたわ！ 整合化を開始しますの。
2026-06-25 08:51:00,127 [INFO] [Direct-Process] Demucs 波形分離完了 (経過: 5.3539s)
2026-06-25 08:51:05,618 [INFO] [MainProcess] [Endomorphism] [DSP] [Pre-warming] 全ステム7本の遅延キャッシュ事前計算を完了いたしましたわ (経過: 5.4897s)
2026-06-25 08:51:05,618 [INFO] [MainProcess] [Morphism] [Librosa] [Extraction] Librosa による特徴量抽出(ThreadPool=8)を開始しますわ
2026-06-25 08:51:29,392 [INFO] [MainProcess] [Morphism] [Librosa] [Extraction] 全ステムの Librosa 特徴量抽出を完了いたしましたわ (経過: 23.7744s)
2026-06-25 08:51:29,393 [INFO] [MainProcess] [Endomorphism] [Post-processing] [SNR-Overwrite] ステム相対エネルギー比率(SNR)の上書きを完了いたしましたわ (経過: 0.0000s)
2026-06-25 08:51:29,393 [INFO] [MainProcess] [Morphism] [Essentia] [ONNX-Inference] Essentia (EffNet) 分類器17基による推論を開始しますわ
2026-06-25 08:51:29,468 [INFO] [MainProcess] [Morphism] [Essentia] [ONNX-Inference] Essentia 分類推論を完了いたしましたわ (経過: 0.0751s)
2026-06-25 08:51:29,468 [INFO] [Direct-Process] ステム特徴量抽出完了 (経過: 29.3404s)
2026-06-25 08:51:29,585 [INFO] [Direct-Process] DB 登録(UPSERT)完了 (経過: 0.1121s)
2026-06-25 08:51:29,805 [INFO] [Direct-Process] デコード完了 (経過: 0.1370s, length: 3154620 samples)
2026-06-25 08:51:29,817 [INFO] [HTDemucs ONNX Memory] 推論処理を開始しますわ... (ONNX_LOCK 同期)
2026-06-25 08:51:34,909 [INFO] [HTDemucs ONNX Memory] 分離完了いたしましたわ！ 整合化を開始しますの。
2026-06-25 08:51:34,948 [INFO] [Direct-Process] Demucs 波形分離完了 (経過: 5.1426s)
2026-06-25 08:51:39,419 [INFO] [MainProcess] [Endomorphism] [DSP] [Pre-warming] 全ステム7本の遅延キャッシュ事前計算を完了いたしましたわ (経過: 4.4700s)
2026-06-25 08:51:39,420 [INFO] [MainProcess] [Morphism] [Librosa] [Extraction] Librosa による特徴量抽出(ThreadPool=8)を開始しますわ
2026-06-25 08:52:00,767 [INFO] [MainProcess] [Morphism] [Librosa] [Extraction] 全ステムの Librosa 特徴量抽出を完了いたしましたわ (経過: 21.3479s)
2026-06-25 08:52:00,768 [INFO] [MainProcess] [Endomorphism] [Post-processing] [SNR-Overwrite] ステム相対エネルギー比率(SNR)の上書きを完了いたしましたわ (経過: 0.0000s)
2026-06-25 08:52:00,768 [INFO] [MainProcess] [Morphism] [Essentia] [ONNX-Inference] Essentia (EffNet) 分類器17基による推論を開始しますわ
2026-06-25 08:52:00,829 [INFO] [MainProcess] [Morphism] [Essentia] [ONNX-Inference] Essentia 分類推論を完了いたしましたわ (経過: 0.0607s)
2026-06-25 08:52:00,829 [INFO] [Direct-Process] ステム特徴量抽出完了 (経過: 25.8797s)
2026-06-25 08:52:00,870 [INFO] [Direct-Process] DB 登録(UPSERT)完了 (経過: 0.0364s)
2026-06-25 08:52:01,078 [INFO] [Direct-Process] デコード完了 (経過: 0.1329s, length: 2974104 samples)
2026-06-25 08:52:01,098 [INFO] [HTDemucs ONNX Memory] 推論処理を開始しますわ... (ONNX_LOCK 同期)
2026-06-25 08:52:05,234 [INFO] [HTDemucs ONNX Memory] 分離完了いたしましたわ！ 整合化を開始しますの。
2026-06-25 08:52:05,271 [INFO] [Direct-Process] Demucs 波形分離完了 (経過: 4.1926s)
2026-06-25 08:52:09,466 [INFO] [MainProcess] [Endomorphism] [DSP] [Pre-warming] 全ステム7本の遅延キャッシュ事前計算を完了いたしましたわ (経過: 4.1934s)
2026-06-25 08:52:09,466 [INFO] [MainProcess] [Morphism] [Librosa] [Extraction] Librosa による特徴量抽出(ThreadPool=8)を開始しますわ
2026-06-25 08:52:29,028 [INFO] [MainProcess] [Morphism] [Librosa] [Extraction] 全ステムの Librosa 特徴量抽出を完了いたしましたわ (経過: 19.5624s)
2026-06-25 08:52:29,029 [INFO] [MainProcess] [Endomorphism] [Post-processing] [SNR-Overwrite] ステム相対エネルギー比率(SNR)の上書きを完了いたしましたわ (経過: 0.0000s)
2026-06-25 08:52:29,029 [INFO] [MainProcess] [Morphism] [Essentia] [ONNX-Inference] Essentia (EffNet) 分類器17基による推論を開始しますわ
2026-06-25 08:52:29,096 [INFO] [MainProcess] [Morphism] [Essentia] [ONNX-Inference] Essentia 分類推論を完了いたしましたわ (経過: 0.0664s)
2026-06-25 08:52:29,096 [INFO] [Direct-Process] ステム特徴量抽出完了 (経過: 23.8237s)
2026-06-25 08:52:29,136 [INFO] [Direct-Process] DB 登録(UPSERT)完了 (経過: 0.0362s)
2026-06-25 08:52:29,331 [INFO] [Direct-Process] デコード完了 (経過: 0.1170s, length: 2693040 samples)
2026-06-25 08:52:29,341 [INFO] [HTDemucs ONNX Memory] 推論処理を開始しますわ... (ONNX_LOCK 同期)
2026-06-25 08:52:33,723 [INFO] [HTDemucs ONNX Memory] 分離完了いたしましたわ！ 整合化を開始しますの。
2026-06-25 08:52:33,757 [INFO] [Direct-Process] Demucs 波形分離完了 (経過: 4.4254s)
2026-06-25 08:52:37,626 [INFO] [MainProcess] [Endomorphism] [DSP] [Pre-warming] 全ステム7本の遅延キャッシュ事前計算を完了いたしましたわ (経過: 3.8673s)
2026-06-25 08:52:37,626 [INFO] [MainProcess] [Morphism] [Librosa] [Extraction] Librosa による特徴量抽出(ThreadPool=8)を開始しますわ
2026-06-25 08:52:57,309 [INFO] [MainProcess] [Morphism] [Librosa] [Extraction] 全ステムの Librosa 特徴量抽出を完了いたしましたわ (経過: 19.6831s)
2026-06-25 08:52:57,309 [INFO] [MainProcess] [Endomorphism] [Post-processing] [SNR-Overwrite] ステム相対エネルギー比率(SNR)の上書きを完了いたしましたわ (経過: 0.0000s)
2026-06-25 08:52:57,309 [INFO] [MainProcess] [Morphism] [Essentia] [ONNX-Inference] Essentia (EffNet) 分類器17基による推論を開始しますわ
2026-06-25 08:52:57,371 [INFO] [MainProcess] [Morphism] [Essentia] [ONNX-Inference] Essentia 分類推論を完了いたしましたわ (経過: 0.0615s)
2026-06-25 08:52:57,371 [INFO] [Direct-Process] ステム特徴量抽出完了 (経過: 23.6132s)
2026-06-25 08:52:57,413 [INFO] [Direct-Process] DB 登録(UPSERT)完了 (経過: 0.0371s)
2026-06-25 08:52:57,569 [INFO] [Direct-Process] デコード完了 (経過: 0.0860s, length: 1656396 samples)
2026-06-25 08:52:57,575 [INFO] [HTDemucs ONNX Memory] 推論処理を開始しますわ... (ONNX_LOCK 同期)
2026-06-25 08:53:00,254 [INFO] [HTDemucs ONNX Memory] 分離完了いたしましたわ！ 整合化を開始しますの。
2026-06-25 08:53:00,274 [INFO] [Direct-Process] Demucs 波形分離完了 (経過: 2.7049s)
2026-06-25 08:53:02,593 [INFO] [MainProcess] [Endomorphism] [DSP] [Pre-warming] 全ステム7本の遅延キャッシュ事前計算を完了いたしましたわ (経過: 2.3188s)
2026-06-25 08:53:02,594 [INFO] [MainProcess] [Morphism] [Librosa] [Extraction] Librosa による特徴量抽出(ThreadPool=8)を開始しますわ
2026-06-25 08:53:13,925 [INFO] [MainProcess] [Morphism] [Librosa] [Extraction] 全ステムの Librosa 特徴量抽出を完了いたしましたわ (経過: 11.3311s)
2026-06-25 08:53:13,925 [INFO] [MainProcess] [Endomorphism] [Post-processing] [SNR-Overwrite] ステム相対エネルギー比率(SNR)の上書きを完了いたしましたわ (経過: 0.0000s)
2026-06-25 08:53:13,925 [INFO] [MainProcess] [Morphism] [Essentia] [ONNX-Inference] Essentia (EffNet) 分類器17基による推論を開始しますわ
2026-06-25 08:53:13,975 [INFO] [MainProcess] [Morphism] [Essentia] [ONNX-Inference] Essentia 分類推論を完了いたしましたわ (経過: 0.0497s)
2026-06-25 08:53:13,975 [INFO] [Direct-Process] ステム特徴量抽出完了 (経過: 13.7008s)
2026-06-25 08:53:14,024 [INFO] [Direct-Process] DB 登録(UPSERT)完了 (経過: 0.0433s)
2026-06-25 08:53:14,206 [INFO] [Direct-Process] デコード完了 (経過: 0.1054s, length: 2328480 samples)
2026-06-25 08:53:14,215 [INFO] [HTDemucs ONNX Memory] 推論処理を開始しますわ... (ONNX_LOCK 同期)
2026-06-25 08:53:17,751 [INFO] [HTDemucs ONNX Memory] 分離完了いたしましたわ！ 整合化を開始しますの。
2026-06-25 08:53:17,781 [INFO] [Direct-Process] Demucs 波形分離完了 (経過: 3.5748s)
2026-06-25 08:53:21,000 [INFO] [MainProcess] [Endomorphism] [DSP] [Pre-warming] 全ステム7本の遅延キャッシュ事前計算を完了いたしましたわ (経過: 3.2181s)
2026-06-25 08:53:21,001 [INFO] [MainProcess] [Morphism] [Librosa] [Extraction] Librosa による特徴量抽出(ThreadPool=8)を開始しますわ
2026-06-25 08:53:36,617 [INFO] [MainProcess] [Morphism] [Librosa] [Extraction] 全ステムの Librosa 特徴量抽出を完了いたしましたわ (経過: 15.6168s)
2026-06-25 08:53:36,618 [INFO] [MainProcess] [Endomorphism] [Post-processing] [SNR-Overwrite] ステム相対エネルギー比率(SNR)の上書きを完了いたしましたわ (経過: 0.0000s)
2026-06-25 08:53:36,618 [INFO] [MainProcess] [Morphism] [Essentia] [ONNX-Inference] Essentia (EffNet) 分類器17基による推論を開始しますわ
2026-06-25 08:53:36,671 [INFO] [MainProcess] [Morphism] [Essentia] [ONNX-Inference] Essentia 分類推論を完了いたしましたわ (経過: 0.0536s)
2026-06-25 08:53:36,672 [INFO] [Direct-Process] ステム特徴量抽出完了 (経過: 18.8899s)
2026-06-25 08:54:16,890 [INFO] [Direct-Process] DB 登録(UPSERT)完了 (経過: 40.2136s)
2026-06-25 08:54:17,383 [INFO] [Direct-Process] デコード完了 (経過: 0.4213s, length: 12118680 samples)
2026-06-25 08:54:17,383 [INFO] [Direct-Process] Skip --resume (Hash match): ストラヴィンスキー-火の鳥,春の祭典,ペトルーシュカ,プルチネルラ[Disc 1][Stravinsky][ballet, s..].flac (Track: 31)
2026-06-25 08:54:17,629 [INFO] [Direct-Process] デコード完了 (経過: 0.2428s, length: 7923299 samples)
2026-06-25 08:54:17,656 [INFO] [HTDemucs ONNX Memory] 推論処理を開始しますわ... (ONNX_LOCK 同期)
2026-06-25 08:54:29,350 [INFO] [HTDemucs ONNX Memory] 分離完了いたしましたわ！ 整合化を開始しますの。
2026-06-25 08:54:29,446 [INFO] [Direct-Process] Demucs 波形分離完了 (経過: 11.8169s)
2026-06-25 08:54:40,587 [INFO] [MainProcess] [Endomorphism] [DSP] [Pre-warming] 全ステム7本の遅延キャッシュ事前計算を完了いたしましたわ (経過: 11.1388s)
2026-06-25 08:54:40,587 [INFO] [MainProcess] [Morphism] [Librosa] [Extraction] Librosa による特徴量抽出(ThreadPool=8)を開始しますわ
2026-06-25 08:55:33,937 [INFO] [MainProcess] [Morphism] [Librosa] [Extraction] 全ステムの Librosa 特徴量抽出を完了いたしましたわ (経過: 53.3498s)
2026-06-25 08:55:33,937 [INFO] [MainProcess] [Endomorphism] [Post-processing] [SNR-Overwrite] ステム相対エネルギー比率(SNR)の上書きを完了いたしましたわ (経過: 0.0000s)
2026-06-25 08:55:33,937 [INFO] [MainProcess] [Morphism] [Essentia] [ONNX-Inference] Essentia (EffNet) 分類器17基による推論を開始しますわ
2026-06-25 08:55:34,056 [INFO] [MainProcess] [Morphism] [Essentia] [ONNX-Inference] Essentia 分類推論を完了いたしましたわ (経過: 0.1187s)
2026-06-25 08:55:34,056 [INFO] [Direct-Process] ステム特徴量抽出完了 (経過: 64.6087s)
2026-06-25 08:55:34,106 [INFO] [Direct-Process] DB 登録(UPSERT)完了 (経過: 0.0448s)
2026-06-25 08:55:34,334 [INFO] [Direct-Process] デコード完了 (経過: 0.1219s, length: 2759485 samples)
2026-06-25 08:55:34,344 [INFO] [HTDemucs ONNX Memory] 推論処理を開始しますわ... (ONNX_LOCK 同期)
2026-06-25 08:55:38,582 [INFO] [HTDemucs ONNX Memory] 分離完了いたしましたわ！ 整合化を開始しますの。
2026-06-25 08:55:38,618 [INFO] [Direct-Process] Demucs 波形分離完了 (経過: 4.2842s)
2026-06-25 08:55:42,503 [INFO] [MainProcess] [Endomorphism] [DSP] [Pre-warming] 全ステム7本の遅延キャッシュ事前計算を完了いたしましたわ (経過: 3.8836s)
2026-06-25 08:55:42,503 [INFO] [MainProcess] [Morphism] [Librosa] [Extraction] Librosa による特徴量抽出(ThreadPool=8)を開始しますわ
2026-06-25 08:56:00,790 [INFO] [MainProcess] [Morphism] [Librosa] [Extraction] 全ステムの Librosa 特徴量抽出を完了いたしましたわ (経過: 18.2876s)
2026-06-25 08:56:00,791 [INFO] [MainProcess] [Endomorphism] [Post-processing] [SNR-Overwrite] ステム相対エネルギー比率(SNR)の上書きを完了いたしましたわ (経過: 0.0000s)
2026-06-25 08:56:00,791 [INFO] [MainProcess] [Morphism] [Essentia] [ONNX-Inference] Essentia (EffNet) 分類器17基による推論を開始しますわ
2026-06-25 08:56:00,854 [INFO] [MainProcess] [Morphism] [Essentia] [ONNX-Inference] Essentia 分類推論を完了いたしましたわ (経過: 0.0632s)
2026-06-25 08:56:00,854 [INFO] [Direct-Process] ステム特徴量抽出完了 (経過: 22.2356s)
2026-06-25 08:56:00,895 [INFO] [Direct-Process] DB 登録(UPSERT)完了 (経過: 0.0364s)
2026-06-25 08:56:01,142 [INFO] [Direct-Process] デコード完了 (経過: 0.1753s, length: 4258296 samples)
2026-06-25 08:56:01,158 [INFO] [HTDemucs ONNX Memory] 推論処理を開始しますわ... (ONNX_LOCK 同期)
2026-06-25 08:56:07,702 [INFO] [HTDemucs ONNX Memory] 分離完了いたしましたわ！ 整合化を開始しますの。
2026-06-25 08:56:07,757 [INFO] [Direct-Process] Demucs 波形分離完了 (経過: 6.6145s)
2026-06-25 08:56:13,855 [INFO] [MainProcess] [Endomorphism] [DSP] [Pre-warming] 全ステム7本の遅延キャッシュ事前計算を完了いたしましたわ (経過: 6.0969s)
2026-06-25 08:56:13,855 [INFO] [MainProcess] [Morphism] [Librosa] [Extraction] Librosa による特徴量抽出(ThreadPool=8)を開始しますわ
2026-06-25 08:56:43,982 [INFO] [MainProcess] [Morphism] [Librosa] [Extraction] 全ステムの Librosa 特徴量抽出を完了いたしましたわ (経過: 30.1270s)
2026-06-25 08:56:43,983 [INFO] [MainProcess] [Endomorphism] [Post-processing] [SNR-Overwrite] ステム相対エネルギー比率(SNR)の上書きを完了いたしましたわ (経過: 0.0000s)
2026-06-25 08:56:43,983 [INFO] [MainProcess] [Morphism] [Essentia] [ONNX-Inference] Essentia (EffNet) 分類器17基による推論を開始しますわ
2026-06-25 08:56:44,055 [INFO] [MainProcess] [Morphism] [Essentia] [ONNX-Inference] Essentia 分類推論を完了いたしましたわ (経過: 0.0728s)
2026-06-25 08:56:44,056 [INFO] [Direct-Process] ステム特徴量抽出完了 (経過: 36.2979s)
2026-06-25 08:56:44,096 [INFO] [Direct-Process] DB 登録(UPSERT)完了 (経過: 0.0360s)
2026-06-25 08:56:44,473 [INFO] [Direct-Process] デコード完了 (経過: 0.2912s, length: 8015028 samples)
2026-06-25 08:56:44,502 [INFO] [HTDemucs ONNX Memory] 推論処理を開始しますわ... (ONNX_LOCK 同期)
2026-06-25 08:56:56,181 [INFO] [HTDemucs ONNX Memory] 分離完了いたしましたわ！ 整合化を開始しますの。
2026-06-25 08:56:56,281 [INFO] [Direct-Process] Demucs 波形分離完了 (経過: 11.8077s)
2026-06-25 08:57:07,881 [INFO] [MainProcess] [Endomorphism] [DSP] [Pre-warming] 全ステム7本の遅延キャッシュ事前計算を完了いたしましたわ (経過: 11.5981s)
2026-06-25 08:57:07,881 [INFO] [MainProcess] [Morphism] [Librosa] [Extraction] Librosa による特徴量抽出(ThreadPool=8)を開始しますわ
2026-06-25 08:57:58,959 [INFO] [MainProcess] [Morphism] [Librosa] [Extraction] 全ステムの Librosa 特徴量抽出を完了いたしましたわ (経過: 51.0778s)
2026-06-25 08:57:58,959 [INFO] [MainProcess] [Endomorphism] [Post-processing] [SNR-Overwrite] ステム相対エネルギー比率(SNR)の上書きを完了いたしましたわ (経過: 0.0000s)
2026-06-25 08:57:58,959 [INFO] [MainProcess] [Morphism] [Essentia] [ONNX-Inference] Essentia (EffNet) 分類器17基による推論を開始しますわ
2026-06-25 08:57:59,075 [INFO] [MainProcess] [Morphism] [Essentia] [ONNX-Inference] Essentia 分類推論を完了いたしましたわ (経過: 0.1152s)
2026-06-25 08:57:59,075 [INFO] [Direct-Process] ステム特徴量抽出完了 (経過: 62.7923s)
2026-06-25 08:57:59,116 [INFO] [Direct-Process] DB 登録(UPSERT)完了 (経過: 0.0365s)
2026-06-25 08:58:24,314 [INFO] [Timestamp Inheritance] Windows ctypesを用いてタイムスタンプを完全継承しましたわ！ (target: ストラヴィンスキー-火の鳥,春の祭典,ペトルーシュカ,プルチネルラ[Disc 1][Stravinsky][ballet, s..].flac)
2026-06-25 08:58:24,316 [INFO] [Direct-Process] OK: M:\Music\album\CLASSIC\BPO\ストラヴィンスキー-火の鳥,春の祭典,ペトルーシュカ,プルチネルラ[Disc 1][Stravinsky][ballet, s..].flac
2026-06-25 08:58:24,370 [INFO] OK: ストラヴィンスキー-火の鳥,春の祭典,ペトルーシュカ,プルチネルラ[Disc 1][Stravinsky][ballet, s..].flac (33 トラック処理完了, 2 トラック既処理スキップ)
2026-06-25 08:58:25,281 [INFO] ONNX使用可能演算器: ['TensorrtExecutionProvider', 'CUDAExecutionProvider', 'CPUExecutionProvider']
2026-06-25 08:58:25,282 [INFO] 直列実行用ロード     : ['CUDAExecutionProvider', 'CPUExecutionProvider']
2026-06-25 08:58:25,530 [INFO] ONNXセッション直列化ロード完了！ (分類器数: 17)
2026-06-25 08:58:25,530 [INFO] [WorkerONNX] Consumer 内 ONNX 直列セッション初期化完了！（分類器数: 17)
2026-06-25 08:58:25,541 [INFO] [Direct-Process] 解析開始: ストラヴィンスキー-火の鳥,春の祭典,ペトルーシュカ,プルチネルラ[Disc 2][Stravinsky][ballet, s..].flac
2026-06-25 08:58:25,999 [INFO] 波形分離モデル (GLOBAL_DEMUCS) をロードしますわ... (use_dml=False)
2026-06-25 08:58:25,999 [INFO] HTDemucsSeparator 初期化: model=htdemucs_6s, precision=fp16weights, providers=['CUDAExecutionProvider', 'CPUExecutionProvider']
2026-06-25 08:58:41,052 [INFO] HTDemucs ONNX 実機モデルロードに成功いたしましたわ！
2026-06-25 08:58:41,872 [INFO] [Direct-Process] デコード完了 (経過: 0.8190s, length: 18679584 samples)
2026-06-25 08:58:41,872 [INFO] [Direct-Process] Skip --resume (Hash match): ストラヴィンスキー-火の鳥,春の祭典,ペトルーシュカ,プルチネルラ[Disc 2][Stravinsky][ballet, s..].flac (Track: 1)
2026-06-25 08:58:42,126 [INFO] [Direct-Process] デコード完了 (経過: 0.2503s, length: 7317660 samples)
2026-06-25 08:58:42,152 [INFO] [HTDemucs ONNX Memory] 推論処理を開始しますわ... (ONNX_LOCK 同期)
2026-06-25 08:58:53,207 [INFO] [HTDemucs ONNX Memory] 分離完了いたしましたわ！ 整合化を開始しますの。
2026-06-25 08:58:53,300 [INFO] [Direct-Process] Demucs 波形分離完了 (経過: 11.1729s)
2026-06-25 08:59:07,034 [INFO] [MainProcess] [Endomorphism] [DSP] [Pre-warming] 全ステム7本の遅延キャッシュ事前計算を完了いたしましたわ (経過: 13.7325s)
2026-06-25 08:59:07,034 [INFO] [MainProcess] [Morphism] [Librosa] [Extraction] Librosa による特徴量抽出(ThreadPool=8)を開始しますわ
2026-06-25 08:59:59,430 [INFO] [MainProcess] [Morphism] [Librosa] [Extraction] 全ステムの Librosa 特徴量抽出を完了いたしましたわ (経過: 52.3952s)
2026-06-25 08:59:59,430 [INFO] [MainProcess] [Endomorphism] [Post-processing] [SNR-Overwrite] ステム相対エネルギー比率(SNR)の上書きを完了いたしましたわ (経過: 0.0000s)
2026-06-25 08:59:59,430 [INFO] [MainProcess] [Morphism] [Essentia] [ONNX-Inference] Essentia (EffNet) 分類器17基による推論を開始しますわ
2026-06-25 08:59:59,788 [INFO] [MainProcess] [Morphism] [Essentia] [ONNX-Inference] Essentia 分類推論を完了いたしましたわ (経過: 0.3577s)
2026-06-25 08:59:59,788 [INFO] [Direct-Process] ステム特徴量抽出完了 (経過: 66.4868s)
2026-06-25 08:59:59,864 [INFO] [Direct-Process] DB 登録(UPSERT)完了 (経過: 0.0743s)
2026-06-25 09:00:00,392 [INFO] [Direct-Process] デコード完了 (経過: 0.4175s, length: 11839380 samples)
2026-06-25 09:00:00,433 [INFO] [HTDemucs ONNX Memory] 推論処理を開始しますわ... (ONNX_LOCK 同期)
2026-06-25 09:00:17,245 [INFO] [HTDemucs ONNX Memory] 分離完了いたしましたわ！ 整合化を開始しますの。
2026-06-25 09:00:17,394 [INFO] [Direct-Process] Demucs 波形分離完了 (経過: 17.0015s)
2026-06-25 09:00:34,186 [INFO] [MainProcess] [Endomorphism] [DSP] [Pre-warming] 全ステム7本の遅延キャッシュ事前計算を完了いたしましたわ (経過: 16.7895s)
2026-06-25 09:00:34,186 [INFO] [MainProcess] [Morphism] [Librosa] [Extraction] Librosa による特徴量抽出(ThreadPool=8)を開始しますわ
2026-06-25 09:01:48,714 [INFO] [MainProcess] [Morphism] [Librosa] [Extraction] 全ステムの Librosa 特徴量抽出を完了いたしましたわ (経過: 74.5284s)
2026-06-25 09:01:48,715 [INFO] [MainProcess] [Endomorphism] [Post-processing] [SNR-Overwrite] ステム相対エネルギー比率(SNR)の上書きを完了いたしましたわ (経過: 0.0000s)
2026-06-25 09:01:48,715 [INFO] [MainProcess] [Morphism] [Essentia] [ONNX-Inference] Essentia (EffNet) 分類器17基による推論を開始しますわ
2026-06-25 09:01:48,863 [INFO] [MainProcess] [Morphism] [Essentia] [ONNX-Inference] Essentia 分類推論を完了いたしましたわ (経過: 0.1486s)
2026-06-25 09:01:48,864 [INFO] [Direct-Process] ステム特徴量抽出完了 (経過: 91.4678s)
2026-06-25 09:01:48,908 [INFO] [Direct-Process] DB 登録(UPSERT)完了 (経過: 0.0426s)
2026-06-25 09:01:49,386 [INFO] [Direct-Process] デコード完了 (経過: 0.3341s, length: 9719639 samples)
2026-06-25 09:01:49,420 [INFO] [HTDemucs ONNX Memory] 推論処理を開始しますわ... (ONNX_LOCK 同期)
2026-06-25 09:02:03,842 [INFO] [HTDemucs ONNX Memory] 分離完了いたしましたわ！ 整合化を開始しますの。
2026-06-25 09:02:03,961 [INFO] [Direct-Process] Demucs 波形分離完了 (経過: 14.5739s)
2026-06-25 09:02:17,728 [INFO] [MainProcess] [Endomorphism] [DSP] [Pre-warming] 全ステム7本の遅延キャッシュ事前計算を完了いたしましたわ (経過: 13.7649s)
2026-06-25 09:02:17,728 [INFO] [MainProcess] [Morphism] [Librosa] [Extraction] Librosa による特徴量抽出(ThreadPool=8)を開始しますわ
2026-06-25 09:03:20,962 [INFO] [MainProcess] [Morphism] [Librosa] [Extraction] 全ステムの Librosa 特徴量抽出を完了いたしましたわ (経過: 63.2340s)
2026-06-25 09:03:20,962 [INFO] [MainProcess] [Endomorphism] [Post-processing] [SNR-Overwrite] ステム相対エネルギー比率(SNR)の上書きを完了いたしましたわ (経過: 0.0000s)
2026-06-25 09:03:20,962 [INFO] [MainProcess] [Morphism] [Essentia] [ONNX-Inference] Essentia (EffNet) 分類器17基による推論を開始しますわ
2026-06-25 09:03:21,089 [INFO] [MainProcess] [Morphism] [Essentia] [ONNX-Inference] Essentia 分類推論を完了いたしましたわ (経過: 0.1266s)
2026-06-25 09:03:21,089 [INFO] [Direct-Process] ステム特徴量抽出完了 (経過: 77.1268s)
2026-06-25 09:03:21,130 [INFO] [Direct-Process] DB 登録(UPSERT)完了 (経過: 0.0393s)
2026-06-25 09:03:21,551 [INFO] [Direct-Process] デコード完了 (経過: 0.3017s, length: 8605381 samples)
2026-06-25 09:03:21,580 [INFO] [HTDemucs ONNX Memory] 推論処理を開始しますわ... (ONNX_LOCK 同期)
2026-06-25 09:03:34,027 [INFO] [HTDemucs ONNX Memory] 分離完了いたしましたわ！ 整合化を開始しますの。
2026-06-25 09:03:34,136 [INFO] [Direct-Process] Demucs 波形分離完了 (経過: 12.5848s)
2026-06-25 09:03:46,347 [INFO] [MainProcess] [Endomorphism] [DSP] [Pre-warming] 全ステム7本の遅延キャッシュ事前計算を完了いたしましたわ (経過: 12.2089s)
2026-06-25 09:03:46,347 [INFO] [MainProcess] [Morphism] [Librosa] [Extraction] Librosa による特徴量抽出(ThreadPool=8)を開始しますわ
2026-06-25 09:04:40,860 [INFO] [MainProcess] [Morphism] [Librosa] [Extraction] 全ステムの Librosa 特徴量抽出を完了いたしましたわ (経過: 54.5125s)
2026-06-25 09:04:40,860 [INFO] [MainProcess] [Endomorphism] [Post-processing] [SNR-Overwrite] ステム相対エネルギー比率(SNR)の上書きを完了いたしましたわ (経過: 0.0000s)
2026-06-25 09:04:40,860 [INFO] [MainProcess] [Morphism] [Essentia] [ONNX-Inference] Essentia (EffNet) 分類器17基による推論を開始しますわ
2026-06-25 09:04:40,976 [INFO] [MainProcess] [Morphism] [Essentia] [ONNX-Inference] Essentia 分類推論を完了いたしましたわ (経過: 0.1155s)
2026-06-25 09:04:40,976 [INFO] [Direct-Process] ステム特徴量抽出完了 (経過: 66.8382s)
2026-06-25 09:04:41,018 [INFO] [Direct-Process] DB 登録(UPSERT)完了 (経過: 0.0396s)
2026-06-25 09:04:42,110 [INFO] [Direct-Process] デコード完了 (経過: 0.9231s, length: 35861531 samples)
2026-06-25 09:04:42,235 [INFO] [HTDemucs ONNX Memory] 推論処理を開始しますわ... (ONNX_LOCK 同期)
2026-06-25 09:05:34,911 [INFO] [HTDemucs ONNX Memory] 分離完了いたしましたわ！ 整合化を開始しますの。
2026-06-25 09:05:35,361 [INFO] [Direct-Process] Demucs 波形分離完了 (経過: 53.2516s)
2026-06-25 09:06:27,452 [INFO] [MainProcess] [Endomorphism] [DSP] [Pre-warming] 全ステム7本の遅延キャッシュ事前計算を完了いたしましたわ (経過: 52.0839s)
2026-06-25 09:06:27,452 [INFO] [MainProcess] [Morphism] [Librosa] [Extraction] Librosa による特徴量抽出(ThreadPool=8)を開始しますわ
2026-06-25 09:10:39,021 [INFO] [MainProcess] [Morphism] [Librosa] [Extraction] 全ステムの Librosa 特徴量抽出を完了いたしましたわ (経過: 251.5683s)
2026-06-25 09:10:39,021 [INFO] [MainProcess] [Endomorphism] [Post-processing] [SNR-Overwrite] ステム相対エネルギー比率(SNR)の上書きを完了いたしましたわ (経過: 0.0000s)
2026-06-25 09:10:39,021 [INFO] [MainProcess] [Morphism] [Essentia] [ONNX-Inference] Essentia (EffNet) 分類器17基による推論を開始しますわ
2026-06-25 09:10:39,427 [INFO] [MainProcess] [Morphism] [Essentia] [ONNX-Inference] Essentia 分類推論を完了いたしましたわ (経過: 0.4057s)
2026-06-25 09:10:39,427 [INFO] [Direct-Process] ステム特徴量抽出完了 (経過: 304.0591s)
2026-06-25 09:10:39,474 [INFO] [Direct-Process] DB 登録(UPSERT)完了 (経過: 0.0449s)
2026-06-25 09:10:39,962 [INFO] [Direct-Process] デコード完了 (経過: 0.1960s, length: 5247900 samples)
2026-06-25 09:10:39,962 [INFO] [Direct-Process] Skip --resume (Hash match): ストラヴィンスキー-火の鳥,春の祭典,ペトルーシュカ,プルチネルラ[Disc 2][Stravinsky][ballet, s..].flac (Track: 7)
2026-06-25 09:10:40,316 [INFO] [Direct-Process] デコード完了 (経過: 0.3526s, length: 7870381 samples)
2026-06-25 09:10:40,317 [INFO] [Direct-Process] Skip --resume (Hash match): ストラヴィンスキー-火の鳥,春の祭典,ペトルーシュカ,プルチネルラ[Disc 2][Stravinsky][ballet, s..].flac (Track: 8)
2026-06-25 09:10:41,625 [INFO] [Direct-Process] デコード完了 (経過: 1.3057s, length: 49121520 samples)
2026-06-25 09:10:41,795 [INFO] [HTDemucs ONNX Memory] 推論処理を開始しますわ... (ONNX_LOCK 同期)
2026-06-25 09:11:55,013 [INFO] [HTDemucs ONNX Memory] 分離完了いたしましたわ！ 整合化を開始しますの。
2026-06-25 09:11:55,633 [INFO] [Direct-Process] Demucs 波形分離完了 (経過: 74.0070s)
2026-06-25 09:13:08,101 [INFO] [MainProcess] [Endomorphism] [DSP] [Pre-warming] 全ステム7本の遅延キャッシュ事前計算を完了いたしましたわ (経過: 72.4588s)
2026-06-25 09:13:08,101 [INFO] [MainProcess] [Morphism] [Librosa] [Extraction] Librosa による特徴量抽出(ThreadPool=8)を開始しますわ
2026-06-25 09:18:23,544 [INFO] [MainProcess] [Morphism] [Librosa] [Extraction] 全ステムの Librosa 特徴量抽出を完了いたしましたわ (経過: 315.4428s)
2026-06-25 09:18:23,544 [INFO] [MainProcess] [Endomorphism] [Post-processing] [SNR-Overwrite] ステム相対エネルギー比率(SNR)の上書きを完了いたしましたわ (経過: 0.0000s)
2026-06-25 09:18:23,544 [INFO] [MainProcess] [Morphism] [Essentia] [ONNX-Inference] Essentia (EffNet) 分類器17基による推論を開始しますわ
2026-06-25 09:18:24,072 [INFO] [MainProcess] [Morphism] [Essentia] [ONNX-Inference] Essentia 分類推論を完了いたしましたわ (経過: 0.5280s)
2026-06-25 09:18:24,073 [INFO] [Direct-Process] ステム特徴量抽出完了 (経過: 388.4310s)
2026-06-25 09:18:24,137 [INFO] [Direct-Process] DB 登録(UPSERT)完了 (経過: 0.0623s)
2026-06-25 09:18:24,916 [INFO] [Direct-Process] デコード完了 (経過: 0.3986s, length: 12112800 samples)
2026-06-25 09:18:24,959 [INFO] [HTDemucs ONNX Memory] 推論処理を開始しますわ... (ONNX_LOCK 同期)
2026-06-25 09:18:42,685 [INFO] [HTDemucs ONNX Memory] 分離完了いたしましたわ！ 整合化を開始しますの。
2026-06-25 09:18:42,835 [INFO] [Direct-Process] Demucs 波形分離完了 (経過: 17.9187s)
2026-06-25 09:19:00,188 [INFO] [MainProcess] [Endomorphism] [DSP] [Pre-warming] 全ステム7本の遅延キャッシュ事前計算を完了いたしましたわ (経過: 17.3502s)
2026-06-25 09:19:00,188 [INFO] [MainProcess] [Morphism] [Librosa] [Extraction] Librosa による特徴量抽出(ThreadPool=8)を開始しますわ
2026-06-25 09:20:18,579 [INFO] [MainProcess] [Morphism] [Librosa] [Extraction] 全ステムの Librosa 特徴量抽出を完了いたしましたわ (経過: 78.3911s)
2026-06-25 09:20:18,579 [INFO] [MainProcess] [Endomorphism] [Post-processing] [SNR-Overwrite] ステム相対エネルギー比率(SNR)の上書きを完了いたしましたわ (経過: 0.0000s)
2026-06-25 09:20:18,580 [INFO] [MainProcess] [Morphism] [Essentia] [ONNX-Inference] Essentia (EffNet) 分類器17基による推論を開始しますわ
2026-06-25 09:20:18,729 [INFO] [MainProcess] [Morphism] [Essentia] [ONNX-Inference] Essentia 分類推論を完了いたしましたわ (経過: 0.1492s)
2026-06-25 09:20:18,729 [INFO] [Direct-Process] ステム特徴量抽出完了 (経過: 95.8917s)
2026-06-25 09:20:18,770 [INFO] [Direct-Process] DB 登録(UPSERT)完了 (経過: 0.0389s)
2026-06-25 09:20:19,474 [INFO] [Direct-Process] デコード完了 (経過: 0.5711s, length: 15743700 samples)
2026-06-25 09:20:19,528 [INFO] [HTDemucs ONNX Memory] 推論処理を開始しますわ... (ONNX_LOCK 同期)
2026-06-25 09:20:41,668 [INFO] [HTDemucs ONNX Memory] 分離完了いたしましたわ！ 整合化を開始しますの。
2026-06-25 09:20:41,861 [INFO] [Direct-Process] Demucs 波形分離完了 (経過: 22.3871s)
2026-06-25 09:21:04,100 [INFO] [MainProcess] [Endomorphism] [DSP] [Pre-warming] 全ステム7本の遅延キャッシュ事前計算を完了いたしましたわ (経過: 22.2346s)
2026-06-25 09:21:04,100 [INFO] [MainProcess] [Morphism] [Librosa] [Extraction] Librosa による特徴量抽出(ThreadPool=8)を開始しますわ
2026-06-25 09:22:51,004 [INFO] [MainProcess] [Morphism] [Librosa] [Extraction] 全ステムの Librosa 特徴量抽出を完了いたしましたわ (経過: 106.9041s)
2026-06-25 09:22:51,005 [INFO] [MainProcess] [Endomorphism] [Post-processing] [SNR-Overwrite] ステム相対エネルギー比率(SNR)の上書きを完了いたしましたわ (経過: 0.0000s)
2026-06-25 09:22:51,005 [INFO] [MainProcess] [Morphism] [Essentia] [ONNX-Inference] Essentia (EffNet) 分類器17基による推論を開始しますわ
2026-06-25 09:22:51,200 [INFO] [MainProcess] [Morphism] [Essentia] [ONNX-Inference] Essentia 分類推論を完了いたしましたわ (経過: 0.1955s)
2026-06-25 09:22:51,201 [INFO] [Direct-Process] ステム特徴量抽出完了 (経過: 129.3357s)
2026-06-25 09:22:51,242 [INFO] [Direct-Process] DB 登録(UPSERT)完了 (経過: 0.0394s)
2026-06-25 09:22:51,790 [INFO] [Direct-Process] デコード完了 (経過: 0.3863s, length: 11510100 samples)
2026-06-25 09:22:51,833 [INFO] [HTDemucs ONNX Memory] 推論処理を開始しますわ... (ONNX_LOCK 同期)
2026-06-25 09:23:08,240 [INFO] [HTDemucs ONNX Memory] 分離完了いたしましたわ！ 整合化を開始しますの。
2026-06-25 09:23:08,382 [INFO] [Direct-Process] Demucs 波形分離完了 (経過: 16.5917s)
2026-06-25 09:23:24,909 [INFO] [MainProcess] [Endomorphism] [DSP] [Pre-warming] 全ステム7本の遅延キャッシュ事前計算を完了いたしましたわ (経過: 16.5250s)
2026-06-25 09:23:24,910 [INFO] [MainProcess] [Morphism] [Librosa] [Extraction] Librosa による特徴量抽出(ThreadPool=8)を開始しますわ
2026-06-25 09:24:47,645 [INFO] [MainProcess] [Morphism] [Librosa] [Extraction] 全ステムの Librosa 特徴量抽出を完了いたしましたわ (経過: 82.7353s)
2026-06-25 09:24:47,645 [INFO] [MainProcess] [Endomorphism] [Post-processing] [SNR-Overwrite] ステム相対エネルギー比率(SNR)の上書きを完了いたしましたわ (経過: 0.0000s)
2026-06-25 09:24:47,645 [INFO] [MainProcess] [Morphism] [Essentia] [ONNX-Inference] Essentia (EffNet) 分類器17基による推論を開始しますわ
2026-06-25 09:24:47,792 [INFO] [MainProcess] [Morphism] [Essentia] [ONNX-Inference] Essentia 分類推論を完了いたしましたわ (経過: 0.1461s)
2026-06-25 09:24:47,792 [INFO] [Direct-Process] ステム特徴量抽出完了 (経過: 99.4076s)
2026-06-25 09:24:47,831 [INFO] [Direct-Process] DB 登録(UPSERT)完了 (経過: 0.0377s)
2026-06-25 09:24:48,373 [INFO] [Direct-Process] デコード完了 (経過: 0.4109s, length: 9802548 samples)
2026-06-25 09:24:48,408 [INFO] [HTDemucs ONNX Memory] 推論処理を開始しますわ... (ONNX_LOCK 同期)
2026-06-25 09:25:02,476 [INFO] [HTDemucs ONNX Memory] 分離完了いたしましたわ！ 整合化を開始しますの。
2026-06-25 09:25:02,598 [INFO] [Direct-Process] Demucs 波形分離完了 (経過: 14.2241s)
2026-06-25 09:25:16,594 [INFO] [MainProcess] [Endomorphism] [DSP] [Pre-warming] 全ステム7本の遅延キャッシュ事前計算を完了いたしましたわ (経過: 13.9948s)
2026-06-25 09:25:16,595 [INFO] [MainProcess] [Morphism] [Librosa] [Extraction] Librosa による特徴量抽出(ThreadPool=8)を開始しますわ
2026-06-25 09:26:22,220 [INFO] [MainProcess] [Morphism] [Librosa] [Extraction] 全ステムの Librosa 特徴量抽出を完了いたしましたわ (経過: 65.6256s)
2026-06-25 09:26:22,221 [INFO] [MainProcess] [Endomorphism] [Post-processing] [SNR-Overwrite] ステム相対エネルギー比率(SNR)の上書きを完了いたしましたわ (経過: 0.0000s)
2026-06-25 09:26:22,221 [INFO] [MainProcess] [Morphism] [Essentia] [ONNX-Inference] Essentia (EffNet) 分類器17基による推論を開始しますわ
2026-06-25 09:26:22,346 [INFO] [MainProcess] [Morphism] [Essentia] [ONNX-Inference] Essentia 分類推論を完了いたしましたわ (経過: 0.1252s)
2026-06-25 09:26:22,346 [INFO] [Direct-Process] ステム特徴量抽出完了 (経過: 79.7468s)
2026-06-25 09:26:22,394 [INFO] [Direct-Process] DB 登録(UPSERT)完了 (経過: 0.0462s)
2026-06-25 09:26:32,455 [INFO] [Timestamp Inheritance] Windows ctypesを用いてタイムスタンプを完全継承しましたわ！ (target: ストラヴィンスキー-火の鳥,春の祭典,ペトルーシュカ,プルチネルラ[Disc 2][Stravinsky][ballet, s..].flac)
2026-06-25 09:26:32,456 [INFO] [Direct-Process] OK: M:\Music\album\CLASSIC\BPO\ストラヴィンスキー-火の鳥,春の祭典,ペトルーシュカ,プルチネルラ[Disc 2][Stravinsky][ballet, s..].flac
2026-06-25 09:26:32,514 [INFO] OK: ストラヴィンスキー-火の鳥,春の祭典,ペトルーシュカ,プルチネルラ[Disc 2][Stravinsky][ballet, s..].flac (10 トラック処理完了, 3 トラック既処理スキップ)
