2026-06-29 13:14:54,625 [INFO] ONNX使用可能演算器: ['TensorrtExecutionProvider', 'CUDAExecutionProvider', 'CPUExecutionProvider']
2026-06-29 13:14:54,625 [INFO] 直列実行用ロード     : ['CUDAExecutionProvider', 'CPUExecutionProvider']
2026-06-29 13:14:54,878 [INFO] ONNXセッション直列化ロード完了！ (分類器数: 17)
2026-06-29 13:14:54,878 [INFO] [WorkerONNX] Consumer 内 ONNX 直列セッション初期化完了！（分類器数: 17)
2026-06-29 13:14:54,891 [INFO] [Direct-Process] 解析開始: Diverse System[2017]AD-Drum'n Bass 3.flac
2026-06-29 13:14:55,316 [INFO] 波形分離モデル (GLOBAL_DEMUCS) をロードしますわ... (use_dml=False)
2026-06-29 13:14:55,317 [INFO] HTDemucsSeparator 初期化: model=htdemucs_6s, precision=fp16weights, providers=['CUDAExecutionProvider', 'CPUExecutionProvider']
2026-06-29 13:15:10,741 [INFO] HTDemucs ONNX 実機モデルロードに成功いたしましたわ！
2026-06-29 13:15:11,359 [INFO] [Direct-Process] デコード完了 (経過: 0.6175s, length: 12348000 samples)
2026-06-29 13:15:11,404 [INFO] [HTDemucs ONNX Memory] 推論処理を開始しますわ... (ONNX_LOCK 同期)
2026-06-29 13:15:28,975 [INFO] [HTDemucs ONNX Memory] 分離完了いたしましたわ！ 整合化を開始しますの。
2026-06-29 13:15:29,132 [INFO] [Direct-Process] Demucs 波形分離完了 (経過: 17.7732s)
2026-06-29 13:15:50,911 [INFO] [MainProcess] [Endomorphism] [DSP] [Pre-warming] 全ステム7本の遅延キャッシュ事前計算を完了いたしましたわ (経過: 21.7753s)
2026-06-29 13:15:50,911 [INFO] [MainProcess] [Morphism] [Librosa] [Extraction] Librosa による特徴量抽出(ThreadPool=8)を開始しますわ
2026-06-29 13:17:25,312 [INFO] [MainProcess] [Morphism] [Librosa] [Extraction] 全ステムの Librosa 特徴量抽出を完了いたしましたわ (経過: 94.4007s)
2026-06-29 13:17:25,312 [INFO] [MainProcess] [Endomorphism] [Post-processing] [SNR-Overwrite] ステム相対エネルギー比率(SNR)の上書きを完了いたしましたわ (経過: 0.0000s)
2026-06-29 13:17:25,312 [INFO] [MainProcess] [Morphism] [Essentia] [ONNX-Inference] Essentia (EffNet) 分類器17基による推論を開始しますわ
2026-06-29 13:17:25,707 [INFO] [MainProcess] [Morphism] [Essentia] [ONNX-Inference] Essentia 分類推論を完了いたしましたわ (経過: 0.3946s)
2026-06-29 13:17:25,708 [INFO] [Direct-Process] ステム特徴量抽出完了 (経過: 116.5721s)
2026-06-29 13:17:31,381 [INFO] [Direct-Process] DB 登録(UPSERT)完了 (経過: 5.6716s)
2026-06-29 13:17:31,994 [INFO] [Direct-Process] デコード完了 (経過: 0.4654s, length: 10501680 samples)
2026-06-29 13:17:32,031 [INFO] [HTDemucs ONNX Memory] 推論処理を開始しますわ... (ONNX_LOCK 同期)
2026-06-29 13:17:46,948 [INFO] [HTDemucs ONNX Memory] 分離完了いたしましたわ！ 整合化を開始しますの。
2026-06-29 13:17:47,089 [INFO] [Direct-Process] Demucs 波形分離完了 (経過: 15.0946s)
2026-06-29 13:18:02,450 [INFO] [MainProcess] [Endomorphism] [DSP] [Pre-warming] 全ステム7本の遅延キャッシュ事前計算を完了いたしましたわ (経過: 15.3582s)
2026-06-29 13:18:02,451 [INFO] [MainProcess] [Morphism] [Librosa] [Extraction] Librosa による特徴量抽出(ThreadPool=8)を開始しますわ
2026-06-29 13:19:16,814 [INFO] [MainProcess] [Morphism] [Librosa] [Extraction] 全ステムの Librosa 特徴量抽出を完了いたしましたわ (経過: 74.3631s)
2026-06-29 13:19:16,814 [INFO] [MainProcess] [Endomorphism] [Post-processing] [SNR-Overwrite] ステム相対エネルギー比率(SNR)の上書きを完了いたしましたわ (経過: 0.0000s)
2026-06-29 13:19:16,814 [INFO] [MainProcess] [Morphism] [Essentia] [ONNX-Inference] Essentia (EffNet) 分類器17基による推論を開始しますわ
2026-06-29 13:19:16,960 [INFO] [MainProcess] [Morphism] [Essentia] [ONNX-Inference] Essentia 分類推論を完了いたしましたわ (経過: 0.1454s)
2026-06-29 13:19:16,960 [INFO] [Direct-Process] ステム特徴量抽出完了 (経過: 89.8680s)
2026-06-29 13:19:17,003 [INFO] [Direct-Process] DB 登録(UPSERT)完了 (経過: 0.0404s)
2026-06-29 13:19:17,782 [INFO] [Direct-Process] デコード完了 (経過: 0.6511s, length: 13149444 samples)
2026-06-29 13:19:17,829 [INFO] [HTDemucs ONNX Memory] 推論処理を開始しますわ... (ONNX_LOCK 同期)
2026-06-29 13:19:36,639 [INFO] [HTDemucs ONNX Memory] 分離完了いたしましたわ！ 整合化を開始しますの。
2026-06-29 13:19:36,807 [INFO] [Direct-Process] Demucs 波形分離完了 (経過: 19.0248s)
2026-06-29 13:19:56,230 [INFO] [MainProcess] [Endomorphism] [DSP] [Pre-warming] 全ステム7本の遅延キャッシュ事前計算を完了いたしましたわ (経過: 19.4195s)
2026-06-29 13:19:56,230 [INFO] [MainProcess] [Morphism] [Librosa] [Extraction] Librosa による特徴量抽出(ThreadPool=8)を開始しますわ
2026-06-29 13:21:24,868 [INFO] [MainProcess] [Morphism] [Librosa] [Extraction] 全ステムの Librosa 特徴量抽出を完了いたしましたわ (経過: 88.6380s)
2026-06-29 13:21:24,869 [INFO] [MainProcess] [Endomorphism] [Post-processing] [SNR-Overwrite] ステム相対エネルギー比率(SNR)の上書きを完了いたしましたわ (経過: 0.0000s)
2026-06-29 13:21:24,869 [INFO] [MainProcess] [Morphism] [Essentia] [ONNX-Inference] Essentia (EffNet) 分類器17基による推論を開始しますわ
2026-06-29 13:21:25,027 [INFO] [MainProcess] [Morphism] [Essentia] [ONNX-Inference] Essentia 分類推論を完了いたしましたわ (経過: 0.1579s)
2026-06-29 13:21:25,027 [INFO] [Direct-Process] ステム特徴量抽出完了 (経過: 108.2171s)
2026-06-29 13:21:25,067 [INFO] [Direct-Process] DB 登録(UPSERT)完了 (経過: 0.0381s)
2026-06-29 13:21:25,855 [INFO] [Direct-Process] デコード完了 (経過: 0.5839s, length: 13059480 samples)
2026-06-29 13:21:25,901 [INFO] [HTDemucs ONNX Memory] 推論処理を開始しますわ... (ONNX_LOCK 同期)
2026-06-29 13:21:44,692 [INFO] [HTDemucs ONNX Memory] 分離完了いたしましたわ！ 整合化を開始しますの。
2026-06-29 13:21:44,857 [INFO] [Direct-Process] Demucs 波形分離完了 (経過: 19.0018s)
2026-06-29 13:22:04,386 [INFO] [MainProcess] [Endomorphism] [DSP] [Pre-warming] 全ステム7本の遅延キャッシュ事前計算を完了いたしましたわ (経過: 19.5262s)
2026-06-29 13:22:04,386 [INFO] [MainProcess] [Morphism] [Librosa] [Extraction] Librosa による特徴量抽出(ThreadPool=8)を開始しますわ
2026-06-29 13:23:21,214 [INFO] [MainProcess] [Morphism] [Librosa] [Extraction] 全ステムの Librosa 特徴量抽出を完了いたしましたわ (経過: 76.8276s)
2026-06-29 13:23:21,214 [INFO] [MainProcess] [Endomorphism] [Post-processing] [SNR-Overwrite] ステム相対エネルギー比率(SNR)の上書きを完了いたしましたわ (経過: 0.0000s)
2026-06-29 13:23:21,214 [INFO] [MainProcess] [Morphism] [Essentia] [ONNX-Inference] Essentia (EffNet) 分類器17基による推論を開始しますわ
2026-06-29 13:23:21,388 [INFO] [MainProcess] [Morphism] [Essentia] [ONNX-Inference] Essentia 分類推論を完了いたしましたわ (経過: 0.1733s)
2026-06-29 13:23:21,388 [INFO] [Direct-Process] ステム特徴量抽出完了 (経過: 96.5284s)
2026-06-29 13:23:21,430 [INFO] [Direct-Process] DB 登録(UPSERT)完了 (経過: 0.0400s)
2026-06-29 13:23:22,205 [INFO] [Direct-Process] デコード完了 (経過: 0.6274s, length: 12618480 samples)
2026-06-29 13:23:22,284 [INFO] [HTDemucs ONNX Memory] 推論処理を開始しますわ... (ONNX_LOCK 同期)
2026-06-29 13:23:39,945 [INFO] [HTDemucs ONNX Memory] 分離完了いたしましたわ！ 整合化を開始しますの。
2026-06-29 13:23:40,107 [INFO] [Direct-Process] Demucs 波形分離完了 (経過: 17.9007s)
2026-06-29 13:23:58,727 [INFO] [MainProcess] [Endomorphism] [DSP] [Pre-warming] 全ステム7本の遅延キャッシュ事前計算を完了いたしましたわ (経過: 18.6173s)
2026-06-29 13:23:58,727 [INFO] [MainProcess] [Morphism] [Librosa] [Extraction] Librosa による特徴量抽出(ThreadPool=8)を開始しますわ
2026-06-29 13:25:25,071 [INFO] [MainProcess] [Morphism] [Librosa] [Extraction] 全ステムの Librosa 特徴量抽出を完了いたしましたわ (経過: 86.3442s)
2026-06-29 13:25:25,072 [INFO] [MainProcess] [Endomorphism] [Post-processing] [SNR-Overwrite] ステム相対エネルギー比率(SNR)の上書きを完了いたしましたわ (経過: 0.0000s)
2026-06-29 13:25:25,072 [INFO] [MainProcess] [Morphism] [Essentia] [ONNX-Inference] Essentia (EffNet) 分類器17基による推論を開始しますわ
2026-06-29 13:25:25,230 [INFO] [MainProcess] [Morphism] [Essentia] [ONNX-Inference] Essentia 分類推論を完了いたしましたわ (経過: 0.1585s)
2026-06-29 13:25:25,231 [INFO] [Direct-Process] ステム特徴量抽出完了 (経過: 105.1213s)
2026-06-29 13:25:25,279 [INFO] [Direct-Process] DB 登録(UPSERT)完了 (経過: 0.0465s)
2026-06-29 13:25:26,049 [INFO] [Direct-Process] デコード完了 (経過: 0.6271s, length: 13456380 samples)
2026-06-29 13:25:26,100 [INFO] [HTDemucs ONNX Memory] 推論処理を開始しますわ... (ONNX_LOCK 同期)
2026-06-29 13:25:45,008 [INFO] [HTDemucs ONNX Memory] 分離完了いたしましたわ！ 整合化を開始しますの。
2026-06-29 13:25:45,194 [INFO] [Direct-Process] Demucs 波形分離完了 (経過: 19.1448s)
2026-06-29 13:26:05,294 [INFO] [MainProcess] [Endomorphism] [DSP] [Pre-warming] 全ステム7本の遅延キャッシュ事前計算を完了いたしましたわ (経過: 20.0965s)
2026-06-29 13:26:05,294 [INFO] [MainProcess] [Morphism] [Librosa] [Extraction] Librosa による特徴量抽出(ThreadPool=8)を開始しますわ
2026-06-29 13:27:45,274 [INFO] [MainProcess] [Morphism] [Librosa] [Extraction] 全ステムの Librosa 特徴量抽出を完了いたしましたわ (経過: 99.9800s)
2026-06-29 13:27:45,275 [INFO] [MainProcess] [Endomorphism] [Post-processing] [SNR-Overwrite] ステム相対エネルギー比率(SNR)の上書きを完了いたしましたわ (経過: 0.0000s)
2026-06-29 13:27:45,275 [INFO] [MainProcess] [Morphism] [Essentia] [ONNX-Inference] Essentia (EffNet) 分類器17基による推論を開始しますわ
2026-06-29 13:27:45,439 [INFO] [MainProcess] [Morphism] [Essentia] [ONNX-Inference] Essentia 分類推論を完了いたしましたわ (経過: 0.1643s)
2026-06-29 13:27:45,439 [INFO] [Direct-Process] ステム特徴量抽出完了 (経過: 120.2421s)
2026-06-29 13:27:45,484 [INFO] [Direct-Process] DB 登録(UPSERT)完了 (経過: 0.0428s)
2026-06-29 13:27:46,085 [INFO] [Direct-Process] デコード完了 (経過: 0.4436s, length: 9987180 samples)
2026-06-29 13:27:46,122 [INFO] [HTDemucs ONNX Memory] 推論処理を開始しますわ... (ONNX_LOCK 同期)
2026-06-29 13:28:00,604 [INFO] [HTDemucs ONNX Memory] 分離完了いたしましたわ！ 整合化を開始しますの。
2026-06-29 13:28:00,728 [INFO] [Direct-Process] Demucs 波形分離完了 (経過: 14.6431s)
2026-06-29 13:28:15,454 [INFO] [MainProcess] [Endomorphism] [DSP] [Pre-warming] 全ステム7本の遅延キャッシュ事前計算を完了いたしましたわ (経過: 14.7234s)
2026-06-29 13:28:15,454 [INFO] [MainProcess] [Morphism] [Librosa] [Extraction] Librosa による特徴量抽出(ThreadPool=8)を開始しますわ
2026-06-29 13:29:24,838 [INFO] [MainProcess] [Morphism] [Librosa] [Extraction] 全ステムの Librosa 特徴量抽出を完了いたしましたわ (経過: 69.3835s)
2026-06-29 13:29:24,838 [INFO] [MainProcess] [Endomorphism] [Post-processing] [SNR-Overwrite] ステム相対エネルギー比率(SNR)の上書きを完了いたしましたわ (経過: 0.0000s)
2026-06-29 13:29:24,838 [INFO] [MainProcess] [Morphism] [Essentia] [ONNX-Inference] Essentia (EffNet) 分類器17基による推論を開始しますわ
2026-06-29 13:29:24,972 [INFO] [MainProcess] [Morphism] [Essentia] [ONNX-Inference] Essentia 分類推論を完了いたしましたわ (経過: 0.1334s)
2026-06-29 13:29:24,972 [INFO] [Direct-Process] ステム特徴量抽出完了 (経過: 84.2416s)
2026-06-29 13:29:25,019 [INFO] [Direct-Process] DB 登録(UPSERT)完了 (経過: 0.0449s)
2026-06-29 13:29:25,821 [INFO] [Direct-Process] デコード完了 (経過: 0.6780s, length: 13138860 samples)
2026-06-29 13:29:25,869 [INFO] [HTDemucs ONNX Memory] 推論処理を開始しますわ... (ONNX_LOCK 同期)
2026-06-29 13:29:44,231 [INFO] [HTDemucs ONNX Memory] 分離完了いたしましたわ！ 整合化を開始しますの。
2026-06-29 13:29:44,400 [INFO] [Direct-Process] Demucs 波形分離完了 (経過: 18.5788s)
2026-06-29 13:30:03,655 [INFO] [MainProcess] [Endomorphism] [DSP] [Pre-warming] 全ステム7本の遅延キャッシュ事前計算を完了いたしましたわ (経過: 19.2519s)
2026-06-29 13:30:03,655 [INFO] [MainProcess] [Morphism] [Librosa] [Extraction] Librosa による特徴量抽出(ThreadPool=8)を開始しますわ
2026-06-29 13:31:30,615 [INFO] [MainProcess] [Morphism] [Librosa] [Extraction] 全ステムの Librosa 特徴量抽出を完了いたしましたわ (経過: 86.9603s)
2026-06-29 13:31:30,616 [INFO] [MainProcess] [Endomorphism] [Post-processing] [SNR-Overwrite] ステム相対エネルギー比率(SNR)の上書きを完了いたしましたわ (経過: 0.0000s)
2026-06-29 13:31:30,616 [INFO] [MainProcess] [Morphism] [Essentia] [ONNX-Inference] Essentia (EffNet) 分類器17基による推論を開始しますわ
2026-06-29 13:31:30,774 [INFO] [MainProcess] [Morphism] [Essentia] [ONNX-Inference] Essentia 分類推論を完了いたしましたわ (経過: 0.1582s)
2026-06-29 13:31:30,774 [INFO] [Direct-Process] ステム特徴量抽出完了 (経過: 106.3717s)
2026-06-29 13:31:30,814 [INFO] [Direct-Process] DB 登録(UPSERT)完了 (経過: 0.0374s)
2026-06-29 13:31:31,563 [INFO] [Direct-Process] デコード完了 (経過: 0.5996s, length: 11902296 samples)
2026-06-29 13:31:31,606 [INFO] [HTDemucs ONNX Memory] 推論処理を開始しますわ... (ONNX_LOCK 同期)
2026-06-29 13:31:48,836 [INFO] [HTDemucs ONNX Memory] 分離完了いたしましたわ！ 整合化を開始しますの。
2026-06-29 13:31:48,986 [INFO] [Direct-Process] Demucs 波形分離完了 (経過: 17.4226s)
2026-06-29 13:32:06,501 [INFO] [MainProcess] [Endomorphism] [DSP] [Pre-warming] 全ステム7本の遅延キャッシュ事前計算を完了いたしましたわ (経過: 17.5130s)
2026-06-29 13:32:06,502 [INFO] [MainProcess] [Morphism] [Librosa] [Extraction] Librosa による特徴量抽出(ThreadPool=8)を開始しますわ
2026-06-29 13:33:27,528 [INFO] [MainProcess] [Morphism] [Librosa] [Extraction] 全ステムの Librosa 特徴量抽出を完了いたしましたわ (経過: 81.0259s)
2026-06-29 13:33:27,528 [INFO] [MainProcess] [Endomorphism] [Post-processing] [SNR-Overwrite] ステム相対エネルギー比率(SNR)の上書きを完了いたしましたわ (経過: 0.0000s)
2026-06-29 13:33:27,528 [INFO] [MainProcess] [Morphism] [Essentia] [ONNX-Inference] Essentia (EffNet) 分類器17基による推論を開始しますわ
2026-06-29 13:33:27,676 [INFO] [MainProcess] [Morphism] [Essentia] [ONNX-Inference] Essentia 分類推論を完了いたしましたわ (経過: 0.1475s)
2026-06-29 13:33:27,676 [INFO] [Direct-Process] ステム特徴量抽出完了 (経過: 98.6878s)
2026-06-29 13:33:27,724 [INFO] [Direct-Process] DB 登録(UPSERT)完了 (経過: 0.0458s)
2026-06-29 13:33:28,531 [INFO] [Direct-Process] デコード完了 (経過: 0.6543s, length: 12276264 samples)
2026-06-29 13:33:28,576 [INFO] [HTDemucs ONNX Memory] 推論処理を開始しますわ... (ONNX_LOCK 同期)
2026-06-29 13:33:46,144 [INFO] [HTDemucs ONNX Memory] 分離完了いたしましたわ！ 整合化を開始しますの。
2026-06-29 13:33:46,305 [INFO] [Direct-Process] Demucs 波形分離完了 (経過: 17.7739s)
2026-06-29 13:34:04,386 [INFO] [MainProcess] [Endomorphism] [DSP] [Pre-warming] 全ステム7本の遅延キャッシュ事前計算を完了いたしましたわ (経過: 18.0778s)
2026-06-29 13:34:04,386 [INFO] [MainProcess] [Morphism] [Librosa] [Extraction] Librosa による特徴量抽出(ThreadPool=8)を開始しますわ
2026-06-29 13:35:21,976 [INFO] [MainProcess] [Morphism] [Librosa] [Extraction] 全ステムの Librosa 特徴量抽出を完了いたしましたわ (経過: 77.5902s)
2026-06-29 13:35:21,977 [INFO] [MainProcess] [Endomorphism] [Post-processing] [SNR-Overwrite] ステム相対エネルギー比率(SNR)の上書きを完了いたしましたわ (経過: 0.0000s)
2026-06-29 13:35:21,977 [INFO] [MainProcess] [Morphism] [Essentia] [ONNX-Inference] Essentia (EffNet) 分類器17基による推論を開始しますわ
2026-06-29 13:35:22,128 [INFO] [MainProcess] [Morphism] [Essentia] [ONNX-Inference] Essentia 分類推論を完了いたしましたわ (経過: 0.1516s)
2026-06-29 13:35:22,129 [INFO] [Direct-Process] ステム特徴量抽出完了 (経過: 95.8208s)
2026-06-29 13:35:22,190 [INFO] [Direct-Process] DB 登録(UPSERT)完了 (経過: 0.0592s)
2026-06-29 13:35:22,872 [INFO] [Direct-Process] デコード完了 (経過: 0.5449s, length: 12353880 samples)
2026-06-29 13:35:22,917 [INFO] [HTDemucs ONNX Memory] 推論処理を開始しますわ... (ONNX_LOCK 同期)
2026-06-29 13:35:40,427 [INFO] [HTDemucs ONNX Memory] 分離完了いたしましたわ！ 整合化を開始しますの。
2026-06-29 13:35:40,581 [INFO] [Direct-Process] Demucs 波形分離完了 (経過: 17.7082s)
2026-06-29 13:35:58,690 [INFO] [MainProcess] [Endomorphism] [DSP] [Pre-warming] 全ステム7本の遅延キャッシュ事前計算を完了いたしましたわ (経過: 18.1065s)
2026-06-29 13:35:58,690 [INFO] [MainProcess] [Morphism] [Librosa] [Extraction] Librosa による特徴量抽出(ThreadPool=8)を開始しますわ
2026-06-29 13:37:30,128 [INFO] [MainProcess] [Morphism] [Librosa] [Extraction] 全ステムの Librosa 特徴量抽出を完了いたしましたわ (経過: 91.4377s)
2026-06-29 13:37:30,128 [INFO] [MainProcess] [Endomorphism] [Post-processing] [SNR-Overwrite] ステム相対エネルギー比率(SNR)の上書きを完了いたしましたわ (経過: 0.0000s)
2026-06-29 13:37:30,128 [INFO] [MainProcess] [Morphism] [Essentia] [ONNX-Inference] Essentia (EffNet) 分類器17基による推論を開始しますわ
2026-06-29 13:37:30,283 [INFO] [MainProcess] [Morphism] [Essentia] [ONNX-Inference] Essentia 分類推論を完了いたしましたわ (経過: 0.1550s)
2026-06-29 13:37:30,284 [INFO] [Direct-Process] ステム特徴量抽出完了 (経過: 109.7005s)
2026-06-29 13:37:30,330 [INFO] [Direct-Process] DB 登録(UPSERT)完了 (経過: 0.0442s)
2026-06-29 13:37:31,261 [INFO] [Direct-Process] デコード完了 (経過: 0.7933s, length: 16852080 samples)
2026-06-29 13:37:31,370 [INFO] [HTDemucs ONNX Memory] 推論処理を開始しますわ... (ONNX_LOCK 同期)
2026-06-29 13:37:55,077 [INFO] [HTDemucs ONNX Memory] 分離完了いたしましたわ！ 整合化を開始しますの。
2026-06-29 13:37:55,297 [INFO] [Direct-Process] Demucs 波形分離完了 (経過: 24.0345s)
2026-06-29 13:38:20,251 [INFO] [MainProcess] [Endomorphism] [DSP] [Pre-warming] 全ステム7本の遅延キャッシュ事前計算を完了いたしましたわ (経過: 24.9504s)
2026-06-29 13:38:20,251 [INFO] [MainProcess] [Morphism] [Librosa] [Extraction] Librosa による特徴量抽出(ThreadPool=8)を開始しますわ
2026-06-29 13:40:26,000 [INFO] [MainProcess] [Morphism] [Librosa] [Extraction] 全ステムの Librosa 特徴量抽出を完了いたしましたわ (経過: 125.7484s)
2026-06-29 13:40:26,000 [INFO] [MainProcess] [Endomorphism] [Post-processing] [SNR-Overwrite] ステム相対エネルギー比率(SNR)の上書きを完了いたしましたわ (経過: 0.0000s)
2026-06-29 13:40:26,000 [INFO] [MainProcess] [Morphism] [Essentia] [ONNX-Inference] Essentia (EffNet) 分類器17基による推論を開始しますわ
2026-06-29 13:40:26,197 [INFO] [MainProcess] [Morphism] [Essentia] [ONNX-Inference] Essentia 分類推論を完了いたしましたわ (経過: 0.1964s)
2026-06-29 13:40:26,197 [INFO] [Direct-Process] ステム特徴量抽出完了 (経過: 150.8967s)
2026-06-29 13:40:26,242 [INFO] [Direct-Process] DB 登録(UPSERT)完了 (経過: 0.0426s)
2026-06-29 13:40:27,038 [INFO] [Direct-Process] デコード完了 (経過: 0.6280s, length: 14492436 samples)
2026-06-29 13:40:27,094 [INFO] [HTDemucs ONNX Memory] 推論処理を開始しますわ... (ONNX_LOCK 同期)
2026-06-29 13:40:47,518 [INFO] [HTDemucs ONNX Memory] 分離完了いたしましたわ！ 整合化を開始しますの。
2026-06-29 13:40:47,708 [INFO] [Direct-Process] Demucs 波形分離完了 (経過: 20.6690s)
2026-06-29 13:41:08,967 [INFO] [MainProcess] [Endomorphism] [DSP] [Pre-warming] 全ステム7本の遅延キャッシュ事前計算を完了いたしましたわ (経過: 21.2563s)
2026-06-29 13:41:08,967 [INFO] [MainProcess] [Morphism] [Librosa] [Extraction] Librosa による特徴量抽出(ThreadPool=8)を開始しますわ
2026-06-29 13:42:47,977 [INFO] [MainProcess] [Morphism] [Librosa] [Extraction] 全ステムの Librosa 特徴量抽出を完了いたしましたわ (経過: 99.0091s)
2026-06-29 13:42:47,977 [INFO] [MainProcess] [Endomorphism] [Post-processing] [SNR-Overwrite] ステム相対エネルギー比率(SNR)の上書きを完了いたしましたわ (経過: 0.0000s)
2026-06-29 13:42:47,977 [INFO] [MainProcess] [Morphism] [Essentia] [ONNX-Inference] Essentia (EffNet) 分類器17基による推論を開始しますわ
2026-06-29 13:42:48,150 [INFO] [MainProcess] [Morphism] [Essentia] [ONNX-Inference] Essentia 分類推論を完了いたしましたわ (経過: 0.1727s)
2026-06-29 13:42:48,150 [INFO] [Direct-Process] ステム特徴量抽出完了 (経過: 120.4396s)
2026-06-29 13:42:48,197 [INFO] [Direct-Process] DB 登録(UPSERT)完了 (経過: 0.0445s)
2026-06-29 13:42:48,864 [INFO] [Direct-Process] デコード完了 (経過: 0.5062s, length: 10953852 samples)
2026-06-29 13:42:48,907 [INFO] [HTDemucs ONNX Memory] 推論処理を開始しますわ... (ONNX_LOCK 同期)
2026-06-29 13:43:05,183 [INFO] [HTDemucs ONNX Memory] 分離完了いたしましたわ！ 整合化を開始しますの。
2026-06-29 13:43:05,330 [INFO] [Direct-Process] Demucs 波形分離完了 (経過: 16.4654s)
2026-06-29 13:43:21,397 [INFO] [MainProcess] [Endomorphism] [DSP] [Pre-warming] 全ステム7本の遅延キャッシュ事前計算を完了いたしましたわ (経過: 16.0645s)
2026-06-29 13:43:21,397 [INFO] [MainProcess] [Morphism] [Librosa] [Extraction] Librosa による特徴量抽出(ThreadPool=8)を開始しますわ
2026-06-29 13:44:33,181 [INFO] [MainProcess] [Morphism] [Librosa] [Extraction] 全ステムの Librosa 特徴量抽出を完了いたしましたわ (経過: 71.7834s)
2026-06-29 13:44:33,181 [INFO] [MainProcess] [Endomorphism] [Post-processing] [SNR-Overwrite] ステム相対エネルギー比率(SNR)の上書きを完了いたしましたわ (経過: 0.0000s)
2026-06-29 13:44:33,181 [INFO] [MainProcess] [Morphism] [Essentia] [ONNX-Inference] Essentia (EffNet) 分類器17基による推論を開始しますわ
2026-06-29 13:44:33,324 [INFO] [MainProcess] [Morphism] [Essentia] [ONNX-Inference] Essentia 分類推論を完了いたしましたわ (経過: 0.1430s)
2026-06-29 13:44:33,324 [INFO] [Direct-Process] ステム特徴量抽出完了 (経過: 87.9920s)
2026-06-29 13:44:33,362 [INFO] [Direct-Process] DB 登録(UPSERT)完了 (経過: 0.0358s)
2026-06-29 13:44:44,343 [INFO] [Timestamp Inheritance] Windows ctypesを用いてタイムスタンプを完全継承しましたわ！ (target: Diverse System[2017]AD-Drum'n Bass 3.flac)
2026-06-29 13:44:44,344 [INFO] [Direct-Process] OK: M:\Music\album\EDM\DnB\Diverse System[2017]AD-Drum'n Bass 3.flac
2026-06-29 13:44:44,412 [INFO] OK: Diverse System[2017]AD-Drum'n Bass 3.flac (14 トラック処理完了, 0 トラック既処理スキップ)
2026-06-29 13:44:45,401 [INFO] ONNX使用可能演算器: ['TensorrtExecutionProvider', 'CUDAExecutionProvider', 'CPUExecutionProvider']
2026-06-29 13:44:45,402 [INFO] 直列実行用ロード     : ['CUDAExecutionProvider', 'CPUExecutionProvider']
2026-06-29 13:44:45,666 [INFO] ONNXセッション直列化ロード完了！ (分類器数: 17)
2026-06-29 13:44:45,666 [INFO] [WorkerONNX] Consumer 内 ONNX 直列セッション初期化完了！（分類器数: 17)
2026-06-29 13:44:45,677 [INFO] [Direct-Process] 解析開始: Diverse System[2019]AD-Drum'n Bass 4.flac
2026-06-29 13:44:46,161 [INFO] 波形分離モデル (GLOBAL_DEMUCS) をロードしますわ... (use_dml=False)
2026-06-29 13:44:46,162 [INFO] HTDemucsSeparator 初期化: model=htdemucs_6s, precision=fp16weights, providers=['CUDAExecutionProvider', 'CPUExecutionProvider']
2026-06-29 13:45:01,712 [INFO] HTDemucs ONNX 実機モデルロードに成功いたしましたわ！
2026-06-29 13:45:02,314 [INFO] [Direct-Process] デコード完了 (経過: 0.6017s, length: 11785872 samples)
2026-06-29 13:45:02,357 [INFO] [HTDemucs ONNX Memory] 推論処理を開始しますわ... (ONNX_LOCK 同期)
2026-06-29 13:45:19,437 [INFO] [HTDemucs ONNX Memory] 分離完了いたしましたわ！ 整合化を開始しますの。
2026-06-29 13:45:19,589 [INFO] [Direct-Process] Demucs 波形分離完了 (経過: 17.2748s)
2026-06-29 13:45:40,113 [INFO] [MainProcess] [Endomorphism] [DSP] [Pre-warming] 全ステム7本の遅延キャッシュ事前計算を完了いたしましたわ (経過: 20.5206s)
2026-06-29 13:45:40,113 [INFO] [MainProcess] [Morphism] [Librosa] [Extraction] Librosa による特徴量抽出(ThreadPool=8)を開始しますわ
2026-06-29 13:47:04,405 [INFO] [MainProcess] [Morphism] [Librosa] [Extraction] 全ステムの Librosa 特徴量抽出を完了いたしましたわ (経過: 84.2921s)
2026-06-29 13:47:04,406 [INFO] [MainProcess] [Endomorphism] [Post-processing] [SNR-Overwrite] ステム相対エネルギー比率(SNR)の上書きを完了いたしましたわ (経過: 0.0000s)
2026-06-29 13:47:04,406 [INFO] [MainProcess] [Morphism] [Essentia] [ONNX-Inference] Essentia (EffNet) 分類器17基による推論を開始しますわ
2026-06-29 13:47:04,804 [INFO] [MainProcess] [Morphism] [Essentia] [ONNX-Inference] Essentia 分類推論を完了いたしましたわ (経過: 0.3982s)
2026-06-29 13:47:04,804 [INFO] [Direct-Process] ステム特徴量抽出完了 (経過: 105.2123s)
2026-06-29 13:47:04,856 [INFO] [Direct-Process] DB 登録(UPSERT)完了 (経過: 0.0494s)
2026-06-29 13:47:05,576 [INFO] [Direct-Process] デコード完了 (経過: 0.5794s, length: 11080272 samples)
2026-06-29 13:47:05,615 [INFO] [HTDemucs ONNX Memory] 推論処理を開始しますわ... (ONNX_LOCK 同期)
2026-06-29 13:47:21,198 [INFO] [HTDemucs ONNX Memory] 分離完了いたしましたわ！ 整合化を開始しますの。
2026-06-29 13:47:21,336 [INFO] [Direct-Process] Demucs 波形分離完了 (経過: 15.7598s)
2026-06-29 13:47:37,794 [INFO] [MainProcess] [Endomorphism] [DSP] [Pre-warming] 全ステム7本の遅延キャッシュ事前計算を完了いたしましたわ (経過: 16.4557s)
2026-06-29 13:47:37,794 [INFO] [MainProcess] [Morphism] [Librosa] [Extraction] Librosa による特徴量抽出(ThreadPool=8)を開始しますわ
2026-06-29 13:48:48,959 [INFO] [MainProcess] [Morphism] [Librosa] [Extraction] 全ステムの Librosa 特徴量抽出を完了いたしましたわ (経過: 71.1644s)
2026-06-29 13:48:48,959 [INFO] [MainProcess] [Endomorphism] [Post-processing] [SNR-Overwrite] ステム相対エネルギー比率(SNR)の上書きを完了いたしましたわ (経過: 0.0000s)
2026-06-29 13:48:48,959 [INFO] [MainProcess] [Morphism] [Essentia] [ONNX-Inference] Essentia (EffNet) 分類器17基による推論を開始しますわ
2026-06-29 13:48:49,105 [INFO] [MainProcess] [Morphism] [Essentia] [ONNX-Inference] Essentia 分類推論を完了いたしましたわ (経過: 0.1459s)
2026-06-29 13:48:49,106 [INFO] [Direct-Process] ステム特徴量抽出完了 (経過: 87.7674s)
2026-06-29 13:48:49,415 [INFO] [Direct-Process] DB 登録(UPSERT)完了 (経過: 0.3077s)
2026-06-29 13:48:50,062 [INFO] [Direct-Process] デコード完了 (経過: 0.5164s, length: 11588304 samples)
2026-06-29 13:48:50,110 [INFO] [HTDemucs ONNX Memory] 推論処理を開始しますわ... (ONNX_LOCK 同期)
2026-06-29 13:49:07,006 [INFO] [HTDemucs ONNX Memory] 分離完了いたしましたわ！ 整合化を開始しますの。
2026-06-29 13:49:07,157 [INFO] [Direct-Process] Demucs 波形分離完了 (経過: 17.0942s)
2026-06-29 13:49:24,206 [INFO] [MainProcess] [Endomorphism] [DSP] [Pre-warming] 全ステム7本の遅延キャッシュ事前計算を完了いたしましたわ (経過: 17.0455s)
2026-06-29 13:49:24,207 [INFO] [MainProcess] [Morphism] [Librosa] [Extraction] Librosa による特徴量抽出(ThreadPool=8)を開始しますわ
2026-06-29 13:50:40,248 [INFO] [MainProcess] [Morphism] [Librosa] [Extraction] 全ステムの Librosa 特徴量抽出を完了いたしましたわ (経過: 76.0414s)
2026-06-29 13:50:40,248 [INFO] [MainProcess] [Endomorphism] [Post-processing] [SNR-Overwrite] ステム相対エネルギー比率(SNR)の上書きを完了いたしましたわ (経過: 0.0000s)
2026-06-29 13:50:40,248 [INFO] [MainProcess] [Morphism] [Essentia] [ONNX-Inference] Essentia (EffNet) 分類器17基による推論を開始しますわ
2026-06-29 13:50:40,396 [INFO] [MainProcess] [Morphism] [Essentia] [ONNX-Inference] Essentia 分類推論を完了いたしましたわ (経過: 0.1475s)
2026-06-29 13:50:40,396 [INFO] [Direct-Process] ステム特徴量抽出完了 (経過: 93.2360s)
2026-06-29 13:50:40,439 [INFO] [Direct-Process] DB 登録(UPSERT)完了 (経過: 0.0407s)
2026-06-29 13:50:41,108 [INFO] [Direct-Process] デコード完了 (経過: 0.5334s, length: 11116139 samples)
2026-06-29 13:50:41,151 [INFO] [HTDemucs ONNX Memory] 推論処理を開始しますわ... (ONNX_LOCK 同期)
2026-06-29 13:50:57,092 [INFO] [HTDemucs ONNX Memory] 分離完了いたしましたわ！ 整合化を開始しますの。
2026-06-29 13:50:57,238 [INFO] [Direct-Process] Demucs 波形分離完了 (経過: 16.1297s)
2026-06-29 13:51:13,499 [INFO] [MainProcess] [Endomorphism] [DSP] [Pre-warming] 全ステム7本の遅延キャッシュ事前計算を完了いたしましたわ (経過: 16.2587s)
2026-06-29 13:51:13,500 [INFO] [MainProcess] [Morphism] [Librosa] [Extraction] Librosa による特徴量抽出(ThreadPool=8)を開始しますわ
2026-06-29 13:52:35,328 [INFO] [MainProcess] [Morphism] [Librosa] [Extraction] 全ステムの Librosa 特徴量抽出を完了いたしましたわ (経過: 81.8288s)
2026-06-29 13:52:35,329 [INFO] [MainProcess] [Endomorphism] [Post-processing] [SNR-Overwrite] ステム相対エネルギー比率(SNR)の上書きを完了いたしましたわ (経過: 0.0000s)
2026-06-29 13:52:35,329 [INFO] [MainProcess] [Morphism] [Essentia] [ONNX-Inference] Essentia (EffNet) 分類器17基による推論を開始しますわ
2026-06-29 13:52:35,472 [INFO] [MainProcess] [Morphism] [Essentia] [ONNX-Inference] Essentia 分類推論を完了いたしましたわ (経過: 0.1426s)
2026-06-29 13:52:35,472 [INFO] [Direct-Process] ステム特徴量抽出完了 (経過: 98.2315s)
2026-06-29 13:52:41,961 [INFO] [Direct-Process] DB 登録(UPSERT)完了 (経過: 6.4870s)
2026-06-29 13:52:42,625 [INFO] [Direct-Process] デコード完了 (経過: 0.5273s, length: 10795093 samples)
2026-06-29 13:52:42,665 [INFO] [HTDemucs ONNX Memory] 推論処理を開始しますわ... (ONNX_LOCK 同期)
2026-06-29 13:52:58,203 [INFO] [HTDemucs ONNX Memory] 分離完了いたしましたわ！ 整合化を開始しますの。
2026-06-29 13:52:58,342 [INFO] [Direct-Process] Demucs 波形分離完了 (経過: 15.7166s)
2026-06-29 13:53:14,459 [INFO] [MainProcess] [Endomorphism] [DSP] [Pre-warming] 全ステム7本の遅延キャッシュ事前計算を完了いたしましたわ (経過: 16.1142s)
2026-06-29 13:53:14,459 [INFO] [MainProcess] [Morphism] [Librosa] [Extraction] Librosa による特徴量抽出(ThreadPool=8)を開始しますわ
2026-06-29 13:54:34,508 [INFO] [MainProcess] [Morphism] [Librosa] [Extraction] 全ステムの Librosa 特徴量抽出を完了いたしましたわ (経過: 80.0491s)
2026-06-29 13:54:34,509 [INFO] [MainProcess] [Endomorphism] [Post-processing] [SNR-Overwrite] ステム相対エネルギー比率(SNR)の上書きを完了いたしましたわ (経過: 0.0000s)
2026-06-29 13:54:34,509 [INFO] [MainProcess] [Morphism] [Essentia] [ONNX-Inference] Essentia (EffNet) 分類器17基による推論を開始しますわ
2026-06-29 13:54:34,648 [INFO] [MainProcess] [Morphism] [Essentia] [ONNX-Inference] Essentia 分類推論を完了いたしましたわ (経過: 0.1387s)
2026-06-29 13:54:34,648 [INFO] [Direct-Process] ステム特徴量抽出完了 (経過: 96.3033s)
2026-06-29 13:54:34,691 [INFO] [Direct-Process] DB 登録(UPSERT)完了 (経過: 0.0413s)
2026-06-29 13:54:35,662 [INFO] [Direct-Process] デコード完了 (経過: 0.8414s, length: 17845212 samples)
2026-06-29 13:54:35,725 [INFO] [HTDemucs ONNX Memory] 推論処理を開始しますわ... (ONNX_LOCK 同期)
2026-06-29 13:55:00,655 [INFO] [HTDemucs ONNX Memory] 分離完了いたしましたわ！ 整合化を開始しますの。
2026-06-29 13:55:00,882 [INFO] [Direct-Process] Demucs 波形分離完了 (経過: 25.2194s)
2026-06-29 13:55:27,438 [INFO] [MainProcess] [Endomorphism] [DSP] [Pre-warming] 全ステム7本の遅延キャッシュ事前計算を完了いたしましたわ (経過: 26.5516s)
2026-06-29 13:55:27,438 [INFO] [MainProcess] [Morphism] [Librosa] [Extraction] Librosa による特徴量抽出(ThreadPool=8)を開始しますわ
2026-06-29 13:57:26,125 [INFO] [MainProcess] [Morphism] [Librosa] [Extraction] 全ステムの Librosa 特徴量抽出を完了いたしましたわ (経過: 118.6871s)
2026-06-29 13:57:26,125 [INFO] [MainProcess] [Endomorphism] [Post-processing] [SNR-Overwrite] ステム相対エネルギー比率(SNR)の上書きを完了いたしましたわ (経過: 0.0000s)
2026-06-29 13:57:26,125 [INFO] [MainProcess] [Morphism] [Essentia] [ONNX-Inference] Essentia (EffNet) 分類器17基による推論を開始しますわ
2026-06-29 13:57:26,339 [INFO] [MainProcess] [Morphism] [Essentia] [ONNX-Inference] Essentia 分類推論を完了いたしましたわ (経過: 0.2133s)
2026-06-29 13:57:26,339 [INFO] [Direct-Process] ステム特徴量抽出完了 (経過: 145.4533s)
2026-06-29 13:57:26,379 [INFO] [Direct-Process] DB 登録(UPSERT)完了 (経過: 0.0375s)
2026-06-29 13:57:27,122 [INFO] [Direct-Process] デコード完了 (経過: 0.5668s, length: 12965400 samples)
2026-06-29 13:57:27,183 [INFO] [HTDemucs ONNX Memory] 推論処理を開始しますわ... (ONNX_LOCK 同期)
2026-06-29 13:57:45,560 [INFO] [HTDemucs ONNX Memory] 分離完了いたしましたわ！ 整合化を開始しますの。
2026-06-29 13:57:45,725 [INFO] [Direct-Process] Demucs 波形分離完了 (経過: 18.6034s)
2026-06-29 13:58:04,894 [INFO] [MainProcess] [Endomorphism] [DSP] [Pre-warming] 全ステム7本の遅延キャッシュ事前計算を完了いたしましたわ (経過: 19.1656s)
2026-06-29 13:58:04,895 [INFO] [MainProcess] [Morphism] [Librosa] [Extraction] Librosa による特徴量抽出(ThreadPool=8)を開始しますわ
2026-06-29 13:59:30,467 [INFO] [MainProcess] [Morphism] [Librosa] [Extraction] 全ステムの Librosa 特徴量抽出を完了いたしましたわ (経過: 85.5725s)
2026-06-29 13:59:30,467 [INFO] [MainProcess] [Endomorphism] [Post-processing] [SNR-Overwrite] ステム相対エネルギー比率(SNR)の上書きを完了いたしましたわ (経過: 0.0000s)
2026-06-29 13:59:30,467 [INFO] [MainProcess] [Morphism] [Essentia] [ONNX-Inference] Essentia (EffNet) 分類器17基による推論を開始しますわ
2026-06-29 13:59:30,631 [INFO] [MainProcess] [Morphism] [Essentia] [ONNX-Inference] Essentia 分類推論を完了いたしましたわ (経過: 0.1639s)
2026-06-29 13:59:30,632 [INFO] [Direct-Process] ステム特徴量抽出完了 (経過: 104.9034s)
2026-06-29 13:59:30,688 [INFO] [Direct-Process] DB 登録(UPSERT)完了 (経過: 0.0541s)
2026-06-29 13:59:31,475 [INFO] [Direct-Process] デコード完了 (経過: 0.6431s, length: 12392100 samples)
2026-06-29 13:59:31,521 [INFO] [HTDemucs ONNX Memory] 推論処理を開始しますわ... (ONNX_LOCK 同期)
2026-06-29 13:59:49,301 [INFO] [HTDemucs ONNX Memory] 分離完了いたしましたわ！ 整合化を開始しますの。
2026-06-29 13:59:49,458 [INFO] [Direct-Process] Demucs 波形分離完了 (経過: 17.9831s)
2026-06-29 14:00:08,029 [INFO] [MainProcess] [Endomorphism] [DSP] [Pre-warming] 全ステム7本の遅延キャッシュ事前計算を完了いたしましたわ (経過: 18.5673s)
2026-06-29 14:00:08,029 [INFO] [MainProcess] [Morphism] [Librosa] [Extraction] Librosa による特徴量抽出(ThreadPool=8)を開始しますわ
2026-06-29 14:01:28,960 [INFO] [MainProcess] [Morphism] [Librosa] [Extraction] 全ステムの Librosa 特徴量抽出を完了いたしましたわ (経過: 80.9306s)
2026-06-29 14:01:28,960 [INFO] [MainProcess] [Endomorphism] [Post-processing] [SNR-Overwrite] ステム相対エネルギー比率(SNR)の上書きを完了いたしましたわ (経過: 0.0000s)
2026-06-29 14:01:28,960 [INFO] [MainProcess] [Morphism] [Essentia] [ONNX-Inference] Essentia (EffNet) 分類器17基による推論を開始しますわ
2026-06-29 14:01:29,128 [INFO] [MainProcess] [Morphism] [Essentia] [ONNX-Inference] Essentia 分類推論を完了いたしましたわ (経過: 0.1685s)
2026-06-29 14:01:29,129 [INFO] [Direct-Process] ステム特徴量抽出完了 (経過: 99.6677s)
2026-06-29 14:01:29,177 [INFO] [Direct-Process] DB 登録(UPSERT)完了 (経過: 0.0464s)
2026-06-29 14:01:29,769 [INFO] [Direct-Process] デコード完了 (経過: 0.4522s, length: 10098900 samples)
2026-06-29 14:01:29,807 [INFO] [HTDemucs ONNX Memory] 推論処理を開始しますわ... (ONNX_LOCK 同期)
2026-06-29 14:01:44,122 [INFO] [HTDemucs ONNX Memory] 分離完了いたしましたわ！ 整合化を開始しますの。
2026-06-29 14:01:44,253 [INFO] [Direct-Process] Demucs 波形分離完了 (経過: 14.4831s)
2026-06-29 14:01:59,307 [INFO] [MainProcess] [Endomorphism] [DSP] [Pre-warming] 全ステム7本の遅延キャッシュ事前計算を完了いたしましたわ (経過: 15.0518s)
2026-06-29 14:01:59,307 [INFO] [MainProcess] [Morphism] [Librosa] [Extraction] Librosa による特徴量抽出(ThreadPool=8)を開始しますわ
2026-06-29 14:03:08,460 [INFO] [MainProcess] [Morphism] [Librosa] [Extraction] 全ステムの Librosa 特徴量抽出を完了いたしましたわ (経過: 69.1532s)
2026-06-29 14:03:08,460 [INFO] [MainProcess] [Endomorphism] [Post-processing] [SNR-Overwrite] ステム相対エネルギー比率(SNR)の上書きを完了いたしましたわ (経過: 0.0000s)
2026-06-29 14:03:08,461 [INFO] [MainProcess] [Morphism] [Essentia] [ONNX-Inference] Essentia (EffNet) 分類器17基による推論を開始しますわ
2026-06-29 14:03:08,591 [INFO] [MainProcess] [Morphism] [Essentia] [ONNX-Inference] Essentia 分類推論を完了いたしましたわ (経過: 0.1305s)
2026-06-29 14:03:08,592 [INFO] [Direct-Process] ステム特徴量抽出完了 (経過: 84.3367s)
2026-06-29 14:03:08,639 [INFO] [Direct-Process] DB 登録(UPSERT)完了 (経過: 0.0456s)
2026-06-29 14:03:09,395 [INFO] [Direct-Process] デコード完了 (経過: 0.6315s, length: 12083400 samples)
2026-06-29 14:03:09,443 [INFO] [HTDemucs ONNX Memory] 推論処理を開始しますわ... (ONNX_LOCK 同期)
2026-06-29 14:03:26,538 [INFO] [HTDemucs ONNX Memory] 分離完了いたしましたわ！ 整合化を開始しますの。
2026-06-29 14:03:26,693 [INFO] [Direct-Process] Demucs 波形分離完了 (経過: 17.2976s)
2026-06-29 14:03:44,775 [INFO] [MainProcess] [Endomorphism] [DSP] [Pre-warming] 全ステム7本の遅延キャッシュ事前計算を完了いたしましたわ (経過: 18.0783s)
2026-06-29 14:03:44,775 [INFO] [MainProcess] [Morphism] [Librosa] [Extraction] Librosa による特徴量抽出(ThreadPool=8)を開始しますわ
2026-06-29 14:05:13,697 [INFO] [MainProcess] [Morphism] [Librosa] [Extraction] 全ステムの Librosa 特徴量抽出を完了いたしましたわ (経過: 88.9214s)
2026-06-29 14:05:13,697 [INFO] [MainProcess] [Endomorphism] [Post-processing] [SNR-Overwrite] ステム相対エネルギー比率(SNR)の上書きを完了いたしましたわ (経過: 0.0000s)
2026-06-29 14:05:13,697 [INFO] [MainProcess] [Morphism] [Essentia] [ONNX-Inference] Essentia (EffNet) 分類器17基による推論を開始しますわ
2026-06-29 14:05:13,850 [INFO] [MainProcess] [Morphism] [Essentia] [ONNX-Inference] Essentia 分類推論を完了いたしましたわ (経過: 0.1533s)
2026-06-29 14:05:13,851 [INFO] [Direct-Process] ステム特徴量抽出完了 (経過: 107.1545s)
2026-06-29 14:05:13,895 [INFO] [Direct-Process] DB 登録(UPSERT)完了 (経過: 0.0418s)
2026-06-29 14:05:14,725 [INFO] [Direct-Process] デコード完了 (経過: 0.6785s, length: 13915608 samples)
2026-06-29 14:05:14,778 [INFO] [HTDemucs ONNX Memory] 推論処理を開始しますわ... (ONNX_LOCK 同期)
2026-06-29 14:05:34,625 [INFO] [HTDemucs ONNX Memory] 分離完了いたしましたわ！ 整合化を開始しますの。
2026-06-29 14:05:34,800 [INFO] [Direct-Process] Demucs 波形分離完了 (経過: 20.0751s)
2026-06-29 14:05:55,171 [INFO] [MainProcess] [Endomorphism] [DSP] [Pre-warming] 全ステム7本の遅延キャッシュ事前計算を完了いたしましたわ (経過: 20.3679s)
2026-06-29 14:05:55,172 [INFO] [MainProcess] [Morphism] [Librosa] [Extraction] Librosa による特徴量抽出(ThreadPool=8)を開始しますわ
2026-06-29 14:07:39,267 [INFO] [MainProcess] [Morphism] [Librosa] [Extraction] 全ステムの Librosa 特徴量抽出を完了いたしましたわ (経過: 104.0953s)
2026-06-29 14:07:39,268 [INFO] [MainProcess] [Endomorphism] [Post-processing] [SNR-Overwrite] ステム相対エネルギー比率(SNR)の上書きを完了いたしましたわ (経過: 0.0000s)
2026-06-29 14:07:39,268 [INFO] [MainProcess] [Morphism] [Essentia] [ONNX-Inference] Essentia (EffNet) 分類器17基による推論を開始しますわ
2026-06-29 14:07:39,433 [INFO] [MainProcess] [Morphism] [Essentia] [ONNX-Inference] Essentia 分類推論を完了いたしましたわ (経過: 0.1650s)
2026-06-29 14:07:39,433 [INFO] [Direct-Process] ステム特徴量抽出完了 (経過: 124.6300s)
2026-06-29 14:07:39,480 [INFO] [Direct-Process] DB 登録(UPSERT)完了 (経過: 0.0447s)
2026-06-29 14:07:40,301 [INFO] [Direct-Process] デコード完了 (経過: 0.6737s, length: 13951476 samples)
2026-06-29 14:07:40,393 [INFO] [HTDemucs ONNX Memory] 推論処理を開始しますわ... (ONNX_LOCK 同期)
2026-06-29 14:07:59,996 [INFO] [HTDemucs ONNX Memory] 分離完了いたしましたわ！ 整合化を開始しますの。
2026-06-29 14:08:00,181 [INFO] [Direct-Process] Demucs 波形分離完了 (経過: 19.8788s)
2026-06-29 14:08:20,859 [INFO] [MainProcess] [Endomorphism] [DSP] [Pre-warming] 全ステム7本の遅延キャッシュ事前計算を完了いたしましたわ (経過: 20.6756s)
2026-06-29 14:08:20,860 [INFO] [MainProcess] [Morphism] [Librosa] [Extraction] Librosa による特徴量抽出(ThreadPool=8)を開始しますわ
2026-06-29 14:09:50,688 [INFO] [MainProcess] [Morphism] [Librosa] [Extraction] 全ステムの Librosa 特徴量抽出を完了いたしましたわ (経過: 89.8283s)
2026-06-29 14:09:50,688 [INFO] [MainProcess] [Endomorphism] [Post-processing] [SNR-Overwrite] ステム相対エネルギー比率(SNR)の上書きを完了いたしましたわ (経過: 0.0000s)
2026-06-29 14:09:50,688 [INFO] [MainProcess] [Morphism] [Essentia] [ONNX-Inference] Essentia (EffNet) 分類器17基による推論を開始しますわ
2026-06-29 14:09:50,859 [INFO] [MainProcess] [Morphism] [Essentia] [ONNX-Inference] Essentia 分類推論を完了いたしましたわ (経過: 0.1704s)
2026-06-29 14:09:50,859 [INFO] [Direct-Process] ステム特徴量抽出完了 (経過: 110.6756s)
2026-06-29 14:09:50,902 [INFO] [Direct-Process] DB 登録(UPSERT)完了 (経過: 0.0403s)
2026-06-29 14:09:51,674 [INFO] [Direct-Process] デコード完了 (経過: 0.6078s, length: 12430908 samples)
2026-06-29 14:09:51,720 [INFO] [HTDemucs ONNX Memory] 推論処理を開始しますわ... (ONNX_LOCK 同期)
2026-06-29 14:10:09,433 [INFO] [HTDemucs ONNX Memory] 分離完了いたしましたわ！ 整合化を開始しますの。
2026-06-29 14:10:09,594 [INFO] [Direct-Process] Demucs 波形分離完了 (経過: 17.9202s)
2026-06-29 14:10:27,767 [INFO] [MainProcess] [Endomorphism] [DSP] [Pre-warming] 全ステム7本の遅延キャッシュ事前計算を完了いたしましたわ (経過: 18.1697s)
2026-06-29 14:10:27,767 [INFO] [MainProcess] [Morphism] [Librosa] [Extraction] Librosa による特徴量抽出(ThreadPool=8)を開始しますわ
2026-06-29 14:11:56,055 [INFO] [MainProcess] [Morphism] [Librosa] [Extraction] 全ステムの Librosa 特徴量抽出を完了いたしましたわ (経過: 88.2881s)
2026-06-29 14:11:56,055 [INFO] [MainProcess] [Endomorphism] [Post-processing] [SNR-Overwrite] ステム相対エネルギー比率(SNR)の上書きを完了いたしましたわ (経過: 0.0000s)
2026-06-29 14:11:56,055 [INFO] [MainProcess] [Morphism] [Essentia] [ONNX-Inference] Essentia (EffNet) 分類器17基による推論を開始しますわ
2026-06-29 14:11:56,216 [INFO] [MainProcess] [Morphism] [Essentia] [ONNX-Inference] Essentia 分類推論を完了いたしましたわ (経過: 0.1604s)
2026-06-29 14:11:56,216 [INFO] [Direct-Process] ステム特徴量抽出完了 (経過: 106.6195s)
2026-06-29 14:11:56,257 [INFO] [Direct-Process] DB 登録(UPSERT)完了 (経過: 0.0385s)
2026-06-29 14:11:56,883 [INFO] [Direct-Process] デコード完了 (経過: 0.4858s, length: 10913280 samples)
2026-06-29 14:11:56,924 [INFO] [HTDemucs ONNX Memory] 推論処理を開始しますわ... (ONNX_LOCK 同期)
2026-06-29 14:12:12,767 [INFO] [HTDemucs ONNX Memory] 分離完了いたしましたわ！ 整合化を開始しますの。
2026-06-29 14:12:12,905 [INFO] [Direct-Process] Demucs 波形分離完了 (経過: 16.0209s)
2026-06-29 14:12:28,875 [INFO] [MainProcess] [Endomorphism] [DSP] [Pre-warming] 全ステム7本の遅延キャッシュ事前計算を完了いたしましたわ (経過: 15.9680s)
2026-06-29 14:12:28,875 [INFO] [MainProcess] [Morphism] [Librosa] [Extraction] Librosa による特徴量抽出(ThreadPool=8)を開始しますわ
2026-06-29 14:13:41,374 [INFO] [MainProcess] [Morphism] [Librosa] [Extraction] 全ステムの Librosa 特徴量抽出を完了いたしましたわ (経過: 72.4983s)
2026-06-29 14:13:41,374 [INFO] [MainProcess] [Endomorphism] [Post-processing] [SNR-Overwrite] ステム相対エネルギー比率(SNR)の上書きを完了いたしましたわ (経過: 0.0000s)
2026-06-29 14:13:41,374 [INFO] [MainProcess] [Morphism] [Essentia] [ONNX-Inference] Essentia (EffNet) 分類器17基による推論を開始しますわ
2026-06-29 14:13:41,514 [INFO] [MainProcess] [Morphism] [Essentia] [ONNX-Inference] Essentia 分類推論を完了いたしましたわ (経過: 0.1403s)
2026-06-29 14:13:41,515 [INFO] [Direct-Process] ステム特徴量抽出完了 (経過: 88.6079s)
2026-06-29 14:13:41,556 [INFO] [Direct-Process] DB 登録(UPSERT)完了 (経過: 0.0390s)
2026-06-29 14:13:42,235 [INFO] [Direct-Process] デコード完了 (経過: 0.5472s, length: 10999127 samples)
2026-06-29 14:13:42,287 [INFO] [HTDemucs ONNX Memory] 推論処理を開始しますわ... (ONNX_LOCK 同期)
2026-06-29 14:13:58,099 [INFO] [HTDemucs ONNX Memory] 分離完了いたしましたわ！ 整合化を開始しますの。
2026-06-29 14:13:58,252 [INFO] [Direct-Process] Demucs 波形分離完了 (経過: 16.0168s)
2026-06-29 14:14:14,404 [INFO] [MainProcess] [Endomorphism] [DSP] [Pre-warming] 全ステム7本の遅延キャッシュ事前計算を完了いたしましたわ (経過: 16.1490s)
2026-06-29 14:14:14,405 [INFO] [MainProcess] [Morphism] [Librosa] [Extraction] Librosa による特徴量抽出(ThreadPool=8)を開始しますわ
2026-06-29 14:15:23,421 [INFO] [MainProcess] [Morphism] [Librosa] [Extraction] 全ステムの Librosa 特徴量抽出を完了いたしましたわ (経過: 69.0168s)
2026-06-29 14:15:23,422 [INFO] [MainProcess] [Endomorphism] [Post-processing] [SNR-Overwrite] ステム相対エネルギー比率(SNR)の上書きを完了いたしましたわ (経過: 0.0000s)
2026-06-29 14:15:23,422 [INFO] [MainProcess] [Morphism] [Essentia] [ONNX-Inference] Essentia (EffNet) 分類器17基による推論を開始しますわ
2026-06-29 14:15:23,559 [INFO] [MainProcess] [Morphism] [Essentia] [ONNX-Inference] Essentia 分類推論を完了いたしましたわ (経過: 0.1377s)
2026-06-29 14:15:23,560 [INFO] [Direct-Process] ステム特徴量抽出完了 (経過: 85.3048s)
2026-06-29 14:15:23,598 [INFO] [Direct-Process] DB 登録(UPSERT)完了 (経過: 0.0364s)
2026-06-29 14:15:24,449 [INFO] [Direct-Process] デコード完了 (経過: 0.7240s, length: 15616105 samples)
2026-06-29 14:15:24,506 [INFO] [HTDemucs ONNX Memory] 推論処理を開始しますわ... (ONNX_LOCK 同期)
2026-06-29 14:15:46,550 [INFO] [HTDemucs ONNX Memory] 分離完了いたしましたわ！ 整合化を開始しますの。
2026-06-29 14:15:46,750 [INFO] [Direct-Process] Demucs 波形分離完了 (経過: 22.3009s)
2026-06-29 14:16:09,934 [INFO] [MainProcess] [Endomorphism] [DSP] [Pre-warming] 全ステム7本の遅延キャッシュ事前計算を完了いたしましたわ (経過: 23.1806s)
2026-06-29 14:16:09,935 [INFO] [MainProcess] [Morphism] [Librosa] [Extraction] Librosa による特徴量抽出(ThreadPool=8)を開始しますわ
2026-06-29 14:17:56,886 [INFO] [MainProcess] [Morphism] [Librosa] [Extraction] 全ステムの Librosa 特徴量抽出を完了いたしましたわ (経過: 106.9512s)
2026-06-29 14:17:56,886 [INFO] [MainProcess] [Endomorphism] [Post-processing] [SNR-Overwrite] ステム相対エネルギー比率(SNR)の上書きを完了いたしましたわ (経過: 0.0000s)
2026-06-29 14:17:56,886 [INFO] [MainProcess] [Morphism] [Essentia] [ONNX-Inference] Essentia (EffNet) 分類器17基による推論を開始しますわ
2026-06-29 14:17:57,067 [INFO] [MainProcess] [Morphism] [Essentia] [ONNX-Inference] Essentia 分類推論を完了いたしましたわ (経過: 0.1807s)
2026-06-29 14:17:57,067 [INFO] [Direct-Process] ステム特徴量抽出完了 (経過: 130.3138s)
2026-06-29 14:17:57,108 [INFO] [Direct-Process] DB 登録(UPSERT)完了 (経過: 0.0387s)
2026-06-29 14:18:09,949 [INFO] [Timestamp Inheritance] Windows ctypesを用いてタイムスタンプを完全継承しましたわ！ (target: Diverse System[2019]AD-Drum'n Bass 4.flac)
2026-06-29 14:18:09,950 [INFO] [Direct-Process] OK: M:\Music\album\EDM\DnB\Diverse System[2019]AD-Drum'n Bass 4.flac
2026-06-29 14:18:10,007 [INFO] OK: Diverse System[2019]AD-Drum'n Bass 4.flac (16 トラック処理完了, 0 トラック既処理スキップ)
2026-06-29 14:18:10,991 [INFO] ONNX使用可能演算器: ['TensorrtExecutionProvider', 'CUDAExecutionProvider', 'CPUExecutionProvider']
2026-06-29 14:18:10,992 [INFO] 直列実行用ロード     : ['CUDAExecutionProvider', 'CPUExecutionProvider']
2026-06-29 14:18:11,279 [INFO] ONNXセッション直列化ロード完了！ (分類器数: 17)
2026-06-29 14:18:11,279 [INFO] [WorkerONNX] Consumer 内 ONNX 直列セッション初期化完了！（分類器数: 17)
2026-06-29 14:18:11,292 [INFO] [Direct-Process] 解析開始: Lilium Records[2014]Ray of Eternity.flac
2026-06-29 14:18:11,615 [INFO] 波形分離モデル (GLOBAL_DEMUCS) をロードしますわ... (use_dml=False)
2026-06-29 14:18:11,615 [INFO] HTDemucsSeparator 初期化: model=htdemucs_6s, precision=fp16weights, providers=['CUDAExecutionProvider', 'CPUExecutionProvider']
2026-06-29 14:18:27,054 [INFO] HTDemucs ONNX 実機モデルロードに成功いたしましたわ！
2026-06-29 14:18:27,825 [INFO] [Direct-Process] デコード完了 (経過: 0.7703s, length: 16072979 samples)
2026-06-29 14:18:27,882 [INFO] [HTDemucs ONNX Memory] 推論処理を開始しますわ... (ONNX_LOCK 同期)
2026-06-29 14:18:50,863 [INFO] [HTDemucs ONNX Memory] 分離完了いたしましたわ！ 整合化を開始しますの。
2026-06-29 14:18:51,066 [INFO] [Direct-Process] Demucs 波形分離完了 (経過: 23.2405s)
2026-06-29 14:19:18,663 [INFO] [MainProcess] [Endomorphism] [DSP] [Pre-warming] 全ステム7本の遅延キャッシュ事前計算を完了いたしましたわ (経過: 27.5934s)
2026-06-29 14:19:18,663 [INFO] [MainProcess] [Morphism] [Librosa] [Extraction] Librosa による特徴量抽出(ThreadPool=8)を開始しますわ
2026-06-29 14:20:59,092 [INFO] [MainProcess] [Morphism] [Librosa] [Extraction] 全ステムの Librosa 特徴量抽出を完了いたしましたわ (経過: 100.4288s)
2026-06-29 14:20:59,092 [INFO] [MainProcess] [Endomorphism] [Post-processing] [SNR-Overwrite] ステム相対エネルギー比率(SNR)の上書きを完了いたしましたわ (経過: 0.0000s)
2026-06-29 14:20:59,092 [INFO] [MainProcess] [Morphism] [Essentia] [ONNX-Inference] Essentia (EffNet) 分類器17基による推論を開始しますわ
2026-06-29 14:20:59,522 [INFO] [MainProcess] [Morphism] [Essentia] [ONNX-Inference] Essentia 分類推論を完了いたしましたわ (経過: 0.4298s)
2026-06-29 14:20:59,522 [INFO] [Direct-Process] ステム特徴量抽出完了 (経過: 128.4533s)
2026-06-29 14:20:59,573 [INFO] [Direct-Process] DB 登録(UPSERT)完了 (経過: 0.0489s)
2026-06-29 14:21:00,564 [INFO] [Direct-Process] デコード完了 (経過: 0.8231s, length: 15225673 samples)
2026-06-29 14:21:00,620 [INFO] [HTDemucs ONNX Memory] 推論処理を開始しますわ... (ONNX_LOCK 同期)
2026-06-29 14:21:22,343 [INFO] [HTDemucs ONNX Memory] 分離完了いたしましたわ！ 整合化を開始しますの。
2026-06-29 14:21:22,542 [INFO] [Direct-Process] Demucs 波形分離完了 (経過: 21.9770s)
2026-06-29 14:21:45,078 [INFO] [MainProcess] [Endomorphism] [DSP] [Pre-warming] 全ステム7本の遅延キャッシュ事前計算を完了いたしましたわ (経過: 22.5327s)
2026-06-29 14:21:45,078 [INFO] [MainProcess] [Morphism] [Librosa] [Extraction] Librosa による特徴量抽出(ThreadPool=8)を開始しますわ
2026-06-29 14:23:10,642 [INFO] [MainProcess] [Morphism] [Librosa] [Extraction] 全ステムの Librosa 特徴量抽出を完了いたしましたわ (経過: 85.5646s)
2026-06-29 14:23:10,643 [INFO] [MainProcess] [Endomorphism] [Post-processing] [SNR-Overwrite] ステム相対エネルギー比率(SNR)の上書きを完了いたしましたわ (経過: 0.0000s)
2026-06-29 14:23:10,644 [INFO] [MainProcess] [Morphism] [Essentia] [ONNX-Inference] Essentia (EffNet) 分類器17基による推論を開始しますわ
2026-06-29 14:23:10,825 [INFO] [MainProcess] [Morphism] [Essentia] [ONNX-Inference] Essentia 分類推論を完了いたしましたわ (経過: 0.1818s)
2026-06-29 14:23:10,826 [INFO] [Direct-Process] ステム特徴量抽出完了 (経過: 108.2810s)
2026-06-29 14:23:10,875 [INFO] [Direct-Process] DB 登録(UPSERT)完了 (経過: 0.0469s)
2026-06-29 14:23:11,744 [INFO] [Direct-Process] デコード完了 (経過: 0.7034s, length: 14882868 samples)
2026-06-29 14:23:11,797 [INFO] [HTDemucs ONNX Memory] 推論処理を開始しますわ... (ONNX_LOCK 同期)
2026-06-29 14:23:32,705 [INFO] [HTDemucs ONNX Memory] 分離完了いたしましたわ！ 整合化を開始しますの。
2026-06-29 14:23:32,899 [INFO] [Direct-Process] Demucs 波形分離完了 (経過: 21.1543s)
2026-06-29 14:23:54,912 [INFO] [MainProcess] [Endomorphism] [DSP] [Pre-warming] 全ステム7本の遅延キャッシュ事前計算を完了いたしましたわ (経過: 22.0095s)
2026-06-29 14:23:54,912 [INFO] [MainProcess] [Morphism] [Librosa] [Extraction] Librosa による特徴量抽出(ThreadPool=8)を開始しますわ
2026-06-29 14:25:26,836 [INFO] [MainProcess] [Morphism] [Librosa] [Extraction] 全ステムの Librosa 特徴量抽出を完了いたしましたわ (経過: 91.9245s)
2026-06-29 14:25:26,837 [INFO] [MainProcess] [Endomorphism] [Post-processing] [SNR-Overwrite] ステム相対エネルギー比率(SNR)の上書きを完了いたしましたわ (経過: 0.0000s)
2026-06-29 14:25:26,837 [INFO] [MainProcess] [Morphism] [Essentia] [ONNX-Inference] Essentia (EffNet) 分類器17基による推論を開始しますわ
2026-06-29 14:25:27,011 [INFO] [MainProcess] [Morphism] [Essentia] [ONNX-Inference] Essentia 分類推論を完了いたしましたわ (経過: 0.1738s)
2026-06-29 14:25:27,011 [INFO] [Direct-Process] ステム特徴量抽出完了 (経過: 114.1091s)
2026-06-29 14:25:27,058 [INFO] [Direct-Process] DB 登録(UPSERT)完了 (経過: 0.0446s)
2026-06-29 14:25:27,858 [INFO] [Direct-Process] デコード完了 (経過: 0.5752s, length: 12377988 samples)
2026-06-29 14:25:27,905 [INFO] [HTDemucs ONNX Memory] 推論処理を開始しますわ... (ONNX_LOCK 同期)
2026-06-29 14:25:45,200 [INFO] [HTDemucs ONNX Memory] 分離完了いたしましたわ！ 整合化を開始しますの。
2026-06-29 14:25:45,357 [INFO] [Direct-Process] Demucs 波形分離完了 (経過: 17.4992s)
2026-06-29 14:26:03,446 [INFO] [MainProcess] [Endomorphism] [DSP] [Pre-warming] 全ステム7本の遅延キャッシュ事前計算を完了いたしましたわ (経過: 18.0858s)
2026-06-29 14:26:03,446 [INFO] [MainProcess] [Morphism] [Librosa] [Extraction] Librosa による特徴量抽出(ThreadPool=8)を開始しますわ
2026-06-29 14:27:26,453 [INFO] [MainProcess] [Morphism] [Librosa] [Extraction] 全ステムの Librosa 特徴量抽出を完了いたしましたわ (経過: 83.0068s)
2026-06-29 14:27:26,453 [INFO] [MainProcess] [Endomorphism] [Post-processing] [SNR-Overwrite] ステム相対エネルギー比率(SNR)の上書きを完了いたしましたわ (経過: 0.0000s)
2026-06-29 14:27:26,453 [INFO] [MainProcess] [Morphism] [Essentia] [ONNX-Inference] Essentia (EffNet) 分類器17基による推論を開始しますわ
2026-06-29 14:27:26,609 [INFO] [MainProcess] [Morphism] [Essentia] [ONNX-Inference] Essentia 分類推論を完了いたしましたわ (経過: 0.1555s)
2026-06-29 14:27:26,609 [INFO] [Direct-Process] ステム特徴量抽出完了 (経過: 101.2495s)
2026-06-29 14:27:26,656 [INFO] [Direct-Process] DB 登録(UPSERT)完了 (経過: 0.0454s)
2026-06-29 14:27:27,445 [INFO] [Direct-Process] デコード完了 (経過: 0.6479s, length: 11919348 samples)
2026-06-29 14:27:27,490 [INFO] [HTDemucs ONNX Memory] 推論処理を開始しますわ... (ONNX_LOCK 同期)
2026-06-29 14:27:44,790 [INFO] [HTDemucs ONNX Memory] 分離完了いたしましたわ！ 整合化を開始しますの。
2026-06-29 14:27:44,945 [INFO] [Direct-Process] Demucs 波形分離完了 (経過: 17.4993s)
2026-06-29 14:28:02,313 [INFO] [MainProcess] [Endomorphism] [DSP] [Pre-warming] 全ステム7本の遅延キャッシュ事前計算を完了いたしましたわ (経過: 17.3655s)
2026-06-29 14:28:02,314 [INFO] [MainProcess] [Morphism] [Librosa] [Extraction] Librosa による特徴量抽出(ThreadPool=8)を開始しますわ
2026-06-29 14:29:22,107 [INFO] [MainProcess] [Morphism] [Librosa] [Extraction] 全ステムの Librosa 特徴量抽出を完了いたしましたわ (経過: 79.7933s)
2026-06-29 14:29:22,107 [INFO] [MainProcess] [Endomorphism] [Post-processing] [SNR-Overwrite] ステム相対エネルギー比率(SNR)の上書きを完了いたしましたわ (経過: 0.0000s)
2026-06-29 14:29:22,107 [INFO] [MainProcess] [Morphism] [Essentia] [ONNX-Inference] Essentia (EffNet) 分類器17基による推論を開始しますわ
2026-06-29 14:29:22,256 [INFO] [MainProcess] [Morphism] [Essentia] [ONNX-Inference] Essentia 分類推論を完了いたしましたわ (経過: 0.1490s)
2026-06-29 14:29:22,257 [INFO] [Direct-Process] ステム特徴量抽出完了 (経過: 97.3091s)
2026-06-29 14:29:28,590 [INFO] [Direct-Process] DB 登録(UPSERT)完了 (経過: 6.3312s)
2026-06-29 14:29:29,382 [INFO] [Direct-Process] デコード完了 (経過: 0.6453s, length: 13594560 samples)
2026-06-29 14:29:29,434 [INFO] [HTDemucs ONNX Memory] 推論処理を開始しますわ... (ONNX_LOCK 同期)
2026-06-29 14:29:48,741 [INFO] [HTDemucs ONNX Memory] 分離完了いたしましたわ！ 整合化を開始しますの。
2026-06-29 14:29:48,912 [INFO] [Direct-Process] Demucs 波形分離完了 (経過: 19.5293s)
2026-06-29 14:30:08,746 [INFO] [MainProcess] [Endomorphism] [DSP] [Pre-warming] 全ステム7本の遅延キャッシュ事前計算を完了いたしましたわ (経過: 19.8314s)
2026-06-29 14:30:08,746 [INFO] [MainProcess] [Morphism] [Librosa] [Extraction] Librosa による特徴量抽出(ThreadPool=8)を開始しますわ
2026-06-29 14:31:41,439 [INFO] [MainProcess] [Morphism] [Librosa] [Extraction] 全ステムの Librosa 特徴量抽出を完了いたしましたわ (経過: 92.6923s)
2026-06-29 14:31:41,439 [INFO] [MainProcess] [Endomorphism] [Post-processing] [SNR-Overwrite] ステム相対エネルギー比率(SNR)の上書きを完了いたしましたわ (経過: 0.0000s)
2026-06-29 14:31:41,439 [INFO] [MainProcess] [Morphism] [Essentia] [ONNX-Inference] Essentia (EffNet) 分類器17基による推論を開始しますわ
2026-06-29 14:31:41,600 [INFO] [MainProcess] [Morphism] [Essentia] [ONNX-Inference] Essentia 分類推論を完了いたしましたわ (経過: 0.1607s)
2026-06-29 14:31:41,600 [INFO] [Direct-Process] ステム特徴量抽出完了 (経過: 112.6858s)
2026-06-29 14:31:41,641 [INFO] [Direct-Process] DB 登録(UPSERT)完了 (経過: 0.0394s)
2026-06-29 14:31:42,499 [INFO] [Direct-Process] デコード完了 (経過: 0.7049s, length: 13311732 samples)
2026-06-29 14:31:42,547 [INFO] [HTDemucs ONNX Memory] 推論処理を開始しますわ... (ONNX_LOCK 同期)
2026-06-29 14:32:01,498 [INFO] [HTDemucs ONNX Memory] 分離完了いたしましたわ！ 整合化を開始しますの。
2026-06-29 14:32:01,672 [INFO] [Direct-Process] Demucs 波形分離完了 (経過: 19.1731s)
2026-06-29 14:32:21,458 [INFO] [MainProcess] [Endomorphism] [DSP] [Pre-warming] 全ステム7本の遅延キャッシュ事前計算を完了いたしましたわ (経過: 19.7825s)
2026-06-29 14:32:21,459 [INFO] [MainProcess] [Morphism] [Librosa] [Extraction] Librosa による特徴量抽出(ThreadPool=8)を開始しますわ
2026-06-29 14:33:58,731 [INFO] [MainProcess] [Morphism] [Librosa] [Extraction] 全ステムの Librosa 特徴量抽出を完了いたしましたわ (経過: 97.2727s)
2026-06-29 14:33:58,732 [INFO] [MainProcess] [Endomorphism] [Post-processing] [SNR-Overwrite] ステム相対エネルギー比率(SNR)の上書きを完了いたしましたわ (経過: 0.0000s)
2026-06-29 14:33:58,732 [INFO] [MainProcess] [Morphism] [Essentia] [ONNX-Inference] Essentia (EffNet) 分類器17基による推論を開始しますわ
2026-06-29 14:33:58,902 [INFO] [MainProcess] [Morphism] [Essentia] [ONNX-Inference] Essentia 分類推論を完了いたしましたわ (経過: 0.1700s)
2026-06-29 14:33:58,902 [INFO] [Direct-Process] ステム特徴量抽出完了 (経過: 117.2265s)
2026-06-29 14:33:58,942 [INFO] [Direct-Process] DB 登録(UPSERT)完了 (経過: 0.0376s)
2026-06-29 14:33:59,841 [INFO] [Direct-Process] デコード完了 (経過: 0.7491s, length: 14757624 samples)
2026-06-29 14:33:59,893 [INFO] [HTDemucs ONNX Memory] 推論処理を開始しますわ... (ONNX_LOCK 同期)
2026-06-29 14:34:20,290 [INFO] [HTDemucs ONNX Memory] 分離完了いたしましたわ！ 整合化を開始しますの。
2026-06-29 14:34:20,475 [INFO] [Direct-Process] Demucs 波形分離完了 (経過: 20.6336s)
2026-06-29 14:34:42,101 [INFO] [MainProcess] [Endomorphism] [DSP] [Pre-warming] 全ステム7本の遅延キャッシュ事前計算を完了いたしましたわ (経過: 21.6235s)
2026-06-29 14:34:42,102 [INFO] [MainProcess] [Morphism] [Librosa] [Extraction] Librosa による特徴量抽出(ThreadPool=8)を開始しますわ
2026-06-29 14:36:18,915 [INFO] [MainProcess] [Morphism] [Librosa] [Extraction] 全ステムの Librosa 特徴量抽出を完了いたしましたわ (経過: 96.8135s)
2026-06-29 14:36:18,915 [INFO] [MainProcess] [Endomorphism] [Post-processing] [SNR-Overwrite] ステム相対エネルギー比率(SNR)の上書きを完了いたしましたわ (経過: 0.0000s)
2026-06-29 14:36:18,916 [INFO] [MainProcess] [Morphism] [Essentia] [ONNX-Inference] Essentia (EffNet) 分類器17基による推論を開始しますわ
2026-06-29 14:36:19,093 [INFO] [MainProcess] [Morphism] [Essentia] [ONNX-Inference] Essentia 分類推論を完了いたしましたわ (経過: 0.1777s)
2026-06-29 14:36:19,094 [INFO] [Direct-Process] ステム特徴量抽出完了 (経過: 118.6161s)
2026-06-29 14:36:19,134 [INFO] [Direct-Process] DB 登録(UPSERT)完了 (経過: 0.0380s)
2026-06-29 14:36:20,035 [INFO] [Direct-Process] デコード完了 (経過: 0.6422s, length: 14156100 samples)
2026-06-29 14:36:20,088 [INFO] [HTDemucs ONNX Memory] 推論処理を開始しますわ... (ONNX_LOCK 同期)
2026-06-29 14:36:40,354 [INFO] [HTDemucs ONNX Memory] 分離完了いたしましたわ！ 整合化を開始しますの。
2026-06-29 14:36:40,530 [INFO] [Direct-Process] Demucs 波形分離完了 (経過: 20.4944s)
2026-06-29 14:37:01,540 [INFO] [MainProcess] [Endomorphism] [DSP] [Pre-warming] 全ステム7本の遅延キャッシュ事前計算を完了いたしましたわ (経過: 21.0074s)
2026-06-29 14:37:01,541 [INFO] [MainProcess] [Morphism] [Librosa] [Extraction] Librosa による特徴量抽出(ThreadPool=8)を開始しますわ
2026-06-29 14:38:32,114 [INFO] [MainProcess] [Morphism] [Librosa] [Extraction] 全ステムの Librosa 特徴量抽出を完了いたしましたわ (経過: 90.5734s)
2026-06-29 14:38:32,114 [INFO] [MainProcess] [Endomorphism] [Post-processing] [SNR-Overwrite] ステム相対エネルギー比率(SNR)の上書きを完了いたしましたわ (経過: 0.0000s)
2026-06-29 14:38:32,114 [INFO] [MainProcess] [Morphism] [Essentia] [ONNX-Inference] Essentia (EffNet) 分類器17基による推論を開始しますわ
2026-06-29 14:38:32,289 [INFO] [MainProcess] [Morphism] [Essentia] [ONNX-Inference] Essentia 分類推論を完了いたしましたわ (経過: 0.1749s)
2026-06-29 14:38:32,290 [INFO] [Direct-Process] ステム特徴量抽出完了 (経過: 111.7569s)
2026-06-29 14:38:32,336 [INFO] [Direct-Process] DB 登録(UPSERT)完了 (経過: 0.0441s)
2026-06-29 14:38:33,175 [INFO] [Direct-Process] デコード完了 (経過: 0.6851s, length: 14975184 samples)
2026-06-29 14:38:33,274 [INFO] [HTDemucs ONNX Memory] 推論処理を開始しますわ... (ONNX_LOCK 同期)
2026-06-29 14:38:54,884 [INFO] [HTDemucs ONNX Memory] 分離完了いたしましたわ！ 整合化を開始しますの。
2026-06-29 14:38:55,077 [INFO] [Direct-Process] Demucs 波形分離完了 (経過: 21.9015s)
2026-06-29 14:39:17,324 [INFO] [MainProcess] [Endomorphism] [DSP] [Pre-warming] 全ステム7本の遅延キャッシュ事前計算を完了いたしましたわ (経過: 22.2430s)
2026-06-29 14:39:17,324 [INFO] [MainProcess] [Morphism] [Librosa] [Extraction] Librosa による特徴量抽出(ThreadPool=8)を開始しますわ
2026-06-29 14:40:48,995 [INFO] [MainProcess] [Morphism] [Librosa] [Extraction] 全ステムの Librosa 特徴量抽出を完了いたしましたわ (経過: 91.6714s)
2026-06-29 14:40:48,996 [INFO] [MainProcess] [Endomorphism] [Post-processing] [SNR-Overwrite] ステム相対エネルギー比率(SNR)の上書きを完了いたしましたわ (経過: 0.0000s)
2026-06-29 14:40:48,996 [INFO] [MainProcess] [Morphism] [Essentia] [ONNX-Inference] Essentia (EffNet) 分類器17基による推論を開始しますわ
2026-06-29 14:40:49,177 [INFO] [MainProcess] [Morphism] [Essentia] [ONNX-Inference] Essentia 分類推論を完了いたしましたわ (経過: 0.1809s)
2026-06-29 14:40:49,177 [INFO] [Direct-Process] ステム特徴量抽出完了 (経過: 114.0966s)
2026-06-29 14:40:49,251 [INFO] [Direct-Process] DB 登録(UPSERT)完了 (経過: 0.0711s)
2026-06-29 14:40:49,827 [INFO] [Direct-Process] デコード完了 (経過: 0.4243s, length: 8885268 samples)
2026-06-29 14:40:49,860 [INFO] [HTDemucs ONNX Memory] 推論処理を開始しますわ... (ONNX_LOCK 同期)
2026-06-29 14:41:02,597 [INFO] [HTDemucs ONNX Memory] 分離完了いたしましたわ！ 整合化を開始しますの。
2026-06-29 14:41:02,708 [INFO] [Direct-Process] Demucs 波形分離完了 (経過: 12.8807s)
2026-06-29 14:41:15,910 [INFO] [MainProcess] [Endomorphism] [DSP] [Pre-warming] 全ステム7本の遅延キャッシュ事前計算を完了いたしましたわ (経過: 13.1990s)
2026-06-29 14:41:15,910 [INFO] [MainProcess] [Morphism] [Librosa] [Extraction] Librosa による特徴量抽出(ThreadPool=8)を開始しますわ
2026-06-29 14:42:17,022 [INFO] [MainProcess] [Morphism] [Librosa] [Extraction] 全ステムの Librosa 特徴量抽出を完了いたしましたわ (経過: 61.1124s)
2026-06-29 14:42:17,023 [INFO] [MainProcess] [Endomorphism] [Post-processing] [SNR-Overwrite] ステム相対エネルギー比率(SNR)の上書きを完了いたしましたわ (経過: 0.0000s)
2026-06-29 14:42:17,023 [INFO] [MainProcess] [Morphism] [Essentia] [ONNX-Inference] Essentia (EffNet) 分類器17基による推論を開始しますわ
2026-06-29 14:42:17,139 [INFO] [MainProcess] [Morphism] [Essentia] [ONNX-Inference] Essentia 分類推論を完了いたしましたわ (経過: 0.1163s)
2026-06-29 14:42:17,139 [INFO] [Direct-Process] ステム特徴量抽出完了 (経過: 74.4291s)
2026-06-29 14:42:17,181 [INFO] [Direct-Process] DB 登録(UPSERT)完了 (経過: 0.0399s)
2026-06-29 14:42:18,004 [INFO] [Direct-Process] デコード完了 (経過: 0.7065s, length: 15157464 samples)
2026-06-29 14:42:18,062 [INFO] [HTDemucs ONNX Memory] 推論処理を開始しますわ... (ONNX_LOCK 同期)
2026-06-29 14:42:39,347 [INFO] [HTDemucs ONNX Memory] 分離完了いたしましたわ！ 整合化を開始しますの。
2026-06-29 14:42:39,541 [INFO] [Direct-Process] Demucs 波形分離完了 (経過: 21.5371s)
2026-06-29 14:43:01,941 [INFO] [MainProcess] [Endomorphism] [DSP] [Pre-warming] 全ステム7本の遅延キャッシュ事前計算を完了いたしましたわ (経過: 22.3960s)
2026-06-29 14:43:01,941 [INFO] [MainProcess] [Morphism] [Librosa] [Extraction] Librosa による特徴量抽出(ThreadPool=8)を開始しますわ
2026-06-29 14:44:43,576 [INFO] [MainProcess] [Morphism] [Librosa] [Extraction] 全ステムの Librosa 特徴量抽出を完了いたしましたわ (経過: 101.6351s)
2026-06-29 14:44:43,576 [INFO] [MainProcess] [Endomorphism] [Post-processing] [SNR-Overwrite] ステム相対エネルギー比率(SNR)の上書きを完了いたしましたわ (経過: 0.0000s)
2026-06-29 14:44:43,577 [INFO] [MainProcess] [Morphism] [Essentia] [ONNX-Inference] Essentia (EffNet) 分類器17基による推論を開始しますわ
2026-06-29 14:44:43,756 [INFO] [MainProcess] [Morphism] [Essentia] [ONNX-Inference] Essentia 分類推論を完了いたしましたわ (経過: 0.1793s)
2026-06-29 14:44:43,756 [INFO] [Direct-Process] ステム特徴量抽出完了 (経過: 124.2117s)
2026-06-29 14:44:43,803 [INFO] [Direct-Process] DB 登録(UPSERT)完了 (経過: 0.0448s)
2026-06-29 14:44:54,339 [INFO] [Timestamp Inheritance] Windows ctypesを用いてタイムスタンプを完全継承しましたわ！ (target: Lilium Records[2014]Ray of Eternity.flac)
2026-06-29 14:44:54,340 [INFO] [Direct-Process] OK: M:\Music\album\EDM\DnB\Lilium Records[2014]Ray of Eternity.flac
2026-06-29 14:44:54,405 [INFO] OK: Lilium Records[2014]Ray of Eternity.flac (12 トラック処理完了, 0 トラック既処理スキップ)
2026-06-29 14:44:55,435 [INFO] ONNX使用可能演算器: ['TensorrtExecutionProvider', 'CUDAExecutionProvider', 'CPUExecutionProvider']
2026-06-29 14:44:55,436 [INFO] 直列実行用ロード     : ['CUDAExecutionProvider', 'CPUExecutionProvider']
2026-06-29 14:44:55,703 [INFO] ONNXセッション直列化ロード完了！ (分類器数: 17)
2026-06-29 14:44:55,704 [INFO] [WorkerONNX] Consumer 内 ONNX 直列セッション初期化完了！（分類器数: 17)
2026-06-29 14:44:55,717 [INFO] [Direct-Process] 解析開始: Lilium Records[2015]KISS THE COMET EP.flac
2026-06-29 14:44:55,904 [INFO] 波形分離モデル (GLOBAL_DEMUCS) をロードしますわ... (use_dml=False)
2026-06-29 14:44:55,905 [INFO] HTDemucsSeparator 初期化: model=htdemucs_6s, precision=fp16weights, providers=['CUDAExecutionProvider', 'CPUExecutionProvider']
2026-06-29 14:45:11,339 [INFO] HTDemucs ONNX 実機モデルロードに成功いたしましたわ！
2026-06-29 14:45:11,898 [INFO] [Direct-Process] デコード完了 (経過: 0.5586s, length: 11818800 samples)
2026-06-29 14:45:11,942 [INFO] [HTDemucs ONNX Memory] 推論処理を開始しますわ... (ONNX_LOCK 同期)
2026-06-29 14:45:28,334 [INFO] [HTDemucs ONNX Memory] 分離完了いたしましたわ！ 整合化を開始しますの。
2026-06-29 14:45:28,481 [INFO] [Direct-Process] Demucs 波形分離完了 (経過: 16.5821s)
2026-06-29 14:45:49,069 [INFO] [MainProcess] [Endomorphism] [DSP] [Pre-warming] 全ステム7本の遅延キャッシュ事前計算を完了いたしましたわ (経過: 20.5854s)
2026-06-29 14:45:49,069 [INFO] [MainProcess] [Morphism] [Librosa] [Extraction] Librosa による特徴量抽出(ThreadPool=8)を開始しますわ
2026-06-29 14:47:07,780 [INFO] [MainProcess] [Morphism] [Librosa] [Extraction] 全ステムの Librosa 特徴量抽出を完了いたしましたわ (経過: 78.7113s)
2026-06-29 14:47:07,780 [INFO] [MainProcess] [Endomorphism] [Post-processing] [SNR-Overwrite] ステム相対エネルギー比率(SNR)の上書きを完了いたしましたわ (経過: 0.0000s)
2026-06-29 14:47:07,781 [INFO] [MainProcess] [Morphism] [Essentia] [ONNX-Inference] Essentia (EffNet) 分類器17基による推論を開始しますわ
2026-06-29 14:47:08,172 [INFO] [MainProcess] [Morphism] [Essentia] [ONNX-Inference] Essentia 分類推論を完了いたしましたわ (経過: 0.3910s)
2026-06-29 14:47:08,172 [INFO] [Direct-Process] ステム特徴量抽出完了 (経過: 99.6890s)
2026-06-29 14:47:08,223 [INFO] [Direct-Process] DB 登録(UPSERT)完了 (経過: 0.0494s)
2026-06-29 14:47:08,845 [INFO] [Direct-Process] デコード完了 (経過: 0.4797s, length: 11284896 samples)
2026-06-29 14:47:08,884 [INFO] [HTDemucs ONNX Memory] 推論処理を開始しますわ... (ONNX_LOCK 同期)
2026-06-29 14:47:25,087 [INFO] [HTDemucs ONNX Memory] 分離完了いたしましたわ！ 整合化を開始しますの。
2026-06-29 14:47:25,235 [INFO] [Direct-Process] Demucs 波形分離完了 (経過: 16.3895s)
2026-06-29 14:47:41,937 [INFO] [MainProcess] [Endomorphism] [DSP] [Pre-warming] 全ステム7本の遅延キャッシュ事前計算を完了いたしましたわ (経過: 16.6993s)
2026-06-29 14:47:41,938 [INFO] [MainProcess] [Morphism] [Librosa] [Extraction] Librosa による特徴量抽出(ThreadPool=8)を開始しますわ
2026-06-29 14:48:52,924 [INFO] [MainProcess] [Morphism] [Librosa] [Extraction] 全ステムの Librosa 特徴量抽出を完了いたしましたわ (経過: 70.9866s)
2026-06-29 14:48:52,925 [INFO] [MainProcess] [Endomorphism] [Post-processing] [SNR-Overwrite] ステム相対エネルギー比率(SNR)の上書きを完了いたしましたわ (経過: 0.0000s)
2026-06-29 14:48:52,925 [INFO] [MainProcess] [Morphism] [Essentia] [ONNX-Inference] Essentia (EffNet) 分類器17基による推論を開始しますわ
2026-06-29 14:48:53,070 [INFO] [MainProcess] [Morphism] [Essentia] [ONNX-Inference] Essentia 分類推論を完了いたしましたわ (経過: 0.1452s)
2026-06-29 14:48:53,070 [INFO] [Direct-Process] ステム特徴量抽出完了 (経過: 87.8325s)
2026-06-29 14:48:53,121 [INFO] [Direct-Process] DB 登録(UPSERT)完了 (経過: 0.0488s)
2026-06-29 14:48:53,878 [INFO] [Direct-Process] デコード完了 (経過: 0.5490s, length: 13483428 samples)
2026-06-29 14:48:53,926 [INFO] [HTDemucs ONNX Memory] 推論処理を開始しますわ... (ONNX_LOCK 同期)
2026-06-29 14:49:12,839 [INFO] [HTDemucs ONNX Memory] 分離完了いたしましたわ！ 整合化を開始しますの。
2026-06-29 14:49:13,012 [INFO] [Direct-Process] Demucs 波形分離完了 (経過: 19.1343s)
2026-06-29 14:49:32,919 [INFO] [MainProcess] [Endomorphism] [DSP] [Pre-warming] 全ステム7本の遅延キャッシュ事前計算を完了いたしましたわ (経過: 19.9035s)
2026-06-29 14:49:32,919 [INFO] [MainProcess] [Morphism] [Librosa] [Extraction] Librosa による特徴量抽出(ThreadPool=8)を開始しますわ
2026-06-29 14:51:01,088 [INFO] [MainProcess] [Morphism] [Librosa] [Extraction] 全ステムの Librosa 特徴量抽出を完了いたしましたわ (経過: 88.1687s)
2026-06-29 14:51:01,088 [INFO] [MainProcess] [Endomorphism] [Post-processing] [SNR-Overwrite] ステム相対エネルギー比率(SNR)の上書きを完了いたしましたわ (経過: 0.0000s)
2026-06-29 14:51:01,088 [INFO] [MainProcess] [Morphism] [Essentia] [ONNX-Inference] Essentia (EffNet) 分類器17基による推論を開始しますわ
2026-06-29 14:51:01,253 [INFO] [MainProcess] [Morphism] [Essentia] [ONNX-Inference] Essentia 分類推論を完了いたしましたわ (経過: 0.1643s)
2026-06-29 14:51:01,253 [INFO] [Direct-Process] ステム特徴量抽出完了 (経過: 108.2379s)
2026-06-29 14:51:01,301 [INFO] [Direct-Process] DB 登録(UPSERT)完了 (経過: 0.0461s)
2026-06-29 14:51:01,913 [INFO] [Direct-Process] デコード完了 (経過: 0.4631s, length: 10689840 samples)
2026-06-29 14:51:01,951 [INFO] [HTDemucs ONNX Memory] 推論処理を開始しますわ... (ONNX_LOCK 同期)
2026-06-29 14:51:16,951 [INFO] [HTDemucs ONNX Memory] 分離完了いたしましたわ！ 整合化を開始しますの。
2026-06-29 14:51:17,088 [INFO] [Direct-Process] Demucs 波形分離完了 (経過: 15.1757s)
2026-06-29 14:51:32,940 [INFO] [MainProcess] [Endomorphism] [DSP] [Pre-warming] 全ステム7本の遅延キャッシュ事前計算を完了いたしましたわ (経過: 15.8486s)
2026-06-29 14:51:32,940 [INFO] [MainProcess] [Morphism] [Librosa] [Extraction] Librosa による特徴量抽出(ThreadPool=8)を開始しますわ
2026-06-29 14:52:50,975 [INFO] [MainProcess] [Morphism] [Librosa] [Extraction] 全ステムの Librosa 特徴量抽出を完了いたしましたわ (経過: 78.0356s)
2026-06-29 14:52:50,976 [INFO] [MainProcess] [Endomorphism] [Post-processing] [SNR-Overwrite] ステム相対エネルギー比率(SNR)の上書きを完了いたしましたわ (経過: 0.0000s)
2026-06-29 14:52:50,976 [INFO] [MainProcess] [Morphism] [Essentia] [ONNX-Inference] Essentia (EffNet) 分類器17基による推論を開始しますわ
2026-06-29 14:52:51,119 [INFO] [MainProcess] [Morphism] [Essentia] [ONNX-Inference] Essentia 分類推論を完了いたしましたわ (経過: 0.1429s)
2026-06-29 14:52:51,119 [INFO] [Direct-Process] ステム特徴量抽出完了 (経過: 94.0286s)
2026-06-29 14:52:51,160 [INFO] [Direct-Process] DB 登録(UPSERT)完了 (経過: 0.0387s)
2026-06-29 14:52:51,797 [INFO] [Direct-Process] デコード完了 (経過: 0.4902s, length: 10231200 samples)
2026-06-29 14:52:51,838 [INFO] [HTDemucs ONNX Memory] 推論処理を開始しますわ... (ONNX_LOCK 同期)
2026-06-29 14:53:06,104 [INFO] [HTDemucs ONNX Memory] 分離完了いたしましたわ！ 整合化を開始しますの。
2026-06-29 14:53:06,237 [INFO] [Direct-Process] Demucs 波形分離完了 (経過: 14.4389s)
2026-06-29 14:53:21,438 [INFO] [MainProcess] [Endomorphism] [DSP] [Pre-warming] 全ステム7本の遅延キャッシュ事前計算を完了いたしましたわ (経過: 15.1988s)
2026-06-29 14:53:21,438 [INFO] [MainProcess] [Morphism] [Librosa] [Extraction] Librosa による特徴量抽出(ThreadPool=8)を開始しますわ
2026-06-29 14:54:34,709 [INFO] [MainProcess] [Morphism] [Librosa] [Extraction] 全ステムの Librosa 特徴量抽出を完了いたしましたわ (経過: 73.2705s)
2026-06-29 14:54:34,709 [INFO] [MainProcess] [Endomorphism] [Post-processing] [SNR-Overwrite] ステム相対エネルギー比率(SNR)の上書きを完了いたしましたわ (経過: 0.0000s)
2026-06-29 14:54:34,709 [INFO] [MainProcess] [Morphism] [Essentia] [ONNX-Inference] Essentia (EffNet) 分類器17基による推論を開始しますわ
2026-06-29 14:54:34,844 [INFO] [MainProcess] [Morphism] [Essentia] [ONNX-Inference] Essentia 分類推論を完了いたしましたわ (経過: 0.1344s)
2026-06-29 14:54:34,844 [INFO] [Direct-Process] ステム特徴量抽出完了 (経過: 88.6051s)
2026-06-29 14:54:34,891 [INFO] [Direct-Process] DB 登録(UPSERT)完了 (経過: 0.0454s)
2026-06-29 14:54:35,572 [INFO] [Direct-Process] デコード完了 (経過: 0.5557s, length: 12108096 samples)
2026-06-29 14:54:35,617 [INFO] [HTDemucs ONNX Memory] 推論処理を開始しますわ... (ONNX_LOCK 同期)
2026-06-29 14:54:52,786 [INFO] [HTDemucs ONNX Memory] 分離完了いたしましたわ！ 整合化を開始しますの。
2026-06-29 14:54:52,935 [INFO] [Direct-Process] Demucs 波形分離完了 (経過: 17.3631s)
2026-06-29 14:55:10,767 [INFO] [MainProcess] [Endomorphism] [DSP] [Pre-warming] 全ステム7本の遅延キャッシュ事前計算を完了いたしましたわ (経過: 17.8286s)
2026-06-29 14:55:10,767 [INFO] [MainProcess] [Morphism] [Librosa] [Extraction] Librosa による特徴量抽出(ThreadPool=8)を開始しますわ
2026-06-29 14:56:32,530 [INFO] [MainProcess] [Morphism] [Librosa] [Extraction] 全ステムの Librosa 特徴量抽出を完了いたしましたわ (経過: 81.7631s)
2026-06-29 14:56:32,531 [INFO] [MainProcess] [Endomorphism] [Post-processing] [SNR-Overwrite] ステム相対エネルギー比率(SNR)の上書きを完了いたしましたわ (経過: 0.0000s)
2026-06-29 14:56:32,531 [INFO] [MainProcess] [Morphism] [Essentia] [ONNX-Inference] Essentia (EffNet) 分類器17基による推論を開始しますわ
2026-06-29 14:56:32,680 [INFO] [MainProcess] [Morphism] [Essentia] [ONNX-Inference] Essentia 分類推論を完了いたしましたわ (経過: 0.1493s)
2026-06-29 14:56:32,680 [INFO] [Direct-Process] ステム特徴量抽出完了 (経過: 99.7424s)
2026-06-29 14:56:32,721 [INFO] [Direct-Process] DB 登録(UPSERT)完了 (経過: 0.0390s)
2026-06-29 14:56:33,612 [INFO] [Direct-Process] デコード完了 (経過: 0.7541s, length: 15876000 samples)
2026-06-29 14:56:33,668 [INFO] [HTDemucs ONNX Memory] 推論処理を開始しますわ... (ONNX_LOCK 同期)
2026-06-29 14:56:56,204 [INFO] [HTDemucs ONNX Memory] 分離完了いたしましたわ！ 整合化を開始しますの。
2026-06-29 14:56:56,408 [INFO] [Direct-Process] Demucs 波形分離完了 (経過: 22.7963s)
2026-06-29 14:57:19,643 [INFO] [MainProcess] [Endomorphism] [DSP] [Pre-warming] 全ステム7本の遅延キャッシュ事前計算を完了いたしましたわ (経過: 23.2311s)
2026-06-29 14:57:19,644 [INFO] [MainProcess] [Morphism] [Librosa] [Extraction] Librosa による特徴量抽出(ThreadPool=8)を開始しますわ
2026-06-29 14:59:16,049 [INFO] [MainProcess] [Morphism] [Librosa] [Extraction] 全ステムの Librosa 特徴量抽出を完了いたしましたわ (経過: 116.4048s)
2026-06-29 14:59:16,049 [INFO] [MainProcess] [Endomorphism] [Post-processing] [SNR-Overwrite] ステム相対エネルギー比率(SNR)の上書きを完了いたしましたわ (経過: 0.0000s)
2026-06-29 14:59:16,049 [INFO] [MainProcess] [Morphism] [Essentia] [ONNX-Inference] Essentia (EffNet) 分類器17基による推論を開始しますわ
2026-06-29 14:59:16,246 [INFO] [MainProcess] [Morphism] [Essentia] [ONNX-Inference] Essentia 分類推論を完了いたしましたわ (経過: 0.1972s)
2026-06-29 14:59:16,247 [INFO] [Direct-Process] ステム特徴量抽出完了 (経過: 139.8345s)
2026-06-29 14:59:16,287 [INFO] [Direct-Process] DB 登録(UPSERT)完了 (経過: 0.0389s)
2026-06-29 14:59:21,091 [INFO] [Timestamp Inheritance] Windows ctypesを用いてタイムスタンプを完全継承しましたわ！ (target: Lilium Records[2015]KISS THE COMET EP.flac)
2026-06-29 14:59:21,091 [INFO] [Direct-Process] OK: M:\Music\album\EDM\DnB\Lilium Records[2015]KISS THE COMET EP.flac
2026-06-29 14:59:21,163 [INFO] OK: Lilium Records[2015]KISS THE COMET EP.flac (7 トラック処理完了, 0 トラック既処理スキップ)
2026-06-29 14:59:22,157 [INFO] ONNX使用可能演算器: ['TensorrtExecutionProvider', 'CUDAExecutionProvider', 'CPUExecutionProvider']
2026-06-29 14:59:22,160 [INFO] 直列実行用ロード     : ['CUDAExecutionProvider', 'CPUExecutionProvider']
2026-06-29 14:59:22,440 [INFO] ONNXセッション直列化ロード完了！ (分類器数: 17)
2026-06-29 14:59:22,440 [INFO] [WorkerONNX] Consumer 内 ONNX 直列セッション初期化完了！（分類器数: 17)
2026-06-29 14:59:22,451 [INFO] [Direct-Process] 解析開始: Lilium Records[2020]Krazy Psycho Bass 4.flac
2026-06-29 14:59:22,735 [INFO] 波形分離モデル (GLOBAL_DEMUCS) をロードしますわ... (use_dml=False)
2026-06-29 14:59:22,735 [INFO] HTDemucsSeparator 初期化: model=htdemucs_6s, precision=fp16weights, providers=['CUDAExecutionProvider', 'CPUExecutionProvider']
2026-06-29 14:59:38,000 [INFO] HTDemucs ONNX 実機モデルロードに成功いたしましたわ！
2026-06-29 14:59:38,541 [INFO] [Direct-Process] デコード完了 (経過: 0.5407s, length: 11766468 samples)
2026-06-29 14:59:38,584 [INFO] [HTDemucs ONNX Memory] 推論処理を開始しますわ... (ONNX_LOCK 同期)
2026-06-29 14:59:55,430 [INFO] [HTDemucs ONNX Memory] 分離完了いたしましたわ！ 整合化を開始しますの。
2026-06-29 14:59:55,578 [INFO] [Direct-Process] Demucs 波形分離完了 (経過: 17.0371s)
2026-06-29 15:00:16,534 [INFO] [MainProcess] [Endomorphism] [DSP] [Pre-warming] 全ステム7本の遅延キャッシュ事前計算を完了いたしましたわ (経過: 20.9530s)
2026-06-29 15:00:16,535 [INFO] [MainProcess] [Morphism] [Librosa] [Extraction] Librosa による特徴量抽出(ThreadPool=8)を開始しますわ
2026-06-29 15:01:32,943 [INFO] [MainProcess] [Morphism] [Librosa] [Extraction] 全ステムの Librosa 特徴量抽出を完了いたしましたわ (経過: 76.4080s)
2026-06-29 15:01:32,943 [INFO] [MainProcess] [Endomorphism] [Post-processing] [SNR-Overwrite] ステム相対エネルギー比率(SNR)の上書きを完了いたしましたわ (経過: 0.0000s)
2026-06-29 15:01:32,943 [INFO] [MainProcess] [Morphism] [Essentia] [ONNX-Inference] Essentia (EffNet) 分類器17基による推論を開始しますわ
2026-06-29 15:01:33,363 [INFO] [MainProcess] [Morphism] [Essentia] [ONNX-Inference] Essentia 分類推論を完了いたしましたわ (経過: 0.4204s)
2026-06-29 15:01:33,364 [INFO] [Direct-Process] ステム特徴量抽出完了 (経過: 97.7828s)
2026-06-29 15:01:33,417 [INFO] [Direct-Process] DB 登録(UPSERT)完了 (経過: 0.0512s)
2026-06-29 15:01:34,066 [INFO] [Direct-Process] デコード完了 (経過: 0.5022s, length: 10663968 samples)
2026-06-29 15:01:34,108 [INFO] [HTDemucs ONNX Memory] 推論処理を開始しますわ... (ONNX_LOCK 同期)
2026-06-29 15:01:49,489 [INFO] [HTDemucs ONNX Memory] 分離完了いたしましたわ！ 整合化を開始しますの。
2026-06-29 15:01:49,631 [INFO] [Direct-Process] Demucs 波形分離完了 (経過: 15.5648s)
2026-06-29 15:02:05,428 [INFO] [MainProcess] [Endomorphism] [DSP] [Pre-warming] 全ステム7本の遅延キャッシュ事前計算を完了いたしましたわ (経過: 15.7943s)
2026-06-29 15:02:05,429 [INFO] [MainProcess] [Morphism] [Librosa] [Extraction] Librosa による特徴量抽出(ThreadPool=8)を開始しますわ
2026-06-29 15:03:16,249 [INFO] [MainProcess] [Morphism] [Librosa] [Extraction] 全ステムの Librosa 特徴量抽出を完了いたしましたわ (経過: 70.8207s)
2026-06-29 15:03:16,250 [INFO] [MainProcess] [Endomorphism] [Post-processing] [SNR-Overwrite] ステム相対エネルギー比率(SNR)の上書きを完了いたしましたわ (経過: 0.0000s)
2026-06-29 15:03:16,250 [INFO] [MainProcess] [Morphism] [Essentia] [ONNX-Inference] Essentia (EffNet) 分類器17基による推論を開始しますわ
2026-06-29 15:03:16,385 [INFO] [MainProcess] [Morphism] [Essentia] [ONNX-Inference] Essentia 分類推論を完了いたしましたわ (経過: 0.1351s)
2026-06-29 15:03:16,385 [INFO] [Direct-Process] ステム特徴量抽出完了 (経過: 86.7515s)
2026-06-29 15:03:16,431 [INFO] [Direct-Process] DB 登録(UPSERT)完了 (経過: 0.0436s)
2026-06-29 15:03:17,094 [INFO] [Direct-Process] デコード完了 (経過: 0.5329s, length: 13021260 samples)
2026-06-29 15:03:17,141 [INFO] [HTDemucs ONNX Memory] 推論処理を開始しますわ... (ONNX_LOCK 同期)
2026-06-29 15:03:35,959 [INFO] [HTDemucs ONNX Memory] 分離完了いたしましたわ！ 整合化を開始しますの。
2026-06-29 15:03:36,128 [INFO] [Direct-Process] Demucs 波形分離完了 (経過: 19.0340s)
2026-06-29 15:03:55,627 [INFO] [MainProcess] [Endomorphism] [DSP] [Pre-warming] 全ステム7本の遅延キャッシュ事前計算を完了いたしましたわ (経過: 19.4965s)
2026-06-29 15:03:55,628 [INFO] [MainProcess] [Morphism] [Librosa] [Extraction] Librosa による特徴量抽出(ThreadPool=8)を開始しますわ
2026-06-29 15:05:34,737 [INFO] [MainProcess] [Morphism] [Librosa] [Extraction] 全ステムの Librosa 特徴量抽出を完了いたしましたわ (経過: 99.1097s)
2026-06-29 15:05:34,738 [INFO] [MainProcess] [Endomorphism] [Post-processing] [SNR-Overwrite] ステム相対エネルギー比率(SNR)の上書きを完了いたしましたわ (経過: 0.0000s)
2026-06-29 15:05:34,738 [INFO] [MainProcess] [Morphism] [Essentia] [ONNX-Inference] Essentia (EffNet) 分類器17基による推論を開始しますわ
2026-06-29 15:05:34,907 [INFO] [MainProcess] [Morphism] [Essentia] [ONNX-Inference] Essentia 分類推論を完了いたしましたわ (経過: 0.1694s)
2026-06-29 15:05:34,908 [INFO] [Direct-Process] ステム特徴量抽出完了 (経過: 118.7769s)
2026-06-29 15:05:46,048 [INFO] [Direct-Process] DB 登録(UPSERT)完了 (経過: 11.1386s)
2026-06-29 15:05:46,693 [INFO] [Direct-Process] デコード完了 (経過: 0.4500s, length: 9994236 samples)
2026-06-29 15:05:46,730 [INFO] [HTDemucs ONNX Memory] 推論処理を開始しますわ... (ONNX_LOCK 同期)
2026-06-29 15:06:00,642 [INFO] [HTDemucs ONNX Memory] 分離完了いたしましたわ！ 整合化を開始しますの。
2026-06-29 15:06:00,770 [INFO] [Direct-Process] Demucs 波形分離完了 (経過: 14.0769s)
2026-06-29 15:06:15,352 [INFO] [MainProcess] [Endomorphism] [DSP] [Pre-warming] 全ステム7本の遅延キャッシュ事前計算を完了いたしましたわ (経過: 14.5793s)
2026-06-29 15:06:15,352 [INFO] [MainProcess] [Morphism] [Librosa] [Extraction] Librosa による特徴量抽出(ThreadPool=8)を開始しますわ
2026-06-29 15:07:28,791 [INFO] [MainProcess] [Morphism] [Librosa] [Extraction] 全ステムの Librosa 特徴量抽出を完了いたしましたわ (経過: 73.4384s)
2026-06-29 15:07:28,791 [INFO] [MainProcess] [Endomorphism] [Post-processing] [SNR-Overwrite] ステム相対エネルギー比率(SNR)の上書きを完了いたしましたわ (経過: 0.0000s)
2026-06-29 15:07:28,791 [INFO] [MainProcess] [Morphism] [Essentia] [ONNX-Inference] Essentia (EffNet) 分類器17基による推論を開始しますわ
2026-06-29 15:07:28,928 [INFO] [MainProcess] [Morphism] [Essentia] [ONNX-Inference] Essentia 分類推論を完了いたしましたわ (経過: 0.1372s)
2026-06-29 15:07:28,929 [INFO] [Direct-Process] ステム特徴量抽出完了 (経過: 88.1563s)
2026-06-29 15:07:28,975 [INFO] [Direct-Process] DB 登録(UPSERT)完了 (経過: 0.0439s)
2026-06-29 15:07:29,527 [INFO] [Direct-Process] デコード完了 (経過: 0.4275s, length: 8428980 samples)
2026-06-29 15:07:29,561 [INFO] [HTDemucs ONNX Memory] 推論処理を開始しますわ... (ONNX_LOCK 同期)
2026-06-29 15:07:41,405 [INFO] [HTDemucs ONNX Memory] 分離完了いたしましたわ！ 整合化を開始しますの。
2026-06-29 15:07:41,513 [INFO] [Direct-Process] Demucs 波形分離完了 (経過: 11.9858s)
2026-06-29 15:07:54,088 [INFO] [MainProcess] [Endomorphism] [DSP] [Pre-warming] 全ステム7本の遅延キャッシュ事前計算を完了いたしましたわ (経過: 12.5717s)
2026-06-29 15:07:54,088 [INFO] [MainProcess] [Morphism] [Librosa] [Extraction] Librosa による特徴量抽出(ThreadPool=8)を開始しますわ
2026-06-29 15:08:49,275 [INFO] [MainProcess] [Morphism] [Librosa] [Extraction] 全ステムの Librosa 特徴量抽出を完了いたしましたわ (経過: 55.1874s)
2026-06-29 15:08:49,275 [INFO] [MainProcess] [Endomorphism] [Post-processing] [SNR-Overwrite] ステム相対エネルギー比率(SNR)の上書きを完了いたしましたわ (経過: 0.0000s)
2026-06-29 15:08:49,276 [INFO] [MainProcess] [Morphism] [Essentia] [ONNX-Inference] Essentia (EffNet) 分類器17基による推論を開始しますわ
2026-06-29 15:08:49,388 [INFO] [MainProcess] [Morphism] [Essentia] [ONNX-Inference] Essentia 分類推論を完了いたしましたわ (経過: 0.1127s)
2026-06-29 15:08:49,389 [INFO] [Direct-Process] ステム特徴量抽出完了 (経過: 67.8731s)
2026-06-29 15:08:49,431 [INFO] [Direct-Process] DB 登録(UPSERT)完了 (経過: 0.0405s)
2026-06-29 15:08:50,145 [INFO] [Direct-Process] デコード完了 (経過: 0.6007s, length: 14082012 samples)
2026-06-29 15:08:50,237 [INFO] [HTDemucs ONNX Memory] 推論処理を開始しますわ... (ONNX_LOCK 同期)
2026-06-29 15:09:10,897 [INFO] [HTDemucs ONNX Memory] 分離完了いたしましたわ！ 整合化を開始しますの。
2026-06-29 15:09:11,082 [INFO] [Direct-Process] Demucs 波形分離完了 (経過: 20.9369s)
2026-06-29 15:09:31,742 [INFO] [MainProcess] [Endomorphism] [DSP] [Pre-warming] 全ステム7本の遅延キャッシュ事前計算を完了いたしましたわ (経過: 20.6565s)
2026-06-29 15:09:31,742 [INFO] [MainProcess] [Morphism] [Librosa] [Extraction] Librosa による特徴量抽出(ThreadPool=8)を開始しますわ
2026-06-29 15:11:18,463 [INFO] [MainProcess] [Morphism] [Librosa] [Extraction] 全ステムの Librosa 特徴量抽出を完了いたしましたわ (経過: 106.7209s)
2026-06-29 15:11:18,464 [INFO] [MainProcess] [Endomorphism] [Post-processing] [SNR-Overwrite] ステム相対エネルギー比率(SNR)の上書きを完了いたしましたわ (経過: 0.0000s)
2026-06-29 15:11:18,464 [INFO] [MainProcess] [Morphism] [Essentia] [ONNX-Inference] Essentia (EffNet) 分類器17基による推論を開始しますわ
2026-06-29 15:11:18,641 [INFO] [MainProcess] [Morphism] [Essentia] [ONNX-Inference] Essentia 分類推論を完了いたしましたわ (経過: 0.1772s)
2026-06-29 15:11:18,641 [INFO] [Direct-Process] ステム特徴量抽出完了 (経過: 127.5558s)
2026-06-29 15:11:18,689 [INFO] [Direct-Process] DB 登録(UPSERT)完了 (経過: 0.0462s)
2026-06-29 15:11:19,505 [INFO] [Direct-Process] デコード完了 (経過: 0.6495s, length: 13175316 samples)
2026-06-29 15:11:19,552 [INFO] [HTDemucs ONNX Memory] 推論処理を開始しますわ... (ONNX_LOCK 同期)
2026-06-29 15:11:38,555 [INFO] [HTDemucs ONNX Memory] 分離完了いたしましたわ！ 整合化を開始しますの。
2026-06-29 15:11:38,723 [INFO] [Direct-Process] Demucs 波形分離完了 (経過: 19.2174s)
2026-06-29 15:11:58,133 [INFO] [MainProcess] [Endomorphism] [DSP] [Pre-warming] 全ステム7本の遅延キャッシュ事前計算を完了いたしましたわ (経過: 19.4061s)
2026-06-29 15:11:58,133 [INFO] [MainProcess] [Morphism] [Librosa] [Extraction] Librosa による特徴量抽出(ThreadPool=8)を開始しますわ
2026-06-29 15:13:19,472 [INFO] [MainProcess] [Morphism] [Librosa] [Extraction] 全ステムの Librosa 特徴量抽出を完了いたしましたわ (経過: 81.3393s)
2026-06-29 15:13:19,472 [INFO] [MainProcess] [Endomorphism] [Post-processing] [SNR-Overwrite] ステム相対エネルギー比率(SNR)の上書きを完了いたしましたわ (経過: 0.0000s)
2026-06-29 15:13:19,473 [INFO] [MainProcess] [Morphism] [Essentia] [ONNX-Inference] Essentia (EffNet) 分類器17基による推論を開始しますわ
2026-06-29 15:13:19,646 [INFO] [MainProcess] [Morphism] [Essentia] [ONNX-Inference] Essentia 分類推論を完了いたしましたわ (経過: 0.1730s)
2026-06-29 15:13:19,646 [INFO] [Direct-Process] ステム特徴量抽出完了 (経過: 100.9198s)
2026-06-29 15:13:19,685 [INFO] [Direct-Process] DB 登録(UPSERT)完了 (経過: 0.0371s)
2026-06-29 15:13:20,351 [INFO] [Direct-Process] デコード完了 (経過: 0.5178s, length: 9866052 samples)
2026-06-29 15:13:20,411 [INFO] [HTDemucs ONNX Memory] 推論処理を開始しますわ... (ONNX_LOCK 同期)
2026-06-29 15:13:34,587 [INFO] [HTDemucs ONNX Memory] 分離完了いたしましたわ！ 整合化を開始しますの。
2026-06-29 15:13:34,718 [INFO] [Direct-Process] Demucs 波形分離完了 (経過: 14.3667s)
2026-06-29 15:13:49,240 [INFO] [MainProcess] [Endomorphism] [DSP] [Pre-warming] 全ステム7本の遅延キャッシュ事前計算を完了いたしましたわ (経過: 14.5191s)
2026-06-29 15:13:49,240 [INFO] [MainProcess] [Morphism] [Librosa] [Extraction] Librosa による特徴量抽出(ThreadPool=8)を開始しますわ
2026-06-29 15:14:52,734 [INFO] [MainProcess] [Morphism] [Librosa] [Extraction] 全ステムの Librosa 特徴量抽出を完了いたしましたわ (経過: 63.4938s)
2026-06-29 15:14:52,734 [INFO] [MainProcess] [Endomorphism] [Post-processing] [SNR-Overwrite] ステム相対エネルギー比率(SNR)の上書きを完了いたしましたわ (経過: 0.0000s)
2026-06-29 15:14:52,735 [INFO] [MainProcess] [Morphism] [Essentia] [ONNX-Inference] Essentia (EffNet) 分類器17基による推論を開始しますわ
2026-06-29 15:14:52,878 [INFO] [MainProcess] [Morphism] [Essentia] [ONNX-Inference] Essentia 分類推論を完了いたしましたわ (経過: 0.1436s)
2026-06-29 15:14:52,879 [INFO] [Direct-Process] ステム特徴量抽出完了 (経過: 78.1582s)
2026-06-29 15:14:52,917 [INFO] [Direct-Process] DB 登録(UPSERT)完了 (経過: 0.0365s)
2026-06-29 15:14:53,484 [INFO] [Direct-Process] デコード完了 (経過: 0.4361s, length: 8869392 samples)
2026-06-29 15:14:53,517 [INFO] [HTDemucs ONNX Memory] 推論処理を開始しますわ... (ONNX_LOCK 同期)
2026-06-29 15:15:06,263 [INFO] [HTDemucs ONNX Memory] 分離完了いたしましたわ！ 整合化を開始しますの。
2026-06-29 15:15:06,381 [INFO] [Direct-Process] Demucs 波形分離完了 (経過: 12.8963s)
2026-06-29 15:15:19,456 [INFO] [MainProcess] [Endomorphism] [DSP] [Pre-warming] 全ステム7本の遅延キャッシュ事前計算を完了いたしましたわ (経過: 13.0729s)
2026-06-29 15:15:19,456 [INFO] [MainProcess] [Morphism] [Librosa] [Extraction] Librosa による特徴量抽出(ThreadPool=8)を開始しますわ
2026-06-29 15:16:24,115 [INFO] [MainProcess] [Morphism] [Librosa] [Extraction] 全ステムの Librosa 特徴量抽出を完了いたしましたわ (経過: 64.6589s)
2026-06-29 15:16:24,116 [INFO] [MainProcess] [Endomorphism] [Post-processing] [SNR-Overwrite] ステム相対エネルギー比率(SNR)の上書きを完了いたしましたわ (経過: 0.0000s)
2026-06-29 15:16:24,116 [INFO] [MainProcess] [Morphism] [Essentia] [ONNX-Inference] Essentia (EffNet) 分類器17基による推論を開始しますわ
2026-06-29 15:16:24,235 [INFO] [MainProcess] [Morphism] [Essentia] [ONNX-Inference] Essentia 分類推論を完了いたしましたわ (経過: 0.1189s)
2026-06-29 15:16:24,235 [INFO] [Direct-Process] ステム特徴量抽出完了 (経過: 77.8522s)
2026-06-29 15:16:24,280 [INFO] [Direct-Process] DB 登録(UPSERT)完了 (経過: 0.0428s)
2026-06-29 15:16:24,891 [INFO] [Direct-Process] デコード完了 (経過: 0.4936s, length: 11743536 samples)
2026-06-29 15:16:24,934 [INFO] [HTDemucs ONNX Memory] 推論処理を開始しますわ... (ONNX_LOCK 同期)
2026-06-29 15:16:41,434 [INFO] [HTDemucs ONNX Memory] 分離完了いたしましたわ！ 整合化を開始しますの。
2026-06-29 15:16:41,582 [INFO] [Direct-Process] Demucs 波形分離完了 (経過: 16.6907s)
2026-06-29 15:16:59,122 [INFO] [MainProcess] [Endomorphism] [DSP] [Pre-warming] 全ステム7本の遅延キャッシュ事前計算を完了いたしましたわ (経過: 17.5371s)
2026-06-29 15:16:59,122 [INFO] [MainProcess] [Morphism] [Librosa] [Extraction] Librosa による特徴量抽出(ThreadPool=8)を開始しますわ
2026-06-29 15:18:19,550 [INFO] [MainProcess] [Morphism] [Librosa] [Extraction] 全ステムの Librosa 特徴量抽出を完了いたしましたわ (経過: 80.4280s)
2026-06-29 15:18:19,550 [INFO] [MainProcess] [Endomorphism] [Post-processing] [SNR-Overwrite] ステム相対エネルギー比率(SNR)の上書きを完了いたしましたわ (経過: 0.0000s)
2026-06-29 15:18:19,551 [INFO] [MainProcess] [Morphism] [Essentia] [ONNX-Inference] Essentia (EffNet) 分類器17基による推論を開始しますわ
2026-06-29 15:18:19,702 [INFO] [MainProcess] [Morphism] [Essentia] [ONNX-Inference] Essentia 分類推論を完了いたしましたわ (経過: 0.1513s)
2026-06-29 15:18:19,702 [INFO] [Direct-Process] ステム特徴量抽出完了 (経過: 98.1177s)
2026-06-29 15:18:19,742 [INFO] [Direct-Process] DB 登録(UPSERT)完了 (経過: 0.0374s)
2026-06-29 15:18:26,127 [INFO] [Timestamp Inheritance] Windows ctypesを用いてタイムスタンプを完全継承しましたわ！ (target: Lilium Records[2020]Krazy Psycho Bass 4.flac)
2026-06-29 15:18:26,128 [INFO] [Direct-Process] OK: M:\Music\album\EDM\DnB\Lilium Records[2020]Krazy Psycho Bass 4.flac
2026-06-29 15:18:26,188 [INFO] OK: Lilium Records[2020]Krazy Psycho Bass 4.flac (10 トラック処理完了, 0 トラック既処理スキップ)
2026-06-29 15:18:27,216 [INFO] ONNX使用可能演算器: ['TensorrtExecutionProvider', 'CUDAExecutionProvider', 'CPUExecutionProvider']
2026-06-29 15:18:27,217 [INFO] 直列実行用ロード     : ['CUDAExecutionProvider', 'CPUExecutionProvider']
2026-06-29 15:18:27,484 [INFO] ONNXセッション直列化ロード完了！ (分類器数: 17)
2026-06-29 15:18:27,484 [INFO] [WorkerONNX] Consumer 内 ONNX 直列セッション初期化完了！（分類器数: 17)
2026-06-29 15:18:27,496 [INFO] [Direct-Process] 解析開始: 削除[2016]Pop Candy Wonderland.flac
2026-06-29 15:18:27,745 [INFO] 波形分離モデル (GLOBAL_DEMUCS) をロードしますわ... (use_dml=False)
2026-06-29 15:18:27,746 [INFO] HTDemucsSeparator 初期化: model=htdemucs_6s, precision=fp16weights, providers=['CUDAExecutionProvider', 'CPUExecutionProvider']
2026-06-29 15:18:43,218 [INFO] HTDemucs ONNX 実機モデルロードに成功いたしましたわ！
2026-06-29 15:18:43,819 [INFO] [Direct-Process] デコード完了 (経過: 0.6014s, length: 10589880 samples)
2026-06-29 15:18:43,861 [INFO] [HTDemucs ONNX Memory] 推論処理を開始しますわ... (ONNX_LOCK 同期)
2026-06-29 15:18:59,300 [INFO] [HTDemucs ONNX Memory] 分離完了いたしましたわ！ 整合化を開始しますの。
2026-06-29 15:18:59,436 [INFO] [Direct-Process] Demucs 波形分離完了 (経過: 15.6158s)
2026-06-29 15:19:18,541 [INFO] [MainProcess] [Endomorphism] [DSP] [Pre-warming] 全ステム7本の遅延キャッシュ事前計算を完了いたしましたわ (経過: 19.1035s)
2026-06-29 15:19:18,542 [INFO] [MainProcess] [Morphism] [Librosa] [Extraction] Librosa による特徴量抽出(ThreadPool=8)を開始しますわ
2026-06-29 15:20:31,540 [INFO] [MainProcess] [Morphism] [Librosa] [Extraction] 全ステムの Librosa 特徴量抽出を完了いたしましたわ (経過: 72.9985s)
2026-06-29 15:20:31,541 [INFO] [MainProcess] [Endomorphism] [Post-processing] [SNR-Overwrite] ステム相対エネルギー比率(SNR)の上書きを完了いたしましたわ (経過: 0.0000s)
2026-06-29 15:20:31,541 [INFO] [MainProcess] [Morphism] [Essentia] [ONNX-Inference] Essentia (EffNet) 分類器17基による推論を開始しますわ
2026-06-29 15:20:31,922 [INFO] [MainProcess] [Morphism] [Essentia] [ONNX-Inference] Essentia 分類推論を完了いたしましたわ (経過: 0.3811s)
2026-06-29 15:20:31,922 [INFO] [Direct-Process] ステム特徴量抽出完了 (経過: 92.4845s)
2026-06-29 15:20:31,971 [INFO] [Direct-Process] DB 登録(UPSERT)完了 (経過: 0.0469s)
2026-06-29 15:20:32,525 [INFO] [Direct-Process] デコード完了 (経過: 0.4108s, length: 8636544 samples)
2026-06-29 15:20:32,555 [INFO] [HTDemucs ONNX Memory] 推論処理を開始しますわ... (ONNX_LOCK 同期)
2026-06-29 15:20:44,945 [INFO] [HTDemucs ONNX Memory] 分離完了いたしましたわ！ 整合化を開始しますの。
2026-06-29 15:20:45,057 [INFO] [Direct-Process] Demucs 波形分離完了 (経過: 12.5315s)
2026-06-29 15:20:57,769 [INFO] [MainProcess] [Endomorphism] [DSP] [Pre-warming] 全ステム7本の遅延キャッシュ事前計算を完了いたしましたわ (経過: 12.7098s)
2026-06-29 15:20:57,770 [INFO] [MainProcess] [Morphism] [Librosa] [Extraction] Librosa による特徴量抽出(ThreadPool=8)を開始しますわ
2026-06-29 15:21:52,211 [INFO] [MainProcess] [Morphism] [Librosa] [Extraction] 全ステムの Librosa 特徴量抽出を完了いたしましたわ (経過: 54.4411s)
2026-06-29 15:21:52,211 [INFO] [MainProcess] [Endomorphism] [Post-processing] [SNR-Overwrite] ステム相対エネルギー比率(SNR)の上書きを完了いたしましたわ (経過: 0.0000s)
2026-06-29 15:21:52,211 [INFO] [MainProcess] [Morphism] [Essentia] [ONNX-Inference] Essentia (EffNet) 分類器17基による推論を開始しますわ
2026-06-29 15:21:52,335 [INFO] [MainProcess] [Morphism] [Essentia] [ONNX-Inference] Essentia 分類推論を完了いたしましたわ (経過: 0.1239s)
2026-06-29 15:21:52,336 [INFO] [Direct-Process] ステム特徴量抽出完了 (経過: 67.2764s)
2026-06-29 15:21:52,377 [INFO] [Direct-Process] DB 登録(UPSERT)完了 (経過: 0.0391s)
2026-06-29 15:21:52,794 [INFO] [Direct-Process] デコード完了 (経過: 0.3012s, length: 6576780 samples)
2026-06-29 15:21:52,818 [INFO] [HTDemucs ONNX Memory] 推論処理を開始しますわ... (ONNX_LOCK 同期)
2026-06-29 15:22:02,433 [INFO] [HTDemucs ONNX Memory] 分離完了いたしましたわ！ 整合化を開始しますの。
2026-06-29 15:22:02,517 [INFO] [Direct-Process] Demucs 波形分離完了 (経過: 9.7233s)
2026-06-29 15:22:12,154 [INFO] [MainProcess] [Endomorphism] [DSP] [Pre-warming] 全ステム7本の遅延キャッシュ事前計算を完了いたしましたわ (経過: 9.6343s)
2026-06-29 15:22:12,154 [INFO] [MainProcess] [Morphism] [Librosa] [Extraction] Librosa による特徴量抽出(ThreadPool=8)を開始しますわ
2026-06-29 15:22:56,271 [INFO] [MainProcess] [Morphism] [Librosa] [Extraction] 全ステムの Librosa 特徴量抽出を完了いたしましたわ (経過: 44.1164s)
2026-06-29 15:22:56,271 [INFO] [MainProcess] [Endomorphism] [Post-processing] [SNR-Overwrite] ステム相対エネルギー比率(SNR)の上書きを完了いたしましたわ (経過: 0.0000s)
2026-06-29 15:22:56,271 [INFO] [MainProcess] [Morphism] [Essentia] [ONNX-Inference] Essentia (EffNet) 分類器17基による推論を開始しますわ
2026-06-29 15:22:56,366 [INFO] [MainProcess] [Morphism] [Essentia] [ONNX-Inference] Essentia 分類推論を完了いたしましたわ (経過: 0.0949s)
2026-06-29 15:22:56,366 [INFO] [Direct-Process] ステム特徴量抽出完了 (経過: 53.8473s)
2026-06-29 15:22:56,412 [INFO] [Direct-Process] DB 登録(UPSERT)完了 (経過: 0.0440s)
2026-06-29 15:22:57,017 [INFO] [Direct-Process] デコード完了 (経過: 0.5034s, length: 11736480 samples)
2026-06-29 15:22:57,060 [INFO] [HTDemucs ONNX Memory] 推論処理を開始しますわ... (ONNX_LOCK 同期)
2026-06-29 15:23:13,465 [INFO] [HTDemucs ONNX Memory] 分離完了いたしましたわ！ 整合化を開始しますの。
2026-06-29 15:23:13,611 [INFO] [Direct-Process] Demucs 波形分離完了 (経過: 16.5934s)
2026-06-29 15:23:30,553 [INFO] [MainProcess] [Endomorphism] [DSP] [Pre-warming] 全ステム7本の遅延キャッシュ事前計算を完了いたしましたわ (経過: 16.9388s)
2026-06-29 15:23:30,553 [INFO] [MainProcess] [Morphism] [Librosa] [Extraction] Librosa による特徴量抽出(ThreadPool=8)を開始しますわ
2026-06-29 15:24:45,809 [INFO] [MainProcess] [Morphism] [Librosa] [Extraction] 全ステムの Librosa 特徴量抽出を完了いたしましたわ (経過: 75.2562s)
2026-06-29 15:24:45,809 [INFO] [MainProcess] [Endomorphism] [Post-processing] [SNR-Overwrite] ステム相対エネルギー比率(SNR)の上書きを完了いたしましたわ (経過: 0.0000s)
2026-06-29 15:24:45,810 [INFO] [MainProcess] [Morphism] [Essentia] [ONNX-Inference] Essentia (EffNet) 分類器17基による推論を開始しますわ
2026-06-29 15:24:45,955 [INFO] [MainProcess] [Morphism] [Essentia] [ONNX-Inference] Essentia 分類推論を完了いたしましたわ (経過: 0.1451s)
2026-06-29 15:24:45,955 [INFO] [Direct-Process] ステム特徴量抽出完了 (経過: 92.3415s)
2026-06-29 15:24:45,994 [INFO] [Direct-Process] DB 登録(UPSERT)完了 (経過: 0.0373s)
2026-06-29 15:24:46,702 [INFO] [Direct-Process] デコード完了 (経過: 0.5705s, length: 12122796 samples)
2026-06-29 15:24:46,747 [INFO] [HTDemucs ONNX Memory] 推論処理を開始しますわ... (ONNX_LOCK 同期)
2026-06-29 15:25:03,607 [INFO] [HTDemucs ONNX Memory] 分離完了いたしましたわ！ 整合化を開始しますの。
2026-06-29 15:25:03,762 [INFO] [Direct-Process] Demucs 波形分離完了 (経過: 17.0603s)
2026-06-29 15:25:21,695 [INFO] [MainProcess] [Endomorphism] [DSP] [Pre-warming] 全ステム7本の遅延キャッシュ事前計算を完了いたしましたわ (経過: 17.9299s)
2026-06-29 15:25:21,696 [INFO] [MainProcess] [Morphism] [Librosa] [Extraction] Librosa による特徴量抽出(ThreadPool=8)を開始しますわ
2026-06-29 15:26:39,443 [INFO] [MainProcess] [Morphism] [Librosa] [Extraction] 全ステムの Librosa 特徴量抽出を完了いたしましたわ (経過: 77.7476s)
2026-06-29 15:26:39,443 [INFO] [MainProcess] [Endomorphism] [Post-processing] [SNR-Overwrite] ステム相対エネルギー比率(SNR)の上書きを完了いたしましたわ (経過: 0.0000s)
2026-06-29 15:26:39,444 [INFO] [MainProcess] [Morphism] [Essentia] [ONNX-Inference] Essentia (EffNet) 分類器17基による推論を開始しますわ
2026-06-29 15:26:39,606 [INFO] [MainProcess] [Morphism] [Essentia] [ONNX-Inference] Essentia 分類推論を完了いたしましたわ (経過: 0.1627s)
2026-06-29 15:26:39,607 [INFO] [Direct-Process] ステム特徴量抽出完了 (経過: 95.8416s)
2026-06-29 15:26:39,651 [INFO] [Direct-Process] DB 登録(UPSERT)完了 (経過: 0.0425s)
2026-06-29 15:26:40,291 [INFO] [Direct-Process] デコード完了 (経過: 0.4993s, length: 10545780 samples)
2026-06-29 15:26:40,363 [INFO] [HTDemucs ONNX Memory] 推論処理を開始しますわ... (ONNX_LOCK 同期)
2026-06-29 15:26:55,149 [INFO] [HTDemucs ONNX Memory] 分離完了いたしましたわ！ 整合化を開始しますの。
2026-06-29 15:26:55,287 [INFO] [Direct-Process] Demucs 波形分離完了 (経過: 14.9955s)
2026-06-29 15:27:10,710 [INFO] [MainProcess] [Endomorphism] [DSP] [Pre-warming] 全ステム7本の遅延キャッシュ事前計算を完了いたしましたわ (経過: 15.4210s)
2026-06-29 15:27:10,711 [INFO] [MainProcess] [Morphism] [Librosa] [Extraction] Librosa による特徴量抽出(ThreadPool=8)を開始しますわ
2026-06-29 15:28:25,792 [INFO] [MainProcess] [Morphism] [Librosa] [Extraction] 全ステムの Librosa 特徴量抽出を完了いたしましたわ (経過: 75.0814s)
2026-06-29 15:28:25,792 [INFO] [MainProcess] [Endomorphism] [Post-processing] [SNR-Overwrite] ステム相対エネルギー比率(SNR)の上書きを完了いたしましたわ (経過: 0.0000s)
2026-06-29 15:28:25,792 [INFO] [MainProcess] [Morphism] [Essentia] [ONNX-Inference] Essentia (EffNet) 分類器17基による推論を開始しますわ
2026-06-29 15:28:25,935 [INFO] [MainProcess] [Morphism] [Essentia] [ONNX-Inference] Essentia 分類推論を完了いたしましたわ (経過: 0.1424s)
2026-06-29 15:28:25,935 [INFO] [Direct-Process] ステム特徴量抽出完了 (経過: 90.6462s)
2026-06-29 15:28:26,117 [INFO] [Direct-Process] DB 登録(UPSERT)完了 (経過: 0.1794s)
2026-06-29 15:28:26,793 [INFO] [Direct-Process] デコード完了 (経過: 0.4669s, length: 10170048 samples)
2026-06-29 15:28:26,830 [INFO] [HTDemucs ONNX Memory] 推論処理を開始しますわ... (ONNX_LOCK 同期)
2026-06-29 15:28:41,423 [INFO] [HTDemucs ONNX Memory] 分離完了いたしましたわ！ 整合化を開始しますの。
2026-06-29 15:28:41,554 [INFO] [Direct-Process] Demucs 波形分離完了 (経過: 14.7606s)
2026-06-29 15:28:56,167 [INFO] [MainProcess] [Endomorphism] [DSP] [Pre-warming] 全ステム7本の遅延キャッシュ事前計算を完了いたしましたわ (経過: 14.6111s)
2026-06-29 15:28:56,168 [INFO] [MainProcess] [Morphism] [Librosa] [Extraction] Librosa による特徴量抽出(ThreadPool=8)を開始しますわ
2026-06-29 15:30:05,711 [INFO] [MainProcess] [Morphism] [Librosa] [Extraction] 全ステムの Librosa 特徴量抽出を完了いたしましたわ (経過: 69.5437s)
2026-06-29 15:30:05,712 [INFO] [MainProcess] [Endomorphism] [Post-processing] [SNR-Overwrite] ステム相対エネルギー比率(SNR)の上書きを完了いたしましたわ (経過: 0.0000s)
2026-06-29 15:30:05,712 [INFO] [MainProcess] [Morphism] [Essentia] [ONNX-Inference] Essentia (EffNet) 分類器17基による推論を開始しますわ
2026-06-29 15:30:05,845 [INFO] [MainProcess] [Morphism] [Essentia] [ONNX-Inference] Essentia 分類推論を完了いたしましたわ (経過: 0.1328s)
2026-06-29 15:30:05,845 [INFO] [Direct-Process] ステム特徴量抽出完了 (経過: 84.2889s)
2026-06-29 15:30:05,884 [INFO] [Direct-Process] DB 登録(UPSERT)完了 (経過: 0.0369s)
2026-06-29 15:30:06,409 [INFO] [Direct-Process] デコード完了 (経過: 0.4022s, length: 8120280 samples)
2026-06-29 15:30:06,439 [INFO] [HTDemucs ONNX Memory] 推論処理を開始しますわ... (ONNX_LOCK 同期)
2026-06-29 15:30:18,298 [INFO] [HTDemucs ONNX Memory] 分離完了いたしましたわ！ 整合化を開始しますの。
2026-06-29 15:30:18,401 [INFO] [Direct-Process] Demucs 波形分離完了 (経過: 11.9914s)
2026-06-29 15:30:30,214 [INFO] [MainProcess] [Endomorphism] [DSP] [Pre-warming] 全ステム7本の遅延キャッシュ事前計算を完了いたしましたわ (経過: 11.8109s)
2026-06-29 15:30:30,214 [INFO] [MainProcess] [Morphism] [Librosa] [Extraction] Librosa による特徴量抽出(ThreadPool=8)を開始しますわ
2026-06-29 15:31:23,579 [INFO] [MainProcess] [Morphism] [Librosa] [Extraction] 全ステムの Librosa 特徴量抽出を完了いたしましたわ (経過: 53.3646s)
2026-06-29 15:31:23,579 [INFO] [MainProcess] [Endomorphism] [Post-processing] [SNR-Overwrite] ステム相対エネルギー比率(SNR)の上書きを完了いたしましたわ (経過: 0.0000s)
2026-06-29 15:31:23,579 [INFO] [MainProcess] [Morphism] [Essentia] [ONNX-Inference] Essentia (EffNet) 分類器17基による推論を開始しますわ
2026-06-29 15:31:23,691 [INFO] [MainProcess] [Morphism] [Essentia] [ONNX-Inference] Essentia 分類推論を完了いたしましたわ (経過: 0.1115s)
2026-06-29 15:31:23,691 [INFO] [Direct-Process] ステム特徴量抽出完了 (経過: 65.2883s)
2026-06-29 15:31:23,741 [INFO] [Direct-Process] DB 登録(UPSERT)完了 (経過: 0.0474s)
2026-06-29 15:31:24,320 [INFO] [Direct-Process] デコード完了 (経過: 0.4671s, length: 9119880 samples)
2026-06-29 15:31:24,356 [INFO] [HTDemucs ONNX Memory] 推論処理を開始しますわ... (ONNX_LOCK 同期)
2026-06-29 15:31:37,458 [INFO] [HTDemucs ONNX Memory] 分離完了いたしましたわ！ 整合化を開始しますの。
2026-06-29 15:31:37,573 [INFO] [Direct-Process] Demucs 波形分離完了 (経過: 13.2535s)
2026-06-29 15:31:50,898 [INFO] [MainProcess] [Endomorphism] [DSP] [Pre-warming] 全ステム7本の遅延キャッシュ事前計算を完了いたしましたわ (経過: 13.3222s)
2026-06-29 15:31:50,898 [INFO] [MainProcess] [Morphism] [Librosa] [Extraction] Librosa による特徴量抽出(ThreadPool=8)を開始しますわ
2026-06-29 15:32:53,686 [INFO] [MainProcess] [Morphism] [Librosa] [Extraction] 全ステムの Librosa 特徴量抽出を完了いたしましたわ (経過: 62.7876s)
2026-06-29 15:32:53,686 [INFO] [MainProcess] [Endomorphism] [Post-processing] [SNR-Overwrite] ステム相対エネルギー比率(SNR)の上書きを完了いたしましたわ (経過: 0.0000s)
2026-06-29 15:32:53,686 [INFO] [MainProcess] [Morphism] [Essentia] [ONNX-Inference] Essentia (EffNet) 分類器17基による推論を開始しますわ
2026-06-29 15:32:53,808 [INFO] [MainProcess] [Morphism] [Essentia] [ONNX-Inference] Essentia 分類推論を完了いたしましたわ (経過: 0.1218s)
2026-06-29 15:32:53,808 [INFO] [Direct-Process] ステム特徴量抽出完了 (経過: 76.2329s)
2026-06-29 15:32:53,853 [INFO] [Direct-Process] DB 登録(UPSERT)完了 (経過: 0.0429s)
2026-06-29 15:32:54,521 [INFO] [Direct-Process] デコード完了 (経過: 0.5420s, length: 11258436 samples)
2026-06-29 15:32:54,562 [INFO] [HTDemucs ONNX Memory] 推論処理を開始しますわ... (ONNX_LOCK 同期)
2026-06-29 15:33:10,291 [INFO] [HTDemucs ONNX Memory] 分離完了いたしましたわ！ 整合化を開始しますの。
2026-06-29 15:33:10,433 [INFO] [Direct-Process] Demucs 波形分離完了 (経過: 15.9121s)
2026-06-29 15:33:26,910 [INFO] [MainProcess] [Endomorphism] [DSP] [Pre-warming] 全ステム7本の遅延キャッシュ事前計算を完了いたしましたわ (経過: 16.4745s)
2026-06-29 15:33:26,910 [INFO] [MainProcess] [Morphism] [Librosa] [Extraction] Librosa による特徴量抽出(ThreadPool=8)を開始しますわ
2026-06-29 15:34:49,501 [INFO] [MainProcess] [Morphism] [Librosa] [Extraction] 全ステムの Librosa 特徴量抽出を完了いたしましたわ (経過: 82.5905s)
2026-06-29 15:34:49,501 [INFO] [MainProcess] [Endomorphism] [Post-processing] [SNR-Overwrite] ステム相対エネルギー比率(SNR)の上書きを完了いたしましたわ (経過: 0.0000s)
2026-06-29 15:34:49,501 [INFO] [MainProcess] [Morphism] [Essentia] [ONNX-Inference] Essentia (EffNet) 分類器17基による推論を開始しますわ
2026-06-29 15:34:49,639 [INFO] [MainProcess] [Morphism] [Essentia] [ONNX-Inference] Essentia 分類推論を完了いたしましたわ (経過: 0.1374s)
2026-06-29 15:34:49,639 [INFO] [Direct-Process] ステム特徴量抽出完了 (経過: 99.2037s)
2026-06-29 15:34:55,846 [INFO] [Direct-Process] DB 登録(UPSERT)完了 (経過: 6.2055s)
2026-06-29 15:35:02,696 [INFO] [Timestamp Inheritance] Windows ctypesを用いてタイムスタンプを完全継承しましたわ！ (target: 削除[2016]Pop Candy Wonderland.flac)
2026-06-29 15:35:02,697 [INFO] [Direct-Process] OK: M:\Music\album\EDM\DnB\削除[2016]Pop Candy Wonderland.flac
2026-06-29 15:35:02,762 [INFO] OK: 削除[2016]Pop Candy Wonderland.flac (10 トラック処理完了, 0 トラック既処理スキップ)
