2026-06-27 05:41:08,208 [INFO] ONNX使用可能演算器: ['TensorrtExecutionProvider', 'CUDAExecutionProvider', 'CPUExecutionProvider']
2026-06-27 05:41:08,209 [INFO] 直列実行用ロード     : ['CUDAExecutionProvider', 'CPUExecutionProvider']
2026-06-27 05:41:08,466 [INFO] ONNXセッション直列化ロード完了！ (分類器数: 17)
2026-06-27 05:41:08,467 [INFO] [WorkerONNX] Consumer 内 ONNX 直列セッション初期化完了！（分類器数: 17)
2026-06-27 05:41:08,478 [INFO] [Direct-Process] 解析開始: Complete Chamber Music for Strings and Piano[Disc 1][Fauré][chamber, ..].flac
2026-06-27 05:41:08,738 [INFO] 波形分離モデル (GLOBAL_DEMUCS) をロードしますわ... (use_dml=False)
2026-06-27 05:41:08,738 [INFO] HTDemucsSeparator 初期化: model=htdemucs_6s, precision=fp16weights, providers=['CUDAExecutionProvider', 'CPUExecutionProvider']
2026-06-27 05:41:24,183 [INFO] HTDemucs ONNX 実機モデルロードに成功いたしましたわ！
2026-06-27 05:41:25,148 [INFO] [Direct-Process] デコード完了 (経過: 0.9647s, length: 26675208 samples)
2026-06-27 05:41:25,239 [INFO] [HTDemucs ONNX Memory] 推論処理を開始しますわ... (ONNX_LOCK 同期)
2026-06-27 05:42:04,205 [INFO] [HTDemucs ONNX Memory] 分離完了いたしましたわ！ 整合化を開始しますの。
2026-06-27 05:42:04,543 [INFO] [Direct-Process] Demucs 波形分離完了 (経過: 39.3944s)
2026-06-27 05:42:46,193 [INFO] [MainProcess] [Endomorphism] [DSP] [Pre-warming] 全ステム7本の遅延キャッシュ事前計算を完了いたしましたわ (経過: 41.6436s)
2026-06-27 05:42:46,193 [INFO] [MainProcess] [Morphism] [Librosa] [Extraction] Librosa による特徴量抽出(ThreadPool=8)を開始しますわ
2026-06-27 05:45:48,304 [INFO] [MainProcess] [Morphism] [Librosa] [Extraction] 全ステムの Librosa 特徴量抽出を完了いたしましたわ (経過: 182.1101s)
2026-06-27 05:45:48,304 [INFO] [MainProcess] [Endomorphism] [Post-processing] [SNR-Overwrite] ステム相対エネルギー比率(SNR)の上書きを完了いたしましたわ (経過: 0.0000s)
2026-06-27 05:45:48,304 [INFO] [MainProcess] [Morphism] [Essentia] [ONNX-Inference] Essentia (EffNet) 分類器17基による推論を開始しますわ
2026-06-27 05:45:49,044 [INFO] [MainProcess] [Morphism] [Essentia] [ONNX-Inference] Essentia 分類推論を完了いたしましたわ (経過: 0.7401s)
2026-06-27 05:45:49,044 [INFO] [Direct-Process] ステム特徴量抽出完了 (経過: 224.4957s)
2026-06-27 05:45:53,038 [INFO] [Direct-Process] DB 登録(UPSERT)完了 (経過: 3.9915s)
2026-06-27 05:45:54,199 [INFO] [Direct-Process] デコード完了 (経過: 0.7906s, length: 20432412 samples)
2026-06-27 05:45:54,269 [INFO] [HTDemucs ONNX Memory] 推論処理を開始しますわ... (ONNX_LOCK 同期)
2026-06-27 05:46:25,158 [INFO] [HTDemucs ONNX Memory] 分離完了いたしましたわ！ 整合化を開始しますの。
2026-06-27 05:46:25,419 [INFO] [Direct-Process] Demucs 波形分離完了 (経過: 31.2191s)
2026-06-27 05:46:54,802 [INFO] [MainProcess] [Endomorphism] [DSP] [Pre-warming] 全ステム7本の遅延キャッシュ事前計算を完了いたしましたわ (経過: 29.3793s)
2026-06-27 05:46:54,803 [INFO] [MainProcess] [Morphism] [Librosa] [Extraction] Librosa による特徴量抽出(ThreadPool=8)を開始しますわ
2026-06-27 05:49:11,010 [INFO] [MainProcess] [Morphism] [Librosa] [Extraction] 全ステムの Librosa 特徴量抽出を完了いたしましたわ (経過: 136.2068s)
2026-06-27 05:49:11,010 [INFO] [MainProcess] [Endomorphism] [Post-processing] [SNR-Overwrite] ステム相対エネルギー比率(SNR)の上書きを完了いたしましたわ (経過: 0.0000s)
2026-06-27 05:49:11,010 [INFO] [MainProcess] [Morphism] [Essentia] [ONNX-Inference] Essentia (EffNet) 分類器17基による推論を開始しますわ
2026-06-27 05:49:11,563 [INFO] [MainProcess] [Morphism] [Essentia] [ONNX-Inference] Essentia 分類推論を完了いたしましたわ (経過: 0.5534s)
2026-06-27 05:49:11,564 [INFO] [Direct-Process] ステム特徴量抽出完了 (経過: 166.1408s)
2026-06-27 05:49:11,602 [INFO] [Direct-Process] DB 登録(UPSERT)完了 (経過: 0.0365s)
2026-06-27 05:49:12,307 [INFO] [Direct-Process] デコード完了 (経過: 0.5176s, length: 11514216 samples)
2026-06-27 05:49:12,382 [INFO] [HTDemucs ONNX Memory] 推論処理を開始しますわ... (ONNX_LOCK 同期)
2026-06-27 05:49:29,927 [INFO] [HTDemucs ONNX Memory] 分離完了いたしましたわ！ 整合化を開始しますの。
2026-06-27 05:49:30,070 [INFO] [Direct-Process] Demucs 波形分離完了 (経過: 17.7624s)
2026-06-27 05:49:46,699 [INFO] [MainProcess] [Endomorphism] [DSP] [Pre-warming] 全ステム7本の遅延キャッシュ事前計算を完了いたしましたわ (経過: 16.6260s)
2026-06-27 05:49:46,699 [INFO] [MainProcess] [Morphism] [Librosa] [Extraction] Librosa による特徴量抽出(ThreadPool=8)を開始しますわ
2026-06-27 05:50:58,967 [INFO] [MainProcess] [Morphism] [Librosa] [Extraction] 全ステムの Librosa 特徴量抽出を完了いたしましたわ (経過: 72.2679s)
2026-06-27 05:50:58,967 [INFO] [MainProcess] [Endomorphism] [Post-processing] [SNR-Overwrite] ステム相対エネルギー比率(SNR)の上書きを完了いたしましたわ (経過: 0.0000s)
2026-06-27 05:50:58,968 [INFO] [MainProcess] [Morphism] [Essentia] [ONNX-Inference] Essentia (EffNet) 分類器17基による推論を開始しますわ
2026-06-27 05:50:59,340 [INFO] [MainProcess] [Morphism] [Essentia] [ONNX-Inference] Essentia 分類推論を完了いたしましたわ (経過: 0.3727s)
2026-06-27 05:50:59,341 [INFO] [Direct-Process] ステム特徴量抽出完了 (経過: 89.2679s)
2026-06-27 05:50:59,379 [INFO] [Direct-Process] DB 登録(UPSERT)完了 (経過: 0.0369s)
2026-06-27 05:51:00,119 [INFO] [Direct-Process] デコード完了 (経過: 0.6059s, length: 15622572 samples)
2026-06-27 05:51:00,205 [INFO] [HTDemucs ONNX Memory] 推論処理を開始しますわ... (ONNX_LOCK 同期)
2026-06-27 05:51:22,760 [INFO] [HTDemucs ONNX Memory] 分離完了いたしましたわ！ 整合化を開始しますの。
2026-06-27 05:51:22,959 [INFO] [Direct-Process] Demucs 波形分離完了 (経過: 22.8393s)
2026-06-27 05:51:45,722 [INFO] [MainProcess] [Endomorphism] [DSP] [Pre-warming] 全ステム7本の遅延キャッシュ事前計算を完了いたしましたわ (経過: 22.7593s)
2026-06-27 05:51:45,722 [INFO] [MainProcess] [Morphism] [Librosa] [Extraction] Librosa による特徴量抽出(ThreadPool=8)を開始しますわ
2026-06-27 05:53:22,404 [INFO] [MainProcess] [Morphism] [Librosa] [Extraction] 全ステムの Librosa 特徴量抽出を完了いたしましたわ (経過: 96.6815s)
2026-06-27 05:53:22,404 [INFO] [MainProcess] [Endomorphism] [Post-processing] [SNR-Overwrite] ステム相対エネルギー比率(SNR)の上書きを完了いたしましたわ (経過: 0.0000s)
2026-06-27 05:53:22,404 [INFO] [MainProcess] [Morphism] [Essentia] [ONNX-Inference] Essentia (EffNet) 分類器17基による推論を開始しますわ
2026-06-27 05:53:22,884 [INFO] [MainProcess] [Morphism] [Essentia] [ONNX-Inference] Essentia 分類推論を完了いたしましたわ (経過: 0.4801s)
2026-06-27 05:53:22,885 [INFO] [Direct-Process] ステム特徴量抽出完了 (経過: 119.9222s)
2026-06-27 05:53:22,924 [INFO] [Direct-Process] DB 登録(UPSERT)完了 (経過: 0.0373s)
2026-06-27 05:53:23,546 [INFO] [Direct-Process] デコード完了 (経過: 0.4662s, length: 9662604 samples)
2026-06-27 05:53:23,580 [INFO] [HTDemucs ONNX Memory] 推論処理を開始しますわ... (ONNX_LOCK 同期)
2026-06-27 05:53:38,114 [INFO] [HTDemucs ONNX Memory] 分離完了いたしましたわ！ 整合化を開始しますの。
2026-06-27 05:53:38,233 [INFO] [Direct-Process] Demucs 波形分離完了 (経過: 14.6872s)
2026-06-27 05:53:52,105 [INFO] [MainProcess] [Endomorphism] [DSP] [Pre-warming] 全ステム7本の遅延キャッシュ事前計算を完了いたしましたわ (経過: 13.8698s)
2026-06-27 05:53:52,106 [INFO] [MainProcess] [Morphism] [Librosa] [Extraction] Librosa による特徴量抽出(ThreadPool=8)を開始しますわ
2026-06-27 05:54:47,056 [INFO] [MainProcess] [Morphism] [Librosa] [Extraction] 全ステムの Librosa 特徴量抽出を完了いたしましたわ (経過: 54.9508s)
2026-06-27 05:54:47,057 [INFO] [MainProcess] [Endomorphism] [Post-processing] [SNR-Overwrite] ステム相対エネルギー比率(SNR)の上書きを完了いたしましたわ (経過: 0.0000s)
2026-06-27 05:54:47,057 [INFO] [MainProcess] [Morphism] [Essentia] [ONNX-Inference] Essentia (EffNet) 分類器17基による推論を開始しますわ
2026-06-27 05:54:47,451 [INFO] [MainProcess] [Morphism] [Essentia] [ONNX-Inference] Essentia 分類推論を完了いたしましたわ (経過: 0.3944s)
2026-06-27 05:54:47,452 [INFO] [Direct-Process] ステム特徴量抽出完了 (経過: 69.2164s)
2026-06-27 05:54:47,492 [INFO] [Direct-Process] DB 登録(UPSERT)完了 (経過: 0.0389s)
2026-06-27 05:54:48,238 [INFO] [Direct-Process] デコード完了 (経過: 0.6272s, length: 14645904 samples)
2026-06-27 05:54:48,315 [INFO] [HTDemucs ONNX Memory] 推論処理を開始しますわ... (ONNX_LOCK 同期)
2026-06-27 05:55:09,732 [INFO] [HTDemucs ONNX Memory] 分離完了いたしましたわ！ 整合化を開始しますの。
2026-06-27 05:55:09,915 [INFO] [Direct-Process] Demucs 波形分離完了 (経過: 21.6764s)
2026-06-27 05:55:30,953 [INFO] [MainProcess] [Endomorphism] [DSP] [Pre-warming] 全ステム7本の遅延キャッシュ事前計算を完了いたしましたわ (経過: 21.0345s)
2026-06-27 05:55:30,953 [INFO] [MainProcess] [Morphism] [Librosa] [Extraction] Librosa による特徴量抽出(ThreadPool=8)を開始しますわ
2026-06-27 05:57:07,012 [INFO] [MainProcess] [Morphism] [Librosa] [Extraction] 全ステムの Librosa 特徴量抽出を完了いたしましたわ (経過: 96.0585s)
2026-06-27 05:57:07,012 [INFO] [MainProcess] [Endomorphism] [Post-processing] [SNR-Overwrite] ステム相対エネルギー比率(SNR)の上書きを完了いたしましたわ (経過: 0.0000s)
2026-06-27 05:57:07,012 [INFO] [MainProcess] [Morphism] [Essentia] [ONNX-Inference] Essentia (EffNet) 分類器17基による推論を開始しますわ
2026-06-27 05:57:07,411 [INFO] [MainProcess] [Morphism] [Essentia] [ONNX-Inference] Essentia 分類推論を完了いたしましたわ (経過: 0.3987s)
2026-06-27 05:57:07,411 [INFO] [Direct-Process] ステム特徴量抽出完了 (経過: 117.4929s)
2026-06-27 05:57:07,451 [INFO] [Direct-Process] DB 登録(UPSERT)完了 (経過: 0.0380s)
2026-06-27 05:57:08,040 [INFO] [Direct-Process] デコード完了 (経過: 0.4383s, length: 11093796 samples)
2026-06-27 05:57:08,080 [INFO] [HTDemucs ONNX Memory] 推論処理を開始しますわ... (ONNX_LOCK 同期)
2026-06-27 05:57:24,529 [INFO] [HTDemucs ONNX Memory] 分離完了いたしましたわ！ 整合化を開始しますの。
2026-06-27 05:57:24,669 [INFO] [Direct-Process] Demucs 波形分離完了 (経過: 16.6293s)
2026-06-27 05:57:40,573 [INFO] [MainProcess] [Endomorphism] [DSP] [Pre-warming] 全ステム7本の遅延キャッシュ事前計算を完了いたしましたわ (経過: 15.9007s)
2026-06-27 05:57:40,573 [INFO] [MainProcess] [Morphism] [Librosa] [Extraction] Librosa による特徴量抽出(ThreadPool=8)を開始しますわ
2026-06-27 05:58:53,583 [INFO] [MainProcess] [Morphism] [Librosa] [Extraction] 全ステムの Librosa 特徴量抽出を完了いたしましたわ (経過: 73.0103s)
2026-06-27 05:58:53,584 [INFO] [MainProcess] [Endomorphism] [Post-processing] [SNR-Overwrite] ステム相対エネルギー比率(SNR)の上書きを完了いたしましたわ (経過: 0.0000s)
2026-06-27 05:58:53,584 [INFO] [MainProcess] [Morphism] [Essentia] [ONNX-Inference] Essentia (EffNet) 分類器17基による推論を開始しますわ
2026-06-27 05:58:53,982 [INFO] [MainProcess] [Morphism] [Essentia] [ONNX-Inference] Essentia 分類推論を完了いたしましたわ (経過: 0.3982s)
2026-06-27 05:58:53,982 [INFO] [Direct-Process] ステム特徴量抽出完了 (経過: 89.3105s)
2026-06-27 05:58:54,023 [INFO] [Direct-Process] DB 登録(UPSERT)完了 (経過: 0.0386s)
2026-06-27 05:58:54,417 [INFO] [Direct-Process] デコード完了 (経過: 0.2049s, length: 4322976 samples)
2026-06-27 05:58:54,433 [INFO] [HTDemucs ONNX Memory] 推論処理を開始しますわ... (ONNX_LOCK 同期)
2026-06-27 05:59:01,053 [INFO] [HTDemucs ONNX Memory] 分離完了いたしましたわ！ 整合化を開始しますの。
2026-06-27 05:59:01,112 [INFO] [Direct-Process] Demucs 波形分離完了 (経過: 6.6938s)
2026-06-27 05:59:07,334 [INFO] [MainProcess] [Endomorphism] [DSP] [Pre-warming] 全ステム7本の遅延キャッシュ事前計算を完了いたしましたわ (経過: 6.2212s)
2026-06-27 05:59:07,334 [INFO] [MainProcess] [Morphism] [Librosa] [Extraction] Librosa による特徴量抽出(ThreadPool=8)を開始しますわ
2026-06-27 05:59:36,159 [INFO] [MainProcess] [Morphism] [Librosa] [Extraction] 全ステムの Librosa 特徴量抽出を完了いたしましたわ (経過: 28.8243s)
2026-06-27 05:59:36,159 [INFO] [MainProcess] [Endomorphism] [Post-processing] [SNR-Overwrite] ステム相対エネルギー比率(SNR)の上書きを完了いたしましたわ (経過: 0.0000s)
2026-06-27 05:59:36,159 [INFO] [MainProcess] [Morphism] [Essentia] [ONNX-Inference] Essentia (EffNet) 分類器17基による推論を開始しますわ
2026-06-27 05:59:36,560 [INFO] [MainProcess] [Morphism] [Essentia] [ONNX-Inference] Essentia 分類推論を完了いたしましたわ (経過: 0.4007s)
2026-06-27 05:59:36,560 [INFO] [Direct-Process] ステム特徴量抽出完了 (経過: 35.4474s)
2026-06-27 05:59:36,607 [INFO] [Direct-Process] DB 登録(UPSERT)完了 (経過: 0.0457s)
2026-06-27 05:59:37,703 [INFO] [Direct-Process] デコード完了 (経過: 1.0116s, length: 24286164 samples)
2026-06-27 05:59:37,790 [INFO] [HTDemucs ONNX Memory] 推論処理を開始しますわ... (ONNX_LOCK 同期)
2026-06-27 06:00:13,806 [INFO] [HTDemucs ONNX Memory] 分離完了いたしましたわ！ 整合化を開始しますの。
2026-06-27 06:00:14,121 [INFO] [Direct-Process] Demucs 波形分離完了 (経過: 36.4174s)
2026-06-27 06:00:49,401 [INFO] [MainProcess] [Endomorphism] [DSP] [Pre-warming] 全ステム7本の遅延キャッシュ事前計算を完了いたしましたわ (経過: 35.2715s)
2026-06-27 06:00:49,401 [INFO] [MainProcess] [Morphism] [Librosa] [Extraction] Librosa による特徴量抽出(ThreadPool=8)を開始しますわ
2026-06-27 06:03:26,785 [INFO] [MainProcess] [Morphism] [Librosa] [Extraction] 全ステムの Librosa 特徴量抽出を完了いたしましたわ (経過: 157.3845s)
2026-06-27 06:03:26,786 [INFO] [MainProcess] [Endomorphism] [Post-processing] [SNR-Overwrite] ステム相対エネルギー比率(SNR)の上書きを完了いたしましたわ (経過: 0.0000s)
2026-06-27 06:03:26,786 [INFO] [MainProcess] [Morphism] [Essentia] [ONNX-Inference] Essentia (EffNet) 分類器17基による推論を開始しますわ
2026-06-27 06:03:27,293 [INFO] [MainProcess] [Morphism] [Essentia] [ONNX-Inference] Essentia 分類推論を完了いたしましたわ (経過: 0.5066s)
2026-06-27 06:03:27,293 [INFO] [Direct-Process] ステム特徴量抽出完了 (経過: 193.1640s)
2026-06-27 06:03:27,333 [INFO] [Direct-Process] DB 登録(UPSERT)完了 (経過: 0.0379s)
2026-06-27 06:03:28,452 [INFO] [Direct-Process] デコード完了 (経過: 0.9016s, length: 21323820 samples)
2026-06-27 06:03:28,568 [INFO] [HTDemucs ONNX Memory] 推論処理を開始しますわ... (ONNX_LOCK 同期)
2026-06-27 06:03:59,533 [INFO] [HTDemucs ONNX Memory] 分離完了いたしましたわ！ 整合化を開始しますの。
2026-06-27 06:03:59,802 [INFO] [Direct-Process] Demucs 波形分離完了 (経過: 31.3495s)
2026-06-27 06:04:30,527 [INFO] [MainProcess] [Endomorphism] [DSP] [Pre-warming] 全ステム7本の遅延キャッシュ事前計算を完了いたしましたわ (経過: 30.7210s)
2026-06-27 06:04:30,528 [INFO] [MainProcess] [Morphism] [Librosa] [Extraction] Librosa による特徴量抽出(ThreadPool=8)を開始しますわ
2026-06-27 06:06:44,616 [INFO] [MainProcess] [Morphism] [Librosa] [Extraction] 全ステムの Librosa 特徴量抽出を完了いたしましたわ (経過: 134.0886s)
2026-06-27 06:06:44,616 [INFO] [MainProcess] [Endomorphism] [Post-processing] [SNR-Overwrite] ステム相対エネルギー比率(SNR)の上書きを完了いたしましたわ (経過: 0.0000s)
2026-06-27 06:06:44,617 [INFO] [MainProcess] [Morphism] [Essentia] [ONNX-Inference] Essentia (EffNet) 分類器17基による推論を開始しますわ
2026-06-27 06:06:45,032 [INFO] [MainProcess] [Morphism] [Essentia] [ONNX-Inference] Essentia 分類推論を完了いたしましたわ (経過: 0.4156s)
2026-06-27 06:06:45,033 [INFO] [Direct-Process] ステム特徴量抽出完了 (経過: 165.2264s)
2026-06-27 06:06:45,084 [INFO] [Direct-Process] DB 登録(UPSERT)完了 (経過: 0.0496s)
2026-06-27 06:06:46,137 [INFO] [Direct-Process] デコード完了 (経過: 0.7263s, length: 17943996 samples)
2026-06-27 06:06:46,197 [INFO] [HTDemucs ONNX Memory] 推論処理を開始しますわ... (ONNX_LOCK 同期)
2026-06-27 06:07:13,278 [INFO] [HTDemucs ONNX Memory] 分離完了いたしましたわ！ 整合化を開始しますの。
2026-06-27 06:07:13,496 [INFO] [Direct-Process] Demucs 波形分離完了 (経過: 27.3588s)
2026-06-27 06:07:39,688 [INFO] [MainProcess] [Endomorphism] [DSP] [Pre-warming] 全ステム7本の遅延キャッシュ事前計算を完了いたしましたわ (経過: 26.1881s)
2026-06-27 06:07:39,688 [INFO] [MainProcess] [Morphism] [Librosa] [Extraction] Librosa による特徴量抽出(ThreadPool=8)を開始しますわ
2026-06-27 06:09:35,082 [INFO] [MainProcess] [Morphism] [Librosa] [Extraction] 全ステムの Librosa 特徴量抽出を完了いたしましたわ (経過: 115.3939s)
2026-06-27 06:09:35,082 [INFO] [MainProcess] [Endomorphism] [Post-processing] [SNR-Overwrite] ステム相対エネルギー比率(SNR)の上書きを完了いたしましたわ (経過: 0.0000s)
2026-06-27 06:09:35,083 [INFO] [MainProcess] [Morphism] [Essentia] [ONNX-Inference] Essentia (EffNet) 分類器17基による推論を開始しますわ
2026-06-27 06:09:35,570 [INFO] [MainProcess] [Morphism] [Essentia] [ONNX-Inference] Essentia 分類推論を完了いたしましたわ (経過: 0.4871s)
2026-06-27 06:09:35,570 [INFO] [Direct-Process] ステム特徴量抽出完了 (経過: 142.0704s)
2026-06-27 06:09:35,616 [INFO] [Direct-Process] DB 登録(UPSERT)完了 (経過: 0.0448s)
2026-06-27 06:09:42,389 [INFO] [Timestamp Inheritance] Windows ctypesを用いてタイムスタンプを完全継承しましたわ！ (target: Complete Chamber Music for Strings and Piano[Disc 1][Fauré][chamber, ..].flac)
2026-06-27 06:09:42,390 [INFO] [Direct-Process] OK: M:\Music\album\CLASSIC\Virgin Classics\Complete Chamber Music for Strings and Piano[Disc 1][Fauré][chamber, ..].flac
2026-06-27 06:09:42,446 [INFO] OK: Complete Chamber Music for Strings and Piano[Disc 1][Fauré][chamber, ..].flac (11 トラック処理完了, 0 トラック既処理スキップ)
2026-06-27 06:09:43,420 [INFO] ONNX使用可能演算器: ['TensorrtExecutionProvider', 'CUDAExecutionProvider', 'CPUExecutionProvider']
2026-06-27 06:09:43,420 [INFO] 直列実行用ロード     : ['CUDAExecutionProvider', 'CPUExecutionProvider']
2026-06-27 06:09:43,675 [INFO] ONNXセッション直列化ロード完了！ (分類器数: 17)
2026-06-27 06:09:43,675 [INFO] [WorkerONNX] Consumer 内 ONNX 直列セッション初期化完了！（分類器数: 17)
2026-06-27 06:09:43,686 [INFO] [Direct-Process] 解析開始: Complete Chamber Music for Strings and Piano[Disc 2][Fauré][chamber..].flac
2026-06-27 06:09:43,936 [INFO] 波形分離モデル (GLOBAL_DEMUCS) をロードしますわ... (use_dml=False)
2026-06-27 06:09:43,936 [INFO] HTDemucsSeparator 初期化: model=htdemucs_6s, precision=fp16weights, providers=['CUDAExecutionProvider', 'CPUExecutionProvider']
2026-06-27 06:09:59,429 [INFO] HTDemucs ONNX 実機モデルロードに成功いたしましたわ！
2026-06-27 06:10:00,103 [INFO] [Direct-Process] デコード完了 (経過: 0.6734s, length: 15410892 samples)
2026-06-27 06:10:00,171 [INFO] [HTDemucs ONNX Memory] 推論処理を開始しますわ... (ONNX_LOCK 同期)
2026-06-27 06:10:22,732 [INFO] [HTDemucs ONNX Memory] 分離完了いたしましたわ！ 整合化を開始しますの。
2026-06-27 06:10:22,922 [INFO] [Direct-Process] Demucs 波形分離完了 (経過: 22.8191s)
2026-06-27 06:10:48,240 [INFO] [MainProcess] [Endomorphism] [DSP] [Pre-warming] 全ステム7本の遅延キャッシュ事前計算を完了いたしましたわ (経過: 25.3142s)
2026-06-27 06:10:48,241 [INFO] [MainProcess] [Morphism] [Librosa] [Extraction] Librosa による特徴量抽出(ThreadPool=8)を開始しますわ
2026-06-27 06:12:20,858 [INFO] [MainProcess] [Morphism] [Librosa] [Extraction] 全ステムの Librosa 特徴量抽出を完了いたしましたわ (経過: 92.6170s)
2026-06-27 06:12:20,858 [INFO] [MainProcess] [Endomorphism] [Post-processing] [SNR-Overwrite] ステム相対エネルギー比率(SNR)の上書きを完了いたしましたわ (経過: 0.0000s)
2026-06-27 06:12:20,858 [INFO] [MainProcess] [Morphism] [Essentia] [ONNX-Inference] Essentia (EffNet) 分類器17基による推論を開始しますわ
2026-06-27 06:12:21,541 [INFO] [MainProcess] [Morphism] [Essentia] [ONNX-Inference] Essentia 分類推論を完了いたしましたわ (経過: 0.6822s)
2026-06-27 06:12:21,541 [INFO] [Direct-Process] ステム特徴量抽出完了 (経過: 118.6152s)
2026-06-27 06:12:21,596 [INFO] [Direct-Process] DB 登録(UPSERT)完了 (経過: 0.0529s)
2026-06-27 06:12:22,645 [INFO] [Direct-Process] デコード完了 (経過: 0.8898s, length: 20805204 samples)
2026-06-27 06:12:22,720 [INFO] [HTDemucs ONNX Memory] 推論処理を開始しますわ... (ONNX_LOCK 同期)
2026-06-27 06:12:52,859 [INFO] [HTDemucs ONNX Memory] 分離完了いたしましたわ！ 整合化を開始しますの。
2026-06-27 06:12:53,127 [INFO] [Direct-Process] Demucs 波形分離完了 (経過: 30.4813s)
2026-06-27 06:13:23,352 [INFO] [MainProcess] [Endomorphism] [DSP] [Pre-warming] 全ステム7本の遅延キャッシュ事前計算を完了いたしましたわ (経過: 30.2180s)
2026-06-27 06:13:23,352 [INFO] [MainProcess] [Morphism] [Librosa] [Extraction] Librosa による特徴量抽出(ThreadPool=8)を開始しますわ
2026-06-27 06:15:53,249 [INFO] [MainProcess] [Morphism] [Librosa] [Extraction] 全ステムの Librosa 特徴量抽出を完了いたしましたわ (経過: 149.8970s)
2026-06-27 06:15:53,249 [INFO] [MainProcess] [Endomorphism] [Post-processing] [SNR-Overwrite] ステム相対エネルギー比率(SNR)の上書きを完了いたしましたわ (経過: 0.0000s)
2026-06-27 06:15:53,249 [INFO] [MainProcess] [Morphism] [Essentia] [ONNX-Inference] Essentia (EffNet) 分類器17基による推論を開始しますわ
2026-06-27 06:15:53,665 [INFO] [MainProcess] [Morphism] [Essentia] [ONNX-Inference] Essentia 分類推論を完了いたしましたわ (経過: 0.4154s)
2026-06-27 06:15:53,665 [INFO] [Direct-Process] ステム特徴量抽出完了 (経過: 180.5319s)
2026-06-27 06:15:53,708 [INFO] [Direct-Process] DB 登録(UPSERT)完了 (経過: 0.0411s)
2026-06-27 06:15:54,744 [INFO] [Direct-Process] デコード完了 (経過: 0.8413s, length: 18653124 samples)
2026-06-27 06:15:54,808 [INFO] [HTDemucs ONNX Memory] 推論処理を開始しますわ... (ONNX_LOCK 同期)
2026-06-27 06:16:21,693 [INFO] [HTDemucs ONNX Memory] 分離完了いたしましたわ！ 整合化を開始しますの。
2026-06-27 06:16:21,931 [INFO] [Direct-Process] Demucs 波形分離完了 (経過: 27.1870s)
2026-06-27 06:16:48,682 [INFO] [MainProcess] [Endomorphism] [DSP] [Pre-warming] 全ステム7本の遅延キャッシュ事前計算を完了いたしましたわ (経過: 26.7469s)
2026-06-27 06:16:48,682 [INFO] [MainProcess] [Morphism] [Librosa] [Extraction] Librosa による特徴量抽出(ThreadPool=8)を開始しますわ
2026-06-27 06:18:46,877 [INFO] [MainProcess] [Morphism] [Librosa] [Extraction] 全ステムの Librosa 特徴量抽出を完了いたしましたわ (経過: 118.1941s)
2026-06-27 06:18:46,877 [INFO] [MainProcess] [Endomorphism] [Post-processing] [SNR-Overwrite] ステム相対エネルギー比率(SNR)の上書きを完了いたしましたわ (経過: 0.0000s)
2026-06-27 06:18:46,877 [INFO] [MainProcess] [Morphism] [Essentia] [ONNX-Inference] Essentia (EffNet) 分類器17基による推論を開始しますわ
2026-06-27 06:18:47,402 [INFO] [MainProcess] [Morphism] [Essentia] [ONNX-Inference] Essentia 分類推論を完了いたしましたわ (経過: 0.5246s)
2026-06-27 06:18:47,402 [INFO] [Direct-Process] ステム特徴量抽出完了 (経過: 145.4668s)
2026-06-27 06:18:47,445 [INFO] [Direct-Process] DB 登録(UPSERT)完了 (経過: 0.0414s)
2026-06-27 06:18:48,400 [INFO] [Direct-Process] デコード完了 (経過: 0.7710s, length: 17770536 samples)
2026-06-27 06:18:48,486 [INFO] [HTDemucs ONNX Memory] 推論処理を開始しますわ... (ONNX_LOCK 同期)
2026-06-27 06:19:13,944 [INFO] [HTDemucs ONNX Memory] 分離完了いたしましたわ！ 整合化を開始しますの。
2026-06-27 06:19:14,171 [INFO] [Direct-Process] Demucs 波形分離完了 (経過: 25.7708s)
2026-06-27 06:19:40,423 [INFO] [MainProcess] [Endomorphism] [DSP] [Pre-warming] 全ステム7本の遅延キャッシュ事前計算を完了いたしましたわ (経過: 26.2479s)
2026-06-27 06:19:40,423 [INFO] [MainProcess] [Morphism] [Librosa] [Extraction] Librosa による特徴量抽出(ThreadPool=8)を開始しますわ
2026-06-27 06:21:48,129 [INFO] [MainProcess] [Morphism] [Librosa] [Extraction] 全ステムの Librosa 特徴量抽出を完了いたしましたわ (経過: 127.7061s)
2026-06-27 06:21:48,129 [INFO] [MainProcess] [Endomorphism] [Post-processing] [SNR-Overwrite] ステム相対エネルギー比率(SNR)の上書きを完了いたしましたわ (経過: 0.0000s)
2026-06-27 06:21:48,130 [INFO] [MainProcess] [Morphism] [Essentia] [ONNX-Inference] Essentia (EffNet) 分類器17基による推論を開始しますわ
2026-06-27 06:21:48,551 [INFO] [MainProcess] [Morphism] [Essentia] [ONNX-Inference] Essentia 分類推論を完了いたしましたわ (経過: 0.4211s)
2026-06-27 06:21:48,551 [INFO] [Direct-Process] ステム特徴量抽出完了 (経過: 154.3763s)
2026-06-27 06:21:48,599 [INFO] [Direct-Process] DB 登録(UPSERT)完了 (経過: 0.0465s)
2026-06-27 06:21:49,103 [INFO] [Direct-Process] デコード完了 (経過: 0.3271s, length: 7719264 samples)
2026-06-27 06:21:49,155 [INFO] [HTDemucs ONNX Memory] 推論処理を開始しますわ... (ONNX_LOCK 同期)
2026-06-27 06:22:00,600 [INFO] [HTDemucs ONNX Memory] 分離完了いたしましたわ！ 整合化を開始しますの。
2026-06-27 06:22:00,695 [INFO] [Direct-Process] Demucs 波形分離完了 (経過: 11.5910s)
2026-06-27 06:22:11,916 [INFO] [MainProcess] [Endomorphism] [DSP] [Pre-warming] 全ステム7本の遅延キャッシュ事前計算を完了いたしましたわ (経過: 11.2192s)
2026-06-27 06:22:11,916 [INFO] [MainProcess] [Morphism] [Librosa] [Extraction] Librosa による特徴量抽出(ThreadPool=8)を開始しますわ
2026-06-27 06:23:04,181 [INFO] [MainProcess] [Morphism] [Librosa] [Extraction] 全ステムの Librosa 特徴量抽出を完了いたしましたわ (経過: 52.2643s)
2026-06-27 06:23:04,181 [INFO] [MainProcess] [Endomorphism] [Post-processing] [SNR-Overwrite] ステム相対エネルギー比率(SNR)の上書きを完了いたしましたわ (経過: 0.0000s)
2026-06-27 06:23:04,181 [INFO] [MainProcess] [Morphism] [Essentia] [ONNX-Inference] Essentia (EffNet) 分類器17基による推論を開始しますわ
2026-06-27 06:23:04,527 [INFO] [MainProcess] [Morphism] [Essentia] [ONNX-Inference] Essentia 分類推論を完了いたしましたわ (経過: 0.3463s)
2026-06-27 06:23:04,528 [INFO] [Direct-Process] ステム特徴量抽出完了 (経過: 63.8311s)
2026-06-27 06:23:04,569 [INFO] [Direct-Process] DB 登録(UPSERT)完了 (経過: 0.0400s)
2026-06-27 06:23:05,124 [INFO] [Direct-Process] デコード完了 (経過: 0.4477s, length: 11319000 samples)
2026-06-27 06:23:05,196 [INFO] [HTDemucs ONNX Memory] 推論処理を開始しますわ... (ONNX_LOCK 同期)
2026-06-27 06:23:22,145 [INFO] [HTDemucs ONNX Memory] 分離完了いたしましたわ！ 整合化を開始しますの。
2026-06-27 06:23:22,293 [INFO] [Direct-Process] Demucs 波形分離完了 (経過: 17.1689s)
2026-06-27 06:23:38,471 [INFO] [MainProcess] [Endomorphism] [DSP] [Pre-warming] 全ステム7本の遅延キャッシュ事前計算を完了いたしましたわ (経過: 16.1754s)
2026-06-27 06:23:38,471 [INFO] [MainProcess] [Morphism] [Librosa] [Extraction] Librosa による特徴量抽出(ThreadPool=8)を開始しますわ
2026-06-27 06:24:56,589 [INFO] [MainProcess] [Morphism] [Librosa] [Extraction] 全ステムの Librosa 特徴量抽出を完了いたしましたわ (経過: 78.1176s)
2026-06-27 06:24:56,589 [INFO] [MainProcess] [Endomorphism] [Post-processing] [SNR-Overwrite] ステム相対エネルギー比率(SNR)の上書きを完了いたしましたわ (経過: 0.0000s)
2026-06-27 06:24:56,589 [INFO] [MainProcess] [Morphism] [Essentia] [ONNX-Inference] Essentia (EffNet) 分類器17基による推論を開始しますわ
2026-06-27 06:24:57,076 [INFO] [MainProcess] [Morphism] [Essentia] [ONNX-Inference] Essentia 分類推論を完了いたしましたわ (経過: 0.4870s)
2026-06-27 06:24:57,077 [INFO] [Direct-Process] ステム特徴量抽出完了 (経過: 94.7812s)
2026-06-27 06:24:57,120 [INFO] [Direct-Process] DB 登録(UPSERT)完了 (経過: 0.0414s)
2026-06-27 06:24:57,580 [INFO] [Direct-Process] デコード完了 (経過: 0.3246s, length: 8227884 samples)
2026-06-27 06:24:57,608 [INFO] [HTDemucs ONNX Memory] 推論処理を開始しますわ... (ONNX_LOCK 同期)
2026-06-27 06:25:09,532 [INFO] [HTDemucs ONNX Memory] 分離完了いたしましたわ！ 整合化を開始しますの。
2026-06-27 06:25:09,633 [INFO] [Direct-Process] Demucs 波形分離完了 (経過: 12.0529s)
2026-06-27 06:25:21,481 [INFO] [MainProcess] [Endomorphism] [DSP] [Pre-warming] 全ステム7本の遅延キャッシュ事前計算を完了いたしましたわ (経過: 11.8459s)
2026-06-27 06:25:21,481 [INFO] [MainProcess] [Morphism] [Librosa] [Extraction] Librosa による特徴量抽出(ThreadPool=8)を開始しますわ
2026-06-27 06:26:17,204 [INFO] [MainProcess] [Morphism] [Librosa] [Extraction] 全ステムの Librosa 特徴量抽出を完了いたしましたわ (経過: 55.7235s)
2026-06-27 06:26:17,205 [INFO] [MainProcess] [Endomorphism] [Post-processing] [SNR-Overwrite] ステム相対エネルギー比率(SNR)の上書きを完了いたしましたわ (経過: 0.0000s)
2026-06-27 06:26:17,205 [INFO] [MainProcess] [Morphism] [Essentia] [ONNX-Inference] Essentia (EffNet) 分類器17基による推論を開始しますわ
2026-06-27 06:26:17,648 [INFO] [MainProcess] [Morphism] [Essentia] [ONNX-Inference] Essentia 分類推論を完了いたしましたわ (経過: 0.4432s)
2026-06-27 06:26:17,648 [INFO] [Direct-Process] ステム特徴量抽出完了 (経過: 68.0139s)
2026-06-27 06:26:22,701 [INFO] [Direct-Process] DB 登録(UPSERT)完了 (経過: 5.0511s)
2026-06-27 06:26:23,221 [INFO] [Direct-Process] デコード完了 (経過: 0.4105s, length: 10274124 samples)
2026-06-27 06:26:23,269 [INFO] [HTDemucs ONNX Memory] 推論処理を開始しますわ... (ONNX_LOCK 同期)
2026-06-27 06:26:38,888 [INFO] [HTDemucs ONNX Memory] 分離完了いたしましたわ！ 整合化を開始しますの。
2026-06-27 06:26:39,015 [INFO] [Direct-Process] Demucs 波形分離完了 (経過: 15.7929s)
2026-06-27 06:26:53,939 [INFO] [MainProcess] [Endomorphism] [DSP] [Pre-warming] 全ステム7本の遅延キャッシュ事前計算を完了いたしましたわ (経過: 14.9219s)
2026-06-27 06:26:53,939 [INFO] [MainProcess] [Morphism] [Librosa] [Extraction] Librosa による特徴量抽出(ThreadPool=8)を開始しますわ
2026-06-27 06:27:59,619 [INFO] [MainProcess] [Morphism] [Librosa] [Extraction] 全ステムの Librosa 特徴量抽出を完了いたしましたわ (経過: 65.6800s)
2026-06-27 06:27:59,620 [INFO] [MainProcess] [Endomorphism] [Post-processing] [SNR-Overwrite] ステム相対エネルギー比率(SNR)の上書きを完了いたしましたわ (経過: 0.0000s)
2026-06-27 06:27:59,620 [INFO] [MainProcess] [Morphism] [Essentia] [ONNX-Inference] Essentia (EffNet) 分類器17基による推論を開始しますわ
2026-06-27 06:28:00,025 [INFO] [MainProcess] [Morphism] [Essentia] [ONNX-Inference] Essentia 分類推論を完了いたしましたわ (経過: 0.4049s)
2026-06-27 06:28:00,025 [INFO] [Direct-Process] ステム特徴量抽出完了 (経過: 81.0081s)
2026-06-27 06:28:00,066 [INFO] [Direct-Process] DB 登録(UPSERT)完了 (経過: 0.0391s)
2026-06-27 06:28:00,972 [INFO] [Direct-Process] デコード完了 (経過: 0.7481s, length: 19066488 samples)
2026-06-27 06:28:01,040 [INFO] [HTDemucs ONNX Memory] 推論処理を開始しますわ... (ONNX_LOCK 同期)
2026-06-27 06:28:29,091 [INFO] [HTDemucs ONNX Memory] 分離完了いたしましたわ！ 整合化を開始しますの。
2026-06-27 06:28:29,329 [INFO] [Direct-Process] Demucs 波形分離完了 (経過: 28.3563s)
2026-06-27 06:28:57,038 [INFO] [MainProcess] [Endomorphism] [DSP] [Pre-warming] 全ステム7本の遅延キャッシュ事前計算を完了いたしましたわ (経過: 27.7053s)
2026-06-27 06:28:57,038 [INFO] [MainProcess] [Morphism] [Librosa] [Extraction] Librosa による特徴量抽出(ThreadPool=8)を開始しますわ
2026-06-27 06:31:17,264 [INFO] [MainProcess] [Morphism] [Librosa] [Extraction] 全ステムの Librosa 特徴量抽出を完了いたしましたわ (経過: 140.2254s)
2026-06-27 06:31:17,264 [INFO] [MainProcess] [Endomorphism] [Post-processing] [SNR-Overwrite] ステム相対エネルギー比率(SNR)の上書きを完了いたしましたわ (経過: 0.0000s)
2026-06-27 06:31:17,264 [INFO] [MainProcess] [Morphism] [Essentia] [ONNX-Inference] Essentia (EffNet) 分類器17基による推論を開始しますわ
2026-06-27 06:31:17,758 [INFO] [MainProcess] [Morphism] [Essentia] [ONNX-Inference] Essentia 分類推論を完了いたしましたわ (経過: 0.4938s)
2026-06-27 06:31:17,758 [INFO] [Direct-Process] ステム特徴量抽出完了 (経過: 168.4259s)
2026-06-27 06:31:17,800 [INFO] [Direct-Process] DB 登録(UPSERT)完了 (経過: 0.0402s)
2026-06-27 06:31:18,963 [INFO] [Direct-Process] デコード完了 (経過: 0.9732s, length: 22977276 samples)
2026-06-27 06:31:19,042 [INFO] [HTDemucs ONNX Memory] 推論処理を開始しますわ... (ONNX_LOCK 同期)
2026-06-27 06:31:52,667 [INFO] [HTDemucs ONNX Memory] 分離完了いたしましたわ！ 整合化を開始しますの。
2026-06-27 06:31:52,952 [INFO] [Direct-Process] Demucs 波形分離完了 (経過: 33.9883s)
2026-06-27 06:32:26,285 [INFO] [MainProcess] [Endomorphism] [DSP] [Pre-warming] 全ステム7本の遅延キャッシュ事前計算を完了いたしましたわ (経過: 33.3288s)
2026-06-27 06:32:26,285 [INFO] [MainProcess] [Morphism] [Librosa] [Extraction] Librosa による特徴量抽出(ThreadPool=8)を開始しますわ
2026-06-27 06:34:55,910 [INFO] [MainProcess] [Morphism] [Librosa] [Extraction] 全ステムの Librosa 特徴量抽出を完了いたしましたわ (経過: 149.6252s)
2026-06-27 06:34:55,911 [INFO] [MainProcess] [Endomorphism] [Post-processing] [SNR-Overwrite] ステム相対エネルギー比率(SNR)の上書きを完了いたしましたわ (経過: 0.0000s)
2026-06-27 06:34:55,911 [INFO] [MainProcess] [Morphism] [Essentia] [ONNX-Inference] Essentia (EffNet) 分類器17基による推論を開始しますわ
2026-06-27 06:34:56,487 [INFO] [MainProcess] [Morphism] [Essentia] [ONNX-Inference] Essentia 分類推論を完了いたしましたわ (経過: 0.5758s)
2026-06-27 06:34:56,487 [INFO] [Direct-Process] ステム特徴量抽出完了 (経過: 183.5311s)
2026-06-27 06:34:56,542 [INFO] [Direct-Process] DB 登録(UPSERT)完了 (経過: 0.0537s)
2026-06-27 06:34:57,398 [INFO] [Direct-Process] デコード完了 (経過: 0.6514s, length: 14183736 samples)
2026-06-27 06:34:57,489 [INFO] [HTDemucs ONNX Memory] 推論処理を開始しますわ... (ONNX_LOCK 同期)
2026-06-27 06:35:18,644 [INFO] [HTDemucs ONNX Memory] 分離完了いたしましたわ！ 整合化を開始しますの。
2026-06-27 06:35:18,822 [INFO] [Direct-Process] Demucs 波形分離完了 (経過: 21.4226s)
2026-06-27 06:35:39,348 [INFO] [MainProcess] [Endomorphism] [DSP] [Pre-warming] 全ステム7本の遅延キャッシュ事前計算を完了いたしましたわ (経過: 20.5232s)
2026-06-27 06:35:39,348 [INFO] [MainProcess] [Morphism] [Librosa] [Extraction] Librosa による特徴量抽出(ThreadPool=8)を開始しますわ
2026-06-27 06:37:10,904 [INFO] [MainProcess] [Morphism] [Librosa] [Extraction] 全ステムの Librosa 特徴量抽出を完了いたしましたわ (経過: 91.5558s)
2026-06-27 06:37:10,904 [INFO] [MainProcess] [Endomorphism] [Post-processing] [SNR-Overwrite] ステム相対エネルギー比率(SNR)の上書きを完了いたしましたわ (経過: 0.0000s)
2026-06-27 06:37:10,905 [INFO] [MainProcess] [Morphism] [Essentia] [ONNX-Inference] Essentia (EffNet) 分類器17基による推論を開始しますわ
2026-06-27 06:37:11,259 [INFO] [MainProcess] [Morphism] [Essentia] [ONNX-Inference] Essentia 分類推論を完了いたしましたわ (経過: 0.3542s)
2026-06-27 06:37:11,259 [INFO] [Direct-Process] ステム特徴量抽出完了 (経過: 112.4346s)
2026-06-27 06:37:11,305 [INFO] [Direct-Process] DB 登録(UPSERT)完了 (経過: 0.0444s)
2026-06-27 06:37:17,245 [INFO] [Timestamp Inheritance] Windows ctypesを用いてタイムスタンプを完全継承しましたわ！ (target: Complete Chamber Music for Strings and Piano[Disc 2][Fauré][chamber..].flac)
2026-06-27 06:37:17,246 [INFO] [Direct-Process] OK: M:\Music\album\CLASSIC\Virgin Classics\Complete Chamber Music for Strings and Piano[Disc 2][Fauré][chamber..].flac
2026-06-27 06:37:17,302 [INFO] OK: Complete Chamber Music for Strings and Piano[Disc 2][Fauré][chamber..].flac (11 トラック処理完了, 0 トラック既処理スキップ)
2026-06-27 06:37:18,951 [INFO] ONNX使用可能演算器: ['TensorrtExecutionProvider', 'CUDAExecutionProvider', 'CPUExecutionProvider']
2026-06-27 06:37:18,952 [INFO] 直列実行用ロード     : ['CUDAExecutionProvider', 'CPUExecutionProvider']
2026-06-27 06:37:19,451 [INFO] ONNXセッション直列化ロード完了！ (分類器数: 17)
2026-06-27 06:37:19,451 [INFO] [WorkerONNX] Consumer 内 ONNX 直列セッション初期化完了！（分類器数: 17)
2026-06-27 06:37:19,558 [INFO] [Direct-Process] 解析開始: Complete Chamber Music for Strings and Piano[Disc 3][Fauré][chamber..].flac
2026-06-27 06:37:19,686 [INFO] 波形分離モデル (GLOBAL_DEMUCS) をロードしますわ... (use_dml=False)
2026-06-27 06:37:19,687 [INFO] HTDemucsSeparator 初期化: model=htdemucs_6s, precision=fp16weights, providers=['CUDAExecutionProvider', 'CPUExecutionProvider']
2026-06-27 06:37:35,115 [INFO] HTDemucs ONNX 実機モデルロードに成功いたしましたわ！
2026-06-27 06:37:35,794 [INFO] [Direct-Process] デコード完了 (経過: 0.6787s, length: 15947736 samples)
2026-06-27 06:37:35,851 [INFO] [HTDemucs ONNX Memory] 推論処理を開始しますわ... (ONNX_LOCK 同期)
2026-06-27 06:38:00,200 [INFO] [HTDemucs ONNX Memory] 分離完了いたしましたわ！ 整合化を開始しますの。
2026-06-27 06:38:00,403 [INFO] [Direct-Process] Demucs 波形分離完了 (経過: 24.6083s)
2026-06-27 06:38:30,816 [INFO] [MainProcess] [Endomorphism] [DSP] [Pre-warming] 全ステム7本の遅延キャッシュ事前計算を完了いたしましたわ (経過: 30.4089s)
2026-06-27 06:38:30,816 [INFO] [MainProcess] [Morphism] [Librosa] [Extraction] Librosa による特徴量抽出(ThreadPool=8)を開始しますわ
2026-06-27 06:40:17,908 [INFO] [MainProcess] [Morphism] [Librosa] [Extraction] 全ステムの Librosa 特徴量抽出を完了いたしましたわ (経過: 107.0917s)
2026-06-27 06:40:17,908 [INFO] [MainProcess] [Endomorphism] [Post-processing] [SNR-Overwrite] ステム相対エネルギー比率(SNR)の上書きを完了いたしましたわ (経過: 0.0000s)
2026-06-27 06:40:17,908 [INFO] [MainProcess] [Morphism] [Essentia] [ONNX-Inference] Essentia (EffNet) 分類器17基による推論を開始しますわ
2026-06-27 06:40:18,606 [INFO] [MainProcess] [Morphism] [Essentia] [ONNX-Inference] Essentia 分類推論を完了いたしましたわ (経過: 0.6983s)
2026-06-27 06:40:18,607 [INFO] [Direct-Process] ステム特徴量抽出完了 (経過: 138.2002s)
2026-06-27 06:40:18,660 [INFO] [Direct-Process] DB 登録(UPSERT)完了 (経過: 0.0520s)
2026-06-27 06:40:19,814 [INFO] [Direct-Process] デコード完了 (経過: 0.9801s, length: 25265184 samples)
2026-06-27 06:40:19,900 [INFO] [HTDemucs ONNX Memory] 推論処理を開始しますわ... (ONNX_LOCK 同期)
2026-06-27 06:40:56,309 [INFO] [HTDemucs ONNX Memory] 分離完了いたしましたわ！ 整合化を開始しますの。
2026-06-27 06:40:56,617 [INFO] [Direct-Process] Demucs 波形分離完了 (経過: 36.8028s)
2026-06-27 06:41:32,998 [INFO] [MainProcess] [Endomorphism] [DSP] [Pre-warming] 全ステム7本の遅延キャッシュ事前計算を完了いたしましたわ (経過: 36.3753s)
2026-06-27 06:41:32,998 [INFO] [MainProcess] [Morphism] [Librosa] [Extraction] Librosa による特徴量抽出(ThreadPool=8)を開始しますわ
2026-06-27 06:44:25,227 [INFO] [MainProcess] [Morphism] [Librosa] [Extraction] 全ステムの Librosa 特徴量抽出を完了いたしましたわ (経過: 172.2287s)
2026-06-27 06:44:25,227 [INFO] [MainProcess] [Endomorphism] [Post-processing] [SNR-Overwrite] ステム相対エネルギー比率(SNR)の上書きを完了いたしましたわ (経過: 0.0000s)
2026-06-27 06:44:25,227 [INFO] [MainProcess] [Morphism] [Essentia] [ONNX-Inference] Essentia (EffNet) 分類器17基による推論を開始しますわ
2026-06-27 06:44:25,709 [INFO] [MainProcess] [Morphism] [Essentia] [ONNX-Inference] Essentia 分類推論を完了いたしましたわ (経過: 0.4825s)
2026-06-27 06:44:25,710 [INFO] [Direct-Process] ステム特徴量抽出完了 (経過: 209.0877s)
2026-06-27 06:44:25,757 [INFO] [Direct-Process] DB 登録(UPSERT)完了 (経過: 0.0461s)
2026-06-27 06:44:26,635 [INFO] [Direct-Process] デコード完了 (経過: 0.6558s, length: 12738432 samples)
2026-06-27 06:44:26,680 [INFO] [HTDemucs ONNX Memory] 推論処理を開始しますわ... (ONNX_LOCK 同期)
2026-06-27 06:44:46,200 [INFO] [HTDemucs ONNX Memory] 分離完了いたしましたわ！ 整合化を開始しますの。
2026-06-27 06:44:46,356 [INFO] [Direct-Process] Demucs 波形分離完了 (経過: 19.7212s)
2026-06-27 06:45:04,609 [INFO] [MainProcess] [Endomorphism] [DSP] [Pre-warming] 全ステム7本の遅延キャッシュ事前計算を完了いたしましたわ (経過: 18.2497s)
2026-06-27 06:45:04,609 [INFO] [MainProcess] [Morphism] [Librosa] [Extraction] Librosa による特徴量抽出(ThreadPool=8)を開始しますわ
2026-06-27 06:46:21,183 [INFO] [MainProcess] [Morphism] [Librosa] [Extraction] 全ステムの Librosa 特徴量抽出を完了いたしましたわ (経過: 76.5740s)
2026-06-27 06:46:21,183 [INFO] [MainProcess] [Endomorphism] [Post-processing] [SNR-Overwrite] ステム相対エネルギー比率(SNR)の上書きを完了いたしましたわ (経過: 0.0000s)
2026-06-27 06:46:21,183 [INFO] [MainProcess] [Morphism] [Essentia] [ONNX-Inference] Essentia (EffNet) 分類器17基による推論を開始しますわ
2026-06-27 06:46:21,671 [INFO] [MainProcess] [Morphism] [Essentia] [ONNX-Inference] Essentia 分類推論を完了いたしましたわ (経過: 0.4879s)
2026-06-27 06:46:21,672 [INFO] [Direct-Process] ステム特徴量抽出完了 (経過: 95.3128s)
2026-06-27 06:46:21,712 [INFO] [Direct-Process] DB 登録(UPSERT)完了 (経過: 0.0392s)
2026-06-27 06:46:22,637 [INFO] [Direct-Process] デコード完了 (経過: 0.7717s, length: 17287788 samples)
2026-06-27 06:46:22,695 [INFO] [HTDemucs ONNX Memory] 推論処理を開始しますわ... (ONNX_LOCK 同期)
2026-06-27 06:46:47,982 [INFO] [HTDemucs ONNX Memory] 分離完了いたしましたわ！ 整合化を開始しますの。
2026-06-27 06:46:48,207 [INFO] [Direct-Process] Demucs 波形分離完了 (経過: 25.5700s)
2026-06-27 06:47:13,158 [INFO] [MainProcess] [Endomorphism] [DSP] [Pre-warming] 全ステム7本の遅延キャッシュ事前計算を完了いたしましたわ (経過: 24.9472s)
2026-06-27 06:47:13,158 [INFO] [MainProcess] [Morphism] [Librosa] [Extraction] Librosa による特徴量抽出(ThreadPool=8)を開始しますわ
2026-06-27 06:48:54,796 [INFO] [MainProcess] [Morphism] [Librosa] [Extraction] 全ステムの Librosa 特徴量抽出を完了いたしましたわ (経過: 101.6374s)
2026-06-27 06:48:54,796 [INFO] [MainProcess] [Endomorphism] [Post-processing] [SNR-Overwrite] ステム相対エネルギー比率(SNR)の上書きを完了いたしましたわ (経過: 0.0000s)
2026-06-27 06:48:54,796 [INFO] [MainProcess] [Morphism] [Essentia] [ONNX-Inference] Essentia (EffNet) 分類器17基による推論を開始しますわ
2026-06-27 06:48:55,234 [INFO] [MainProcess] [Morphism] [Essentia] [ONNX-Inference] Essentia 分類推論を完了いたしましたわ (経過: 0.4383s)
2026-06-27 06:48:55,235 [INFO] [Direct-Process] ステム特徴量抽出完了 (経過: 127.0243s)
2026-06-27 06:48:55,282 [INFO] [Direct-Process] DB 登録(UPSERT)完了 (経過: 0.0459s)
2026-06-27 06:48:56,388 [INFO] [Direct-Process] デコード完了 (経過: 0.9371s, length: 26766348 samples)
2026-06-27 06:48:56,488 [INFO] [HTDemucs ONNX Memory] 推論処理を開始しますわ... (ONNX_LOCK 同期)
2026-06-27 06:49:35,927 [INFO] [HTDemucs ONNX Memory] 分離完了いたしましたわ！ 整合化を開始しますの。
2026-06-27 06:49:36,264 [INFO] [Direct-Process] Demucs 波形分離完了 (経過: 39.8749s)
2026-06-27 06:50:15,254 [INFO] [MainProcess] [Endomorphism] [DSP] [Pre-warming] 全ステム7本の遅延キャッシュ事前計算を完了いたしましたわ (経過: 38.9855s)
2026-06-27 06:50:15,255 [INFO] [MainProcess] [Morphism] [Librosa] [Extraction] Librosa による特徴量抽出(ThreadPool=8)を開始しますわ
2026-06-27 06:53:21,866 [INFO] [MainProcess] [Morphism] [Librosa] [Extraction] 全ステムの Librosa 特徴量抽出を完了いたしましたわ (経過: 186.6112s)
2026-06-27 06:53:21,866 [INFO] [MainProcess] [Endomorphism] [Post-processing] [SNR-Overwrite] ステム相対エネルギー比率(SNR)の上書きを完了いたしましたわ (経過: 0.0000s)
2026-06-27 06:53:21,866 [INFO] [MainProcess] [Morphism] [Essentia] [ONNX-Inference] Essentia (EffNet) 分類器17基による推論を開始しますわ
2026-06-27 06:53:22,356 [INFO] [MainProcess] [Morphism] [Essentia] [ONNX-Inference] Essentia 分類推論を完了いたしましたわ (経過: 0.4898s)
2026-06-27 06:53:22,357 [INFO] [Direct-Process] ステム特徴量抽出完了 (経過: 226.0878s)
2026-06-27 06:53:22,402 [INFO] [Direct-Process] DB 登録(UPSERT)完了 (経過: 0.0441s)
2026-06-27 06:53:23,457 [INFO] [Direct-Process] デコード完了 (経過: 0.8231s, length: 20427708 samples)
2026-06-27 06:53:23,571 [INFO] [HTDemucs ONNX Memory] 推論処理を開始しますわ... (ONNX_LOCK 同期)
2026-06-27 06:53:54,035 [INFO] [HTDemucs ONNX Memory] 分離完了いたしましたわ！ 整合化を開始しますの。
2026-06-27 06:53:54,290 [INFO] [Direct-Process] Demucs 波形分離完了 (経過: 30.8331s)
2026-06-27 06:54:24,184 [INFO] [MainProcess] [Endomorphism] [DSP] [Pre-warming] 全ステム7本の遅延キャッシュ事前計算を完了いたしましたわ (経過: 29.8896s)
2026-06-27 06:54:24,184 [INFO] [MainProcess] [Morphism] [Librosa] [Extraction] Librosa による特徴量抽出(ThreadPool=8)を開始しますわ
2026-06-27 06:56:35,683 [INFO] [MainProcess] [Morphism] [Librosa] [Extraction] 全ステムの Librosa 特徴量抽出を完了いたしましたわ (経過: 131.4983s)
2026-06-27 06:56:35,683 [INFO] [MainProcess] [Endomorphism] [Post-processing] [SNR-Overwrite] ステム相対エネルギー比率(SNR)の上書きを完了いたしましたわ (経過: 0.0000s)
2026-06-27 06:56:35,683 [INFO] [MainProcess] [Morphism] [Essentia] [ONNX-Inference] Essentia (EffNet) 分類器17基による推論を開始しますわ
2026-06-27 06:56:36,100 [INFO] [MainProcess] [Morphism] [Essentia] [ONNX-Inference] Essentia 分類推論を完了いたしましたわ (経過: 0.4167s)
2026-06-27 06:56:36,100 [INFO] [Direct-Process] ステム特徴量抽出完了 (経過: 161.8061s)
2026-06-27 06:56:36,167 [INFO] [Direct-Process] DB 登録(UPSERT)完了 (経過: 0.0651s)
2026-06-27 06:56:41,266 [INFO] [Timestamp Inheritance] Windows ctypesを用いてタイムスタンプを完全継承しましたわ！ (target: Complete Chamber Music for Strings and Piano[Disc 3][Fauré][chamber..].flac)
2026-06-27 06:56:41,267 [INFO] [Direct-Process] OK: M:\Music\album\CLASSIC\Virgin Classics\Complete Chamber Music for Strings and Piano[Disc 3][Fauré][chamber..].flac
2026-06-27 06:56:41,325 [INFO] OK: Complete Chamber Music for Strings and Piano[Disc 3][Fauré][chamber..].flac (6 トラック処理完了, 0 トラック既処理スキップ)
2026-06-27 06:56:42,313 [INFO] ONNX使用可能演算器: ['TensorrtExecutionProvider', 'CUDAExecutionProvider', 'CPUExecutionProvider']
2026-06-27 06:56:42,314 [INFO] 直列実行用ロード     : ['CUDAExecutionProvider', 'CPUExecutionProvider']
2026-06-27 06:56:42,573 [INFO] ONNXセッション直列化ロード完了！ (分類器数: 17)
2026-06-27 06:56:42,573 [INFO] [WorkerONNX] Consumer 内 ONNX 直列セッション初期化完了！（分類器数: 17)
2026-06-27 06:56:42,585 [INFO] [Direct-Process] 解析開始: Complete Chamber Music for Strings and Piano[Disc 4][Fauré][chamber..].flac
2026-06-27 06:56:42,754 [INFO] 波形分離モデル (GLOBAL_DEMUCS) をロードしますわ... (use_dml=False)
2026-06-27 06:56:42,755 [INFO] HTDemucsSeparator 初期化: model=htdemucs_6s, precision=fp16weights, providers=['CUDAExecutionProvider', 'CPUExecutionProvider']
2026-06-27 06:56:58,200 [INFO] HTDemucs ONNX 実機モデルロードに成功いたしましたわ！
2026-06-27 06:56:59,319 [INFO] [Direct-Process] デコード完了 (経過: 1.1186s, length: 26137776 samples)
2026-06-27 06:56:59,412 [INFO] [HTDemucs ONNX Memory] 推論処理を開始しますわ... (ONNX_LOCK 同期)
2026-06-27 06:57:39,158 [INFO] [HTDemucs ONNX Memory] 分離完了いたしましたわ！ 整合化を開始しますの。
2026-06-27 06:57:39,478 [INFO] [Direct-Process] Demucs 波形分離完了 (経過: 40.1587s)
2026-06-27 06:58:20,697 [INFO] [MainProcess] [Endomorphism] [DSP] [Pre-warming] 全ステム7本の遅延キャッシュ事前計算を完了いたしましたわ (経過: 41.2134s)
2026-06-27 06:58:20,697 [INFO] [MainProcess] [Morphism] [Librosa] [Extraction] Librosa による特徴量抽出(ThreadPool=8)を開始しますわ
2026-06-27 07:01:29,770 [INFO] [MainProcess] [Morphism] [Librosa] [Extraction] 全ステムの Librosa 特徴量抽出を完了いたしましたわ (経過: 189.0727s)
2026-06-27 07:01:29,770 [INFO] [MainProcess] [Endomorphism] [Post-processing] [SNR-Overwrite] ステム相対エネルギー比率(SNR)の上書きを完了いたしましたわ (経過: 0.0000s)
2026-06-27 07:01:29,770 [INFO] [MainProcess] [Morphism] [Essentia] [ONNX-Inference] Essentia (EffNet) 分類器17基による推論を開始しますわ
2026-06-27 07:01:30,416 [INFO] [MainProcess] [Morphism] [Essentia] [ONNX-Inference] Essentia 分類推論を完了いたしましたわ (経過: 0.6460s)
2026-06-27 07:01:30,417 [INFO] [Direct-Process] ステム特徴量抽出完了 (経過: 230.9334s)
2026-06-27 07:01:30,458 [INFO] [Direct-Process] DB 登録(UPSERT)完了 (経過: 0.0398s)
2026-06-27 07:01:31,287 [INFO] [Direct-Process] デコード完了 (経過: 0.5934s, length: 15267420 samples)
2026-06-27 07:01:31,372 [INFO] [HTDemucs ONNX Memory] 推論処理を開始しますわ... (ONNX_LOCK 同期)
2026-06-27 07:01:53,977 [INFO] [HTDemucs ONNX Memory] 分離完了いたしましたわ！ 整合化を開始しますの。
2026-06-27 07:01:54,173 [INFO] [Direct-Process] Demucs 波形分離完了 (経過: 22.8855s)
2026-06-27 07:02:15,718 [INFO] [MainProcess] [Endomorphism] [DSP] [Pre-warming] 全ステム7本の遅延キャッシュ事前計算を完了いたしましたわ (経過: 21.5412s)
2026-06-27 07:02:15,718 [INFO] [MainProcess] [Morphism] [Librosa] [Extraction] Librosa による特徴量抽出(ThreadPool=8)を開始しますわ
2026-06-27 07:04:07,640 [INFO] [MainProcess] [Morphism] [Librosa] [Extraction] 全ステムの Librosa 特徴量抽出を完了いたしましたわ (経過: 111.9223s)
2026-06-27 07:04:07,641 [INFO] [MainProcess] [Endomorphism] [Post-processing] [SNR-Overwrite] ステム相対エネルギー比率(SNR)の上書きを完了いたしましたわ (経過: 0.0000s)
2026-06-27 07:04:07,641 [INFO] [MainProcess] [Morphism] [Essentia] [ONNX-Inference] Essentia (EffNet) 分類器17基による推論を開始しますわ
2026-06-27 07:04:08,139 [INFO] [MainProcess] [Morphism] [Essentia] [ONNX-Inference] Essentia 分類推論を完了いたしましたわ (経過: 0.4987s)
2026-06-27 07:04:08,140 [INFO] [Direct-Process] ステム特徴量抽出完了 (経過: 133.9634s)
2026-06-27 07:04:08,180 [INFO] [Direct-Process] DB 登録(UPSERT)完了 (経過: 0.0379s)
2026-06-27 07:04:09,015 [INFO] [Direct-Process] デコード完了 (経過: 0.6775s, length: 19608036 samples)
2026-06-27 07:04:09,082 [INFO] [HTDemucs ONNX Memory] 推論処理を開始しますわ... (ONNX_LOCK 同期)
2026-06-27 07:04:37,562 [INFO] [HTDemucs ONNX Memory] 分離完了いたしましたわ！ 整合化を開始しますの。
2026-06-27 07:04:37,804 [INFO] [Direct-Process] Demucs 波形分離完了 (経過: 28.7886s)
2026-06-27 07:05:05,815 [INFO] [MainProcess] [Endomorphism] [DSP] [Pre-warming] 全ステム7本の遅延キャッシュ事前計算を完了いたしましたわ (経過: 28.0074s)
2026-06-27 07:05:05,815 [INFO] [MainProcess] [Morphism] [Librosa] [Extraction] Librosa による特徴量抽出(ThreadPool=8)を開始しますわ
2026-06-27 07:07:27,170 [INFO] [MainProcess] [Morphism] [Librosa] [Extraction] 全ステムの Librosa 特徴量抽出を完了いたしましたわ (経過: 141.3546s)
2026-06-27 07:07:27,170 [INFO] [MainProcess] [Endomorphism] [Post-processing] [SNR-Overwrite] ステム相対エネルギー比率(SNR)の上書きを完了いたしましたわ (経過: 0.0000s)
2026-06-27 07:07:27,170 [INFO] [MainProcess] [Morphism] [Essentia] [ONNX-Inference] Essentia (EffNet) 分類器17基による推論を開始しますわ
2026-06-27 07:07:27,680 [INFO] [MainProcess] [Morphism] [Essentia] [ONNX-Inference] Essentia 分類推論を完了いたしましたわ (経過: 0.5093s)
2026-06-27 07:07:27,680 [INFO] [Direct-Process] ステム特徴量抽出完了 (経過: 169.8726s)
2026-06-27 07:07:27,720 [INFO] [Direct-Process] DB 登録(UPSERT)完了 (経過: 0.0380s)
2026-06-27 07:07:28,900 [INFO] [Direct-Process] デコード完了 (経過: 0.9866s, length: 23426508 samples)
2026-06-27 07:07:28,983 [INFO] [HTDemucs ONNX Memory] 推論処理を開始しますわ... (ONNX_LOCK 同期)
2026-06-27 07:08:03,938 [INFO] [HTDemucs ONNX Memory] 分離完了いたしましたわ！ 整合化を開始しますの。
2026-06-27 07:08:04,233 [INFO] [Direct-Process] Demucs 波形分離完了 (経過: 35.3330s)
2026-06-27 07:08:37,847 [INFO] [MainProcess] [Endomorphism] [DSP] [Pre-warming] 全ステム7本の遅延キャッシュ事前計算を完了いたしましたわ (経過: 33.6094s)
2026-06-27 07:08:37,847 [INFO] [MainProcess] [Morphism] [Librosa] [Extraction] Librosa による特徴量抽出(ThreadPool=8)を開始しますわ
2026-06-27 07:11:03,424 [INFO] [MainProcess] [Morphism] [Librosa] [Extraction] 全ステムの Librosa 特徴量抽出を完了いたしましたわ (経過: 145.5763s)
2026-06-27 07:11:03,424 [INFO] [MainProcess] [Endomorphism] [Post-processing] [SNR-Overwrite] ステム相対エネルギー比率(SNR)の上書きを完了いたしましたわ (経過: 0.0000s)
2026-06-27 07:11:03,424 [INFO] [MainProcess] [Morphism] [Essentia] [ONNX-Inference] Essentia (EffNet) 分類器17基による推論を開始しますわ
2026-06-27 07:11:04,009 [INFO] [MainProcess] [Morphism] [Essentia] [ONNX-Inference] Essentia 分類推論を完了いたしましたわ (経過: 0.5850s)
2026-06-27 07:11:04,009 [INFO] [Direct-Process] ステム特徴量抽出完了 (経過: 179.7720s)
2026-06-27 07:11:04,080 [INFO] [Direct-Process] DB 登録(UPSERT)完了 (経過: 0.0689s)
2026-06-27 07:11:05,398 [INFO] [Direct-Process] デコード完了 (経過: 0.9850s, length: 31670856 samples)
2026-06-27 07:11:05,506 [INFO] [HTDemucs ONNX Memory] 推論処理を開始しますわ... (ONNX_LOCK 同期)
2026-06-27 07:11:51,873 [INFO] [HTDemucs ONNX Memory] 分離完了いたしましたわ！ 整合化を開始しますの。
2026-06-27 07:11:52,289 [INFO] [Direct-Process] Demucs 波形分離完了 (経過: 46.8909s)
2026-06-27 07:12:38,008 [INFO] [MainProcess] [Endomorphism] [DSP] [Pre-warming] 全ステム7本の遅延キャッシュ事前計算を完了いたしましたわ (経過: 45.7129s)
2026-06-27 07:12:38,009 [INFO] [MainProcess] [Morphism] [Librosa] [Extraction] Librosa による特徴量抽出(ThreadPool=8)を開始しますわ
2026-06-27 07:16:00,842 [INFO] [MainProcess] [Morphism] [Librosa] [Extraction] 全ステムの Librosa 特徴量抽出を完了いたしましたわ (経過: 202.8335s)
2026-06-27 07:16:00,842 [INFO] [MainProcess] [Endomorphism] [Post-processing] [SNR-Overwrite] ステム相対エネルギー比率(SNR)の上書きを完了いたしましたわ (経過: 0.0000s)
2026-06-27 07:16:00,843 [INFO] [MainProcess] [Morphism] [Essentia] [ONNX-Inference] Essentia (EffNet) 分類器17基による推論を開始しますわ
2026-06-27 07:16:01,513 [INFO] [MainProcess] [Morphism] [Essentia] [ONNX-Inference] Essentia 分類推論を完了いたしましたわ (経過: 0.6701s)
2026-06-27 07:16:01,513 [INFO] [Direct-Process] ステム特徴量抽出完了 (経過: 249.2180s)
2026-06-27 07:16:01,559 [INFO] [Direct-Process] DB 登録(UPSERT)完了 (経過: 0.0439s)
2026-06-27 07:16:02,230 [INFO] [Direct-Process] デコード完了 (経過: 0.4052s, length: 9584987 samples)
2026-06-27 07:16:02,290 [INFO] [HTDemucs ONNX Memory] 推論処理を開始しますわ... (ONNX_LOCK 同期)
2026-06-27 07:16:16,506 [INFO] [HTDemucs ONNX Memory] 分離完了いたしましたわ！ 整合化を開始しますの。
2026-06-27 07:16:16,624 [INFO] [Direct-Process] Demucs 波形分離完了 (経過: 14.3928s)
2026-06-27 07:16:30,467 [INFO] [MainProcess] [Endomorphism] [DSP] [Pre-warming] 全ステム7本の遅延キャッシュ事前計算を完了いたしましたわ (経過: 13.8405s)
2026-06-27 07:16:30,467 [INFO] [MainProcess] [Morphism] [Librosa] [Extraction] Librosa による特徴量抽出(ThreadPool=8)を開始しますわ
2026-06-27 07:17:33,461 [INFO] [MainProcess] [Morphism] [Librosa] [Extraction] 全ステムの Librosa 特徴量抽出を完了いたしましたわ (経過: 62.9939s)
2026-06-27 07:17:33,461 [INFO] [MainProcess] [Endomorphism] [Post-processing] [SNR-Overwrite] ステム相対エネルギー比率(SNR)の上書きを完了いたしましたわ (経過: 0.0000s)
2026-06-27 07:17:33,461 [INFO] [MainProcess] [Morphism] [Essentia] [ONNX-Inference] Essentia (EffNet) 分類器17基による推論を開始しますわ
2026-06-27 07:17:33,885 [INFO] [MainProcess] [Morphism] [Essentia] [ONNX-Inference] Essentia 分類推論を完了いたしましたわ (経過: 0.4242s)
2026-06-27 07:17:33,886 [INFO] [Direct-Process] ステム特徴量抽出完了 (経過: 77.2600s)
2026-06-27 07:17:33,925 [INFO] [Direct-Process] DB 登録(UPSERT)完了 (経過: 0.0380s)
2026-06-27 07:17:35,022 [INFO] [Direct-Process] デコード完了 (経過: 0.9775s, length: 30940561 samples)
2026-06-27 07:17:35,145 [INFO] [HTDemucs ONNX Memory] 推論処理を開始しますわ... (ONNX_LOCK 同期)
2026-06-27 07:18:20,771 [INFO] [HTDemucs ONNX Memory] 分離完了いたしましたわ！ 整合化を開始しますの。
2026-06-27 07:18:21,155 [INFO] [Direct-Process] Demucs 波形分離完了 (経過: 46.1328s)
2026-06-27 07:19:05,912 [INFO] [MainProcess] [Endomorphism] [DSP] [Pre-warming] 全ステム7本の遅延キャッシュ事前計算を完了いたしましたわ (経過: 44.7512s)
2026-06-27 07:19:05,913 [INFO] [MainProcess] [Morphism] [Librosa] [Extraction] Librosa による特徴量抽出(ThreadPool=8)を開始しますわ
2026-06-27 07:22:40,718 [INFO] [MainProcess] [Morphism] [Librosa] [Extraction] 全ステムの Librosa 特徴量抽出を完了いたしましたわ (経過: 214.8051s)
2026-06-27 07:22:40,718 [INFO] [MainProcess] [Endomorphism] [Post-processing] [SNR-Overwrite] ステム相対エネルギー比率(SNR)の上書きを完了いたしましたわ (経過: 0.0000s)
2026-06-27 07:22:40,718 [INFO] [MainProcess] [Morphism] [Essentia] [ONNX-Inference] Essentia (EffNet) 分類器17基による推論を開始しますわ
2026-06-27 07:22:41,378 [INFO] [MainProcess] [Morphism] [Essentia] [ONNX-Inference] Essentia 分類推論を完了いたしましたわ (経過: 0.6601s)
2026-06-27 07:22:41,379 [INFO] [Direct-Process] ステム特徴量抽出完了 (経過: 260.2178s)
2026-06-27 07:22:46,233 [INFO] [Direct-Process] DB 登録(UPSERT)完了 (経過: 4.8521s)
2026-06-27 07:22:47,668 [INFO] [Direct-Process] デコード完了 (経過: 1.1720s, length: 26076036 samples)
2026-06-27 07:22:47,764 [INFO] [HTDemucs ONNX Memory] 推論処理を開始しますわ... (ONNX_LOCK 同期)
2026-06-27 07:23:26,707 [INFO] [HTDemucs ONNX Memory] 分離完了いたしましたわ！ 整合化を開始しますの。
2026-06-27 07:23:27,032 [INFO] [Direct-Process] Demucs 波形分離完了 (経過: 39.3636s)
2026-06-27 07:24:04,833 [INFO] [MainProcess] [Endomorphism] [DSP] [Pre-warming] 全ステム7本の遅延キャッシュ事前計算を完了いたしましたわ (経過: 37.7962s)
2026-06-27 07:24:04,834 [INFO] [MainProcess] [Morphism] [Librosa] [Extraction] Librosa による特徴量抽出(ThreadPool=8)を開始しますわ
2026-06-27 07:26:28,356 [INFO] [MainProcess] [Morphism] [Librosa] [Extraction] 全ステムの Librosa 特徴量抽出を完了いたしましたわ (経過: 143.5223s)
2026-06-27 07:26:28,356 [INFO] [MainProcess] [Endomorphism] [Post-processing] [SNR-Overwrite] ステム相対エネルギー比率(SNR)の上書きを完了いたしましたわ (経過: 0.0000s)
2026-06-27 07:26:28,356 [INFO] [MainProcess] [Morphism] [Essentia] [ONNX-Inference] Essentia (EffNet) 分類器17基による推論を開始しますわ
2026-06-27 07:26:28,917 [INFO] [MainProcess] [Morphism] [Essentia] [ONNX-Inference] Essentia 分類推論を完了いたしましたわ (経過: 0.5604s)
2026-06-27 07:26:28,917 [INFO] [Direct-Process] ステム特徴量抽出完了 (経過: 181.8800s)
2026-06-27 07:26:28,955 [INFO] [Direct-Process] DB 登録(UPSERT)完了 (経過: 0.0370s)
2026-06-27 07:26:35,232 [INFO] [Timestamp Inheritance] Windows ctypesを用いてタイムスタンプを完全継承しましたわ！ (target: Complete Chamber Music for Strings and Piano[Disc 4][Fauré][chamber..].flac)
2026-06-27 07:26:35,232 [INFO] [Direct-Process] OK: M:\Music\album\CLASSIC\Virgin Classics\Complete Chamber Music for Strings and Piano[Disc 4][Fauré][chamber..].flac
2026-06-27 07:26:35,287 [INFO] OK: Complete Chamber Music for Strings and Piano[Disc 4][Fauré][chamber..].flac (8 トラック処理完了, 0 トラック既処理スキップ)
2026-06-27 07:26:36,228 [INFO] ONNX使用可能演算器: ['TensorrtExecutionProvider', 'CUDAExecutionProvider', 'CPUExecutionProvider']
2026-06-27 07:26:36,229 [INFO] 直列実行用ロード     : ['CUDAExecutionProvider', 'CPUExecutionProvider']
2026-06-27 07:26:36,515 [INFO] ONNXセッション直列化ロード完了！ (分類器数: 17)
2026-06-27 07:26:36,515 [INFO] [WorkerONNX] Consumer 内 ONNX 直列セッション初期化完了！（分類器数: 17)
2026-06-27 07:26:36,526 [INFO] [Direct-Process] 解析開始: Complete Chamber Music for Strings and Piano[Disc 5][Fauré][chamber..].flac
2026-06-27 07:26:36,710 [INFO] 波形分離モデル (GLOBAL_DEMUCS) をロードしますわ... (use_dml=False)
2026-06-27 07:26:36,710 [INFO] HTDemucsSeparator 初期化: model=htdemucs_6s, precision=fp16weights, providers=['CUDAExecutionProvider', 'CPUExecutionProvider']
2026-06-27 07:26:52,107 [INFO] HTDemucs ONNX 実機モデルロードに成功いたしましたわ！
2026-06-27 07:26:53,259 [INFO] [Direct-Process] デコード完了 (経過: 1.1507s, length: 32067756 samples)
2026-06-27 07:26:53,367 [INFO] [HTDemucs ONNX Memory] 推論処理を開始しますわ... (ONNX_LOCK 同期)
2026-06-27 07:27:41,081 [INFO] [HTDemucs ONNX Memory] 分離完了いたしましたわ！ 整合化を開始しますの。
2026-06-27 07:27:41,491 [INFO] [Direct-Process] Demucs 波形分離完了 (経過: 48.2319s)
2026-06-27 07:28:31,447 [INFO] [MainProcess] [Endomorphism] [DSP] [Pre-warming] 全ステム7本の遅延キャッシュ事前計算を完了いたしましたわ (経過: 49.9502s)
2026-06-27 07:28:31,447 [INFO] [MainProcess] [Morphism] [Librosa] [Extraction] Librosa による特徴量抽出(ThreadPool=8)を開始しますわ
2026-06-27 07:31:56,328 [INFO] [MainProcess] [Morphism] [Librosa] [Extraction] 全ステムの Librosa 特徴量抽出を完了いたしましたわ (経過: 204.8810s)
2026-06-27 07:31:56,329 [INFO] [MainProcess] [Endomorphism] [Post-processing] [SNR-Overwrite] ステム相対エネルギー比率(SNR)の上書きを完了いたしましたわ (経過: 0.0000s)
2026-06-27 07:31:56,329 [INFO] [MainProcess] [Morphism] [Essentia] [ONNX-Inference] Essentia (EffNet) 分類器17基による推論を開始しますわ
2026-06-27 07:31:57,048 [INFO] [MainProcess] [Morphism] [Essentia] [ONNX-Inference] Essentia 分類推論を完了いたしましたわ (経過: 0.7188s)
2026-06-27 07:31:57,048 [INFO] [Direct-Process] ステム特徴量抽出完了 (経過: 255.5516s)
2026-06-27 07:31:57,104 [INFO] [Direct-Process] DB 登録(UPSERT)完了 (経過: 0.0539s)
2026-06-27 07:31:58,523 [INFO] [Direct-Process] デコード完了 (経過: 0.9601s, length: 30673608 samples)
2026-06-27 07:31:58,629 [INFO] [HTDemucs ONNX Memory] 推論処理を開始しますわ... (ONNX_LOCK 同期)
2026-06-27 07:32:44,216 [INFO] [HTDemucs ONNX Memory] 分離完了いたしましたわ！ 整合化を開始しますの。
2026-06-27 07:32:44,596 [INFO] [Direct-Process] Demucs 波形分離完了 (経過: 46.0726s)
2026-06-27 07:33:29,313 [INFO] [MainProcess] [Endomorphism] [DSP] [Pre-warming] 全ステム7本の遅延キャッシュ事前計算を完了いたしましたわ (経過: 44.7113s)
2026-06-27 07:33:29,313 [INFO] [MainProcess] [Morphism] [Librosa] [Extraction] Librosa による特徴量抽出(ThreadPool=8)を開始しますわ
2026-06-27 07:36:34,208 [INFO] [MainProcess] [Morphism] [Librosa] [Extraction] 全ステムの Librosa 特徴量抽出を完了いたしましたわ (経過: 184.8949s)
2026-06-27 07:36:34,208 [INFO] [MainProcess] [Endomorphism] [Post-processing] [SNR-Overwrite] ステム相対エネルギー比率(SNR)の上書きを完了いたしましたわ (経過: 0.0000s)
2026-06-27 07:36:34,209 [INFO] [MainProcess] [Morphism] [Essentia] [ONNX-Inference] Essentia (EffNet) 分類器17基による推論を開始しますわ
2026-06-27 07:36:34,744 [INFO] [MainProcess] [Morphism] [Essentia] [ONNX-Inference] Essentia 分類推論を完了いたしましたわ (経過: 0.5352s)
2026-06-27 07:36:34,744 [INFO] [Direct-Process] ステム特徴量抽出完了 (経過: 230.1426s)
2026-06-27 07:36:34,793 [INFO] [Direct-Process] DB 登録(UPSERT)完了 (経過: 0.0470s)
2026-06-27 07:36:36,116 [INFO] [Direct-Process] デコード完了 (経過: 1.0614s, length: 22150548 samples)
2026-06-27 07:36:36,196 [INFO] [HTDemucs ONNX Memory] 推論処理を開始しますわ... (ONNX_LOCK 同期)
2026-06-27 07:37:08,652 [INFO] [HTDemucs ONNX Memory] 分離完了いたしましたわ！ 整合化を開始しますの。
2026-06-27 07:37:08,927 [INFO] [Direct-Process] Demucs 波形分離完了 (経過: 32.8104s)
2026-06-27 07:37:41,249 [INFO] [MainProcess] [Endomorphism] [DSP] [Pre-warming] 全ステム7本の遅延キャッシュ事前計算を完了いたしましたわ (経過: 32.3170s)
2026-06-27 07:37:41,249 [INFO] [MainProcess] [Morphism] [Librosa] [Extraction] Librosa による特徴量抽出(ThreadPool=8)を開始しますわ
2026-06-27 07:40:06,454 [INFO] [MainProcess] [Morphism] [Librosa] [Extraction] 全ステムの Librosa 特徴量抽出を完了いたしましたわ (経過: 145.2047s)
2026-06-27 07:40:06,454 [INFO] [MainProcess] [Endomorphism] [Post-processing] [SNR-Overwrite] ステム相対エネルギー比率(SNR)の上書きを完了いたしましたわ (経過: 0.0000s)
2026-06-27 07:40:06,454 [INFO] [MainProcess] [Morphism] [Essentia] [ONNX-Inference] Essentia (EffNet) 分類器17基による推論を開始しますわ
2026-06-27 07:40:07,053 [INFO] [MainProcess] [Morphism] [Essentia] [ONNX-Inference] Essentia 分類推論を完了いたしましたわ (経過: 0.5984s)
2026-06-27 07:40:07,053 [INFO] [Direct-Process] ステム特徴量抽出完了 (経過: 178.1216s)
2026-06-27 07:40:07,094 [INFO] [Direct-Process] DB 登録(UPSERT)完了 (経過: 0.0396s)
2026-06-27 07:40:08,369 [INFO] [Direct-Process] デコード完了 (経過: 1.0137s, length: 31486224 samples)
2026-06-27 07:40:08,482 [INFO] [HTDemucs ONNX Memory] 推論処理を開始しますわ... (ONNX_LOCK 同期)
2026-06-27 07:40:55,746 [INFO] [HTDemucs ONNX Memory] 分離完了いたしましたわ！ 整合化を開始しますの。
2026-06-27 07:40:56,153 [INFO] [Direct-Process] Demucs 波形分離完了 (経過: 47.7836s)
2026-06-27 07:41:41,938 [INFO] [MainProcess] [Endomorphism] [DSP] [Pre-warming] 全ステム7本の遅延キャッシュ事前計算を完了いたしましたわ (経過: 45.7777s)
2026-06-27 07:41:41,938 [INFO] [MainProcess] [Morphism] [Librosa] [Extraction] Librosa による特徴量抽出(ThreadPool=8)を開始しますわ
2026-06-27 07:45:02,156 [INFO] [MainProcess] [Morphism] [Librosa] [Extraction] 全ステムの Librosa 特徴量抽出を完了いたしましたわ (経過: 200.2181s)
2026-06-27 07:45:02,156 [INFO] [MainProcess] [Endomorphism] [Post-processing] [SNR-Overwrite] ステム相対エネルギー比率(SNR)の上書きを完了いたしましたわ (経過: 0.0000s)
2026-06-27 07:45:02,156 [INFO] [MainProcess] [Morphism] [Essentia] [ONNX-Inference] Essentia (EffNet) 分類器17基による推論を開始しますわ
2026-06-27 07:45:02,762 [INFO] [MainProcess] [Morphism] [Essentia] [ONNX-Inference] Essentia 分類推論を完了いたしましたわ (経過: 0.6052s)
2026-06-27 07:45:02,762 [INFO] [Direct-Process] ステム特徴量抽出完了 (経過: 246.6023s)
2026-06-27 07:45:02,803 [INFO] [Direct-Process] DB 登録(UPSERT)完了 (経過: 0.0400s)
2026-06-27 07:45:03,676 [INFO] [Direct-Process] デコード完了 (経過: 0.6096s, length: 11183760 samples)
2026-06-27 07:45:03,718 [INFO] [HTDemucs ONNX Memory] 推論処理を開始しますわ... (ONNX_LOCK 同期)
2026-06-27 07:45:19,945 [INFO] [HTDemucs ONNX Memory] 分離完了いたしましたわ！ 整合化を開始しますの。
2026-06-27 07:45:20,092 [INFO] [Direct-Process] Demucs 波形分離完了 (経過: 16.4165s)
2026-06-27 07:45:36,167 [INFO] [MainProcess] [Endomorphism] [DSP] [Pre-warming] 全ステム7本の遅延キャッシュ事前計算を完了いたしましたわ (経過: 16.0712s)
2026-06-27 07:45:36,167 [INFO] [MainProcess] [Morphism] [Librosa] [Extraction] Librosa による特徴量抽出(ThreadPool=8)を開始しますわ
2026-06-27 07:46:51,517 [INFO] [MainProcess] [Morphism] [Librosa] [Extraction] 全ステムの Librosa 特徴量抽出を完了いたしましたわ (経過: 75.3497s)
2026-06-27 07:46:51,517 [INFO] [MainProcess] [Endomorphism] [Post-processing] [SNR-Overwrite] ステム相対エネルギー比率(SNR)の上書きを完了いたしましたわ (経過: 0.0000s)
2026-06-27 07:46:51,517 [INFO] [MainProcess] [Morphism] [Essentia] [ONNX-Inference] Essentia (EffNet) 分類器17基による推論を開始しますわ
2026-06-27 07:46:51,925 [INFO] [MainProcess] [Morphism] [Essentia] [ONNX-Inference] Essentia 分類推論を完了いたしましたわ (経過: 0.4074s)
2026-06-27 07:46:51,925 [INFO] [Direct-Process] ステム特徴量抽出完了 (経過: 91.8299s)
2026-06-27 07:46:51,974 [INFO] [Direct-Process] DB 登録(UPSERT)完了 (経過: 0.0470s)
2026-06-27 07:46:53,147 [INFO] [Direct-Process] デコード完了 (経過: 1.0254s, length: 33899964 samples)
2026-06-27 07:46:53,267 [INFO] [HTDemucs ONNX Memory] 推論処理を開始しますわ... (ONNX_LOCK 同期)
2026-06-27 07:47:43,660 [INFO] [HTDemucs ONNX Memory] 分離完了いたしましたわ！ 整合化を開始しますの。
2026-06-27 07:47:44,076 [INFO] [Direct-Process] Demucs 波形分離完了 (経過: 50.9284s)
2026-06-27 07:48:33,381 [INFO] [MainProcess] [Endomorphism] [DSP] [Pre-warming] 全ステム7本の遅延キャッシュ事前計算を完了いたしましたわ (経過: 49.2988s)
2026-06-27 07:48:33,381 [INFO] [MainProcess] [Morphism] [Librosa] [Extraction] Librosa による特徴量抽出(ThreadPool=8)を開始しますわ
2026-06-27 07:52:12,671 [INFO] [MainProcess] [Morphism] [Librosa] [Extraction] 全ステムの Librosa 特徴量抽出を完了いたしましたわ (経過: 219.2902s)
2026-06-27 07:52:12,672 [INFO] [MainProcess] [Endomorphism] [Post-processing] [SNR-Overwrite] ステム相対エネルギー比率(SNR)の上書きを完了いたしましたわ (経過: 0.0000s)
2026-06-27 07:52:12,672 [INFO] [MainProcess] [Morphism] [Essentia] [ONNX-Inference] Essentia (EffNet) 分類器17基による推論を開始しますわ
2026-06-27 07:52:13,235 [INFO] [MainProcess] [Morphism] [Essentia] [ONNX-Inference] Essentia 分類推論を完了いたしましたわ (経過: 0.5630s)
2026-06-27 07:52:13,235 [INFO] [Direct-Process] ステム特徴量抽出完了 (経過: 269.1533s)
2026-06-27 07:52:13,278 [INFO] [Direct-Process] DB 登録(UPSERT)完了 (経過: 0.0414s)
2026-06-27 07:52:14,276 [INFO] [Direct-Process] デコード完了 (経過: 0.7145s, length: 17280732 samples)
2026-06-27 07:52:14,390 [INFO] [HTDemucs ONNX Memory] 推論処理を開始しますわ... (ONNX_LOCK 同期)
2026-06-27 07:52:39,441 [INFO] [HTDemucs ONNX Memory] 分離完了いたしましたわ！ 整合化を開始しますの。
2026-06-27 07:52:39,660 [INFO] [Direct-Process] Demucs 波形分離完了 (経過: 25.3832s)
2026-06-27 07:53:04,476 [INFO] [MainProcess] [Endomorphism] [DSP] [Pre-warming] 全ステム7本の遅延キャッシュ事前計算を完了いたしましたわ (経過: 24.8123s)
2026-06-27 07:53:04,476 [INFO] [MainProcess] [Morphism] [Librosa] [Extraction] Librosa による特徴量抽出(ThreadPool=8)を開始しますわ
2026-06-27 07:54:57,066 [INFO] [MainProcess] [Morphism] [Librosa] [Extraction] 全ステムの Librosa 特徴量抽出を完了いたしましたわ (経過: 112.5901s)
2026-06-27 07:54:57,067 [INFO] [MainProcess] [Endomorphism] [Post-processing] [SNR-Overwrite] ステム相対エネルギー比率(SNR)の上書きを完了いたしましたわ (経過: 0.0000s)
2026-06-27 07:54:57,067 [INFO] [MainProcess] [Morphism] [Essentia] [ONNX-Inference] Essentia (EffNet) 分類器17基による推論を開始しますわ
2026-06-27 07:54:57,574 [INFO] [MainProcess] [Morphism] [Essentia] [ONNX-Inference] Essentia 分類推論を完了いたしましたわ (経過: 0.5069s)
2026-06-27 07:54:57,574 [INFO] [Direct-Process] ステム特徴量抽出完了 (経過: 137.9106s)
2026-06-27 07:54:57,621 [INFO] [Direct-Process] DB 登録(UPSERT)完了 (経過: 0.0458s)
2026-06-27 07:54:57,907 [INFO] [Direct-Process] デコード完了 (経過: 0.1194s, length: 2667756 samples)
2026-06-27 07:54:57,916 [INFO] [HTDemucs ONNX Memory] 推論処理を開始しますわ... (ONNX_LOCK 同期)
2026-06-27 07:55:02,184 [INFO] [HTDemucs ONNX Memory] 分離完了いたしましたわ！ 整合化を開始しますの。
2026-06-27 07:55:02,219 [INFO] [Direct-Process] Demucs 波形分離完了 (経過: 4.3116s)
2026-06-27 07:55:05,970 [INFO] [MainProcess] [Endomorphism] [DSP] [Pre-warming] 全ステム7本の遅延キャッシュ事前計算を完了いたしましたわ (経過: 3.7498s)
2026-06-27 07:55:05,970 [INFO] [MainProcess] [Morphism] [Librosa] [Extraction] Librosa による特徴量抽出(ThreadPool=8)を開始しますわ
2026-06-27 07:55:22,280 [INFO] [MainProcess] [Morphism] [Librosa] [Extraction] 全ステムの Librosa 特徴量抽出を完了いたしましたわ (経過: 16.3098s)
2026-06-27 07:55:22,280 [INFO] [MainProcess] [Endomorphism] [Post-processing] [SNR-Overwrite] ステム相対エネルギー比率(SNR)の上書きを完了いたしましたわ (経過: 0.0000s)
2026-06-27 07:55:22,280 [INFO] [MainProcess] [Morphism] [Essentia] [ONNX-Inference] Essentia (EffNet) 分類器17基による推論を開始しますわ
2026-06-27 07:55:22,573 [INFO] [MainProcess] [Morphism] [Essentia] [ONNX-Inference] Essentia 分類推論を完了いたしましたわ (経過: 0.2925s)
2026-06-27 07:55:22,573 [INFO] [Direct-Process] ステム特徴量抽出完了 (経過: 20.3534s)
2026-06-27 07:55:22,612 [INFO] [Direct-Process] DB 登録(UPSERT)完了 (経過: 0.0374s)
2026-06-27 07:55:28,169 [INFO] [Timestamp Inheritance] Windows ctypesを用いてタイムスタンプを完全継承しましたわ！ (target: Complete Chamber Music for Strings and Piano[Disc 5][Fauré][chamber..].flac)
2026-06-27 07:55:28,170 [INFO] [Direct-Process] OK: M:\Music\album\CLASSIC\Virgin Classics\Complete Chamber Music for Strings and Piano[Disc 5][Fauré][chamber..].flac
2026-06-27 07:55:28,225 [INFO] OK: Complete Chamber Music for Strings and Piano[Disc 5][Fauré][chamber..].flac (8 トラック処理完了, 0 トラック既処理スキップ)
